Start packing
Number of distinct species, n_s = 
Number of growth stages, N_stage = 
Number of relax stages, N_relax = 
~~~~~~~~~~~~~~~~~~~~~~~~~~~~~~~~~~~~~~~~~~~~~
Number of cells for species 0, N_c[0] = 
~~~~~~~~~~~~~~~~~~~~~~~~~~~~~~~~~~~~~~~~~~~~~
Radius of cells for species 0, Rad[0] = 
~~~~~~~~~~~~~~~~~~~~~~~~~~~~~~~~~~~~~~~~~~~~~
Interaction range for species 0, Range[0] = 0.0282095
~~~~~~~~~~~~~~~~~~~~~~~~~~~~~~~~~~~~~~~~~~~~~
Growth rate [Rad -> (1+growth rate)*Rad], growth_rate = 
Trans_mod (in terms of boxlength), trans_mod =
Starting quench density, rho_start = 
Generate (0) or read (1) initial config, flag_config = 
Number of MC moves per particle at each stage, N_MC_particle = 
Length of grid cell, d0_cell = 
Generating initial configurations...
N_c[0] = 200
Reset interaction range for species 0, Range[0] = 0.132971
The total number of cells Ncell = 100
CellList(0,0) =  124  96 
CellList(1,0) =  197  35 
CellList(2,0) =  105 
CellList(3,0) =  177  102  21 
CellList(4,0) =  141  121  18 
CellList(5,0) =  37 
CellList(6,0) =  156  114  36 
CellList(7,0) =  75 
CellList(8,0) =  189  72  54 
CellList(9,0) =  132  87  65 
CellList(0,1) =  109 
CellList(1,1) =  150  136  25 
CellList(2,1) =  90  46 
CellList(3,1) =  199  113 
CellList(4,1) =  148  145 
CellList(5,1) =  166  20 
CellList(6,1) =  42 
CellList(7,1) =  176  94  71 
CellList(8,1) =  15  13 
CellList(9,1) =  5 
CellList(0,2) =  110  81  6 
CellList(1,2) =  83  17 
CellList(2,2) =  38 
CellList(3,2) =  22 
CellList(4,2) =  133  58 
CellList(5,2) =  139  130 
CellList(6,2) =  195  85 
CellList(7,2) =  158  45  11 
CellList(8,2) =  184  93 
CellList(9,2) =  116 
CellList(0,3) =  157  86 
CellList(1,3) =  170  159  97 
CellList(2,3) =  191  16 
CellList(3,3) =  131  118  3 
CellList(4,3) =  143  79 
CellList(5,3) =  162  51 
CellList(6,3) =  147  91 
CellList(7,3) =  188  30 
CellList(8,3) =  152  103 
CellList(9,3) =  128  60 
CellList(0,4) =  100 
CellList(1,4) =  185  34 
CellList(2,4) =  155  0 
CellList(3,4) =  163  144 
CellList(4,4) =  190  50 
CellList(5,4) =  178  9 
CellList(6,4) =  137  119  107 
CellList(7,4) =  57 
CellList(8,4) =  29 
CellList(9,4) =  187  111  28 
CellList(0,5) =  194  82  47 
CellList(1,5) =  172  32 
CellList(2,5) =  98 
CellList(3,5) =  120  56 
CellList(4,5) =  4 
CellList(5,5) =  134  92 
CellList(6,5) =  161  112  12 
CellList(7,5) =  142  63 
CellList(8,5) =  31 
CellList(9,5) =  174  62 
CellList(0,6) =  182  44 
CellList(1,6) =  149  138  108 
CellList(2,6) =  122  40 
CellList(3,6) =  106  76 
CellList(4,6) =  186  53  52 
CellList(5,6) =  175  135  49 
CellList(6,6) =  146  27 
CellList(7,6) =  78  10 
CellList(8,6) =  61 
CellList(9,6) =  193  19 
CellList(0,7) =  123  117  88 
CellList(1,7) =  8 
CellList(2,7) =  192  115 
CellList(3,7) =  169 
CellList(4,7) =  173  99 
CellList(5,7) =  77  73 
CellList(6,7) =  95  68 
CellList(7,7) =  43 
CellList(8,7) =  165  48 
CellList(9,7) =  171  70 
CellList(0,8) =  23 
CellList(1,8) =  154  80  26 
CellList(2,8) =  164  64 
CellList(3,8) =  180  14 
CellList(4,8) =  84 
CellList(5,8) =  39  24 
CellList(6,8) =  69  67 
CellList(7,8) =  153  101  66 
CellList(8,8) =  183  2 
CellList(9,8) =  167  140  7 
CellList(0,9) =  59  41 
CellList(1,9) =  160 
CellList(2,9) =  181  55 
CellList(3,9) =  125  74 
CellList(4,9) =  127  126 
CellList(5,9) =  179  151  129 
CellList(6,9) =  104  33 
CellList(7,9) =  196 
CellList(8,9) =  198  1 
CellList(9,9) =  168  89 
Initial energy of system E_init = 93.1518
hard-particle MC p_acc = 1
Rad[0] = 0.0262627
rho_[0] = 0.43337
~~~~~~~~~~~~~~~~~~~~~~~~~~~~~~~~~~~~~~~
hard-particle MC p_acc = 1
Rad[0] = 0.0277433
rho_[1] = 0.483612
~~~~~~~~~~~~~~~~~~~~~~~~~~~~~~~~~~~~~~~
hard-particle MC p_acc = 0.9986
Rad[0] = 0.0278094
rho_[2] = 0.485917
~~~~~~~~~~~~~~~~~~~~~~~~~~~~~~~~~~~~~~~
hard-particle MC p_acc = 0.99785
Rad[0] = 0.0279271
rho_[3] = 0.49004
~~~~~~~~~~~~~~~~~~~~~~~~~~~~~~~~~~~~~~~
hard-particle MC p_acc = 0.9985
Rad[0] = 0.0279551
rho_[4] = 0.491025
~~~~~~~~~~~~~~~~~~~~~~~~~~~~~~~~~~~~~~~
hard-particle MC p_acc = 0.99825
Rad[0] = 0.027964
rho_[5] = 0.491337
~~~~~~~~~~~~~~~~~~~~~~~~~~~~~~~~~~~~~~~
hard-particle MC p_acc = 0.99755
Rad[0] = 0.0279851
rho_[6] = 0.492078
~~~~~~~~~~~~~~~~~~~~~~~~~~~~~~~~~~~~~~~
hard-particle MC p_acc = 0.997825
Rad[0] = 0.0279854
rho_[7] = 0.492088
~~~~~~~~~~~~~~~~~~~~~~~~~~~~~~~~~~~~~~~
hard-particle MC p_acc = 0.9974
Rad[0] = 0.0280229
rho_[8] = 0.493407
~~~~~~~~~~~~~~~~~~~~~~~~~~~~~~~~~~~~~~~
hard-particle MC p_acc = 0.996825
Rad[0] = 0.028044
rho_[9] = 0.49415
~~~~~~~~~~~~~~~~~~~~~~~~~~~~~~~~~~~~~~~
hard-particle MC p_acc = 0.9979
Rad[0] = 0.0280722
rho_[10] = 0.495144
~~~~~~~~~~~~~~~~~~~~~~~~~~~~~~~~~~~~~~~
hard-particle MC p_acc = 0.995275
Rad[0] = 0.028088
rho_[11] = 0.495703
~~~~~~~~~~~~~~~~~~~~~~~~~~~~~~~~~~~~~~~
hard-particle MC p_acc = 0.995375
Rad[0] = 0.0281092
rho_[12] = 0.496451
~~~~~~~~~~~~~~~~~~~~~~~~~~~~~~~~~~~~~~~
hard-particle MC p_acc = 0.99545
Rad[0] = 0.0281129
rho_[13] = 0.496584
~~~~~~~~~~~~~~~~~~~~~~~~~~~~~~~~~~~~~~~
hard-particle MC p_acc = 0.9967
Rad[0] = 0.0281158
rho_[14] = 0.496684
~~~~~~~~~~~~~~~~~~~~~~~~~~~~~~~~~~~~~~~
hard-particle MC p_acc = 0.9968
Rad[0] = 0.028137
rho_[15] = 0.497432
~~~~~~~~~~~~~~~~~~~~~~~~~~~~~~~~~~~~~~~
hard-particle MC p_acc = 0.9963
Rad[0] = 0.0281652
rho_[16] = 0.498432
~~~~~~~~~~~~~~~~~~~~~~~~~~~~~~~~~~~~~~~
hard-particle MC p_acc = 0.9956
Rad[0] = 0.0281864
rho_[17] = 0.499183
~~~~~~~~~~~~~~~~~~~~~~~~~~~~~~~~~~~~~~~
hard-particle MC p_acc = 0.997075
Rad[0] = 0.0282147
rho_[18] = 0.500187
~~~~~~~~~~~~~~~~~~~~~~~~~~~~~~~~~~~~~~~
hard-particle MC p_acc = 0.999
Rad[0] = 0.0282198
rho_[19] = 0.500366
~~~~~~~~~~~~~~~~~~~~~~~~~~~~~~~~~~~~~~~
hard-particle MC p_acc = 0.99725
Rad[0] = 0.0282576
rho_[20] = 0.501707
~~~~~~~~~~~~~~~~~~~~~~~~~~~~~~~~~~~~~~~
hard-particle MC p_acc = 0.9976
Rad[0] = 0.028286
rho_[21] = 0.502715
~~~~~~~~~~~~~~~~~~~~~~~~~~~~~~~~~~~~~~~
hard-particle MC p_acc = 0.998175
Rad[0] = 0.0283073
rho_[22] = 0.503473
~~~~~~~~~~~~~~~~~~~~~~~~~~~~~~~~~~~~~~~
hard-particle MC p_acc = 0.997525
Rad[0] = 0.0283452
rho_[23] = 0.504823
~~~~~~~~~~~~~~~~~~~~~~~~~~~~~~~~~~~~~~~
hard-particle MC p_acc = 0.9958
Rad[0] = 0.0283832
rho_[24] = 0.506176
~~~~~~~~~~~~~~~~~~~~~~~~~~~~~~~~~~~~~~~
hard-particle MC p_acc = 0.996325
Rad[0] = 0.0283834
rho_[25] = 0.506184
~~~~~~~~~~~~~~~~~~~~~~~~~~~~~~~~~~~~~~~
hard-particle MC p_acc = 0.9965
Rad[0] = 0.0284119
rho_[26] = 0.507201
~~~~~~~~~~~~~~~~~~~~~~~~~~~~~~~~~~~~~~~
hard-particle MC p_acc = 0.996825
Rad[0] = 0.0284209
rho_[27] = 0.507524
~~~~~~~~~~~~~~~~~~~~~~~~~~~~~~~~~~~~~~~
hard-particle MC p_acc = 0.9953
Rad[0] = 0.028437
rho_[28] = 0.508097
~~~~~~~~~~~~~~~~~~~~~~~~~~~~~~~~~~~~~~~
hard-particle MC p_acc = 0.996525
Rad[0] = 0.0284655
rho_[29] = 0.509119
~~~~~~~~~~~~~~~~~~~~~~~~~~~~~~~~~~~~~~~
hard-particle MC p_acc = 0.99575
Rad[0] = 0.0284746
rho_[30] = 0.509442
~~~~~~~~~~~~~~~~~~~~~~~~~~~~~~~~~~~~~~~
hard-particle MC p_acc = 0.997125
Rad[0] = 0.0284797
rho_[31] = 0.509624
~~~~~~~~~~~~~~~~~~~~~~~~~~~~~~~~~~~~~~~
hard-particle MC p_acc = 0.996625
Rad[0] = 0.0285083
rho_[32] = 0.510649
~~~~~~~~~~~~~~~~~~~~~~~~~~~~~~~~~~~~~~~
hard-particle MC p_acc = 0.99665
Rad[0] = 0.0285244
rho_[33] = 0.511226
~~~~~~~~~~~~~~~~~~~~~~~~~~~~~~~~~~~~~~~
hard-particle MC p_acc = 0.996125
Rad[0] = 0.0285365
rho_[34] = 0.511659
~~~~~~~~~~~~~~~~~~~~~~~~~~~~~~~~~~~~~~~
hard-particle MC p_acc = 0.997975
Rad[0] = 0.0285416
rho_[35] = 0.511842
~~~~~~~~~~~~~~~~~~~~~~~~~~~~~~~~~~~~~~~
hard-particle MC p_acc = 0.997975
Rad[0] = 0.0285577
rho_[36] = 0.512421
~~~~~~~~~~~~~~~~~~~~~~~~~~~~~~~~~~~~~~~
hard-particle MC p_acc = 0.997775
Rad[0] = 0.028596
rho_[37] = 0.513795
~~~~~~~~~~~~~~~~~~~~~~~~~~~~~~~~~~~~~~~
hard-particle MC p_acc = 0.996175
Rad[0] = 0.0286247
rho_[38] = 0.514827
~~~~~~~~~~~~~~~~~~~~~~~~~~~~~~~~~~~~~~~
hard-particle MC p_acc = 0.99485
Rad[0] = 0.0286298
rho_[39] = 0.515011
~~~~~~~~~~~~~~~~~~~~~~~~~~~~~~~~~~~~~~~
hard-particle MC p_acc = 0.9936
Rad[0] = 0.028631
rho_[40] = 0.515055
~~~~~~~~~~~~~~~~~~~~~~~~~~~~~~~~~~~~~~~
hard-particle MC p_acc = 0.99475
Rad[0] = 0.0286349
rho_[41] = 0.515193
~~~~~~~~~~~~~~~~~~~~~~~~~~~~~~~~~~~~~~~
hard-particle MC p_acc = 0.996675
Rad[0] = 0.0286365
rho_[42] = 0.515252
~~~~~~~~~~~~~~~~~~~~~~~~~~~~~~~~~~~~~~~
hard-particle MC p_acc = 0.9962
Rad[0] = 0.0286456
rho_[43] = 0.515579
~~~~~~~~~~~~~~~~~~~~~~~~~~~~~~~~~~~~~~~
hard-particle MC p_acc = 0.9965
Rad[0] = 0.0286672
rho_[44] = 0.516356
~~~~~~~~~~~~~~~~~~~~~~~~~~~~~~~~~~~~~~~
hard-particle MC p_acc = 0.996325
Rad[0] = 0.0286793
rho_[45] = 0.516794
~~~~~~~~~~~~~~~~~~~~~~~~~~~~~~~~~~~~~~~
hard-particle MC p_acc = 0.99405
Rad[0] = 0.0286805
rho_[46] = 0.516838
~~~~~~~~~~~~~~~~~~~~~~~~~~~~~~~~~~~~~~~
hard-particle MC p_acc = 0.995225
Rad[0] = 0.0286857
rho_[47] = 0.517023
~~~~~~~~~~~~~~~~~~~~~~~~~~~~~~~~~~~~~~~
hard-particle MC p_acc = 0.997175
Rad[0] = 0.0286908
rho_[48] = 0.517208
~~~~~~~~~~~~~~~~~~~~~~~~~~~~~~~~~~~~~~~
hard-particle MC p_acc = 0.997075
Rad[0] = 0.0287591
rho_[49] = 0.519674
~~~~~~~~~~~~~~~~~~~~~~~~~~~~~~~~~~~~~~~
hard-particle MC p_acc = 0.997025
Rad[0] = 0.028788
rho_[50] = 0.520718
~~~~~~~~~~~~~~~~~~~~~~~~~~~~~~~~~~~~~~~
hard-particle MC p_acc = 0.995975
Rad[0] = 0.0288169
rho_[51] = 0.521765
~~~~~~~~~~~~~~~~~~~~~~~~~~~~~~~~~~~~~~~
hard-particle MC p_acc = 0.996675
Rad[0] = 0.0288185
rho_[52] = 0.521824
~~~~~~~~~~~~~~~~~~~~~~~~~~~~~~~~~~~~~~~
hard-particle MC p_acc = 0.997225
Rad[0] = 0.0288254
rho_[53] = 0.522073
~~~~~~~~~~~~~~~~~~~~~~~~~~~~~~~~~~~~~~~
hard-particle MC p_acc = 0.99585
Rad[0] = 0.0288261
rho_[54] = 0.522098
~~~~~~~~~~~~~~~~~~~~~~~~~~~~~~~~~~~~~~~
hard-particle MC p_acc = 0.996975
Rad[0] = 0.028829
rho_[55] = 0.522203
~~~~~~~~~~~~~~~~~~~~~~~~~~~~~~~~~~~~~~~
hard-particle MC p_acc = 0.995125
Rad[0] = 0.0288342
rho_[56] = 0.522389
~~~~~~~~~~~~~~~~~~~~~~~~~~~~~~~~~~~~~~~
hard-particle MC p_acc = 0.9961
Rad[0] = 0.0288433
rho_[57] = 0.522721
~~~~~~~~~~~~~~~~~~~~~~~~~~~~~~~~~~~~~~~
hard-particle MC p_acc = 0.996375
Rad[0] = 0.0288596
rho_[58] = 0.523312
~~~~~~~~~~~~~~~~~~~~~~~~~~~~~~~~~~~~~~~
hard-particle MC p_acc = 0.99715
Rad[0] = 0.0288886
rho_[59] = 0.524364
~~~~~~~~~~~~~~~~~~~~~~~~~~~~~~~~~~~~~~~
hard-particle MC p_acc = 0.996575
Rad[0] = 0.0288902
rho_[60] = 0.524424
~~~~~~~~~~~~~~~~~~~~~~~~~~~~~~~~~~~~~~~
hard-particle MC p_acc = 0.9969
Rad[0] = 0.0289289
rho_[61] = 0.525829
~~~~~~~~~~~~~~~~~~~~~~~~~~~~~~~~~~~~~~~
hard-particle MC p_acc = 0.99455
Rad[0] = 0.028958
rho_[62] = 0.526886
~~~~~~~~~~~~~~~~~~~~~~~~~~~~~~~~~~~~~~~
hard-particle MC p_acc = 0.995125
Rad[0] = 0.0289632
rho_[63] = 0.527075
~~~~~~~~~~~~~~~~~~~~~~~~~~~~~~~~~~~~~~~
hard-particle MC p_acc = 0.994975
Rad[0] = 0.0289632
rho_[64] = 0.527076
~~~~~~~~~~~~~~~~~~~~~~~~~~~~~~~~~~~~~~~
hard-particle MC p_acc = 0.9954
Rad[0] = 0.0289755
rho_[65] = 0.527523
~~~~~~~~~~~~~~~~~~~~~~~~~~~~~~~~~~~~~~~
hard-particle MC p_acc = 0.99715
Rad[0] = 0.0289755
rho_[66] = 0.527525
~~~~~~~~~~~~~~~~~~~~~~~~~~~~~~~~~~~~~~~
hard-particle MC p_acc = 0.997075
Rad[0] = 0.0289794
rho_[67] = 0.527666
~~~~~~~~~~~~~~~~~~~~~~~~~~~~~~~~~~~~~~~
hard-particle MC p_acc = 0.993975
Rad[0] = 0.0289886
rho_[68] = 0.528002
~~~~~~~~~~~~~~~~~~~~~~~~~~~~~~~~~~~~~~~
hard-particle MC p_acc = 0.9947
Rad[0] = 0.0289925
rho_[69] = 0.528143
~~~~~~~~~~~~~~~~~~~~~~~~~~~~~~~~~~~~~~~
hard-particle MC p_acc = 0.993875
Rad[0] = 0.0290216
rho_[70] = 0.529205
~~~~~~~~~~~~~~~~~~~~~~~~~~~~~~~~~~~~~~~
hard-particle MC p_acc = 0.997425
Rad[0] = 0.0290309
rho_[71] = 0.529541
~~~~~~~~~~~~~~~~~~~~~~~~~~~~~~~~~~~~~~~
hard-particle MC p_acc = 0.99625
Rad[0] = 0.0290378
rho_[72] = 0.529794
~~~~~~~~~~~~~~~~~~~~~~~~~~~~~~~~~~~~~~~
hard-particle MC p_acc = 0.9969
Rad[0] = 0.02904
rho_[73] = 0.529874
~~~~~~~~~~~~~~~~~~~~~~~~~~~~~~~~~~~~~~~
hard-particle MC p_acc = 0.996125
Rad[0] = 0.0290523
rho_[74] = 0.530323
~~~~~~~~~~~~~~~~~~~~~~~~~~~~~~~~~~~~~~~
hard-particle MC p_acc = 0.992725
Rad[0] = 0.0290646
rho_[75] = 0.530773
~~~~~~~~~~~~~~~~~~~~~~~~~~~~~~~~~~~~~~~
hard-particle MC p_acc = 0.99415
Rad[0] = 0.0290938
rho_[76] = 0.531839
~~~~~~~~~~~~~~~~~~~~~~~~~~~~~~~~~~~~~~~
hard-particle MC p_acc = 0.994275
Rad[0] = 0.029103
rho_[77] = 0.532178
~~~~~~~~~~~~~~~~~~~~~~~~~~~~~~~~~~~~~~~
hard-particle MC p_acc = 0.99305
Rad[0] = 0.02911
rho_[78] = 0.532431
~~~~~~~~~~~~~~~~~~~~~~~~~~~~~~~~~~~~~~~
hard-particle MC p_acc = 0.9973
Rad[0] = 0.0291107
rho_[79] = 0.532457
~~~~~~~~~~~~~~~~~~~~~~~~~~~~~~~~~~~~~~~
hard-particle MC p_acc = 0.99595
Rad[0] = 0.0291159
rho_[80] = 0.532647
~~~~~~~~~~~~~~~~~~~~~~~~~~~~~~~~~~~~~~~
hard-particle MC p_acc = 0.997325
Rad[0] = 0.0291162
rho_[81] = 0.532658
~~~~~~~~~~~~~~~~~~~~~~~~~~~~~~~~~~~~~~~
hard-particle MC p_acc = 0.9947
Rad[0] = 0.0291552
rho_[82] = 0.534086
~~~~~~~~~~~~~~~~~~~~~~~~~~~~~~~~~~~~~~~
hard-particle MC p_acc = 0.998025
Rad[0] = 0.0291553
rho_[83] = 0.534092
~~~~~~~~~~~~~~~~~~~~~~~~~~~~~~~~~~~~~~~
hard-particle MC p_acc = 0.996525
Rad[0] = 0.0292074
rho_[84] = 0.536001
~~~~~~~~~~~~~~~~~~~~~~~~~~~~~~~~~~~~~~~
hard-particle MC p_acc = 0.994575
Rad[0] = 0.0292294
rho_[85] = 0.536809
~~~~~~~~~~~~~~~~~~~~~~~~~~~~~~~~~~~~~~~
hard-particle MC p_acc = 0.994125
Rad[0] = 0.0292316
rho_[86] = 0.53689
~~~~~~~~~~~~~~~~~~~~~~~~~~~~~~~~~~~~~~~
hard-particle MC p_acc = 0.99705
Rad[0] = 0.0292333
rho_[87] = 0.536951
~~~~~~~~~~~~~~~~~~~~~~~~~~~~~~~~~~~~~~~
hard-particle MC p_acc = 0.99595
Rad[0] = 0.0292402
rho_[88] = 0.537207
~~~~~~~~~~~~~~~~~~~~~~~~~~~~~~~~~~~~~~~
hard-particle MC p_acc = 0.996725
Rad[0] = 0.0292432
rho_[89] = 0.537315
~~~~~~~~~~~~~~~~~~~~~~~~~~~~~~~~~~~~~~~
hard-particle MC p_acc = 0.9961
Rad[0] = 0.0292556
rho_[90] = 0.53777
~~~~~~~~~~~~~~~~~~~~~~~~~~~~~~~~~~~~~~~
hard-particle MC p_acc = 0.99845
Rad[0] = 0.0292608
rho_[91] = 0.537963
~~~~~~~~~~~~~~~~~~~~~~~~~~~~~~~~~~~~~~~
hard-particle MC p_acc = 0.99515
Rad[0] = 0.0292732
rho_[92] = 0.538419
~~~~~~~~~~~~~~~~~~~~~~~~~~~~~~~~~~~~~~~
hard-particle MC p_acc = 0.996625
Rad[0] = 0.0292825
rho_[93] = 0.538761
~~~~~~~~~~~~~~~~~~~~~~~~~~~~~~~~~~~~~~~
hard-particle MC p_acc = 0.99535
Rad[0] = 0.0293755
rho_[94] = 0.542187
~~~~~~~~~~~~~~~~~~~~~~~~~~~~~~~~~~~~~~~
hard-particle MC p_acc = 0.99535
Rad[0] = 0.029405
rho_[95] = 0.543277
~~~~~~~~~~~~~~~~~~~~~~~~~~~~~~~~~~~~~~~
hard-particle MC p_acc = 0.994925
Rad[0] = 0.0294066
rho_[96] = 0.543339
~~~~~~~~~~~~~~~~~~~~~~~~~~~~~~~~~~~~~~~
hard-particle MC p_acc = 0.9947
Rad[0] = 0.029416
rho_[97] = 0.543684
~~~~~~~~~~~~~~~~~~~~~~~~~~~~~~~~~~~~~~~
hard-particle MC p_acc = 0.9928
Rad[0] = 0.0294455
rho_[98] = 0.544777
~~~~~~~~~~~~~~~~~~~~~~~~~~~~~~~~~~~~~~~
hard-particle MC p_acc = 0.994325
Rad[0] = 0.029458
rho_[99] = 0.545239
~~~~~~~~~~~~~~~~~~~~~~~~~~~~~~~~~~~~~~~
hard-particle MC p_acc = 0.993075
Rad[0] = 0.0294876
rho_[100] = 0.546335
~~~~~~~~~~~~~~~~~~~~~~~~~~~~~~~~~~~~~~~
hard-particle MC p_acc = 0.99185
Rad[0] = 0.0294889
rho_[101] = 0.546381
~~~~~~~~~~~~~~~~~~~~~~~~~~~~~~~~~~~~~~~
hard-particle MC p_acc = 0.99275
Rad[0] = 0.0294918
rho_[102] = 0.546491
~~~~~~~~~~~~~~~~~~~~~~~~~~~~~~~~~~~~~~~
hard-particle MC p_acc = 0.991325
Rad[0] = 0.0294958
rho_[103] = 0.546637
~~~~~~~~~~~~~~~~~~~~~~~~~~~~~~~~~~~~~~~
hard-particle MC p_acc = 0.991175
Rad[0] = 0.0294961
rho_[104] = 0.546648
~~~~~~~~~~~~~~~~~~~~~~~~~~~~~~~~~~~~~~~
hard-particle MC p_acc = 0.995
Rad[0] = 0.0295183
rho_[105] = 0.547472
~~~~~~~~~~~~~~~~~~~~~~~~~~~~~~~~~~~~~~~
hard-particle MC p_acc = 0.991375
Rad[0] = 0.029519
rho_[106] = 0.547499
~~~~~~~~~~~~~~~~~~~~~~~~~~~~~~~~~~~~~~~
hard-particle MC p_acc = 0.9938
Rad[0] = 0.029522
rho_[107] = 0.547609
~~~~~~~~~~~~~~~~~~~~~~~~~~~~~~~~~~~~~~~
hard-particle MC p_acc = 0.9943
Rad[0] = 0.0295272
rho_[108] = 0.547805
~~~~~~~~~~~~~~~~~~~~~~~~~~~~~~~~~~~~~~~
hard-particle MC p_acc = 0.995125
Rad[0] = 0.0295295
rho_[109] = 0.547887
~~~~~~~~~~~~~~~~~~~~~~~~~~~~~~~~~~~~~~~
hard-particle MC p_acc = 0.993675
Rad[0] = 0.0295591
rho_[110] = 0.548988
~~~~~~~~~~~~~~~~~~~~~~~~~~~~~~~~~~~~~~~
hard-particle MC p_acc = 0.995575
Rad[0] = 0.0295595
rho_[111] = 0.549003
~~~~~~~~~~~~~~~~~~~~~~~~~~~~~~~~~~~~~~~
hard-particle MC p_acc = 0.99375
Rad[0] = 0.0295762
rho_[112] = 0.549624
~~~~~~~~~~~~~~~~~~~~~~~~~~~~~~~~~~~~~~~
hard-particle MC p_acc = 0.99545
Rad[0] = 0.0295888
rho_[113] = 0.55009
~~~~~~~~~~~~~~~~~~~~~~~~~~~~~~~~~~~~~~~
hard-particle MC p_acc = 0.9952
Rad[0] = 0.029591
rho_[114] = 0.550173
~~~~~~~~~~~~~~~~~~~~~~~~~~~~~~~~~~~~~~~
hard-particle MC p_acc = 0.99585
Rad[0] = 0.0296077
rho_[115] = 0.550795
~~~~~~~~~~~~~~~~~~~~~~~~~~~~~~~~~~~~~~~
hard-particle MC p_acc = 0.99415
Rad[0] = 0.029613
rho_[116] = 0.550992
~~~~~~~~~~~~~~~~~~~~~~~~~~~~~~~~~~~~~~~
hard-particle MC p_acc = 0.993325
Rad[0] = 0.0296297
rho_[117] = 0.551614
~~~~~~~~~~~~~~~~~~~~~~~~~~~~~~~~~~~~~~~
hard-particle MC p_acc = 0.9939
Rad[0] = 0.0296314
rho_[118] = 0.551677
~~~~~~~~~~~~~~~~~~~~~~~~~~~~~~~~~~~~~~~
hard-particle MC p_acc = 0.99165
Rad[0] = 0.0296344
rho_[119] = 0.551788
~~~~~~~~~~~~~~~~~~~~~~~~~~~~~~~~~~~~~~~
hard-particle MC p_acc = 0.99315
Rad[0] = 0.0296345
rho_[120] = 0.551793
~~~~~~~~~~~~~~~~~~~~~~~~~~~~~~~~~~~~~~~
hard-particle MC p_acc = 0.9942
Rad[0] = 0.0296513
rho_[121] = 0.552416
~~~~~~~~~~~~~~~~~~~~~~~~~~~~~~~~~~~~~~~
hard-particle MC p_acc = 0.994125
Rad[0] = 0.0296566
rho_[122] = 0.552614
~~~~~~~~~~~~~~~~~~~~~~~~~~~~~~~~~~~~~~~
hard-particle MC p_acc = 0.994775
Rad[0] = 0.0296636
rho_[123] = 0.552877
~~~~~~~~~~~~~~~~~~~~~~~~~~~~~~~~~~~~~~~
hard-particle MC p_acc = 0.993725
Rad[0] = 0.0296666
rho_[124] = 0.552989
~~~~~~~~~~~~~~~~~~~~~~~~~~~~~~~~~~~~~~~
hard-particle MC p_acc = 0.996325
Rad[0] = 0.029689
rho_[125] = 0.553822
~~~~~~~~~~~~~~~~~~~~~~~~~~~~~~~~~~~~~~~
hard-particle MC p_acc = 0.99675
Rad[0] = 0.0296899
rho_[126] = 0.553857
~~~~~~~~~~~~~~~~~~~~~~~~~~~~~~~~~~~~~~~
hard-particle MC p_acc = 0.997475
Rad[0] = 0.0297123
rho_[127] = 0.554692
~~~~~~~~~~~~~~~~~~~~~~~~~~~~~~~~~~~~~~~
hard-particle MC p_acc = 0.996775
Rad[0] = 0.0297291
rho_[128] = 0.555319
~~~~~~~~~~~~~~~~~~~~~~~~~~~~~~~~~~~~~~~
hard-particle MC p_acc = 0.994175
Rad[0] = 0.0297589
rho_[129] = 0.556435
~~~~~~~~~~~~~~~~~~~~~~~~~~~~~~~~~~~~~~~
hard-particle MC p_acc = 0.994675
Rad[0] = 0.0297612
rho_[130] = 0.556519
~~~~~~~~~~~~~~~~~~~~~~~~~~~~~~~~~~~~~~~
hard-particle MC p_acc = 0.99365
Rad[0] = 0.029778
rho_[131] = 0.557148
~~~~~~~~~~~~~~~~~~~~~~~~~~~~~~~~~~~~~~~
hard-particle MC p_acc = 0.992275
Rad[0] = 0.0297948
rho_[132] = 0.557778
~~~~~~~~~~~~~~~~~~~~~~~~~~~~~~~~~~~~~~~
hard-particle MC p_acc = 0.993625
Rad[0] = 0.0298173
rho_[133] = 0.558619
~~~~~~~~~~~~~~~~~~~~~~~~~~~~~~~~~~~~~~~
hard-particle MC p_acc = 0.994725
Rad[0] = 0.0298213
rho_[134] = 0.558769
~~~~~~~~~~~~~~~~~~~~~~~~~~~~~~~~~~~~~~~
hard-particle MC p_acc = 0.995025
Rad[0] = 0.0298213
rho_[135] = 0.558769
~~~~~~~~~~~~~~~~~~~~~~~~~~~~~~~~~~~~~~~
hard-particle MC p_acc = 0.9927
Rad[0] = 0.0298243
rho_[136] = 0.558882
~~~~~~~~~~~~~~~~~~~~~~~~~~~~~~~~~~~~~~~
hard-particle MC p_acc = 0.991625
Rad[0] = 0.029825
rho_[137] = 0.558908
~~~~~~~~~~~~~~~~~~~~~~~~~~~~~~~~~~~~~~~
hard-particle MC p_acc = 0.994275
Rad[0] = 0.0298253
rho_[138] = 0.55892
~~~~~~~~~~~~~~~~~~~~~~~~~~~~~~~~~~~~~~~
hard-particle MC p_acc = 0.99455
Rad[0] = 0.0298421
rho_[139] = 0.559551
~~~~~~~~~~~~~~~~~~~~~~~~~~~~~~~~~~~~~~~
hard-particle MC p_acc = 0.994725
Rad[0] = 0.0298431
rho_[140] = 0.559587
~~~~~~~~~~~~~~~~~~~~~~~~~~~~~~~~~~~~~~~
hard-particle MC p_acc = 0.995175
Rad[0] = 0.0298471
rho_[141] = 0.559737
~~~~~~~~~~~~~~~~~~~~~~~~~~~~~~~~~~~~~~~
hard-particle MC p_acc = 0.99655
Rad[0] = 0.029864
rho_[142] = 0.56037
~~~~~~~~~~~~~~~~~~~~~~~~~~~~~~~~~~~~~~~
hard-particle MC p_acc = 0.9964
Rad[0] = 0.0298645
rho_[143] = 0.56039
~~~~~~~~~~~~~~~~~~~~~~~~~~~~~~~~~~~~~~~
hard-particle MC p_acc = 0.994675
Rad[0] = 0.0298675
rho_[144] = 0.560503
~~~~~~~~~~~~~~~~~~~~~~~~~~~~~~~~~~~~~~~
hard-particle MC p_acc = 0.99415
Rad[0] = 0.0298728
rho_[145] = 0.560703
~~~~~~~~~~~~~~~~~~~~~~~~~~~~~~~~~~~~~~~
hard-particle MC p_acc = 0.994425
Rad[0] = 0.0298751
rho_[146] = 0.560788
~~~~~~~~~~~~~~~~~~~~~~~~~~~~~~~~~~~~~~~
hard-particle MC p_acc = 0.995775
Rad[0] = 0.0298804
rho_[147] = 0.560988
~~~~~~~~~~~~~~~~~~~~~~~~~~~~~~~~~~~~~~~
hard-particle MC p_acc = 0.995075
Rad[0] = 0.0299029
rho_[148] = 0.561834
~~~~~~~~~~~~~~~~~~~~~~~~~~~~~~~~~~~~~~~
hard-particle MC p_acc = 0.992775
Rad[0] = 0.0299033
rho_[149] = 0.561849
~~~~~~~~~~~~~~~~~~~~~~~~~~~~~~~~~~~~~~~
hard-particle MC p_acc = 0.99195
Rad[0] = 0.0299105
rho_[150] = 0.562117
~~~~~~~~~~~~~~~~~~~~~~~~~~~~~~~~~~~~~~~
hard-particle MC p_acc = 0.994125
Rad[0] = 0.0299405
rho_[151] = 0.563247
~~~~~~~~~~~~~~~~~~~~~~~~~~~~~~~~~~~~~~~
hard-particle MC p_acc = 0.99285
Rad[0] = 0.02995
rho_[152] = 0.563605
~~~~~~~~~~~~~~~~~~~~~~~~~~~~~~~~~~~~~~~
hard-particle MC p_acc = 0.9923
Rad[0] = 0.0299627
rho_[153] = 0.564083
~~~~~~~~~~~~~~~~~~~~~~~~~~~~~~~~~~~~~~~
hard-particle MC p_acc = 0.995725
Rad[0] = 0.0299667
rho_[154] = 0.564234
~~~~~~~~~~~~~~~~~~~~~~~~~~~~~~~~~~~~~~~
hard-particle MC p_acc = 0.992475
Rad[0] = 0.0299739
rho_[155] = 0.564503
~~~~~~~~~~~~~~~~~~~~~~~~~~~~~~~~~~~~~~~
hard-particle MC p_acc = 0.99335
Rad[0] = 0.0299769
rho_[156] = 0.564616
~~~~~~~~~~~~~~~~~~~~~~~~~~~~~~~~~~~~~~~
hard-particle MC p_acc = 0.99515
Rad[0] = 0.0299841
rho_[157] = 0.564886
~~~~~~~~~~~~~~~~~~~~~~~~~~~~~~~~~~~~~~~
hard-particle MC p_acc = 0.992625
Rad[0] = 0.0299863
rho_[158] = 0.564971
~~~~~~~~~~~~~~~~~~~~~~~~~~~~~~~~~~~~~~~
hard-particle MC p_acc = 0.99245
Rad[0] = 0.0299873
rho_[159] = 0.565007
~~~~~~~~~~~~~~~~~~~~~~~~~~~~~~~~~~~~~~~
hard-particle MC p_acc = 0.993125
Rad[0] = 0.0299903
rho_[160] = 0.56512
~~~~~~~~~~~~~~~~~~~~~~~~~~~~~~~~~~~~~~~
hard-particle MC p_acc = 0.994
Rad[0] = 0.0299943
rho_[161] = 0.565272
~~~~~~~~~~~~~~~~~~~~~~~~~~~~~~~~~~~~~~~
hard-particle MC p_acc = 0.9945
Rad[0] = 0.0299983
rho_[162] = 0.565424
~~~~~~~~~~~~~~~~~~~~~~~~~~~~~~~~~~~~~~~
hard-particle MC p_acc = 0.993625
Rad[0] = 0.0300209
rho_[163] = 0.566276
~~~~~~~~~~~~~~~~~~~~~~~~~~~~~~~~~~~~~~~
hard-particle MC p_acc = 0.9966
Rad[0] = 0.0300219
rho_[164] = 0.566312
~~~~~~~~~~~~~~~~~~~~~~~~~~~~~~~~~~~~~~~
hard-particle MC p_acc = 0.994475
Rad[0] = 0.0300388
rho_[165] = 0.566952
~~~~~~~~~~~~~~~~~~~~~~~~~~~~~~~~~~~~~~~
hard-particle MC p_acc = 0.995825
Rad[0] = 0.0300398
rho_[166] = 0.566988
~~~~~~~~~~~~~~~~~~~~~~~~~~~~~~~~~~~~~~~
hard-particle MC p_acc = 0.993125
Rad[0] = 0.0300525
rho_[167] = 0.567469
~~~~~~~~~~~~~~~~~~~~~~~~~~~~~~~~~~~~~~~
hard-particle MC p_acc = 0.993975
Rad[0] = 0.0300695
rho_[168] = 0.56811
~~~~~~~~~~~~~~~~~~~~~~~~~~~~~~~~~~~~~~~
hard-particle MC p_acc = 0.9946
Rad[0] = 0.0300749
rho_[169] = 0.568313
~~~~~~~~~~~~~~~~~~~~~~~~~~~~~~~~~~~~~~~
hard-particle MC p_acc = 0.994775
Rad[0] = 0.0300789
rho_[170] = 0.568466
~~~~~~~~~~~~~~~~~~~~~~~~~~~~~~~~~~~~~~~
hard-particle MC p_acc = 0.9942
Rad[0] = 0.0300917
rho_[171] = 0.568948
~~~~~~~~~~~~~~~~~~~~~~~~~~~~~~~~~~~~~~~
hard-particle MC p_acc = 0.9944
Rad[0] = 0.0300957
rho_[172] = 0.5691
~~~~~~~~~~~~~~~~~~~~~~~~~~~~~~~~~~~~~~~
hard-particle MC p_acc = 0.99185
Rad[0] = 0.0301053
rho_[173] = 0.569462
~~~~~~~~~~~~~~~~~~~~~~~~~~~~~~~~~~~~~~~
hard-particle MC p_acc = 0.9932
Rad[0] = 0.0301083
rho_[174] = 0.569577
~~~~~~~~~~~~~~~~~~~~~~~~~~~~~~~~~~~~~~~
hard-particle MC p_acc = 0.9903
Rad[0] = 0.0301253
rho_[175] = 0.570221
~~~~~~~~~~~~~~~~~~~~~~~~~~~~~~~~~~~~~~~
hard-particle MC p_acc = 0.993125
Rad[0] = 0.0301325
rho_[176] = 0.570493
~~~~~~~~~~~~~~~~~~~~~~~~~~~~~~~~~~~~~~~
hard-particle MC p_acc = 0.99085
Rad[0] = 0.0301421
rho_[177] = 0.570855
~~~~~~~~~~~~~~~~~~~~~~~~~~~~~~~~~~~~~~~
hard-particle MC p_acc = 0.992425
Rad[0] = 0.0301461
rho_[178] = 0.571008
~~~~~~~~~~~~~~~~~~~~~~~~~~~~~~~~~~~~~~~
hard-particle MC p_acc = 0.994375
Rad[0] = 0.0301557
rho_[179] = 0.571371
~~~~~~~~~~~~~~~~~~~~~~~~~~~~~~~~~~~~~~~
hard-particle MC p_acc = 0.989675
Rad[0] = 0.0301727
rho_[180] = 0.572017
~~~~~~~~~~~~~~~~~~~~~~~~~~~~~~~~~~~~~~~
hard-particle MC p_acc = 0.9912
Rad[0] = 0.030175
rho_[181] = 0.572104
~~~~~~~~~~~~~~~~~~~~~~~~~~~~~~~~~~~~~~~
hard-particle MC p_acc = 0.990975
Rad[0] = 0.0301977
rho_[182] = 0.572966
~~~~~~~~~~~~~~~~~~~~~~~~~~~~~~~~~~~~~~~
hard-particle MC p_acc = 0.991775
Rad[0] = 0.0302018
rho_[183] = 0.57312
~~~~~~~~~~~~~~~~~~~~~~~~~~~~~~~~~~~~~~~
hard-particle MC p_acc = 0.992925
Rad[0] = 0.0302114
rho_[184] = 0.573484
~~~~~~~~~~~~~~~~~~~~~~~~~~~~~~~~~~~~~~~
hard-particle MC p_acc = 0.9946
Rad[0] = 0.0302154
rho_[185] = 0.573638
~~~~~~~~~~~~~~~~~~~~~~~~~~~~~~~~~~~~~~~
hard-particle MC p_acc = 0.99265
Rad[0] = 0.0302167
rho_[186] = 0.573686
~~~~~~~~~~~~~~~~~~~~~~~~~~~~~~~~~~~~~~~
hard-particle MC p_acc = 0.994675
Rad[0] = 0.0302198
rho_[187] = 0.573802
~~~~~~~~~~~~~~~~~~~~~~~~~~~~~~~~~~~~~~~
hard-particle MC p_acc = 0.995125
Rad[0] = 0.0302326
rho_[188] = 0.574288
~~~~~~~~~~~~~~~~~~~~~~~~~~~~~~~~~~~~~~~
hard-particle MC p_acc = 0.994275
Rad[0] = 0.0302497
rho_[189] = 0.574937
~~~~~~~~~~~~~~~~~~~~~~~~~~~~~~~~~~~~~~~
hard-particle MC p_acc = 0.991525
Rad[0] = 0.0302527
rho_[190] = 0.575053
~~~~~~~~~~~~~~~~~~~~~~~~~~~~~~~~~~~~~~~
hard-particle MC p_acc = 0.99065
Rad[0] = 0.0302528
rho_[191] = 0.575057
~~~~~~~~~~~~~~~~~~~~~~~~~~~~~~~~~~~~~~~
hard-particle MC p_acc = 0.99385
Rad[0] = 0.0302656
rho_[192] = 0.575544
~~~~~~~~~~~~~~~~~~~~~~~~~~~~~~~~~~~~~~~
hard-particle MC p_acc = 0.993525
Rad[0] = 0.0302673
rho_[193] = 0.575609
~~~~~~~~~~~~~~~~~~~~~~~~~~~~~~~~~~~~~~~
hard-particle MC p_acc = 0.9926
Rad[0] = 0.0302679
rho_[194] = 0.57563
~~~~~~~~~~~~~~~~~~~~~~~~~~~~~~~~~~~~~~~
hard-particle MC p_acc = 0.9948
Rad[0] = 0.0302696
rho_[195] = 0.575695
~~~~~~~~~~~~~~~~~~~~~~~~~~~~~~~~~~~~~~~
hard-particle MC p_acc = 0.9923
Rad[0] = 0.0302726
rho_[196] = 0.575811
~~~~~~~~~~~~~~~~~~~~~~~~~~~~~~~~~~~~~~~
hard-particle MC p_acc = 0.992325
Rad[0] = 0.0302729
rho_[197] = 0.575822
~~~~~~~~~~~~~~~~~~~~~~~~~~~~~~~~~~~~~~~
hard-particle MC p_acc = 0.9904
Rad[0] = 0.03029
rho_[198] = 0.576473
~~~~~~~~~~~~~~~~~~~~~~~~~~~~~~~~~~~~~~~
hard-particle MC p_acc = 0.9921
Rad[0] = 0.030291
rho_[199] = 0.57651
~~~~~~~~~~~~~~~~~~~~~~~~~~~~~~~~~~~~~~~
hard-particle MC p_acc = 0.9883
Rad[0] = 0.0302923
rho_[200] = 0.576559
~~~~~~~~~~~~~~~~~~~~~~~~~~~~~~~~~~~~~~~
hard-particle MC p_acc = 0.989975
Rad[0] = 0.030294
rho_[201] = 0.576624
~~~~~~~~~~~~~~~~~~~~~~~~~~~~~~~~~~~~~~~
hard-particle MC p_acc = 0.99205
Rad[0] = 0.0302981
rho_[202] = 0.576779
~~~~~~~~~~~~~~~~~~~~~~~~~~~~~~~~~~~~~~~
hard-particle MC p_acc = 0.990525
Rad[0] = 0.0303209
rho_[203] = 0.577648
~~~~~~~~~~~~~~~~~~~~~~~~~~~~~~~~~~~~~~~
hard-particle MC p_acc = 0.99175
Rad[0] = 0.0303281
rho_[204] = 0.577924
~~~~~~~~~~~~~~~~~~~~~~~~~~~~~~~~~~~~~~~
hard-particle MC p_acc = 0.989375
Rad[0] = 0.030341
rho_[205] = 0.578414
~~~~~~~~~~~~~~~~~~~~~~~~~~~~~~~~~~~~~~~
hard-particle MC p_acc = 0.992525
Rad[0] = 0.0303432
rho_[206] = 0.578501
~~~~~~~~~~~~~~~~~~~~~~~~~~~~~~~~~~~~~~~
hard-particle MC p_acc = 0.996
Rad[0] = 0.0303473
rho_[207] = 0.578656
~~~~~~~~~~~~~~~~~~~~~~~~~~~~~~~~~~~~~~~
hard-particle MC p_acc = 0.993675
Rad[0] = 0.0303778
rho_[208] = 0.579819
~~~~~~~~~~~~~~~~~~~~~~~~~~~~~~~~~~~~~~~
hard-particle MC p_acc = 0.992425
Soft-core quenching p_acc = 0.507275
Final energy of stage 209  = 93.0158
Rad[0] = 0.030385
rho_[209] = 0.580096
~~~~~~~~~~~~~~~~~~~~~~~~~~~~~~~~~~~~~~~
hard-particle MC p_acc = 0.9921
Soft-core quenching p_acc = 0.51005
Final energy of stage 210  = 92.921
Rad[0] = 0.0303851
rho_[210] = 0.580097
~~~~~~~~~~~~~~~~~~~~~~~~~~~~~~~~~~~~~~~
hard-particle MC p_acc = 0.98735
Soft-core quenching p_acc = 0.5043
Final energy of stage 211  = 92.8594
Rad[0] = 0.0303864
rho_[211] = 0.580146
~~~~~~~~~~~~~~~~~~~~~~~~~~~~~~~~~~~~~~~
hard-particle MC p_acc = 0.987625
Soft-core quenching p_acc = 0.4979
Final energy of stage 212  = 92.8234
Rad[0] = 0.0303864
rho_[212] = 0.580147
~~~~~~~~~~~~~~~~~~~~~~~~~~~~~~~~~~~~~~~
hard-particle MC p_acc = 0.989425
Soft-core quenching p_acc = 0.496025
Final energy of stage 213  = 92.804
Rad[0] = 0.0303868
rho_[213] = 0.580162
~~~~~~~~~~~~~~~~~~~~~~~~~~~~~~~~~~~~~~~
hard-particle MC p_acc = 0.988975
Soft-core quenching p_acc = 0.4794
Final energy of stage 214  = 92.7925
Rad[0] = 0.0303891
rho_[214] = 0.58025
~~~~~~~~~~~~~~~~~~~~~~~~~~~~~~~~~~~~~~~
hard-particle MC p_acc = 0.992825
Soft-core quenching p_acc = 0.47015
Final energy of stage 215  = 92.7848
Rad[0] = 0.0303895
rho_[215] = 0.580265
~~~~~~~~~~~~~~~~~~~~~~~~~~~~~~~~~~~~~~~
hard-particle MC p_acc = 0.994275
Soft-core quenching p_acc = 0.4646
Final energy of stage 216  = 92.7788
Rad[0] = 0.0303897
rho_[216] = 0.580272
~~~~~~~~~~~~~~~~~~~~~~~~~~~~~~~~~~~~~~~
hard-particle MC p_acc = 0.994425
Soft-core quenching p_acc = 0.451725
Final energy of stage 217  = 92.7738
Rad[0] = 0.0303902
rho_[217] = 0.580293
~~~~~~~~~~~~~~~~~~~~~~~~~~~~~~~~~~~~~~~
hard-particle MC p_acc = 0.996475
Soft-core quenching p_acc = 0.439375
Final energy of stage 218  = 92.7691
Rad[0] = 0.0303907
rho_[218] = 0.580314
~~~~~~~~~~~~~~~~~~~~~~~~~~~~~~~~~~~~~~~
hard-particle MC p_acc = 0.9953
Soft-core quenching p_acc = 0.441725
Final energy of stage 219  = 92.7648
Rad[0] = 0.0303908
rho_[219] = 0.580315
~~~~~~~~~~~~~~~~~~~~~~~~~~~~~~~~~~~~~~~
hard-particle MC p_acc = 0.997975
Soft-core quenching p_acc = 0.44075
Final energy of stage 220  = 92.7608
Rad[0] = 0.030391
rho_[220] = 0.580324
~~~~~~~~~~~~~~~~~~~~~~~~~~~~~~~~~~~~~~~
hard-particle MC p_acc = 0.99685
Soft-core quenching p_acc = 0.42305
Final energy of stage 221  = 92.7575
Rad[0] = 0.0303912
rho_[221] = 0.58033
~~~~~~~~~~~~~~~~~~~~~~~~~~~~~~~~~~~~~~~
hard-particle MC p_acc = 0.996125
Soft-core quenching p_acc = 0.4155
Final energy of stage 222  = 92.7546
Rad[0] = 0.0303914
rho_[222] = 0.580339
~~~~~~~~~~~~~~~~~~~~~~~~~~~~~~~~~~~~~~~
hard-particle MC p_acc = 0.997575
Soft-core quenching p_acc = 0.4048
Final energy of stage 223  = 92.752
Rad[0] = 0.0303921
rho_[223] = 0.580367
~~~~~~~~~~~~~~~~~~~~~~~~~~~~~~~~~~~~~~~
hard-particle MC p_acc = 0.998
Soft-core quenching p_acc = 0.39995
Final energy of stage 224  = 92.7495
Rad[0] = 0.0303922
rho_[224] = 0.580368
~~~~~~~~~~~~~~~~~~~~~~~~~~~~~~~~~~~~~~~
hard-particle MC p_acc = 0.9973
Soft-core quenching p_acc = 0.3984
Final energy of stage 225  = 92.7472
Rad[0] = 0.0303935
rho_[225] = 0.580417
~~~~~~~~~~~~~~~~~~~~~~~~~~~~~~~~~~~~~~~
hard-particle MC p_acc = 0.996225
Soft-core quenching p_acc = 0.39385
Final energy of stage 226  = 92.7451
Rad[0] = 0.0303935
rho_[226] = 0.58042
~~~~~~~~~~~~~~~~~~~~~~~~~~~~~~~~~~~~~~~
hard-particle MC p_acc = 0.997575
Soft-core quenching p_acc = 0.377975
Final energy of stage 227  = 92.7433
Rad[0] = 0.0303941
rho_[227] = 0.580441
~~~~~~~~~~~~~~~~~~~~~~~~~~~~~~~~~~~~~~~
hard-particle MC p_acc = 0.9971
Soft-core quenching p_acc = 0.37375
Final energy of stage 228  = 92.7417
Rad[0] = 0.0303941
rho_[228] = 0.580443
~~~~~~~~~~~~~~~~~~~~~~~~~~~~~~~~~~~~~~~
hard-particle MC p_acc = 0.996975
Soft-core quenching p_acc = 0.372925
Final energy of stage 229  = 92.7403
Rad[0] = 0.0303945
rho_[229] = 0.580458
~~~~~~~~~~~~~~~~~~~~~~~~~~~~~~~~~~~~~~~
hard-particle MC p_acc = 0.997525
Soft-core quenching p_acc = 0.381625
Final energy of stage 230  = 92.7386
Rad[0] = 0.0303946
rho_[230] = 0.580461
~~~~~~~~~~~~~~~~~~~~~~~~~~~~~~~~~~~~~~~
hard-particle MC p_acc = 0.997
Soft-core quenching p_acc = 0.369675
Final energy of stage 231  = 92.7372
Rad[0] = 0.0303963
rho_[231] = 0.580527
~~~~~~~~~~~~~~~~~~~~~~~~~~~~~~~~~~~~~~~
hard-particle MC p_acc = 0.9974
Soft-core quenching p_acc = 0.37235
Final energy of stage 232  = 92.7358
Rad[0] = 0.0303966
rho_[232] = 0.580536
~~~~~~~~~~~~~~~~~~~~~~~~~~~~~~~~~~~~~~~
hard-particle MC p_acc = 0.996675
Soft-core quenching p_acc = 0.372225
Final energy of stage 233  = 92.7345
Rad[0] = 0.0303967
rho_[233] = 0.580541
~~~~~~~~~~~~~~~~~~~~~~~~~~~~~~~~~~~~~~~
hard-particle MC p_acc = 0.996475
Soft-core quenching p_acc = 0.36075
Final energy of stage 234  = 92.7333
Rad[0] = 0.0303972
rho_[234] = 0.580561
~~~~~~~~~~~~~~~~~~~~~~~~~~~~~~~~~~~~~~~
hard-particle MC p_acc = 0.997425
Soft-core quenching p_acc = 0.35115
Final energy of stage 235  = 92.7322
Rad[0] = 0.0303975
rho_[235] = 0.580573
~~~~~~~~~~~~~~~~~~~~~~~~~~~~~~~~~~~~~~~
hard-particle MC p_acc = 0.99875
Soft-core quenching p_acc = 0.335325
Final energy of stage 236  = 92.7312
Rad[0] = 0.0303978
rho_[236] = 0.580582
~~~~~~~~~~~~~~~~~~~~~~~~~~~~~~~~~~~~~~~
hard-particle MC p_acc = 0.99695
Soft-core quenching p_acc = 0.312675
Final energy of stage 237  = 92.7304
Rad[0] = 0.0303991
rho_[237] = 0.580631
~~~~~~~~~~~~~~~~~~~~~~~~~~~~~~~~~~~~~~~
hard-particle MC p_acc = 0.997575
Soft-core quenching p_acc = 0.3176
Final energy of stage 238  = 92.7296
Rad[0] = 0.0303991
rho_[238] = 0.580631
~~~~~~~~~~~~~~~~~~~~~~~~~~~~~~~~~~~~~~~
hard-particle MC p_acc = 0.998325
Soft-core quenching p_acc = 0.315475
Final energy of stage 239  = 92.7289
Rad[0] = 0.0304014
rho_[239] = 0.580719
~~~~~~~~~~~~~~~~~~~~~~~~~~~~~~~~~~~~~~~
hard-particle MC p_acc = 0.998125
Soft-core quenching p_acc = 0.31585
Final energy of stage 240  = 92.7281
Rad[0] = 0.0304015
rho_[240] = 0.580726
~~~~~~~~~~~~~~~~~~~~~~~~~~~~~~~~~~~~~~~
hard-particle MC p_acc = 0.996975
Soft-core quenching p_acc = 0.3125
Final energy of stage 241  = 92.7273
Rad[0] = 0.0304016
rho_[241] = 0.580726
~~~~~~~~~~~~~~~~~~~~~~~~~~~~~~~~~~~~~~~
hard-particle MC p_acc = 0.996925
Soft-core quenching p_acc = 0.3048
Final energy of stage 242  = 92.7266
Rad[0] = 0.030402
rho_[242] = 0.580742
~~~~~~~~~~~~~~~~~~~~~~~~~~~~~~~~~~~~~~~
hard-particle MC p_acc = 0.9967
Soft-core quenching p_acc = 0.315575
Final energy of stage 243  = 92.7258
Rad[0] = 0.030402
rho_[243] = 0.580744
~~~~~~~~~~~~~~~~~~~~~~~~~~~~~~~~~~~~~~~
hard-particle MC p_acc = 0.99725
Soft-core quenching p_acc = 0.3103
Final energy of stage 244  = 92.725
Rad[0] = 0.0304022
rho_[244] = 0.580752
~~~~~~~~~~~~~~~~~~~~~~~~~~~~~~~~~~~~~~~
hard-particle MC p_acc = 0.9958
Soft-core quenching p_acc = 0.31035
Final energy of stage 245  = 92.7244
Rad[0] = 0.030403
rho_[245] = 0.58078
~~~~~~~~~~~~~~~~~~~~~~~~~~~~~~~~~~~~~~~
hard-particle MC p_acc = 0.996625
Soft-core quenching p_acc = 0.303325
Final energy of stage 246  = 92.7237
Rad[0] = 0.0304031
rho_[246] = 0.580787
~~~~~~~~~~~~~~~~~~~~~~~~~~~~~~~~~~~~~~~
hard-particle MC p_acc = 0.993675
Soft-core quenching p_acc = 0.3043
Final energy of stage 247  = 92.723
Rad[0] = 0.0304034
rho_[247] = 0.580795
~~~~~~~~~~~~~~~~~~~~~~~~~~~~~~~~~~~~~~~
hard-particle MC p_acc = 0.99345
Soft-core quenching p_acc = 0.305575
Final energy of stage 248  = 92.7223
Rad[0] = 0.0304037
rho_[248] = 0.580807
~~~~~~~~~~~~~~~~~~~~~~~~~~~~~~~~~~~~~~~
hard-particle MC p_acc = 0.9967
Soft-core quenching p_acc = 0.307525
Final energy of stage 249  = 92.7215
Rad[0] = 0.0304042
rho_[249] = 0.580828
~~~~~~~~~~~~~~~~~~~~~~~~~~~~~~~~~~~~~~~
hard-particle MC p_acc = 0.9941
Soft-core quenching p_acc = 0.3163
Final energy of stage 250  = 92.7207
Rad[0] = 0.0304042
rho_[250] = 0.580829
~~~~~~~~~~~~~~~~~~~~~~~~~~~~~~~~~~~~~~~
hard-particle MC p_acc = 0.997225
Soft-core quenching p_acc = 0.31865
Final energy of stage 251  = 92.7198
Rad[0] = 0.0304045
rho_[251] = 0.580838
~~~~~~~~~~~~~~~~~~~~~~~~~~~~~~~~~~~~~~~
hard-particle MC p_acc = 0.996025
Soft-core quenching p_acc = 0.32225
Final energy of stage 252  = 92.719
Rad[0] = 0.0304045
rho_[252] = 0.580838
~~~~~~~~~~~~~~~~~~~~~~~~~~~~~~~~~~~~~~~
hard-particle MC p_acc = 0.9959
Soft-core quenching p_acc = 0.33325
Final energy of stage 253  = 92.7181
Rad[0] = 0.0304046
rho_[253] = 0.580842
~~~~~~~~~~~~~~~~~~~~~~~~~~~~~~~~~~~~~~~
hard-particle MC p_acc = 0.9966
Soft-core quenching p_acc = 0.345225
Final energy of stage 254  = 92.7171
Rad[0] = 0.0304047
rho_[254] = 0.580845
~~~~~~~~~~~~~~~~~~~~~~~~~~~~~~~~~~~~~~~
hard-particle MC p_acc = 0.996325
Soft-core quenching p_acc = 0.348175
Final energy of stage 255  = 92.7161
Rad[0] = 0.0304052
rho_[255] = 0.580866
~~~~~~~~~~~~~~~~~~~~~~~~~~~~~~~~~~~~~~~
hard-particle MC p_acc = 0.9944
Soft-core quenching p_acc = 0.352475
Final energy of stage 256  = 92.715
Rad[0] = 0.0304056
rho_[256] = 0.580882
~~~~~~~~~~~~~~~~~~~~~~~~~~~~~~~~~~~~~~~
hard-particle MC p_acc = 0.996025
Soft-core quenching p_acc = 0.353475
Final energy of stage 257  = 92.7139
Rad[0] = 0.0304062
rho_[257] = 0.580903
~~~~~~~~~~~~~~~~~~~~~~~~~~~~~~~~~~~~~~~
hard-particle MC p_acc = 0.995525
Soft-core quenching p_acc = 0.36375
Final energy of stage 258  = 92.7127
Rad[0] = 0.0304064
rho_[258] = 0.580911
~~~~~~~~~~~~~~~~~~~~~~~~~~~~~~~~~~~~~~~
hard-particle MC p_acc = 0.995575
Soft-core quenching p_acc = 0.3512
Final energy of stage 259  = 92.7116
Rad[0] = 0.0304067
rho_[259] = 0.580923
~~~~~~~~~~~~~~~~~~~~~~~~~~~~~~~~~~~~~~~
hard-particle MC p_acc = 0.995875
Soft-core quenching p_acc = 0.32835
Final energy of stage 260  = 92.7106
Rad[0] = 0.0304068
rho_[260] = 0.580926
~~~~~~~~~~~~~~~~~~~~~~~~~~~~~~~~~~~~~~~
hard-particle MC p_acc = 0.995325
Soft-core quenching p_acc = 0.326725
Final energy of stage 261  = 92.7095
Rad[0] = 0.0304071
rho_[261] = 0.580938
~~~~~~~~~~~~~~~~~~~~~~~~~~~~~~~~~~~~~~~
hard-particle MC p_acc = 0.9973
Soft-core quenching p_acc = 0.32135
Final energy of stage 262  = 92.7086
Rad[0] = 0.0304072
rho_[262] = 0.580942
~~~~~~~~~~~~~~~~~~~~~~~~~~~~~~~~~~~~~~~
hard-particle MC p_acc = 0.99625
Soft-core quenching p_acc = 0.29385
Final energy of stage 263  = 92.7076
Rad[0] = 0.0304073
rho_[263] = 0.580944
~~~~~~~~~~~~~~~~~~~~~~~~~~~~~~~~~~~~~~~
hard-particle MC p_acc = 0.99695
Soft-core quenching p_acc = 0.275475
Final energy of stage 264  = 92.7067
Rad[0] = 0.0304073
rho_[264] = 0.580947
~~~~~~~~~~~~~~~~~~~~~~~~~~~~~~~~~~~~~~~
hard-particle MC p_acc = 0.996325
Soft-core quenching p_acc = 0.2816
Final energy of stage 265  = 92.7059
Rad[0] = 0.0304074
rho_[265] = 0.58095
~~~~~~~~~~~~~~~~~~~~~~~~~~~~~~~~~~~~~~~
hard-particle MC p_acc = 0.996425
Soft-core quenching p_acc = 0.2714
Final energy of stage 266  = 92.7052
Rad[0] = 0.0304077
rho_[266] = 0.580961
~~~~~~~~~~~~~~~~~~~~~~~~~~~~~~~~~~~~~~~
hard-particle MC p_acc = 0.9972
Soft-core quenching p_acc = 0.2678
Final energy of stage 267  = 92.7046
Rad[0] = 0.0304078
rho_[267] = 0.580965
~~~~~~~~~~~~~~~~~~~~~~~~~~~~~~~~~~~~~~~
hard-particle MC p_acc = 0.99825
Soft-core quenching p_acc = 0.288925
Final energy of stage 268  = 92.7038
Rad[0] = 0.0304082
rho_[268] = 0.580981
~~~~~~~~~~~~~~~~~~~~~~~~~~~~~~~~~~~~~~~
hard-particle MC p_acc = 0.998
Soft-core quenching p_acc = 0.291775
Final energy of stage 269  = 92.703
Rad[0] = 0.0304086
rho_[269] = 0.580996
~~~~~~~~~~~~~~~~~~~~~~~~~~~~~~~~~~~~~~~
hard-particle MC p_acc = 0.99845
Soft-core quenching p_acc = 0.2907
Final energy of stage 270  = 92.7021
Rad[0] = 0.030409
rho_[270] = 0.581012
~~~~~~~~~~~~~~~~~~~~~~~~~~~~~~~~~~~~~~~
hard-particle MC p_acc = 0.9967
Soft-core quenching p_acc = 0.287725
Final energy of stage 271  = 92.7013
Rad[0] = 0.0304096
rho_[271] = 0.581033
~~~~~~~~~~~~~~~~~~~~~~~~~~~~~~~~~~~~~~~
hard-particle MC p_acc = 0.996875
Soft-core quenching p_acc = 0.295825
Final energy of stage 272  = 92.7004
Rad[0] = 0.03041
rho_[272] = 0.581048
~~~~~~~~~~~~~~~~~~~~~~~~~~~~~~~~~~~~~~~
hard-particle MC p_acc = 0.99725
Soft-core quenching p_acc = 0.298375
Final energy of stage 273  = 92.6995
Rad[0] = 0.0304117
rho_[273] = 0.581114
~~~~~~~~~~~~~~~~~~~~~~~~~~~~~~~~~~~~~~~
hard-particle MC p_acc = 0.99875
Soft-core quenching p_acc = 0.3055
Final energy of stage 274  = 92.6984
Rad[0] = 0.0304148
rho_[274] = 0.581231
~~~~~~~~~~~~~~~~~~~~~~~~~~~~~~~~~~~~~~~
hard-particle MC p_acc = 0.9963
Soft-core quenching p_acc = 0.308725
Final energy of stage 275  = 92.6974
Rad[0] = 0.0304155
rho_[275] = 0.581259
~~~~~~~~~~~~~~~~~~~~~~~~~~~~~~~~~~~~~~~
hard-particle MC p_acc = 0.99645
Soft-core quenching p_acc = 0.313375
Final energy of stage 276  = 92.6962
Rad[0] = 0.0304162
rho_[276] = 0.581286
~~~~~~~~~~~~~~~~~~~~~~~~~~~~~~~~~~~~~~~
hard-particle MC p_acc = 0.99835
Soft-core quenching p_acc = 0.310475
Final energy of stage 277  = 92.695
Rad[0] = 0.0304165
rho_[277] = 0.581298
~~~~~~~~~~~~~~~~~~~~~~~~~~~~~~~~~~~~~~~
hard-particle MC p_acc = 0.997575
Soft-core quenching p_acc = 0.311375
Final energy of stage 278  = 92.6939
Rad[0] = 0.0304175
rho_[278] = 0.581335
~~~~~~~~~~~~~~~~~~~~~~~~~~~~~~~~~~~~~~~
hard-particle MC p_acc = 0.99855
Soft-core quenching p_acc = 0.30455
Final energy of stage 279  = 92.6928
Rad[0] = 0.0304177
rho_[279] = 0.581342
~~~~~~~~~~~~~~~~~~~~~~~~~~~~~~~~~~~~~~~
hard-particle MC p_acc = 0.99855
Soft-core quenching p_acc = 0.306025
Final energy of stage 280  = 92.6918
Rad[0] = 0.0304184
rho_[280] = 0.581369
~~~~~~~~~~~~~~~~~~~~~~~~~~~~~~~~~~~~~~~
hard-particle MC p_acc = 0.99945
Soft-core quenching p_acc = 0.284625
Final energy of stage 281  = 92.6909
Rad[0] = 0.0304214
rho_[281] = 0.581486
~~~~~~~~~~~~~~~~~~~~~~~~~~~~~~~~~~~~~~~
hard-particle MC p_acc = 0.99845
Soft-core quenching p_acc = 0.276475
Final energy of stage 282  = 92.69
Rad[0] = 0.0304227
rho_[282] = 0.581536
~~~~~~~~~~~~~~~~~~~~~~~~~~~~~~~~~~~~~~~
hard-particle MC p_acc = 0.999075
Soft-core quenching p_acc = 0.257575
Final energy of stage 283  = 92.6892
Rad[0] = 0.0304233
rho_[283] = 0.581556
~~~~~~~~~~~~~~~~~~~~~~~~~~~~~~~~~~~~~~~
hard-particle MC p_acc = 0.9988
Soft-core quenching p_acc = 0.247325
Final energy of stage 284  = 92.6885
Rad[0] = 0.0304238
rho_[284] = 0.581577
~~~~~~~~~~~~~~~~~~~~~~~~~~~~~~~~~~~~~~~
hard-particle MC p_acc = 0.998975
Soft-core quenching p_acc = 0.24055
Final energy of stage 285  = 92.6878
Rad[0] = 0.0304242
rho_[285] = 0.581593
~~~~~~~~~~~~~~~~~~~~~~~~~~~~~~~~~~~~~~~
hard-particle MC p_acc = 0.999625
Soft-core quenching p_acc = 0.235375
Final energy of stage 286  = 92.6871
Rad[0] = 0.0304245
rho_[286] = 0.581605
~~~~~~~~~~~~~~~~~~~~~~~~~~~~~~~~~~~~~~~
hard-particle MC p_acc = 0.999175
Soft-core quenching p_acc = 0.227575
Final energy of stage 287  = 92.6864
Rad[0] = 0.0304246
rho_[287] = 0.581607
~~~~~~~~~~~~~~~~~~~~~~~~~~~~~~~~~~~~~~~
hard-particle MC p_acc = 0.99965
Soft-core quenching p_acc = 0.214725
Final energy of stage 288  = 92.6859
Rad[0] = 0.0304248
rho_[288] = 0.581615
~~~~~~~~~~~~~~~~~~~~~~~~~~~~~~~~~~~~~~~
hard-particle MC p_acc = 0.99985
Soft-core quenching p_acc = 0.2054
Final energy of stage 289  = 92.6853
Rad[0] = 0.0304248
rho_[289] = 0.581616
~~~~~~~~~~~~~~~~~~~~~~~~~~~~~~~~~~~~~~~
hard-particle MC p_acc = 0.99955
Soft-core quenching p_acc = 0.200875
Final energy of stage 290  = 92.6848
Rad[0] = 0.0304249
rho_[290] = 0.581618
~~~~~~~~~~~~~~~~~~~~~~~~~~~~~~~~~~~~~~~
hard-particle MC p_acc = 0.999625
Soft-core quenching p_acc = 0.196825
Final energy of stage 291  = 92.6843
Rad[0] = 0.0304252
rho_[291] = 0.58163
~~~~~~~~~~~~~~~~~~~~~~~~~~~~~~~~~~~~~~~
hard-particle MC p_acc = 0.997875
Soft-core quenching p_acc = 0.204775
Final energy of stage 292  = 92.6838
Rad[0] = 0.0304255
rho_[292] = 0.581641
~~~~~~~~~~~~~~~~~~~~~~~~~~~~~~~~~~~~~~~
hard-particle MC p_acc = 0.999
Soft-core quenching p_acc = 0.201875
Final energy of stage 293  = 92.6832
Rad[0] = 0.0304268
rho_[293] = 0.581691
~~~~~~~~~~~~~~~~~~~~~~~~~~~~~~~~~~~~~~~
hard-particle MC p_acc = 0.998275
Soft-core quenching p_acc = 0.1907
Final energy of stage 294  = 92.6827
Rad[0] = 0.0304278
rho_[294] = 0.581728
~~~~~~~~~~~~~~~~~~~~~~~~~~~~~~~~~~~~~~~
hard-particle MC p_acc = 0.998325
Soft-core quenching p_acc = 0.20175
Final energy of stage 295  = 92.6821
Rad[0] = 0.0304295
rho_[295] = 0.581794
~~~~~~~~~~~~~~~~~~~~~~~~~~~~~~~~~~~~~~~
hard-particle MC p_acc = 0.997675
Soft-core quenching p_acc = 0.1899
Final energy of stage 296  = 92.6816
Rad[0] = 0.0304336
rho_[296] = 0.58195
~~~~~~~~~~~~~~~~~~~~~~~~~~~~~~~~~~~~~~~
hard-particle MC p_acc = 0.997475
Soft-core quenching p_acc = 0.194825
Final energy of stage 297  = 92.6811
Rad[0] = 0.0304348
rho_[297] = 0.581999
~~~~~~~~~~~~~~~~~~~~~~~~~~~~~~~~~~~~~~~
hard-particle MC p_acc = 0.999225
Soft-core quenching p_acc = 0.198325
Final energy of stage 298  = 92.6806
Rad[0] = 0.0304371
rho_[298] = 0.582087
~~~~~~~~~~~~~~~~~~~~~~~~~~~~~~~~~~~~~~~
hard-particle MC p_acc = 0.997125
Soft-core quenching p_acc = 0.1997
Final energy of stage 299  = 92.68
Rad[0] = 0.0304373
rho_[299] = 0.582093
~~~~~~~~~~~~~~~~~~~~~~~~~~~~~~~~~~~~~~~
hard-particle MC p_acc = 0.99745
Soft-core quenching p_acc = 0.192325
Final energy of stage 300  = 92.6795
Rad[0] = 0.030439
rho_[300] = 0.582159
~~~~~~~~~~~~~~~~~~~~~~~~~~~~~~~~~~~~~~~
hard-particle MC p_acc = 0.9983
Soft-core quenching p_acc = 0.19595
Final energy of stage 301  = 92.679
Rad[0] = 0.0304394
rho_[301] = 0.582175
~~~~~~~~~~~~~~~~~~~~~~~~~~~~~~~~~~~~~~~
hard-particle MC p_acc = 0.997
Soft-core quenching p_acc = 0.1892
Final energy of stage 302  = 92.6785
Rad[0] = 0.0304395
rho_[302] = 0.582176
~~~~~~~~~~~~~~~~~~~~~~~~~~~~~~~~~~~~~~~
hard-particle MC p_acc = 0.998625
Soft-core quenching p_acc = 0.1981
Final energy of stage 303  = 92.6779
Rad[0] = 0.0304395
rho_[303] = 0.582178
~~~~~~~~~~~~~~~~~~~~~~~~~~~~~~~~~~~~~~~
hard-particle MC p_acc = 0.9966
Soft-core quenching p_acc = 0.197425
Final energy of stage 304  = 92.6774
Rad[0] = 0.0304403
rho_[304] = 0.582206
~~~~~~~~~~~~~~~~~~~~~~~~~~~~~~~~~~~~~~~
hard-particle MC p_acc = 0.99745
Soft-core quenching p_acc = 0.194825
Final energy of stage 305  = 92.6768
Rad[0] = 0.0304406
rho_[305] = 0.582218
~~~~~~~~~~~~~~~~~~~~~~~~~~~~~~~~~~~~~~~
hard-particle MC p_acc = 0.99835
Soft-core quenching p_acc = 0.185325
Final energy of stage 306  = 92.6763
Rad[0] = 0.0304429
rho_[306] = 0.582305
~~~~~~~~~~~~~~~~~~~~~~~~~~~~~~~~~~~~~~~
hard-particle MC p_acc = 0.9978
Soft-core quenching p_acc = 0.18955
Final energy of stage 307  = 92.6758
Rad[0] = 0.0304434
rho_[307] = 0.582326
~~~~~~~~~~~~~~~~~~~~~~~~~~~~~~~~~~~~~~~
hard-particle MC p_acc = 0.99825
Soft-core quenching p_acc = 0.179125
Final energy of stage 308  = 92.6754
Rad[0] = 0.0304438
rho_[308] = 0.582342
~~~~~~~~~~~~~~~~~~~~~~~~~~~~~~~~~~~~~~~
hard-particle MC p_acc = 0.998625
Soft-core quenching p_acc = 0.189175
Final energy of stage 309  = 92.6748
Rad[0] = 0.0304445
rho_[309] = 0.58237
~~~~~~~~~~~~~~~~~~~~~~~~~~~~~~~~~~~~~~~
hard-particle MC p_acc = 0.997925
rad[0] = 0.030445
packing density rho = 0.582385
Printing the final configuration now....
