Start packing
Number of distinct species, n_s = 
Number of growth stages, N_stage = 
Number of relax stages, N_relax = 
~~~~~~~~~~~~~~~~~~~~~~~~~~~~~~~~~~~~~~~~~~~~~
Number of cells for species 0, N_c[0] = 
~~~~~~~~~~~~~~~~~~~~~~~~~~~~~~~~~~~~~~~~~~~~~
Radius of cells for species 0, Rad[0] = 
~~~~~~~~~~~~~~~~~~~~~~~~~~~~~~~~~~~~~~~~~~~~~
Interaction range for species 0, Range[0] = 0.0282095
~~~~~~~~~~~~~~~~~~~~~~~~~~~~~~~~~~~~~~~~~~~~~
Growth rate [Rad -> (1+growth rate)*Rad], growth_rate = 
Trans_mod (in terms of boxlength), trans_mod =
Starting quench density, rho_start = 
Generate (0) or read (1) initial config, flag_config = 
Number of MC moves per particle at each stage, N_MC_particle = 
Length of grid cell, d0_cell = 
Generating initial configurations...
N_c[0] = 200
Reset interaction range for species 0, Range[0] = 0.132971
The total number of cells Ncell = 100
CellList(0,0) =  86 
CellList(1,0) =  74 
CellList(2,0) =  160  94  77  22 
CellList(3,0) =  147  120 
CellList(4,0) =  136  105  15 
CellList(5,0) =  75  61 
CellList(6,0) =  185  56  20 
CellList(7,0) =  127 
CellList(8,0) =  133  73 
CellList(9,0) =  148  104  25 
CellList(0,1) =  115 
CellList(1,1) =  174  167  0 
CellList(2,1) =  182  38 
CellList(3,1) =  102  98 
CellList(4,1) =  184  126  43 
CellList(5,1) =  123 
CellList(6,1) =  181  119 
CellList(7,1) =  144  63 
CellList(8,1) =  83  51 
CellList(9,1) =  62 
CellList(0,2) =  192  91 
CellList(1,2) =  139  109  81 
CellList(2,2) =  188  29 
CellList(3,2) =  8 
CellList(4,2) =  145  69 
CellList(5,2) =  168  44 
CellList(6,2) =  111  4 
CellList(7,2) =  60 
CellList(8,2) =  46  7 
CellList(9,2) =  189  112  14 
CellList(0,3) =  23 
CellList(1,3) =  183  40  1 
CellList(2,3) =  122  27 
CellList(3,3) =  134  65 
CellList(4,3) =  190  132  12 
CellList(5,3) =  161  138 
CellList(6,3) =  141  93 
CellList(7,3) =  129  42 
CellList(8,3) =  149  100  49 
CellList(9,3) =  194  175  110 
CellList(0,4) =  30  19 
CellList(1,4) =  170  33 
CellList(2,4) =  55  53 
CellList(3,4) =  140  39 
CellList(4,4) =  191  47 
CellList(5,4) =  171  131 
CellList(6,4) =  66 
CellList(7,4) =  193  70  52 
CellList(8,4) =  84 
CellList(9,4) =  195  82 
CellList(0,5) =  59 
CellList(1,5) =  101 
CellList(2,5) =  108 
CellList(3,5) =  199  165  64 
CellList(4,5) =  166  80 
CellList(5,5) =  172  71  2 
CellList(6,5) =  5 
CellList(7,5) =  198  34 
CellList(8,5) =  162  142  67 
CellList(9,5) =  125  58 
CellList(0,6) =  197  180  72 
CellList(1,6) =  152 
CellList(2,6) =  173  48  24 
CellList(3,6) =  32 
CellList(4,6) =  114 
CellList(5,6) =  121  76 
CellList(6,6) =  128 
CellList(7,6) =  163  113  17 
CellList(8,6) =  156 
CellList(9,6) =  159  154  57 
CellList(0,7) =  179  177  3 
CellList(1,7) =  164  37 
CellList(2,7) =  50 
CellList(3,7) =  178  157 
CellList(4,7) =  151  116  88  9 
CellList(5,7) =  45  6 
CellList(6,7) =  155  79 
CellList(7,7) =  118  107 
CellList(8,7) =  187  68  16 
CellList(9,7) =  28 
CellList(0,8) =  117  11 
CellList(1,8) =  130  97  31 
CellList(2,8) =  143  89 
CellList(3,8) =  124  90  35 
CellList(4,8) =  176  85 
CellList(5,8) =  153 
CellList(6,8) =  13 
CellList(7,8) =  95  41 
CellList(8,8) =  26  10 
CellList(9,8) =  106  96 
CellList(0,9) =  137  92 
CellList(1,9) =  196  36 
CellList(2,9) =  54 
CellList(3,9) =  169  78 
CellList(4,9) =  99  21 
CellList(5,9) =  103 
CellList(6,9) =  186  150 
CellList(7,9) =  158  18 
CellList(8,9) =  135 
CellList(9,9) =  146  87 
Initial energy of system E_init = 93.3682
hard-particle MC p_acc = 1
Rad[0] = 0.0265733
rho_[0] = 0.443681
~~~~~~~~~~~~~~~~~~~~~~~~~~~~~~~~~~~~~~~
hard-particle MC p_acc = 1
Rad[0] = 0.0276969
rho_[1] = 0.481994
~~~~~~~~~~~~~~~~~~~~~~~~~~~~~~~~~~~~~~~
hard-particle MC p_acc = 0.9998
Rad[0] = 0.0277628
rho_[2] = 0.484292
~~~~~~~~~~~~~~~~~~~~~~~~~~~~~~~~~~~~~~~
hard-particle MC p_acc = 0.99965
Rad[0] = 0.027851
rho_[3] = 0.487372
~~~~~~~~~~~~~~~~~~~~~~~~~~~~~~~~~~~~~~~
hard-particle MC p_acc = 0.99765
Rad[0] = 0.0279173
rho_[4] = 0.489696
~~~~~~~~~~~~~~~~~~~~~~~~~~~~~~~~~~~~~~~
hard-particle MC p_acc = 0.997325
Rad[0] = 0.0279331
rho_[5] = 0.49025
~~~~~~~~~~~~~~~~~~~~~~~~~~~~~~~~~~~~~~~
hard-particle MC p_acc = 0.997225
Rad[0] = 0.0279705
rho_[6] = 0.491564
~~~~~~~~~~~~~~~~~~~~~~~~~~~~~~~~~~~~~~~
hard-particle MC p_acc = 0.9985
Rad[0] = 0.0280204
rho_[7] = 0.493321
~~~~~~~~~~~~~~~~~~~~~~~~~~~~~~~~~~~~~~~
hard-particle MC p_acc = 0.9973
Rad[0] = 0.0280271
rho_[8] = 0.493556
~~~~~~~~~~~~~~~~~~~~~~~~~~~~~~~~~~~~~~~
hard-particle MC p_acc = 0.997625
Rad[0] = 0.028039
rho_[9] = 0.493975
~~~~~~~~~~~~~~~~~~~~~~~~~~~~~~~~~~~~~~~
hard-particle MC p_acc = 0.997975
Rad[0] = 0.0280765
rho_[10] = 0.495299
~~~~~~~~~~~~~~~~~~~~~~~~~~~~~~~~~~~~~~~
hard-particle MC p_acc = 0.997925
Rad[0] = 0.0280855
rho_[11] = 0.495614
~~~~~~~~~~~~~~~~~~~~~~~~~~~~~~~~~~~~~~~
hard-particle MC p_acc = 0.996575
Rad[0] = 0.0280922
rho_[12] = 0.49585
~~~~~~~~~~~~~~~~~~~~~~~~~~~~~~~~~~~~~~~
hard-particle MC p_acc = 0.996425
Rad[0] = 0.0281041
rho_[13] = 0.49627
~~~~~~~~~~~~~~~~~~~~~~~~~~~~~~~~~~~~~~~
hard-particle MC p_acc = 0.995125
Rad[0] = 0.028116
rho_[14] = 0.496691
~~~~~~~~~~~~~~~~~~~~~~~~~~~~~~~~~~~~~~~
hard-particle MC p_acc = 0.9968
Rad[0] = 0.0281319
rho_[15] = 0.497252
~~~~~~~~~~~~~~~~~~~~~~~~~~~~~~~~~~~~~~~
hard-particle MC p_acc = 0.997625
Rad[0] = 0.0281438
rho_[16] = 0.497674
~~~~~~~~~~~~~~~~~~~~~~~~~~~~~~~~~~~~~~~
hard-particle MC p_acc = 0.997175
Rad[0] = 0.0281466
rho_[17] = 0.497774
~~~~~~~~~~~~~~~~~~~~~~~~~~~~~~~~~~~~~~~
hard-particle MC p_acc = 0.99875
Rad[0] = 0.0281678
rho_[18] = 0.498524
~~~~~~~~~~~~~~~~~~~~~~~~~~~~~~~~~~~~~~~
hard-particle MC p_acc = 0.995725
Rad[0] = 0.0281837
rho_[19] = 0.499088
~~~~~~~~~~~~~~~~~~~~~~~~~~~~~~~~~~~~~~~
hard-particle MC p_acc = 0.9966
Rad[0] = 0.0281997
rho_[20] = 0.499652
~~~~~~~~~~~~~~~~~~~~~~~~~~~~~~~~~~~~~~~
hard-particle MC p_acc = 0.9968
Rad[0] = 0.0282047
rho_[21] = 0.499831
~~~~~~~~~~~~~~~~~~~~~~~~~~~~~~~~~~~~~~~
hard-particle MC p_acc = 0.9955
Rad[0] = 0.0282047
rho_[22] = 0.499832
~~~~~~~~~~~~~~~~~~~~~~~~~~~~~~~~~~~~~~~
hard-particle MC p_acc = 0.9972
Rad[0] = 0.0282167
rho_[23] = 0.500256
~~~~~~~~~~~~~~~~~~~~~~~~~~~~~~~~~~~~~~~
hard-particle MC p_acc = 0.998275
Rad[0] = 0.0282545
rho_[24] = 0.501597
~~~~~~~~~~~~~~~~~~~~~~~~~~~~~~~~~~~~~~~
hard-particle MC p_acc = 0.99645
Rad[0] = 0.0282758
rho_[25] = 0.502353
~~~~~~~~~~~~~~~~~~~~~~~~~~~~~~~~~~~~~~~
hard-particle MC p_acc = 0.9969
Rad[0] = 0.0282786
rho_[26] = 0.502454
~~~~~~~~~~~~~~~~~~~~~~~~~~~~~~~~~~~~~~~
hard-particle MC p_acc = 0.9985
Rad[0] = 0.0282876
rho_[27] = 0.502773
~~~~~~~~~~~~~~~~~~~~~~~~~~~~~~~~~~~~~~~
hard-particle MC p_acc = 0.99675
Rad[0] = 0.028316
rho_[28] = 0.503784
~~~~~~~~~~~~~~~~~~~~~~~~~~~~~~~~~~~~~~~
hard-particle MC p_acc = 0.995825
Rad[0] = 0.028332
rho_[29] = 0.504354
~~~~~~~~~~~~~~~~~~~~~~~~~~~~~~~~~~~~~~~
hard-particle MC p_acc = 0.99615
Rad[0] = 0.028348
rho_[30] = 0.504924
~~~~~~~~~~~~~~~~~~~~~~~~~~~~~~~~~~~~~~~
hard-particle MC p_acc = 0.995875
Rad[0] = 0.0283481
rho_[31] = 0.504927
~~~~~~~~~~~~~~~~~~~~~~~~~~~~~~~~~~~~~~~
hard-particle MC p_acc = 0.99625
Rad[0] = 0.0283695
rho_[32] = 0.505688
~~~~~~~~~~~~~~~~~~~~~~~~~~~~~~~~~~~~~~~
hard-particle MC p_acc = 0.99735
Rad[0] = 0.0283723
rho_[33] = 0.50579
~~~~~~~~~~~~~~~~~~~~~~~~~~~~~~~~~~~~~~~
hard-particle MC p_acc = 0.995775
Rad[0] = 0.0284103
rho_[34] = 0.507145
~~~~~~~~~~~~~~~~~~~~~~~~~~~~~~~~~~~~~~~
hard-particle MC p_acc = 0.996125
Rad[0] = 0.0284194
rho_[35] = 0.507468
~~~~~~~~~~~~~~~~~~~~~~~~~~~~~~~~~~~~~~~
hard-particle MC p_acc = 0.99685
Rad[0] = 0.0284354
rho_[36] = 0.508042
~~~~~~~~~~~~~~~~~~~~~~~~~~~~~~~~~~~~~~~
hard-particle MC p_acc = 0.99795
Rad[0] = 0.0284475
rho_[37] = 0.508472
~~~~~~~~~~~~~~~~~~~~~~~~~~~~~~~~~~~~~~~
hard-particle MC p_acc = 0.995875
Rad[0] = 0.0284856
rho_[38] = 0.509835
~~~~~~~~~~~~~~~~~~~~~~~~~~~~~~~~~~~~~~~
hard-particle MC p_acc = 0.996625
Rad[0] = 0.0284946
rho_[39] = 0.510159
~~~~~~~~~~~~~~~~~~~~~~~~~~~~~~~~~~~~~~~
hard-particle MC p_acc = 0.997
Rad[0] = 0.0285233
rho_[40] = 0.511185
~~~~~~~~~~~~~~~~~~~~~~~~~~~~~~~~~~~~~~~
hard-particle MC p_acc = 0.9974
Rad[0] = 0.0285615
rho_[41] = 0.512555
~~~~~~~~~~~~~~~~~~~~~~~~~~~~~~~~~~~~~~~
hard-particle MC p_acc = 0.997
Rad[0] = 0.0285736
rho_[42] = 0.51299
~~~~~~~~~~~~~~~~~~~~~~~~~~~~~~~~~~~~~~~
hard-particle MC p_acc = 0.997175
Rad[0] = 0.0285857
rho_[43] = 0.513424
~~~~~~~~~~~~~~~~~~~~~~~~~~~~~~~~~~~~~~~
hard-particle MC p_acc = 0.9973
Rad[0] = 0.0285978
rho_[44] = 0.51386
~~~~~~~~~~~~~~~~~~~~~~~~~~~~~~~~~~~~~~~
hard-particle MC p_acc = 0.9962
Rad[0] = 0.0286489
rho_[45] = 0.515697
~~~~~~~~~~~~~~~~~~~~~~~~~~~~~~~~~~~~~~~
hard-particle MC p_acc = 0.996925
Rad[0] = 0.0286704
rho_[46] = 0.516474
~~~~~~~~~~~~~~~~~~~~~~~~~~~~~~~~~~~~~~~
hard-particle MC p_acc = 0.996525
Rad[0] = 0.0287088
rho_[47] = 0.517858
~~~~~~~~~~~~~~~~~~~~~~~~~~~~~~~~~~~~~~~
hard-particle MC p_acc = 0.994025
Rad[0] = 0.0287157
rho_[48] = 0.518105
~~~~~~~~~~~~~~~~~~~~~~~~~~~~~~~~~~~~~~~
hard-particle MC p_acc = 0.9933
Rad[0] = 0.0287319
rho_[49] = 0.518691
~~~~~~~~~~~~~~~~~~~~~~~~~~~~~~~~~~~~~~~
hard-particle MC p_acc = 0.996575
Rad[0] = 0.028737
rho_[50] = 0.518877
~~~~~~~~~~~~~~~~~~~~~~~~~~~~~~~~~~~~~~~
hard-particle MC p_acc = 0.99755
Rad[0] = 0.0287533
rho_[51] = 0.519463
~~~~~~~~~~~~~~~~~~~~~~~~~~~~~~~~~~~~~~~
hard-particle MC p_acc = 0.99575
Rad[0] = 0.0287601
rho_[52] = 0.519711
~~~~~~~~~~~~~~~~~~~~~~~~~~~~~~~~~~~~~~~
hard-particle MC p_acc = 0.99755
Rad[0] = 0.0287602
rho_[53] = 0.519713
~~~~~~~~~~~~~~~~~~~~~~~~~~~~~~~~~~~~~~~
hard-particle MC p_acc = 0.996875
Rad[0] = 0.0287891
rho_[54] = 0.520757
~~~~~~~~~~~~~~~~~~~~~~~~~~~~~~~~~~~~~~~
hard-particle MC p_acc = 0.997875
Rad[0] = 0.0287982
rho_[55] = 0.521088
~~~~~~~~~~~~~~~~~~~~~~~~~~~~~~~~~~~~~~~
hard-particle MC p_acc = 0.997125
Rad[0] = 0.0288199
rho_[56] = 0.521874
~~~~~~~~~~~~~~~~~~~~~~~~~~~~~~~~~~~~~~~
hard-particle MC p_acc = 0.996775
Rad[0] = 0.0288362
rho_[57] = 0.522464
~~~~~~~~~~~~~~~~~~~~~~~~~~~~~~~~~~~~~~~
hard-particle MC p_acc = 0.995125
Rad[0] = 0.0288401
rho_[58] = 0.522604
~~~~~~~~~~~~~~~~~~~~~~~~~~~~~~~~~~~~~~~
hard-particle MC p_acc = 0.9966
Rad[0] = 0.0288452
rho_[59] = 0.522791
~~~~~~~~~~~~~~~~~~~~~~~~~~~~~~~~~~~~~~~
hard-particle MC p_acc = 0.998725
Rad[0] = 0.0288491
rho_[60] = 0.522931
~~~~~~~~~~~~~~~~~~~~~~~~~~~~~~~~~~~~~~~
hard-particle MC p_acc = 0.996525
Rad[0] = 0.0288513
rho_[61] = 0.52301
~~~~~~~~~~~~~~~~~~~~~~~~~~~~~~~~~~~~~~~
hard-particle MC p_acc = 0.99325
Rad[0] = 0.0288635
rho_[62] = 0.523453
~~~~~~~~~~~~~~~~~~~~~~~~~~~~~~~~~~~~~~~
hard-particle MC p_acc = 0.9955
Rad[0] = 0.0288674
rho_[63] = 0.523594
~~~~~~~~~~~~~~~~~~~~~~~~~~~~~~~~~~~~~~~
hard-particle MC p_acc = 0.993225
Rad[0] = 0.0288765
rho_[64] = 0.523926
~~~~~~~~~~~~~~~~~~~~~~~~~~~~~~~~~~~~~~~
hard-particle MC p_acc = 0.99555
Rad[0] = 0.0288857
rho_[65] = 0.52426
~~~~~~~~~~~~~~~~~~~~~~~~~~~~~~~~~~~~~~~
hard-particle MC p_acc = 0.994875
Rad[0] = 0.0289075
rho_[66] = 0.52505
~~~~~~~~~~~~~~~~~~~~~~~~~~~~~~~~~~~~~~~
hard-particle MC p_acc = 0.994525
Rad[0] = 0.0289097
rho_[67] = 0.525129
~~~~~~~~~~~~~~~~~~~~~~~~~~~~~~~~~~~~~~~
hard-particle MC p_acc = 0.9943
Rad[0] = 0.0289126
rho_[68] = 0.525235
~~~~~~~~~~~~~~~~~~~~~~~~~~~~~~~~~~~~~~~
hard-particle MC p_acc = 0.994675
Rad[0] = 0.0289165
rho_[69] = 0.525376
~~~~~~~~~~~~~~~~~~~~~~~~~~~~~~~~~~~~~~~
hard-particle MC p_acc = 0.996
Rad[0] = 0.0289216
rho_[70] = 0.525563
~~~~~~~~~~~~~~~~~~~~~~~~~~~~~~~~~~~~~~~
hard-particle MC p_acc = 0.9957
Rad[0] = 0.0289308
rho_[71] = 0.525898
~~~~~~~~~~~~~~~~~~~~~~~~~~~~~~~~~~~~~~~
hard-particle MC p_acc = 0.99585
Rad[0] = 0.028932
rho_[72] = 0.525942
~~~~~~~~~~~~~~~~~~~~~~~~~~~~~~~~~~~~~~~
hard-particle MC p_acc = 0.996175
Rad[0] = 0.0289333
rho_[73] = 0.525987
~~~~~~~~~~~~~~~~~~~~~~~~~~~~~~~~~~~~~~~
hard-particle MC p_acc = 0.997125
Rad[0] = 0.0289349
rho_[74] = 0.526046
~~~~~~~~~~~~~~~~~~~~~~~~~~~~~~~~~~~~~~~
hard-particle MC p_acc = 0.9948
Rad[0] = 0.0289737
rho_[75] = 0.527456
~~~~~~~~~~~~~~~~~~~~~~~~~~~~~~~~~~~~~~~
hard-particle MC p_acc = 0.995125
Rad[0] = 0.0290028
rho_[76] = 0.528517
~~~~~~~~~~~~~~~~~~~~~~~~~~~~~~~~~~~~~~~
hard-particle MC p_acc = 0.993125
Rad[0] = 0.0290246
rho_[77] = 0.529313
~~~~~~~~~~~~~~~~~~~~~~~~~~~~~~~~~~~~~~~
hard-particle MC p_acc = 0.99435
Rad[0] = 0.0290253
rho_[78] = 0.529339
~~~~~~~~~~~~~~~~~~~~~~~~~~~~~~~~~~~~~~~
hard-particle MC p_acc = 0.99585
Rad[0] = 0.0290282
rho_[79] = 0.529445
~~~~~~~~~~~~~~~~~~~~~~~~~~~~~~~~~~~~~~~
hard-particle MC p_acc = 0.99565
Rad[0] = 0.0290405
rho_[80] = 0.529894
~~~~~~~~~~~~~~~~~~~~~~~~~~~~~~~~~~~~~~~
hard-particle MC p_acc = 0.995175
Rad[0] = 0.0290697
rho_[81] = 0.530959
~~~~~~~~~~~~~~~~~~~~~~~~~~~~~~~~~~~~~~~
hard-particle MC p_acc = 0.994475
Rad[0] = 0.0290736
rho_[82] = 0.531101
~~~~~~~~~~~~~~~~~~~~~~~~~~~~~~~~~~~~~~~
hard-particle MC p_acc = 0.99205
Rad[0] = 0.0290955
rho_[83] = 0.531902
~~~~~~~~~~~~~~~~~~~~~~~~~~~~~~~~~~~~~~~
hard-particle MC p_acc = 0.994975
Rad[0] = 0.0290959
rho_[84] = 0.531916
~~~~~~~~~~~~~~~~~~~~~~~~~~~~~~~~~~~~~~~
hard-particle MC p_acc = 0.9954
Rad[0] = 0.0291479
rho_[85] = 0.533818
~~~~~~~~~~~~~~~~~~~~~~~~~~~~~~~~~~~~~~~
hard-particle MC p_acc = 0.995675
Rad[0] = 0.0291571
rho_[86] = 0.534157
~~~~~~~~~~~~~~~~~~~~~~~~~~~~~~~~~~~~~~~
hard-particle MC p_acc = 0.99205
Rad[0] = 0.0291791
rho_[87] = 0.534962
~~~~~~~~~~~~~~~~~~~~~~~~~~~~~~~~~~~~~~~
hard-particle MC p_acc = 0.9914
Rad[0] = 0.0291914
rho_[88] = 0.535416
~~~~~~~~~~~~~~~~~~~~~~~~~~~~~~~~~~~~~~~
hard-particle MC p_acc = 0.99375
Rad[0] = 0.0291937
rho_[89] = 0.535497
~~~~~~~~~~~~~~~~~~~~~~~~~~~~~~~~~~~~~~~
hard-particle MC p_acc = 0.993325
Rad[0] = 0.0291938
rho_[90] = 0.535503
~~~~~~~~~~~~~~~~~~~~~~~~~~~~~~~~~~~~~~~
hard-particle MC p_acc = 0.9904
Rad[0] = 0.0291951
rho_[91] = 0.535548
~~~~~~~~~~~~~~~~~~~~~~~~~~~~~~~~~~~~~~~
hard-particle MC p_acc = 0.9946
Rad[0] = 0.0291967
rho_[92] = 0.535609
~~~~~~~~~~~~~~~~~~~~~~~~~~~~~~~~~~~~~~~
hard-particle MC p_acc = 0.993175
Rad[0] = 0.029206
rho_[93] = 0.535949
~~~~~~~~~~~~~~~~~~~~~~~~~~~~~~~~~~~~~~~
hard-particle MC p_acc = 0.994075
Rad[0] = 0.0292076
rho_[94] = 0.53601
~~~~~~~~~~~~~~~~~~~~~~~~~~~~~~~~~~~~~~~
hard-particle MC p_acc = 0.996575
Rad[0] = 0.0292241
rho_[95] = 0.536616
~~~~~~~~~~~~~~~~~~~~~~~~~~~~~~~~~~~~~~~
hard-particle MC p_acc = 0.99375
Rad[0] = 0.0292281
rho_[96] = 0.53676
~~~~~~~~~~~~~~~~~~~~~~~~~~~~~~~~~~~~~~~
hard-particle MC p_acc = 0.9923
Rad[0] = 0.0292297
rho_[97] = 0.53682
~~~~~~~~~~~~~~~~~~~~~~~~~~~~~~~~~~~~~~~
hard-particle MC p_acc = 0.993
Rad[0] = 0.0292367
rho_[98] = 0.537076
~~~~~~~~~~~~~~~~~~~~~~~~~~~~~~~~~~~~~~~
hard-particle MC p_acc = 0.993375
Rad[0] = 0.0292532
rho_[99] = 0.537683
~~~~~~~~~~~~~~~~~~~~~~~~~~~~~~~~~~~~~~~
hard-particle MC p_acc = 0.99325
Rad[0] = 0.0292602
rho_[100] = 0.53794
~~~~~~~~~~~~~~~~~~~~~~~~~~~~~~~~~~~~~~~
hard-particle MC p_acc = 0.993925
Rad[0] = 0.0292726
rho_[101] = 0.538396
~~~~~~~~~~~~~~~~~~~~~~~~~~~~~~~~~~~~~~~
hard-particle MC p_acc = 0.994925
Rad[0] = 0.0292731
rho_[102] = 0.538415
~~~~~~~~~~~~~~~~~~~~~~~~~~~~~~~~~~~~~~~
hard-particle MC p_acc = 0.994925
Rad[0] = 0.0292824
rho_[103] = 0.538757
~~~~~~~~~~~~~~~~~~~~~~~~~~~~~~~~~~~~~~~
hard-particle MC p_acc = 0.99525
Rad[0] = 0.0292841
rho_[104] = 0.538818
~~~~~~~~~~~~~~~~~~~~~~~~~~~~~~~~~~~~~~~
hard-particle MC p_acc = 0.99285
Rad[0] = 0.0292965
rho_[105] = 0.539275
~~~~~~~~~~~~~~~~~~~~~~~~~~~~~~~~~~~~~~~
hard-particle MC p_acc = 0.99385
Rad[0] = 0.0293004
rho_[106] = 0.53942
~~~~~~~~~~~~~~~~~~~~~~~~~~~~~~~~~~~~~~~
hard-particle MC p_acc = 0.99135
Rad[0] = 0.0293043
rho_[107] = 0.539564
~~~~~~~~~~~~~~~~~~~~~~~~~~~~~~~~~~~~~~~
hard-particle MC p_acc = 0.9939
Rad[0] = 0.0293113
rho_[108] = 0.539822
~~~~~~~~~~~~~~~~~~~~~~~~~~~~~~~~~~~~~~~
hard-particle MC p_acc = 0.992575
Rad[0] = 0.0293279
rho_[109] = 0.540432
~~~~~~~~~~~~~~~~~~~~~~~~~~~~~~~~~~~~~~~
hard-particle MC p_acc = 0.9942
Rad[0] = 0.0293349
rho_[110] = 0.54069
~~~~~~~~~~~~~~~~~~~~~~~~~~~~~~~~~~~~~~~
hard-particle MC p_acc = 0.9946
Rad[0] = 0.0293378
rho_[111] = 0.540798
~~~~~~~~~~~~~~~~~~~~~~~~~~~~~~~~~~~~~~~
hard-particle MC p_acc = 0.992575
Rad[0] = 0.0293395
rho_[112] = 0.54086
~~~~~~~~~~~~~~~~~~~~~~~~~~~~~~~~~~~~~~~
hard-particle MC p_acc = 0.99345
Rad[0] = 0.0293561
rho_[113] = 0.541471
~~~~~~~~~~~~~~~~~~~~~~~~~~~~~~~~~~~~~~~
hard-particle MC p_acc = 0.993075
Rad[0] = 0.0293782
rho_[114] = 0.542287
~~~~~~~~~~~~~~~~~~~~~~~~~~~~~~~~~~~~~~~
hard-particle MC p_acc = 0.995425
Rad[0] = 0.0293948
rho_[115] = 0.5429
~~~~~~~~~~~~~~~~~~~~~~~~~~~~~~~~~~~~~~~
hard-particle MC p_acc = 0.995075
Rad[0] = 0.0294072
rho_[116] = 0.54336
~~~~~~~~~~~~~~~~~~~~~~~~~~~~~~~~~~~~~~~
hard-particle MC p_acc = 0.991775
Rad[0] = 0.0294238
rho_[117] = 0.543975
~~~~~~~~~~~~~~~~~~~~~~~~~~~~~~~~~~~~~~~
hard-particle MC p_acc = 0.990325
Rad[0] = 0.0294405
rho_[118] = 0.54459
~~~~~~~~~~~~~~~~~~~~~~~~~~~~~~~~~~~~~~~
hard-particle MC p_acc = 0.99285
Rad[0] = 0.0294444
rho_[119] = 0.544736
~~~~~~~~~~~~~~~~~~~~~~~~~~~~~~~~~~~~~~~
hard-particle MC p_acc = 0.992725
Rad[0] = 0.0294538
rho_[120] = 0.545082
~~~~~~~~~~~~~~~~~~~~~~~~~~~~~~~~~~~~~~~
hard-particle MC p_acc = 0.992125
Rad[0] = 0.0294663
rho_[121] = 0.545544
~~~~~~~~~~~~~~~~~~~~~~~~~~~~~~~~~~~~~~~
hard-particle MC p_acc = 0.995225
Rad[0] = 0.0294685
rho_[122] = 0.545626
~~~~~~~~~~~~~~~~~~~~~~~~~~~~~~~~~~~~~~~
hard-particle MC p_acc = 0.996675
Rad[0] = 0.029481
rho_[123] = 0.546089
~~~~~~~~~~~~~~~~~~~~~~~~~~~~~~~~~~~~~~~
hard-particle MC p_acc = 0.993475
Rad[0] = 0.0294862
rho_[124] = 0.546284
~~~~~~~~~~~~~~~~~~~~~~~~~~~~~~~~~~~~~~~
hard-particle MC p_acc = 0.993475
Rad[0] = 0.0294987
rho_[125] = 0.546747
~~~~~~~~~~~~~~~~~~~~~~~~~~~~~~~~~~~~~~~
hard-particle MC p_acc = 0.993325
Rad[0] = 0.0295154
rho_[126] = 0.547365
~~~~~~~~~~~~~~~~~~~~~~~~~~~~~~~~~~~~~~~
hard-particle MC p_acc = 0.9931
Rad[0] = 0.0295451
rho_[127] = 0.548466
~~~~~~~~~~~~~~~~~~~~~~~~~~~~~~~~~~~~~~~
hard-particle MC p_acc = 0.993575
Rad[0] = 0.0295673
rho_[128] = 0.549292
~~~~~~~~~~~~~~~~~~~~~~~~~~~~~~~~~~~~~~~
hard-particle MC p_acc = 0.992425
Rad[0] = 0.0295744
rho_[129] = 0.549554
~~~~~~~~~~~~~~~~~~~~~~~~~~~~~~~~~~~~~~~
hard-particle MC p_acc = 0.994625
Rad[0] = 0.0295838
rho_[130] = 0.549904
~~~~~~~~~~~~~~~~~~~~~~~~~~~~~~~~~~~~~~~
hard-particle MC p_acc = 0.994025
Rad[0] = 0.029585
rho_[131] = 0.54995
~~~~~~~~~~~~~~~~~~~~~~~~~~~~~~~~~~~~~~~
hard-particle MC p_acc = 0.9936
Rad[0] = 0.0295903
rho_[132] = 0.550147
~~~~~~~~~~~~~~~~~~~~~~~~~~~~~~~~~~~~~~~
hard-particle MC p_acc = 0.99535
Rad[0] = 0.0295974
rho_[133] = 0.550409
~~~~~~~~~~~~~~~~~~~~~~~~~~~~~~~~~~~~~~~
hard-particle MC p_acc = 0.9937
Rad[0] = 0.0295979
rho_[134] = 0.550429
~~~~~~~~~~~~~~~~~~~~~~~~~~~~~~~~~~~~~~~
hard-particle MC p_acc = 0.9937
Rad[0] = 0.0296202
rho_[135] = 0.551259
~~~~~~~~~~~~~~~~~~~~~~~~~~~~~~~~~~~~~~~
hard-particle MC p_acc = 0.99225
Rad[0] = 0.0296327
rho_[136] = 0.551726
~~~~~~~~~~~~~~~~~~~~~~~~~~~~~~~~~~~~~~~
hard-particle MC p_acc = 0.99295
Rad[0] = 0.0296333
rho_[137] = 0.551746
~~~~~~~~~~~~~~~~~~~~~~~~~~~~~~~~~~~~~~~
hard-particle MC p_acc = 0.99435
Rad[0] = 0.0296362
rho_[138] = 0.551857
~~~~~~~~~~~~~~~~~~~~~~~~~~~~~~~~~~~~~~~
hard-particle MC p_acc = 0.9933
Rad[0] = 0.0296402
rho_[139] = 0.552005
~~~~~~~~~~~~~~~~~~~~~~~~~~~~~~~~~~~~~~~
hard-particle MC p_acc = 0.9941
Rad[0] = 0.0296496
rho_[140] = 0.552356
~~~~~~~~~~~~~~~~~~~~~~~~~~~~~~~~~~~~~~~
hard-particle MC p_acc = 0.993125
Rad[0] = 0.029672
rho_[141] = 0.553188
~~~~~~~~~~~~~~~~~~~~~~~~~~~~~~~~~~~~~~~
hard-particle MC p_acc = 0.99565
Rad[0] = 0.029676
rho_[142] = 0.553337
~~~~~~~~~~~~~~~~~~~~~~~~~~~~~~~~~~~~~~~
hard-particle MC p_acc = 0.996175
Rad[0] = 0.029683
rho_[143] = 0.5536
~~~~~~~~~~~~~~~~~~~~~~~~~~~~~~~~~~~~~~~
hard-particle MC p_acc = 0.997275
Rad[0] = 0.0296883
rho_[144] = 0.553798
~~~~~~~~~~~~~~~~~~~~~~~~~~~~~~~~~~~~~~~
hard-particle MC p_acc = 0.997525
Rad[0] = 0.02969
rho_[145] = 0.553861
~~~~~~~~~~~~~~~~~~~~~~~~~~~~~~~~~~~~~~~
hard-particle MC p_acc = 0.99655
Rad[0] = 0.0297026
rho_[146] = 0.554331
~~~~~~~~~~~~~~~~~~~~~~~~~~~~~~~~~~~~~~~
hard-particle MC p_acc = 0.995475
Rad[0] = 0.0297097
rho_[147] = 0.554595
~~~~~~~~~~~~~~~~~~~~~~~~~~~~~~~~~~~~~~~
hard-particle MC p_acc = 0.99245
Rad[0] = 0.0297191
rho_[148] = 0.554947
~~~~~~~~~~~~~~~~~~~~~~~~~~~~~~~~~~~~~~~
hard-particle MC p_acc = 0.9956
Rad[0] = 0.0297317
rho_[149] = 0.555418
~~~~~~~~~~~~~~~~~~~~~~~~~~~~~~~~~~~~~~~
hard-particle MC p_acc = 0.992325
Rad[0] = 0.0297443
rho_[150] = 0.555889
~~~~~~~~~~~~~~~~~~~~~~~~~~~~~~~~~~~~~~~
hard-particle MC p_acc = 0.992
Rad[0] = 0.0297466
rho_[151] = 0.555973
~~~~~~~~~~~~~~~~~~~~~~~~~~~~~~~~~~~~~~~
hard-particle MC p_acc = 0.99515
Rad[0] = 0.029756
rho_[152] = 0.556326
~~~~~~~~~~~~~~~~~~~~~~~~~~~~~~~~~~~~~~~
hard-particle MC p_acc = 0.993925
Rad[0] = 0.0297686
rho_[153] = 0.556798
~~~~~~~~~~~~~~~~~~~~~~~~~~~~~~~~~~~~~~~
hard-particle MC p_acc = 0.994775
Rad[0] = 0.0297781
rho_[154] = 0.557152
~~~~~~~~~~~~~~~~~~~~~~~~~~~~~~~~~~~~~~~
hard-particle MC p_acc = 0.994175
Rad[0] = 0.0297907
rho_[155] = 0.557624
~~~~~~~~~~~~~~~~~~~~~~~~~~~~~~~~~~~~~~~
hard-particle MC p_acc = 0.995125
Rad[0] = 0.0297947
rho_[156] = 0.557774
~~~~~~~~~~~~~~~~~~~~~~~~~~~~~~~~~~~~~~~
hard-particle MC p_acc = 0.994025
Rad[0] = 0.0298073
rho_[157] = 0.558246
~~~~~~~~~~~~~~~~~~~~~~~~~~~~~~~~~~~~~~~
hard-particle MC p_acc = 0.993925
Rad[0] = 0.0298168
rho_[158] = 0.558601
~~~~~~~~~~~~~~~~~~~~~~~~~~~~~~~~~~~~~~~
hard-particle MC p_acc = 0.99385
Rad[0] = 0.0298294
rho_[159] = 0.559075
~~~~~~~~~~~~~~~~~~~~~~~~~~~~~~~~~~~~~~~
hard-particle MC p_acc = 0.9929
Rad[0] = 0.0298302
rho_[160] = 0.559102
~~~~~~~~~~~~~~~~~~~~~~~~~~~~~~~~~~~~~~~
hard-particle MC p_acc = 0.99515
Rad[0] = 0.0298428
rho_[161] = 0.559576
~~~~~~~~~~~~~~~~~~~~~~~~~~~~~~~~~~~~~~~
hard-particle MC p_acc = 0.995925
Rad[0] = 0.0298445
rho_[162] = 0.559639
~~~~~~~~~~~~~~~~~~~~~~~~~~~~~~~~~~~~~~~
hard-particle MC p_acc = 0.993325
Rad[0] = 0.029854
rho_[163] = 0.559995
~~~~~~~~~~~~~~~~~~~~~~~~~~~~~~~~~~~~~~~
hard-particle MC p_acc = 0.99055
Rad[0] = 0.029894
rho_[164] = 0.561496
~~~~~~~~~~~~~~~~~~~~~~~~~~~~~~~~~~~~~~~
hard-particle MC p_acc = 0.993125
Rad[0] = 0.0298993
rho_[165] = 0.561697
~~~~~~~~~~~~~~~~~~~~~~~~~~~~~~~~~~~~~~~
hard-particle MC p_acc = 0.991325
Rad[0] = 0.0299046
rho_[166] = 0.561897
~~~~~~~~~~~~~~~~~~~~~~~~~~~~~~~~~~~~~~~
hard-particle MC p_acc = 0.9938
Rad[0] = 0.0299118
rho_[167] = 0.562165
~~~~~~~~~~~~~~~~~~~~~~~~~~~~~~~~~~~~~~~
hard-particle MC p_acc = 0.993975
Rad[0] = 0.0299244
rho_[168] = 0.562642
~~~~~~~~~~~~~~~~~~~~~~~~~~~~~~~~~~~~~~~
hard-particle MC p_acc = 0.991725
Rad[0] = 0.0299298
rho_[169] = 0.562843
~~~~~~~~~~~~~~~~~~~~~~~~~~~~~~~~~~~~~~~
hard-particle MC p_acc = 0.990325
Rad[0] = 0.0299311
rho_[170] = 0.562891
~~~~~~~~~~~~~~~~~~~~~~~~~~~~~~~~~~~~~~~
hard-particle MC p_acc = 0.994475
Rad[0] = 0.0299323
rho_[171] = 0.562939
~~~~~~~~~~~~~~~~~~~~~~~~~~~~~~~~~~~~~~~
hard-particle MC p_acc = 0.992375
Rad[0] = 0.0299492
rho_[172] = 0.563575
~~~~~~~~~~~~~~~~~~~~~~~~~~~~~~~~~~~~~~~
hard-particle MC p_acc = 0.993375
Rad[0] = 0.0299588
rho_[173] = 0.563933
~~~~~~~~~~~~~~~~~~~~~~~~~~~~~~~~~~~~~~~
hard-particle MC p_acc = 0.9957
Rad[0] = 0.0299683
rho_[174] = 0.564292
~~~~~~~~~~~~~~~~~~~~~~~~~~~~~~~~~~~~~~~
hard-particle MC p_acc = 0.99575
Rad[0] = 0.029981
rho_[175] = 0.56477
~~~~~~~~~~~~~~~~~~~~~~~~~~~~~~~~~~~~~~~
hard-particle MC p_acc = 0.993175
Rad[0] = 0.0299827
rho_[176] = 0.564834
~~~~~~~~~~~~~~~~~~~~~~~~~~~~~~~~~~~~~~~
hard-particle MC p_acc = 0.995725
Rad[0] = 0.029988
rho_[177] = 0.565036
~~~~~~~~~~~~~~~~~~~~~~~~~~~~~~~~~~~~~~~
hard-particle MC p_acc = 0.99515
Rad[0] = 0.0299976
rho_[178] = 0.565395
~~~~~~~~~~~~~~~~~~~~~~~~~~~~~~~~~~~~~~~
hard-particle MC p_acc = 0.99345
Rad[0] = 0.0300145
rho_[179] = 0.566035
~~~~~~~~~~~~~~~~~~~~~~~~~~~~~~~~~~~~~~~
hard-particle MC p_acc = 0.99785
Rad[0] = 0.0300315
rho_[180] = 0.566674
~~~~~~~~~~~~~~~~~~~~~~~~~~~~~~~~~~~~~~~
hard-particle MC p_acc = 0.9964
Rad[0] = 0.0300442
rho_[181] = 0.567155
~~~~~~~~~~~~~~~~~~~~~~~~~~~~~~~~~~~~~~~
hard-particle MC p_acc = 0.998125
Rad[0] = 0.0300668
rho_[182] = 0.56801
~~~~~~~~~~~~~~~~~~~~~~~~~~~~~~~~~~~~~~~
hard-particle MC p_acc = 0.99595
Rad[0] = 0.0300838
rho_[183] = 0.568652
~~~~~~~~~~~~~~~~~~~~~~~~~~~~~~~~~~~~~~~
hard-particle MC p_acc = 0.994375
Rad[0] = 0.0300855
rho_[184] = 0.568716
~~~~~~~~~~~~~~~~~~~~~~~~~~~~~~~~~~~~~~~
hard-particle MC p_acc = 0.993425
Rad[0] = 0.0300865
rho_[185] = 0.568752
~~~~~~~~~~~~~~~~~~~~~~~~~~~~~~~~~~~~~~~
hard-particle MC p_acc = 0.995225
Rad[0] = 0.0300905
rho_[186] = 0.568905
~~~~~~~~~~~~~~~~~~~~~~~~~~~~~~~~~~~~~~~
hard-particle MC p_acc = 0.99375
Rad[0] = 0.0300959
rho_[187] = 0.569108
~~~~~~~~~~~~~~~~~~~~~~~~~~~~~~~~~~~~~~~
hard-particle MC p_acc = 0.994675
Rad[0] = 0.0300989
rho_[188] = 0.569223
~~~~~~~~~~~~~~~~~~~~~~~~~~~~~~~~~~~~~~~
hard-particle MC p_acc = 0.994375
Rad[0] = 0.0301159
rho_[189] = 0.569866
~~~~~~~~~~~~~~~~~~~~~~~~~~~~~~~~~~~~~~~
hard-particle MC p_acc = 0.994575
Rad[0] = 0.0301182
rho_[190] = 0.569952
~~~~~~~~~~~~~~~~~~~~~~~~~~~~~~~~~~~~~~~
hard-particle MC p_acc = 0.99585
Rad[0] = 0.0301186
rho_[191] = 0.569967
~~~~~~~~~~~~~~~~~~~~~~~~~~~~~~~~~~~~~~~
hard-particle MC p_acc = 0.9945
Rad[0] = 0.0301356
rho_[192] = 0.570612
~~~~~~~~~~~~~~~~~~~~~~~~~~~~~~~~~~~~~~~
hard-particle MC p_acc = 0.991825
Rad[0] = 0.030141
rho_[193] = 0.570816
~~~~~~~~~~~~~~~~~~~~~~~~~~~~~~~~~~~~~~~
hard-particle MC p_acc = 0.9889
Rad[0] = 0.0301464
rho_[194] = 0.57102
~~~~~~~~~~~~~~~~~~~~~~~~~~~~~~~~~~~~~~~
hard-particle MC p_acc = 0.990175
Rad[0] = 0.0301505
rho_[195] = 0.571173
~~~~~~~~~~~~~~~~~~~~~~~~~~~~~~~~~~~~~~~
hard-particle MC p_acc = 0.991975
Rad[0] = 0.0301545
rho_[196] = 0.571326
~~~~~~~~~~~~~~~~~~~~~~~~~~~~~~~~~~~~~~~
hard-particle MC p_acc = 0.99145
Rad[0] = 0.0301555
rho_[197] = 0.571363
~~~~~~~~~~~~~~~~~~~~~~~~~~~~~~~~~~~~~~~
hard-particle MC p_acc = 0.991375
Rad[0] = 0.0301595
rho_[198] = 0.571516
~~~~~~~~~~~~~~~~~~~~~~~~~~~~~~~~~~~~~~~
hard-particle MC p_acc = 0.989275
Rad[0] = 0.0301723
rho_[199] = 0.572
~~~~~~~~~~~~~~~~~~~~~~~~~~~~~~~~~~~~~~~
hard-particle MC p_acc = 0.98905
Rad[0] = 0.0301777
rho_[200] = 0.572205
~~~~~~~~~~~~~~~~~~~~~~~~~~~~~~~~~~~~~~~
hard-particle MC p_acc = 0.987225
Rad[0] = 0.030179
rho_[201] = 0.572253
~~~~~~~~~~~~~~~~~~~~~~~~~~~~~~~~~~~~~~~
hard-particle MC p_acc = 0.989075
Rad[0] = 0.0301802
rho_[202] = 0.572302
~~~~~~~~~~~~~~~~~~~~~~~~~~~~~~~~~~~~~~~
hard-particle MC p_acc = 0.9896
Rad[0] = 0.0301856
rho_[203] = 0.572507
~~~~~~~~~~~~~~~~~~~~~~~~~~~~~~~~~~~~~~~
hard-particle MC p_acc = 0.989675
Rad[0] = 0.0302027
rho_[204] = 0.573154
~~~~~~~~~~~~~~~~~~~~~~~~~~~~~~~~~~~~~~~
hard-particle MC p_acc = 0.9924
Rad[0] = 0.0302123
rho_[205] = 0.573518
~~~~~~~~~~~~~~~~~~~~~~~~~~~~~~~~~~~~~~~
hard-particle MC p_acc = 0.9918
Rad[0] = 0.0302125
rho_[206] = 0.573527
~~~~~~~~~~~~~~~~~~~~~~~~~~~~~~~~~~~~~~~
hard-particle MC p_acc = 0.9919
Rad[0] = 0.0302132
rho_[207] = 0.573554
~~~~~~~~~~~~~~~~~~~~~~~~~~~~~~~~~~~~~~~
hard-particle MC p_acc = 0.99005
Rad[0] = 0.0302186
rho_[208] = 0.573759
~~~~~~~~~~~~~~~~~~~~~~~~~~~~~~~~~~~~~~~
hard-particle MC p_acc = 0.99215
Rad[0] = 0.0302209
rho_[209] = 0.573846
~~~~~~~~~~~~~~~~~~~~~~~~~~~~~~~~~~~~~~~
hard-particle MC p_acc = 0.991425
Rad[0] = 0.0302216
rho_[210] = 0.573873
~~~~~~~~~~~~~~~~~~~~~~~~~~~~~~~~~~~~~~~
hard-particle MC p_acc = 0.99405
Rad[0] = 0.0302217
rho_[211] = 0.573874
~~~~~~~~~~~~~~~~~~~~~~~~~~~~~~~~~~~~~~~
hard-particle MC p_acc = 0.9942
Rad[0] = 0.0302224
rho_[212] = 0.573902
~~~~~~~~~~~~~~~~~~~~~~~~~~~~~~~~~~~~~~~
hard-particle MC p_acc = 0.994675
Rad[0] = 0.0302352
rho_[213] = 0.574388
~~~~~~~~~~~~~~~~~~~~~~~~~~~~~~~~~~~~~~~
hard-particle MC p_acc = 0.9911
Rad[0] = 0.0302369
rho_[214] = 0.574453
~~~~~~~~~~~~~~~~~~~~~~~~~~~~~~~~~~~~~~~
hard-particle MC p_acc = 0.99235
Rad[0] = 0.0302423
rho_[215] = 0.574659
~~~~~~~~~~~~~~~~~~~~~~~~~~~~~~~~~~~~~~~
hard-particle MC p_acc = 0.9924
Rad[0] = 0.0302427
rho_[216] = 0.574674
~~~~~~~~~~~~~~~~~~~~~~~~~~~~~~~~~~~~~~~
hard-particle MC p_acc = 0.9933
Rad[0] = 0.0302458
rho_[217] = 0.57479
~~~~~~~~~~~~~~~~~~~~~~~~~~~~~~~~~~~~~~~
hard-particle MC p_acc = 0.99345
Rad[0] = 0.0302512
rho_[218] = 0.574995
~~~~~~~~~~~~~~~~~~~~~~~~~~~~~~~~~~~~~~~
hard-particle MC p_acc = 0.994675
Rad[0] = 0.0302529
rho_[219] = 0.57506
~~~~~~~~~~~~~~~~~~~~~~~~~~~~~~~~~~~~~~~
hard-particle MC p_acc = 0.989175
Rad[0] = 0.0303069
rho_[220] = 0.577116
~~~~~~~~~~~~~~~~~~~~~~~~~~~~~~~~~~~~~~~
hard-particle MC p_acc = 0.993175
Rad[0] = 0.0303092
rho_[221] = 0.577203
~~~~~~~~~~~~~~~~~~~~~~~~~~~~~~~~~~~~~~~
hard-particle MC p_acc = 0.992825
Rad[0] = 0.0303263
rho_[222] = 0.577856
~~~~~~~~~~~~~~~~~~~~~~~~~~~~~~~~~~~~~~~
hard-particle MC p_acc = 0.994275
Rad[0] = 0.0303317
rho_[223] = 0.578062
~~~~~~~~~~~~~~~~~~~~~~~~~~~~~~~~~~~~~~~
hard-particle MC p_acc = 0.9929
Rad[0] = 0.0303372
rho_[224] = 0.578269
~~~~~~~~~~~~~~~~~~~~~~~~~~~~~~~~~~~~~~~
hard-particle MC p_acc = 0.9948
Rad[0] = 0.0303412
rho_[225] = 0.578424
~~~~~~~~~~~~~~~~~~~~~~~~~~~~~~~~~~~~~~~
hard-particle MC p_acc = 0.9903
Rad[0] = 0.0303467
rho_[226] = 0.578631
~~~~~~~~~~~~~~~~~~~~~~~~~~~~~~~~~~~~~~~
hard-particle MC p_acc = 0.98995
Rad[0] = 0.0303638
rho_[227] = 0.579285
~~~~~~~~~~~~~~~~~~~~~~~~~~~~~~~~~~~~~~~
hard-particle MC p_acc = 0.9932
Rad[0] = 0.0303669
rho_[228] = 0.579402
~~~~~~~~~~~~~~~~~~~~~~~~~~~~~~~~~~~~~~~
hard-particle MC p_acc = 0.992425
Rad[0] = 0.0303765
rho_[229] = 0.57977
~~~~~~~~~~~~~~~~~~~~~~~~~~~~~~~~~~~~~~~
hard-particle MC p_acc = 0.99195
Rad[0] = 0.0303819
rho_[230] = 0.579977
~~~~~~~~~~~~~~~~~~~~~~~~~~~~~~~~~~~~~~~
hard-particle MC p_acc = 0.9914
Soft-core quenching p_acc = 0.501475
Final energy of stage 231  = 93.2329
Rad[0] = 0.030385
rho_[231] = 0.580094
~~~~~~~~~~~~~~~~~~~~~~~~~~~~~~~~~~~~~~~
hard-particle MC p_acc = 0.992275
Soft-core quenching p_acc = 0.507825
Final energy of stage 232  = 93.1352
Rad[0] = 0.0303855
rho_[232] = 0.580115
~~~~~~~~~~~~~~~~~~~~~~~~~~~~~~~~~~~~~~~
hard-particle MC p_acc = 0.990675
Soft-core quenching p_acc = 0.50905
Final energy of stage 233  = 93.0707
Rad[0] = 0.0303856
rho_[233] = 0.580115
~~~~~~~~~~~~~~~~~~~~~~~~~~~~~~~~~~~~~~~
hard-particle MC p_acc = 0.988375
Soft-core quenching p_acc = 0.501975
Final energy of stage 234  = 93.0288
Rad[0] = 0.0303856
rho_[234] = 0.580118
~~~~~~~~~~~~~~~~~~~~~~~~~~~~~~~~~~~~~~~
hard-particle MC p_acc = 0.99055
Soft-core quenching p_acc = 0.495475
Final energy of stage 235  = 93.0039
Rad[0] = 0.0303866
rho_[235] = 0.580155
~~~~~~~~~~~~~~~~~~~~~~~~~~~~~~~~~~~~~~~
hard-particle MC p_acc = 0.992125
Soft-core quenching p_acc = 0.486125
Final energy of stage 236  = 92.9895
Rad[0] = 0.030387
rho_[236] = 0.58017
~~~~~~~~~~~~~~~~~~~~~~~~~~~~~~~~~~~~~~~
hard-particle MC p_acc = 0.993925
Soft-core quenching p_acc = 0.46895
Final energy of stage 237  = 92.9806
Rad[0] = 0.0303877
rho_[237] = 0.580198
~~~~~~~~~~~~~~~~~~~~~~~~~~~~~~~~~~~~~~~
hard-particle MC p_acc = 0.99775
Soft-core quenching p_acc = 0.4584
Final energy of stage 238  = 92.9736
Rad[0] = 0.0303918
rho_[238] = 0.580354
~~~~~~~~~~~~~~~~~~~~~~~~~~~~~~~~~~~~~~~
hard-particle MC p_acc = 0.9957
Soft-core quenching p_acc = 0.456075
Final energy of stage 239  = 92.9681
Rad[0] = 0.0303931
rho_[239] = 0.580403
~~~~~~~~~~~~~~~~~~~~~~~~~~~~~~~~~~~~~~~
hard-particle MC p_acc = 0.996625
Soft-core quenching p_acc = 0.437675
Final energy of stage 240  = 92.9636
Rad[0] = 0.0303961
rho_[240] = 0.58052
~~~~~~~~~~~~~~~~~~~~~~~~~~~~~~~~~~~~~~~
hard-particle MC p_acc = 0.997075
Soft-core quenching p_acc = 0.432475
Final energy of stage 241  = 92.9597
Rad[0] = 0.0303966
rho_[241] = 0.580535
~~~~~~~~~~~~~~~~~~~~~~~~~~~~~~~~~~~~~~~
hard-particle MC p_acc = 0.998
Soft-core quenching p_acc = 0.425
Final energy of stage 242  = 92.9564
Rad[0] = 0.0304006
rho_[242] = 0.580691
~~~~~~~~~~~~~~~~~~~~~~~~~~~~~~~~~~~~~~~
hard-particle MC p_acc = 0.9962
Soft-core quenching p_acc = 0.419325
Final energy of stage 243  = 92.9535
Rad[0] = 0.0304012
rho_[243] = 0.580712
~~~~~~~~~~~~~~~~~~~~~~~~~~~~~~~~~~~~~~~
hard-particle MC p_acc = 0.9984
Soft-core quenching p_acc = 0.41215
Final energy of stage 244  = 92.951
Rad[0] = 0.0304025
rho_[244] = 0.580761
~~~~~~~~~~~~~~~~~~~~~~~~~~~~~~~~~~~~~~~
hard-particle MC p_acc = 0.9972
Soft-core quenching p_acc = 0.40085
Final energy of stage 245  = 92.9488
Rad[0] = 0.0304042
rho_[245] = 0.580827
~~~~~~~~~~~~~~~~~~~~~~~~~~~~~~~~~~~~~~~
hard-particle MC p_acc = 0.997875
Soft-core quenching p_acc = 0.3858
Final energy of stage 246  = 92.9468
Rad[0] = 0.0304045
rho_[246] = 0.580838
~~~~~~~~~~~~~~~~~~~~~~~~~~~~~~~~~~~~~~~
hard-particle MC p_acc = 0.99665
Soft-core quenching p_acc = 0.384225
Final energy of stage 247  = 92.9451
Rad[0] = 0.0304046
rho_[247] = 0.580842
~~~~~~~~~~~~~~~~~~~~~~~~~~~~~~~~~~~~~~~
hard-particle MC p_acc = 0.9961
Soft-core quenching p_acc = 0.388975
Final energy of stage 248  = 92.9435
Rad[0] = 0.0304063
rho_[248] = 0.580908
~~~~~~~~~~~~~~~~~~~~~~~~~~~~~~~~~~~~~~~
hard-particle MC p_acc = 0.996425
Soft-core quenching p_acc = 0.3744
Final energy of stage 249  = 92.9421
Rad[0] = 0.030408
rho_[249] = 0.580973
~~~~~~~~~~~~~~~~~~~~~~~~~~~~~~~~~~~~~~~
hard-particle MC p_acc = 0.996425
Soft-core quenching p_acc = 0.365175
Final energy of stage 250  = 92.9409
Rad[0] = 0.0304082
rho_[250] = 0.580978
~~~~~~~~~~~~~~~~~~~~~~~~~~~~~~~~~~~~~~~
hard-particle MC p_acc = 0.9976
Soft-core quenching p_acc = 0.365575
Final energy of stage 251  = 92.9396
Rad[0] = 0.0304082
rho_[251] = 0.58098
~~~~~~~~~~~~~~~~~~~~~~~~~~~~~~~~~~~~~~~
hard-particle MC p_acc = 0.9961
Soft-core quenching p_acc = 0.362625
Final energy of stage 252  = 92.9385
Rad[0] = 0.0304089
rho_[252] = 0.581007
~~~~~~~~~~~~~~~~~~~~~~~~~~~~~~~~~~~~~~~
hard-particle MC p_acc = 0.99725
Soft-core quenching p_acc = 0.3528
Final energy of stage 253  = 92.9373
Rad[0] = 0.0304093
rho_[253] = 0.581023
~~~~~~~~~~~~~~~~~~~~~~~~~~~~~~~~~~~~~~~
hard-particle MC p_acc = 0.9962
Soft-core quenching p_acc = 0.355175
Final energy of stage 254  = 92.9361
Rad[0] = 0.0304103
rho_[254] = 0.58106
~~~~~~~~~~~~~~~~~~~~~~~~~~~~~~~~~~~~~~~
hard-particle MC p_acc = 0.997775
Soft-core quenching p_acc = 0.34595
Final energy of stage 255  = 92.9349
Rad[0] = 0.0304103
rho_[255] = 0.581061
~~~~~~~~~~~~~~~~~~~~~~~~~~~~~~~~~~~~~~~
hard-particle MC p_acc = 0.9968
Soft-core quenching p_acc = 0.345225
Final energy of stage 256  = 92.9338
Rad[0] = 0.0304107
rho_[256] = 0.581077
~~~~~~~~~~~~~~~~~~~~~~~~~~~~~~~~~~~~~~~
hard-particle MC p_acc = 0.99675
Soft-core quenching p_acc = 0.342275
Final energy of stage 257  = 92.9327
Rad[0] = 0.0304113
rho_[257] = 0.581098
~~~~~~~~~~~~~~~~~~~~~~~~~~~~~~~~~~~~~~~
hard-particle MC p_acc = 0.997525
Soft-core quenching p_acc = 0.337525
Final energy of stage 258  = 92.9316
Rad[0] = 0.030412
rho_[258] = 0.581126
~~~~~~~~~~~~~~~~~~~~~~~~~~~~~~~~~~~~~~~
hard-particle MC p_acc = 0.99735
Soft-core quenching p_acc = 0.327175
Final energy of stage 259  = 92.9306
Rad[0] = 0.0304143
rho_[259] = 0.581213
~~~~~~~~~~~~~~~~~~~~~~~~~~~~~~~~~~~~~~~
hard-particle MC p_acc = 0.99645
Soft-core quenching p_acc = 0.3158
Final energy of stage 260  = 92.9299
Rad[0] = 0.0304148
rho_[260] = 0.581234
~~~~~~~~~~~~~~~~~~~~~~~~~~~~~~~~~~~~~~~
hard-particle MC p_acc = 0.99735
Soft-core quenching p_acc = 0.305875
Final energy of stage 261  = 92.929
Rad[0] = 0.0304166
rho_[261] = 0.5813
~~~~~~~~~~~~~~~~~~~~~~~~~~~~~~~~~~~~~~~
hard-particle MC p_acc = 0.99795
Soft-core quenching p_acc = 0.301225
Final energy of stage 262  = 92.9283
Rad[0] = 0.0304173
rho_[262] = 0.581328
~~~~~~~~~~~~~~~~~~~~~~~~~~~~~~~~~~~~~~~
hard-particle MC p_acc = 0.997475
Soft-core quenching p_acc = 0.303975
Final energy of stage 263  = 92.9276
Rad[0] = 0.0304186
rho_[263] = 0.581377
~~~~~~~~~~~~~~~~~~~~~~~~~~~~~~~~~~~~~~~
hard-particle MC p_acc = 0.99745
Soft-core quenching p_acc = 0.3004
Final energy of stage 264  = 92.9269
Rad[0] = 0.0304188
rho_[264] = 0.581383
~~~~~~~~~~~~~~~~~~~~~~~~~~~~~~~~~~~~~~~
hard-particle MC p_acc = 0.9967
Soft-core quenching p_acc = 0.31495
Final energy of stage 265  = 92.9262
Rad[0] = 0.0304195
rho_[265] = 0.581411
~~~~~~~~~~~~~~~~~~~~~~~~~~~~~~~~~~~~~~~
hard-particle MC p_acc = 0.9976
Soft-core quenching p_acc = 0.3114
Final energy of stage 266  = 92.9256
Rad[0] = 0.0304212
rho_[266] = 0.581477
~~~~~~~~~~~~~~~~~~~~~~~~~~~~~~~~~~~~~~~
hard-particle MC p_acc = 0.997125
Soft-core quenching p_acc = 0.3007
Final energy of stage 267  = 92.925
Rad[0] = 0.0304266
rho_[267] = 0.581685
~~~~~~~~~~~~~~~~~~~~~~~~~~~~~~~~~~~~~~~
hard-particle MC p_acc = 0.9981
Soft-core quenching p_acc = 0.30835
Final energy of stage 268  = 92.9243
Rad[0] = 0.0304272
rho_[268] = 0.581706
~~~~~~~~~~~~~~~~~~~~~~~~~~~~~~~~~~~~~~~
hard-particle MC p_acc = 0.99805
Soft-core quenching p_acc = 0.3113
Final energy of stage 269  = 92.9235
Rad[0] = 0.0304273
rho_[269] = 0.581711
~~~~~~~~~~~~~~~~~~~~~~~~~~~~~~~~~~~~~~~
hard-particle MC p_acc = 0.99825
Soft-core quenching p_acc = 0.3069
Final energy of stage 270  = 92.9228
Rad[0] = 0.0304286
rho_[270] = 0.58176
~~~~~~~~~~~~~~~~~~~~~~~~~~~~~~~~~~~~~~~
hard-particle MC p_acc = 0.997125
Soft-core quenching p_acc = 0.291925
Final energy of stage 271  = 92.922
Rad[0] = 0.0304309
rho_[271] = 0.581848
~~~~~~~~~~~~~~~~~~~~~~~~~~~~~~~~~~~~~~~
hard-particle MC p_acc = 0.99775
Soft-core quenching p_acc = 0.2805
Final energy of stage 272  = 92.9214
Rad[0] = 0.0304363
rho_[272] = 0.582056
~~~~~~~~~~~~~~~~~~~~~~~~~~~~~~~~~~~~~~~
hard-particle MC p_acc = 0.997725
Soft-core quenching p_acc = 0.293825
Final energy of stage 273  = 92.9207
Rad[0] = 0.0304365
rho_[273] = 0.582062
~~~~~~~~~~~~~~~~~~~~~~~~~~~~~~~~~~~~~~~
hard-particle MC p_acc = 0.996725
Soft-core quenching p_acc = 0.29335
Final energy of stage 274  = 92.9201
Rad[0] = 0.0304406
rho_[274] = 0.582219
~~~~~~~~~~~~~~~~~~~~~~~~~~~~~~~~~~~~~~~
hard-particle MC p_acc = 0.997075
Soft-core quenching p_acc = 0.300025
Final energy of stage 275  = 92.9194
Rad[0] = 0.0304411
rho_[275] = 0.582239
~~~~~~~~~~~~~~~~~~~~~~~~~~~~~~~~~~~~~~~
hard-particle MC p_acc = 0.9973
Soft-core quenching p_acc = 0.3157
Final energy of stage 276  = 92.9186
Rad[0] = 0.0304417
rho_[276] = 0.58226
~~~~~~~~~~~~~~~~~~~~~~~~~~~~~~~~~~~~~~~
hard-particle MC p_acc = 0.996825
Soft-core quenching p_acc = 0.30145
Final energy of stage 277  = 92.9179
Rad[0] = 0.0304421
rho_[277] = 0.582276
~~~~~~~~~~~~~~~~~~~~~~~~~~~~~~~~~~~~~~~
hard-particle MC p_acc = 0.996975
Soft-core quenching p_acc = 0.28865
Final energy of stage 278  = 92.9172
Rad[0] = 0.0304425
rho_[278] = 0.582291
~~~~~~~~~~~~~~~~~~~~~~~~~~~~~~~~~~~~~~~
hard-particle MC p_acc = 0.998
Soft-core quenching p_acc = 0.268775
Final energy of stage 279  = 92.9165
Rad[0] = 0.030443
rho_[279] = 0.582312
~~~~~~~~~~~~~~~~~~~~~~~~~~~~~~~~~~~~~~~
hard-particle MC p_acc = 0.998825
Soft-core quenching p_acc = 0.2597
Final energy of stage 280  = 92.916
Rad[0] = 0.0304448
rho_[280] = 0.582378
~~~~~~~~~~~~~~~~~~~~~~~~~~~~~~~~~~~~~~~
hard-particle MC p_acc = 0.99895
Soft-core quenching p_acc = 0.271575
Final energy of stage 281  = 92.9153
Rad[0] = 0.0304457
rho_[281] = 0.582415
~~~~~~~~~~~~~~~~~~~~~~~~~~~~~~~~~~~~~~~
hard-particle MC p_acc = 0.998025
Soft-core quenching p_acc = 0.277125
Final energy of stage 282  = 92.9147
Rad[0] = 0.0304461
rho_[282] = 0.582431
~~~~~~~~~~~~~~~~~~~~~~~~~~~~~~~~~~~~~~~
hard-particle MC p_acc = 0.997825
Soft-core quenching p_acc = 0.28175
Final energy of stage 283  = 92.9141
Rad[0] = 0.0304464
rho_[283] = 0.582443
~~~~~~~~~~~~~~~~~~~~~~~~~~~~~~~~~~~~~~~
hard-particle MC p_acc = 0.997525
Soft-core quenching p_acc = 0.286625
Final energy of stage 284  = 92.9134
Rad[0] = 0.0304472
rho_[284] = 0.58247
~~~~~~~~~~~~~~~~~~~~~~~~~~~~~~~~~~~~~~~
hard-particle MC p_acc = 0.998175
Soft-core quenching p_acc = 0.278825
Final energy of stage 285  = 92.9128
Rad[0] = 0.0304474
rho_[285] = 0.582479
~~~~~~~~~~~~~~~~~~~~~~~~~~~~~~~~~~~~~~~
hard-particle MC p_acc = 0.99625
Soft-core quenching p_acc = 0.2822
Final energy of stage 286  = 92.9121
Rad[0] = 0.0304481
rho_[286] = 0.582507
~~~~~~~~~~~~~~~~~~~~~~~~~~~~~~~~~~~~~~~
hard-particle MC p_acc = 0.998575
Soft-core quenching p_acc = 0.2777
Final energy of stage 287  = 92.9114
Rad[0] = 0.0304481
rho_[287] = 0.582507
~~~~~~~~~~~~~~~~~~~~~~~~~~~~~~~~~~~~~~~
hard-particle MC p_acc = 0.996875
Soft-core quenching p_acc = 0.27235
Final energy of stage 288  = 92.9108
Rad[0] = 0.0304483
rho_[288] = 0.582512
~~~~~~~~~~~~~~~~~~~~~~~~~~~~~~~~~~~~~~~
hard-particle MC p_acc = 0.997675
Soft-core quenching p_acc = 0.291225
Final energy of stage 289  = 92.9101
Rad[0] = 0.0304483
rho_[289] = 0.582513
~~~~~~~~~~~~~~~~~~~~~~~~~~~~~~~~~~~~~~~
hard-particle MC p_acc = 0.996875
Soft-core quenching p_acc = 0.2896
Final energy of stage 290  = 92.9096
Rad[0] = 0.03045
rho_[290] = 0.582579
~~~~~~~~~~~~~~~~~~~~~~~~~~~~~~~~~~~~~~~
hard-particle MC p_acc = 0.9973
Soft-core quenching p_acc = 0.29505
Final energy of stage 291  = 92.9089
Rad[0] = 0.0304502
rho_[291] = 0.582585
~~~~~~~~~~~~~~~~~~~~~~~~~~~~~~~~~~~~~~~
hard-particle MC p_acc = 0.99615
Soft-core quenching p_acc = 0.30035
Final energy of stage 292  = 92.9082
Rad[0] = 0.0304503
rho_[292] = 0.582592
~~~~~~~~~~~~~~~~~~~~~~~~~~~~~~~~~~~~~~~
hard-particle MC p_acc = 0.996225
Soft-core quenching p_acc = 0.297375
Final energy of stage 293  = 92.9074
Rad[0] = 0.0304511
rho_[293] = 0.58262
~~~~~~~~~~~~~~~~~~~~~~~~~~~~~~~~~~~~~~~
hard-particle MC p_acc = 0.9969
Soft-core quenching p_acc = 0.28655
Final energy of stage 294  = 92.9067
Rad[0] = 0.030452
rho_[294] = 0.582657
~~~~~~~~~~~~~~~~~~~~~~~~~~~~~~~~~~~~~~~
hard-particle MC p_acc = 0.997775
Soft-core quenching p_acc = 0.274975
Final energy of stage 295  = 92.9061
Rad[0] = 0.0304525
rho_[295] = 0.582672
~~~~~~~~~~~~~~~~~~~~~~~~~~~~~~~~~~~~~~~
hard-particle MC p_acc = 0.997075
Soft-core quenching p_acc = 0.28525
Final energy of stage 296  = 92.9054
Rad[0] = 0.0304529
rho_[296] = 0.582688
~~~~~~~~~~~~~~~~~~~~~~~~~~~~~~~~~~~~~~~
hard-particle MC p_acc = 0.998175
Soft-core quenching p_acc = 0.27935
Final energy of stage 297  = 92.9047
Rad[0] = 0.030453
rho_[297] = 0.582695
~~~~~~~~~~~~~~~~~~~~~~~~~~~~~~~~~~~~~~~
hard-particle MC p_acc = 0.999025
Soft-core quenching p_acc = 0.27865
Final energy of stage 298  = 92.9041
Rad[0] = 0.0304532
rho_[298] = 0.582701
~~~~~~~~~~~~~~~~~~~~~~~~~~~~~~~~~~~~~~~
hard-particle MC p_acc = 0.997575
Soft-core quenching p_acc = 0.282775
Final energy of stage 299  = 92.9034
Rad[0] = 0.0304539
rho_[299] = 0.582729
~~~~~~~~~~~~~~~~~~~~~~~~~~~~~~~~~~~~~~~
hard-particle MC p_acc = 0.996975
Soft-core quenching p_acc = 0.2609
Final energy of stage 300  = 92.9029
Rad[0] = 0.0304542
rho_[300] = 0.582738
~~~~~~~~~~~~~~~~~~~~~~~~~~~~~~~~~~~~~~~
hard-particle MC p_acc = 0.9952
Soft-core quenching p_acc = 0.271325
Final energy of stage 301  = 92.9022
Rad[0] = 0.0304544
rho_[301] = 0.582747
~~~~~~~~~~~~~~~~~~~~~~~~~~~~~~~~~~~~~~~
hard-particle MC p_acc = 0.9974
Soft-core quenching p_acc = 0.285525
Final energy of stage 302  = 92.9016
Rad[0] = 0.0304545
rho_[302] = 0.582752
~~~~~~~~~~~~~~~~~~~~~~~~~~~~~~~~~~~~~~~
hard-particle MC p_acc = 0.99745
Soft-core quenching p_acc = 0.290375
Final energy of stage 303  = 92.901
Rad[0] = 0.0304547
rho_[303] = 0.582758
~~~~~~~~~~~~~~~~~~~~~~~~~~~~~~~~~~~~~~~
hard-particle MC p_acc = 0.9972
Soft-core quenching p_acc = 0.28775
Final energy of stage 304  = 92.9002
Rad[0] = 0.0304551
rho_[304] = 0.582774
~~~~~~~~~~~~~~~~~~~~~~~~~~~~~~~~~~~~~~~
hard-particle MC p_acc = 0.997375
Soft-core quenching p_acc = 0.29755
Final energy of stage 305  = 92.8995
Rad[0] = 0.0304554
rho_[305] = 0.582786
~~~~~~~~~~~~~~~~~~~~~~~~~~~~~~~~~~~~~~~
hard-particle MC p_acc = 0.9977
Soft-core quenching p_acc = 0.308775
Final energy of stage 306  = 92.8988
Rad[0] = 0.0304556
rho_[306] = 0.582792
~~~~~~~~~~~~~~~~~~~~~~~~~~~~~~~~~~~~~~~
hard-particle MC p_acc = 0.9955
Soft-core quenching p_acc = 0.295675
Final energy of stage 307  = 92.8981
Rad[0] = 0.0304557
rho_[307] = 0.582797
~~~~~~~~~~~~~~~~~~~~~~~~~~~~~~~~~~~~~~~
hard-particle MC p_acc = 0.996575
Soft-core quenching p_acc = 0.29825
Final energy of stage 308  = 92.8973
Rad[0] = 0.0304564
rho_[308] = 0.582825
~~~~~~~~~~~~~~~~~~~~~~~~~~~~~~~~~~~~~~~
hard-particle MC p_acc = 0.998475
Soft-core quenching p_acc = 0.29815
Final energy of stage 309  = 92.8965
Rad[0] = 0.0304595
rho_[309] = 0.582942
~~~~~~~~~~~~~~~~~~~~~~~~~~~~~~~~~~~~~~~
hard-particle MC p_acc = 0.9982
Soft-core quenching p_acc = 0.2824
Final energy of stage 310  = 92.8959
Rad[0] = 0.0304608
rho_[310] = 0.582992
~~~~~~~~~~~~~~~~~~~~~~~~~~~~~~~~~~~~~~~
hard-particle MC p_acc = 0.998725
Soft-core quenching p_acc = 0.29465
Final energy of stage 311  = 92.8951
Rad[0] = 0.0304611
rho_[311] = 0.583003
~~~~~~~~~~~~~~~~~~~~~~~~~~~~~~~~~~~~~~~
hard-particle MC p_acc = 0.99825
Soft-core quenching p_acc = 0.304725
Final energy of stage 312  = 92.8943
Rad[0] = 0.0304615
rho_[312] = 0.583019
~~~~~~~~~~~~~~~~~~~~~~~~~~~~~~~~~~~~~~~
hard-particle MC p_acc = 0.997375
Soft-core quenching p_acc = 0.292275
Final energy of stage 313  = 92.8935
Rad[0] = 0.0304618
rho_[313] = 0.583031
~~~~~~~~~~~~~~~~~~~~~~~~~~~~~~~~~~~~~~~
hard-particle MC p_acc = 0.997
Soft-core quenching p_acc = 0.296875
Final energy of stage 314  = 92.8927
Rad[0] = 0.0304622
rho_[314] = 0.583046
~~~~~~~~~~~~~~~~~~~~~~~~~~~~~~~~~~~~~~~
hard-particle MC p_acc = 0.998225
Soft-core quenching p_acc = 0.28875
Final energy of stage 315  = 92.892
Rad[0] = 0.0304622
rho_[315] = 0.583047
~~~~~~~~~~~~~~~~~~~~~~~~~~~~~~~~~~~~~~~
hard-particle MC p_acc = 0.998275
Soft-core quenching p_acc = 0.287275
Final energy of stage 316  = 92.8912
Rad[0] = 0.0304628
rho_[316] = 0.583068
~~~~~~~~~~~~~~~~~~~~~~~~~~~~~~~~~~~~~~~
hard-particle MC p_acc = 0.9984
Soft-core quenching p_acc = 0.2681
Final energy of stage 317  = 92.8904
Rad[0] = 0.0304629
rho_[317] = 0.583072
~~~~~~~~~~~~~~~~~~~~~~~~~~~~~~~~~~~~~~~
hard-particle MC p_acc = 0.99945
Soft-core quenching p_acc = 0.271575
Final energy of stage 318  = 92.8896
Rad[0] = 0.0304639
rho_[318] = 0.583109
~~~~~~~~~~~~~~~~~~~~~~~~~~~~~~~~~~~~~~~
hard-particle MC p_acc = 0.99875
Soft-core quenching p_acc = 0.26695
Final energy of stage 319  = 92.8889
Rad[0] = 0.0304643
rho_[319] = 0.583125
~~~~~~~~~~~~~~~~~~~~~~~~~~~~~~~~~~~~~~~
hard-particle MC p_acc = 0.998275
Soft-core quenching p_acc = 0.269675
Final energy of stage 320  = 92.8881
Rad[0] = 0.0304644
rho_[320] = 0.58313
~~~~~~~~~~~~~~~~~~~~~~~~~~~~~~~~~~~~~~~
hard-particle MC p_acc = 0.997775
Soft-core quenching p_acc = 0.251575
Final energy of stage 321  = 92.8875
Rad[0] = 0.0304667
rho_[321] = 0.583218
~~~~~~~~~~~~~~~~~~~~~~~~~~~~~~~~~~~~~~~
hard-particle MC p_acc = 0.998825
Soft-core quenching p_acc = 0.24985
Final energy of stage 322  = 92.8869
Rad[0] = 0.030468
rho_[322] = 0.583267
~~~~~~~~~~~~~~~~~~~~~~~~~~~~~~~~~~~~~~~
hard-particle MC p_acc = 0.999475
Soft-core quenching p_acc = 0.263475
Final energy of stage 323  = 92.8862
Rad[0] = 0.0304697
rho_[323] = 0.583333
~~~~~~~~~~~~~~~~~~~~~~~~~~~~~~~~~~~~~~~
hard-particle MC p_acc = 0.9971
Soft-core quenching p_acc = 0.2731
Final energy of stage 324  = 92.8855
Rad[0] = 0.0304704
rho_[324] = 0.583361
~~~~~~~~~~~~~~~~~~~~~~~~~~~~~~~~~~~~~~~
hard-particle MC p_acc = 0.99875
Soft-core quenching p_acc = 0.272175
Final energy of stage 325  = 92.8848
Rad[0] = 0.0304717
rho_[325] = 0.58341
~~~~~~~~~~~~~~~~~~~~~~~~~~~~~~~~~~~~~~~
hard-particle MC p_acc = 0.9983
Soft-core quenching p_acc = 0.274625
Final energy of stage 326  = 92.8841
Rad[0] = 0.0304719
rho_[326] = 0.583417
~~~~~~~~~~~~~~~~~~~~~~~~~~~~~~~~~~~~~~~
hard-particle MC p_acc = 0.99875
Soft-core quenching p_acc = 0.278875
Final energy of stage 327  = 92.8834
Rad[0] = 0.030475
rho_[327] = 0.583534
~~~~~~~~~~~~~~~~~~~~~~~~~~~~~~~~~~~~~~~
hard-particle MC p_acc = 0.998575
Soft-core quenching p_acc = 0.26145
Final energy of stage 328  = 92.8827
Rad[0] = 0.0304759
rho_[328] = 0.583571
~~~~~~~~~~~~~~~~~~~~~~~~~~~~~~~~~~~~~~~
hard-particle MC p_acc = 0.99845
Soft-core quenching p_acc = 0.260325
Final energy of stage 329  = 92.882
Rad[0] = 0.0304777
rho_[329] = 0.583638
~~~~~~~~~~~~~~~~~~~~~~~~~~~~~~~~~~~~~~~
hard-particle MC p_acc = 0.998975
Soft-core quenching p_acc = 0.255875
Final energy of stage 330  = 92.8813
Rad[0] = 0.0304782
rho_[330] = 0.583658
~~~~~~~~~~~~~~~~~~~~~~~~~~~~~~~~~~~~~~~
hard-particle MC p_acc = 0.999475
Soft-core quenching p_acc = 0.2747
Final energy of stage 331  = 92.8805
Rad[0] = 0.0304786
rho_[331] = 0.583674
~~~~~~~~~~~~~~~~~~~~~~~~~~~~~~~~~~~~~~~
hard-particle MC p_acc = 0.998875
rad[0] = 0.0304883
packing density rho = 0.584045
Printing the final configuration now....
