Start packing
Number of distinct species, n_s = 
Number of growth stages, N_stage = 
Number of relax stages, N_relax = 
~~~~~~~~~~~~~~~~~~~~~~~~~~~~~~~~~~~~~~~~~~~~~
Number of cells for species 0, N_c[0] = 
~~~~~~~~~~~~~~~~~~~~~~~~~~~~~~~~~~~~~~~~~~~~~
Radius of cells for species 0, Rad[0] = 
~~~~~~~~~~~~~~~~~~~~~~~~~~~~~~~~~~~~~~~~~~~~~
Interaction range for species 0, Range[0] = 0.0282095
~~~~~~~~~~~~~~~~~~~~~~~~~~~~~~~~~~~~~~~~~~~~~
Growth rate [Rad -> (1+growth rate)*Rad], growth_rate = 
Trans_mod (in terms of boxlength), trans_mod =
Starting quench density, rho_start = 
Generate (0) or read (1) initial config, flag_config = 
Number of MC moves per particle at each stage, N_MC_particle = 
Length of grid cell, d0_cell = 
Generating initial configurations...
N_c[0] = 200
Reset interaction range for species 0, Range[0] = 0.132971
The total number of cells Ncell = 100
CellList(0,0) =  112  47 
CellList(1,0) =  66  34 
CellList(2,0) =  147  141 
CellList(3,0) =  142  11 
CellList(4,0) =  180  101 
CellList(5,0) =  190  46  38 
CellList(6,0) =  186 
CellList(7,0) =  89 
CellList(8,0) =  137  78  62 
CellList(9,0) =  85  49 
CellList(0,1) =  65  48  19 
CellList(1,1) =  104  1 
CellList(2,1) =  189 
CellList(3,1) =  169  94  40  17 
CellList(4,1) =  23 
CellList(5,1) =  174  170  14 
CellList(6,1) =  176  151  50 
CellList(7,1) =  60  53 
CellList(8,1) =  36 
CellList(9,1) =  185  124 
CellList(0,2) =  171 
CellList(1,2) =  96  68 
CellList(2,2) =  159  132  98 
CellList(3,2) =  177  172  122 
CellList(4,2) =  193  114  67 
CellList(5,2) =  57 
CellList(6,2) =  116  99  43 
CellList(7,2) =  140  63 
CellList(8,2) =  139 
CellList(9,2) =  70  5 
CellList(0,3) =  108  91 
CellList(1,3) =  165  109  30 
CellList(2,3) =  129  22 
CellList(3,3) =  157  138 
CellList(4,3) =  87 
CellList(5,3) =  158 
CellList(6,3) =  84  7 
CellList(7,3) =  33 
CellList(8,3) =  175  136  95 
CellList(9,3) =  183  35 
CellList(0,4) =  179  145  26 
CellList(1,4) =  81 
CellList(2,4) =  192  59 
CellList(3,4) =  191  29 
CellList(4,4) =  134  16 
CellList(5,4) =  64  21 
CellList(6,4) =  52 
CellList(7,4) =  155  144  54 
CellList(8,4) =  163  148 
CellList(9,4) =  161  37 
CellList(0,5) =  106 
CellList(1,5) =  113  56  13 
CellList(2,5) =  2 
CellList(3,5) =  152  100 
CellList(4,5) =  187  126  92 
CellList(5,5) =  143  105 
CellList(6,5) =  198  73 
CellList(7,5) =  61  44 
CellList(8,5) =  135  42  12 
CellList(9,5) =  154  120 
CellList(0,6) =  168  25  9 
CellList(1,6) =  182 
CellList(2,6) =  149  93 
CellList(3,6) =  76 
CellList(4,6) =  184  167  4 
CellList(5,6) =  39 
CellList(6,6) =  103  86  58 
CellList(7,6) =  123  75 
CellList(8,6) =  88 
CellList(9,6) =  111  24 
CellList(0,7) =  107 
CellList(1,7) =  110  82  8 
CellList(2,7) =  127 
CellList(3,7) =  164  71 
CellList(4,7) = 
CellList(5,7) =  160  130  20 
CellList(6,7) =  173  133 
CellList(7,7) =  181  131  97 
CellList(8,7) =  166  32 
CellList(9,7) =  195 
CellList(0,8) =  162  121 
CellList(1,8) =  119  90  72 
CellList(2,8) =  178  153  15 
CellList(3,8) =  41 
CellList(4,8) =  194  117  77 
CellList(5,8) =  31 
CellList(6,8) =  45  6 
CellList(7,8) =  125 
CellList(8,8) =  79  0 
CellList(9,8) =  199  196  3 
CellList(0,9) =  69 
CellList(1,9) =  102  10 
CellList(2,9) =  74  55 
CellList(3,9) =  188  146 
CellList(4,9) =  156  18 
CellList(5,9) =  118 
CellList(6,9) =  128  28 
CellList(7,9) =  197  80  51 
CellList(8,9) =  115 
CellList(9,9) =  150  83  27 
Initial energy of system E_init = 93.1779
hard-particle MC p_acc = 1
Rad[0] = 0.027652
rho_[0] = 0.480434
~~~~~~~~~~~~~~~~~~~~~~~~~~~~~~~~~~~~~~~
hard-particle MC p_acc = 0.998625
Rad[0] = 0.028022
rho_[1] = 0.493375
~~~~~~~~~~~~~~~~~~~~~~~~~~~~~~~~~~~~~~~
hard-particle MC p_acc = 0.996825
Rad[0] = 0.0280339
rho_[2] = 0.493794
~~~~~~~~~~~~~~~~~~~~~~~~~~~~~~~~~~~~~~~
hard-particle MC p_acc = 0.997275
Rad[0] = 0.0281229
rho_[3] = 0.496934
~~~~~~~~~~~~~~~~~~~~~~~~~~~~~~~~~~~~~~~
hard-particle MC p_acc = 0.9978
Rad[0] = 0.0281318
rho_[4] = 0.49725
~~~~~~~~~~~~~~~~~~~~~~~~~~~~~~~~~~~~~~~
hard-particle MC p_acc = 0.9967
Rad[0] = 0.0281327
rho_[5] = 0.497282
~~~~~~~~~~~~~~~~~~~~~~~~~~~~~~~~~~~~~~~
hard-particle MC p_acc = 0.998225
Rad[0] = 0.0281365
rho_[6] = 0.497415
~~~~~~~~~~~~~~~~~~~~~~~~~~~~~~~~~~~~~~~
hard-particle MC p_acc = 0.99695
Rad[0] = 0.0281741
rho_[7] = 0.498748
~~~~~~~~~~~~~~~~~~~~~~~~~~~~~~~~~~~~~~~
hard-particle MC p_acc = 0.996475
Rad[0] = 0.0281954
rho_[8] = 0.4995
~~~~~~~~~~~~~~~~~~~~~~~~~~~~~~~~~~~~~~~
hard-particle MC p_acc = 0.994925
Rad[0] = 0.0282073
rho_[9] = 0.499923
~~~~~~~~~~~~~~~~~~~~~~~~~~~~~~~~~~~~~~~
hard-particle MC p_acc = 0.994225
Rad[0] = 0.0282233
rho_[10] = 0.500489
~~~~~~~~~~~~~~~~~~~~~~~~~~~~~~~~~~~~~~~
hard-particle MC p_acc = 0.99705
Rad[0] = 0.0282234
rho_[11] = 0.500493
~~~~~~~~~~~~~~~~~~~~~~~~~~~~~~~~~~~~~~~
hard-particle MC p_acc = 0.997025
Rad[0] = 0.0282272
rho_[12] = 0.500627
~~~~~~~~~~~~~~~~~~~~~~~~~~~~~~~~~~~~~~~
hard-particle MC p_acc = 0.993925
Rad[0] = 0.0282431
rho_[13] = 0.501193
~~~~~~~~~~~~~~~~~~~~~~~~~~~~~~~~~~~~~~~
hard-particle MC p_acc = 0.9965
Rad[0] = 0.0282447
rho_[14] = 0.50125
~~~~~~~~~~~~~~~~~~~~~~~~~~~~~~~~~~~~~~~
hard-particle MC p_acc = 0.9966
Rad[0] = 0.0282498
rho_[15] = 0.501429
~~~~~~~~~~~~~~~~~~~~~~~~~~~~~~~~~~~~~~~
hard-particle MC p_acc = 0.99535
Rad[0] = 0.0282507
rho_[16] = 0.501461
~~~~~~~~~~~~~~~~~~~~~~~~~~~~~~~~~~~~~~~
hard-particle MC p_acc = 0.996475
Rad[0] = 0.0282557
rho_[17] = 0.50164
~~~~~~~~~~~~~~~~~~~~~~~~~~~~~~~~~~~~~~~
hard-particle MC p_acc = 0.99645
Rad[0] = 0.0282586
rho_[18] = 0.501741
~~~~~~~~~~~~~~~~~~~~~~~~~~~~~~~~~~~~~~~
hard-particle MC p_acc = 0.996525
Rad[0] = 0.0282595
rho_[19] = 0.501773
~~~~~~~~~~~~~~~~~~~~~~~~~~~~~~~~~~~~~~~
hard-particle MC p_acc = 0.99445
Rad[0] = 0.0283267
rho_[20] = 0.504165
~~~~~~~~~~~~~~~~~~~~~~~~~~~~~~~~~~~~~~~
hard-particle MC p_acc = 0.9967
Rad[0] = 0.0283296
rho_[21] = 0.504267
~~~~~~~~~~~~~~~~~~~~~~~~~~~~~~~~~~~~~~~
hard-particle MC p_acc = 0.994
Rad[0] = 0.0283386
rho_[22] = 0.504587
~~~~~~~~~~~~~~~~~~~~~~~~~~~~~~~~~~~~~~~
hard-particle MC p_acc = 0.993975
Rad[0] = 0.0283765
rho_[23] = 0.50594
~~~~~~~~~~~~~~~~~~~~~~~~~~~~~~~~~~~~~~~
hard-particle MC p_acc = 0.997375
Rad[0] = 0.0283856
rho_[24] = 0.506262
~~~~~~~~~~~~~~~~~~~~~~~~~~~~~~~~~~~~~~~
hard-particle MC p_acc = 0.997625
Rad[0] = 0.0284363
rho_[25] = 0.508071
~~~~~~~~~~~~~~~~~~~~~~~~~~~~~~~~~~~~~~~
hard-particle MC p_acc = 0.99665
Rad[0] = 0.0284523
rho_[26] = 0.508646
~~~~~~~~~~~~~~~~~~~~~~~~~~~~~~~~~~~~~~~
hard-particle MC p_acc = 0.997125
Rad[0] = 0.0284809
rho_[27] = 0.509668
~~~~~~~~~~~~~~~~~~~~~~~~~~~~~~~~~~~~~~~
hard-particle MC p_acc = 0.99605
Rad[0] = 0.028493
rho_[28] = 0.5101
~~~~~~~~~~~~~~~~~~~~~~~~~~~~~~~~~~~~~~~
hard-particle MC p_acc = 0.9954
Rad[0] = 0.0284951
rho_[29] = 0.510177
~~~~~~~~~~~~~~~~~~~~~~~~~~~~~~~~~~~~~~~
hard-particle MC p_acc = 0.9952
Rad[0] = 0.028496
rho_[30] = 0.51021
~~~~~~~~~~~~~~~~~~~~~~~~~~~~~~~~~~~~~~~
hard-particle MC p_acc = 0.99625
Rad[0] = 0.0285247
rho_[31] = 0.511235
~~~~~~~~~~~~~~~~~~~~~~~~~~~~~~~~~~~~~~~
hard-particle MC p_acc = 0.99575
Rad[0] = 0.0285298
rho_[32] = 0.511418
~~~~~~~~~~~~~~~~~~~~~~~~~~~~~~~~~~~~~~~
hard-particle MC p_acc = 0.9955
Rad[0] = 0.028568
rho_[33] = 0.512789
~~~~~~~~~~~~~~~~~~~~~~~~~~~~~~~~~~~~~~~
hard-particle MC p_acc = 0.997575
Rad[0] = 0.0285731
rho_[34] = 0.512972
~~~~~~~~~~~~~~~~~~~~~~~~~~~~~~~~~~~~~~~
hard-particle MC p_acc = 0.99515
Rad[0] = 0.0286113
rho_[35] = 0.514347
~~~~~~~~~~~~~~~~~~~~~~~~~~~~~~~~~~~~~~~
hard-particle MC p_acc = 0.994
Rad[0] = 0.0286135
rho_[36] = 0.514425
~~~~~~~~~~~~~~~~~~~~~~~~~~~~~~~~~~~~~~~
hard-particle MC p_acc = 0.99535
Rad[0] = 0.0286422
rho_[37] = 0.515459
~~~~~~~~~~~~~~~~~~~~~~~~~~~~~~~~~~~~~~~
hard-particle MC p_acc = 0.996475
Rad[0] = 0.0286638
rho_[38] = 0.516236
~~~~~~~~~~~~~~~~~~~~~~~~~~~~~~~~~~~~~~~
hard-particle MC p_acc = 0.99575
Rad[0] = 0.0286729
rho_[39] = 0.516564
~~~~~~~~~~~~~~~~~~~~~~~~~~~~~~~~~~~~~~~
hard-particle MC p_acc = 0.995525
Rad[0] = 0.0286821
rho_[40] = 0.516893
~~~~~~~~~~~~~~~~~~~~~~~~~~~~~~~~~~~~~~~
hard-particle MC p_acc = 0.996275
Rad[0] = 0.0286983
rho_[41] = 0.517477
~~~~~~~~~~~~~~~~~~~~~~~~~~~~~~~~~~~~~~~
hard-particle MC p_acc = 0.995475
Rad[0] = 0.0286992
rho_[42] = 0.51751
~~~~~~~~~~~~~~~~~~~~~~~~~~~~~~~~~~~~~~~
hard-particle MC p_acc = 0.9958
Rad[0] = 0.0287113
rho_[43] = 0.517948
~~~~~~~~~~~~~~~~~~~~~~~~~~~~~~~~~~~~~~~
hard-particle MC p_acc = 0.994425
Rad[0] = 0.0287135
rho_[44] = 0.518027
~~~~~~~~~~~~~~~~~~~~~~~~~~~~~~~~~~~~~~~
hard-particle MC p_acc = 0.996
Rad[0] = 0.0287226
rho_[45] = 0.518356
~~~~~~~~~~~~~~~~~~~~~~~~~~~~~~~~~~~~~~~
hard-particle MC p_acc = 0.996675
Rad[0] = 0.0287278
rho_[46] = 0.518541
~~~~~~~~~~~~~~~~~~~~~~~~~~~~~~~~~~~~~~~
hard-particle MC p_acc = 0.99435
Rad[0] = 0.0287494
rho_[47] = 0.519323
~~~~~~~~~~~~~~~~~~~~~~~~~~~~~~~~~~~~~~~
hard-particle MC p_acc = 0.993575
Rad[0] = 0.0287711
rho_[48] = 0.520106
~~~~~~~~~~~~~~~~~~~~~~~~~~~~~~~~~~~~~~~
hard-particle MC p_acc = 0.99495
Rad[0] = 0.0287802
rho_[49] = 0.520436
~~~~~~~~~~~~~~~~~~~~~~~~~~~~~~~~~~~~~~~
hard-particle MC p_acc = 0.994425
Rad[0] = 0.0287871
rho_[50] = 0.520685
~~~~~~~~~~~~~~~~~~~~~~~~~~~~~~~~~~~~~~~
hard-particle MC p_acc = 0.995775
Rad[0] = 0.0287993
rho_[51] = 0.521126
~~~~~~~~~~~~~~~~~~~~~~~~~~~~~~~~~~~~~~~
hard-particle MC p_acc = 0.997225
Rad[0] = 0.0288084
rho_[52] = 0.521457
~~~~~~~~~~~~~~~~~~~~~~~~~~~~~~~~~~~~~~~
hard-particle MC p_acc = 0.995375
Rad[0] = 0.0288123
rho_[53] = 0.521597
~~~~~~~~~~~~~~~~~~~~~~~~~~~~~~~~~~~~~~~
hard-particle MC p_acc = 0.995625
Rad[0] = 0.0288192
rho_[54] = 0.521846
~~~~~~~~~~~~~~~~~~~~~~~~~~~~~~~~~~~~~~~
hard-particle MC p_acc = 0.99545
Rad[0] = 0.0288243
rho_[55] = 0.522032
~~~~~~~~~~~~~~~~~~~~~~~~~~~~~~~~~~~~~~~
hard-particle MC p_acc = 0.99245
Rad[0] = 0.0288365
rho_[56] = 0.522475
~~~~~~~~~~~~~~~~~~~~~~~~~~~~~~~~~~~~~~~
hard-particle MC p_acc = 0.9927
Rad[0] = 0.0288457
rho_[57] = 0.522807
~~~~~~~~~~~~~~~~~~~~~~~~~~~~~~~~~~~~~~~
hard-particle MC p_acc = 0.9958
Rad[0] = 0.0288526
rho_[58] = 0.523056
~~~~~~~~~~~~~~~~~~~~~~~~~~~~~~~~~~~~~~~
hard-particle MC p_acc = 0.9947
Rad[0] = 0.0288531
rho_[59] = 0.523075
~~~~~~~~~~~~~~~~~~~~~~~~~~~~~~~~~~~~~~~
hard-particle MC p_acc = 0.993425
Rad[0] = 0.0288694
rho_[60] = 0.523666
~~~~~~~~~~~~~~~~~~~~~~~~~~~~~~~~~~~~~~~
hard-particle MC p_acc = 0.994875
Rad[0] = 0.0288786
rho_[61] = 0.523999
~~~~~~~~~~~~~~~~~~~~~~~~~~~~~~~~~~~~~~~
hard-particle MC p_acc = 0.9949
Rad[0] = 0.0288789
rho_[62] = 0.524013
~~~~~~~~~~~~~~~~~~~~~~~~~~~~~~~~~~~~~~~
hard-particle MC p_acc = 0.996375
Rad[0] = 0.0288841
rho_[63] = 0.524201
~~~~~~~~~~~~~~~~~~~~~~~~~~~~~~~~~~~~~~~
hard-particle MC p_acc = 0.9966
Rad[0] = 0.0288857
rho_[64] = 0.52426
~~~~~~~~~~~~~~~~~~~~~~~~~~~~~~~~~~~~~~~
hard-particle MC p_acc = 0.9953
Rad[0] = 0.0289148
rho_[65] = 0.525314
~~~~~~~~~~~~~~~~~~~~~~~~~~~~~~~~~~~~~~~
hard-particle MC p_acc = 0.99705
Rad[0] = 0.0289438
rho_[66] = 0.52637
~~~~~~~~~~~~~~~~~~~~~~~~~~~~~~~~~~~~~~~
hard-particle MC p_acc = 0.9925
Rad[0] = 0.0289656
rho_[67] = 0.527163
~~~~~~~~~~~~~~~~~~~~~~~~~~~~~~~~~~~~~~~
hard-particle MC p_acc = 0.9933
Rad[0] = 0.0289725
rho_[68] = 0.527415
~~~~~~~~~~~~~~~~~~~~~~~~~~~~~~~~~~~~~~~
hard-particle MC p_acc = 0.994225
Rad[0] = 0.0289817
rho_[69] = 0.52775
~~~~~~~~~~~~~~~~~~~~~~~~~~~~~~~~~~~~~~~
hard-particle MC p_acc = 0.99325
Rad[0] = 0.0289846
rho_[70] = 0.527856
~~~~~~~~~~~~~~~~~~~~~~~~~~~~~~~~~~~~~~~
hard-particle MC p_acc = 0.993925
Rad[0] = 0.0289876
rho_[71] = 0.527962
~~~~~~~~~~~~~~~~~~~~~~~~~~~~~~~~~~~~~~~
hard-particle MC p_acc = 0.992375
Rad[0] = 0.0289892
rho_[72] = 0.528022
~~~~~~~~~~~~~~~~~~~~~~~~~~~~~~~~~~~~~~~
hard-particle MC p_acc = 0.9939
Rad[0] = 0.0289931
rho_[73] = 0.528164
~~~~~~~~~~~~~~~~~~~~~~~~~~~~~~~~~~~~~~~
hard-particle MC p_acc = 0.991575
Rad[0] = 0.0289936
rho_[74] = 0.528183
~~~~~~~~~~~~~~~~~~~~~~~~~~~~~~~~~~~~~~~
hard-particle MC p_acc = 0.993175
Rad[0] = 0.0289988
rho_[75] = 0.528371
~~~~~~~~~~~~~~~~~~~~~~~~~~~~~~~~~~~~~~~
hard-particle MC p_acc = 0.995425
Rad[0] = 0.0290152
rho_[76] = 0.528969
~~~~~~~~~~~~~~~~~~~~~~~~~~~~~~~~~~~~~~~
hard-particle MC p_acc = 0.994275
Rad[0] = 0.0290221
rho_[77] = 0.529221
~~~~~~~~~~~~~~~~~~~~~~~~~~~~~~~~~~~~~~~
hard-particle MC p_acc = 0.994275
Rad[0] = 0.029026
rho_[78] = 0.529363
~~~~~~~~~~~~~~~~~~~~~~~~~~~~~~~~~~~~~~~
hard-particle MC p_acc = 0.9922
Rad[0] = 0.0290424
rho_[79] = 0.529961
~~~~~~~~~~~~~~~~~~~~~~~~~~~~~~~~~~~~~~~
hard-particle MC p_acc = 0.9934
Rad[0] = 0.0290446
rho_[80] = 0.530041
~~~~~~~~~~~~~~~~~~~~~~~~~~~~~~~~~~~~~~~
hard-particle MC p_acc = 0.992975
Rad[0] = 0.0290737
rho_[81] = 0.531107
~~~~~~~~~~~~~~~~~~~~~~~~~~~~~~~~~~~~~~~
hard-particle MC p_acc = 0.99435
Rad[0] = 0.0290807
rho_[82] = 0.53136
~~~~~~~~~~~~~~~~~~~~~~~~~~~~~~~~~~~~~~~
hard-particle MC p_acc = 0.991875
Rad[0] = 0.029093
rho_[83] = 0.53181
~~~~~~~~~~~~~~~~~~~~~~~~~~~~~~~~~~~~~~~
hard-particle MC p_acc = 0.9935
Rad[0] = 0.0291053
rho_[84] = 0.532261
~~~~~~~~~~~~~~~~~~~~~~~~~~~~~~~~~~~~~~~
hard-particle MC p_acc = 0.993825
Rad[0] = 0.0291123
rho_[85] = 0.532515
~~~~~~~~~~~~~~~~~~~~~~~~~~~~~~~~~~~~~~~
hard-particle MC p_acc = 0.995925
Rad[0] = 0.0291287
rho_[86] = 0.533117
~~~~~~~~~~~~~~~~~~~~~~~~~~~~~~~~~~~~~~~
hard-particle MC p_acc = 0.995025
Rad[0] = 0.0291357
rho_[87] = 0.533371
~~~~~~~~~~~~~~~~~~~~~~~~~~~~~~~~~~~~~~~
hard-particle MC p_acc = 0.992725
Rad[0] = 0.0291364
rho_[88] = 0.533397
~~~~~~~~~~~~~~~~~~~~~~~~~~~~~~~~~~~~~~~
hard-particle MC p_acc = 0.994775
Rad[0] = 0.0291393
rho_[89] = 0.533504
~~~~~~~~~~~~~~~~~~~~~~~~~~~~~~~~~~~~~~~
hard-particle MC p_acc = 0.99325
Rad[0] = 0.0291432
rho_[90] = 0.533647
~~~~~~~~~~~~~~~~~~~~~~~~~~~~~~~~~~~~~~~
hard-particle MC p_acc = 0.992325
Rad[0] = 0.0291461
rho_[91] = 0.533754
~~~~~~~~~~~~~~~~~~~~~~~~~~~~~~~~~~~~~~~
hard-particle MC p_acc = 0.990925
Rad[0] = 0.0291468
rho_[92] = 0.53378
~~~~~~~~~~~~~~~~~~~~~~~~~~~~~~~~~~~~~~~
hard-particle MC p_acc = 0.9932
Rad[0] = 0.0291497
rho_[93] = 0.533887
~~~~~~~~~~~~~~~~~~~~~~~~~~~~~~~~~~~~~~~
hard-particle MC p_acc = 0.99395
Rad[0] = 0.0291527
rho_[94] = 0.533995
~~~~~~~~~~~~~~~~~~~~~~~~~~~~~~~~~~~~~~~
hard-particle MC p_acc = 0.99505
Rad[0] = 0.0291549
rho_[95] = 0.534075
~~~~~~~~~~~~~~~~~~~~~~~~~~~~~~~~~~~~~~~
hard-particle MC p_acc = 0.994675
Rad[0] = 0.0291571
rho_[96] = 0.534156
~~~~~~~~~~~~~~~~~~~~~~~~~~~~~~~~~~~~~~~
hard-particle MC p_acc = 0.99635
Rad[0] = 0.0291694
rho_[97] = 0.534608
~~~~~~~~~~~~~~~~~~~~~~~~~~~~~~~~~~~~~~~
hard-particle MC p_acc = 0.99215
Rad[0] = 0.0292085
rho_[98] = 0.536042
~~~~~~~~~~~~~~~~~~~~~~~~~~~~~~~~~~~~~~~
hard-particle MC p_acc = 0.9938
Rad[0] = 0.0292155
rho_[99] = 0.536297
~~~~~~~~~~~~~~~~~~~~~~~~~~~~~~~~~~~~~~~
hard-particle MC p_acc = 0.9948
Rad[0] = 0.0292278
rho_[100] = 0.536752
~~~~~~~~~~~~~~~~~~~~~~~~~~~~~~~~~~~~~~~
hard-particle MC p_acc = 0.993575
Rad[0] = 0.0292308
rho_[101] = 0.53686
~~~~~~~~~~~~~~~~~~~~~~~~~~~~~~~~~~~~~~~
hard-particle MC p_acc = 0.9902
Rad[0] = 0.029232
rho_[102] = 0.536905
~~~~~~~~~~~~~~~~~~~~~~~~~~~~~~~~~~~~~~~
hard-particle MC p_acc = 0.990775
Rad[0] = 0.0292321
rho_[103] = 0.53691
~~~~~~~~~~~~~~~~~~~~~~~~~~~~~~~~~~~~~~~
hard-particle MC p_acc = 0.99045
Rad[0] = 0.0292374
rho_[104] = 0.537102
~~~~~~~~~~~~~~~~~~~~~~~~~~~~~~~~~~~~~~~
hard-particle MC p_acc = 0.991675
Rad[0] = 0.0292443
rho_[105] = 0.537358
~~~~~~~~~~~~~~~~~~~~~~~~~~~~~~~~~~~~~~~
hard-particle MC p_acc = 0.991075
Rad[0] = 0.0292483
rho_[106] = 0.537502
~~~~~~~~~~~~~~~~~~~~~~~~~~~~~~~~~~~~~~~
hard-particle MC p_acc = 0.991075
Rad[0] = 0.0292512
rho_[107] = 0.53761
~~~~~~~~~~~~~~~~~~~~~~~~~~~~~~~~~~~~~~~
hard-particle MC p_acc = 0.992375
Rad[0] = 0.0292564
rho_[108] = 0.537802
~~~~~~~~~~~~~~~~~~~~~~~~~~~~~~~~~~~~~~~
hard-particle MC p_acc = 0.994875
Rad[0] = 0.0292858
rho_[109] = 0.538883
~~~~~~~~~~~~~~~~~~~~~~~~~~~~~~~~~~~~~~~
hard-particle MC p_acc = 0.9918
Rad[0] = 0.0293024
rho_[110] = 0.539493
~~~~~~~~~~~~~~~~~~~~~~~~~~~~~~~~~~~~~~~
hard-particle MC p_acc = 0.99195
Rad[0] = 0.0293076
rho_[111] = 0.539685
~~~~~~~~~~~~~~~~~~~~~~~~~~~~~~~~~~~~~~~
hard-particle MC p_acc = 0.992
Rad[0] = 0.0293098
rho_[112] = 0.539767
~~~~~~~~~~~~~~~~~~~~~~~~~~~~~~~~~~~~~~~
hard-particle MC p_acc = 0.99615
Rad[0] = 0.0293128
rho_[113] = 0.539875
~~~~~~~~~~~~~~~~~~~~~~~~~~~~~~~~~~~~~~~
hard-particle MC p_acc = 0.9915
Rad[0] = 0.0293826
rho_[114] = 0.54245
~~~~~~~~~~~~~~~~~~~~~~~~~~~~~~~~~~~~~~~
hard-particle MC p_acc = 0.9926
Rad[0] = 0.0294219
rho_[115] = 0.543904
~~~~~~~~~~~~~~~~~~~~~~~~~~~~~~~~~~~~~~~
hard-particle MC p_acc = 0.9913
Rad[0] = 0.0294259
rho_[116] = 0.544049
~~~~~~~~~~~~~~~~~~~~~~~~~~~~~~~~~~~~~~~
hard-particle MC p_acc = 0.994975
Rad[0] = 0.0294262
rho_[117] = 0.54406
~~~~~~~~~~~~~~~~~~~~~~~~~~~~~~~~~~~~~~~
hard-particle MC p_acc = 0.992075
Rad[0] = 0.0294355
rho_[118] = 0.544406
~~~~~~~~~~~~~~~~~~~~~~~~~~~~~~~~~~~~~~~
hard-particle MC p_acc = 0.990475
Rad[0] = 0.0294368
rho_[119] = 0.544452
~~~~~~~~~~~~~~~~~~~~~~~~~~~~~~~~~~~~~~~
hard-particle MC p_acc = 0.993875
Rad[0] = 0.0294407
rho_[120] = 0.544599
~~~~~~~~~~~~~~~~~~~~~~~~~~~~~~~~~~~~~~~
hard-particle MC p_acc = 0.9944
Rad[0] = 0.029446
rho_[121] = 0.544793
~~~~~~~~~~~~~~~~~~~~~~~~~~~~~~~~~~~~~~~
hard-particle MC p_acc = 0.99315
Rad[0] = 0.0294512
rho_[122] = 0.544988
~~~~~~~~~~~~~~~~~~~~~~~~~~~~~~~~~~~~~~~
hard-particle MC p_acc = 0.9941
Rad[0] = 0.0294542
rho_[123] = 0.545098
~~~~~~~~~~~~~~~~~~~~~~~~~~~~~~~~~~~~~~~
hard-particle MC p_acc = 0.99335
Rad[0] = 0.0294559
rho_[124] = 0.545159
~~~~~~~~~~~~~~~~~~~~~~~~~~~~~~~~~~~~~~~
hard-particle MC p_acc = 0.99115
Rad[0] = 0.0294571
rho_[125] = 0.545206
~~~~~~~~~~~~~~~~~~~~~~~~~~~~~~~~~~~~~~~
hard-particle MC p_acc = 0.9945
Rad[0] = 0.0294641
rho_[126] = 0.545466
~~~~~~~~~~~~~~~~~~~~~~~~~~~~~~~~~~~~~~~
hard-particle MC p_acc = 0.991725
Rad[0] = 0.0294712
rho_[127] = 0.545726
~~~~~~~~~~~~~~~~~~~~~~~~~~~~~~~~~~~~~~~
hard-particle MC p_acc = 0.992575
Rad[0] = 0.0294782
rho_[128] = 0.545986
~~~~~~~~~~~~~~~~~~~~~~~~~~~~~~~~~~~~~~~
hard-particle MC p_acc = 0.99025
Rad[0] = 0.0294821
rho_[129] = 0.546132
~~~~~~~~~~~~~~~~~~~~~~~~~~~~~~~~~~~~~~~
hard-particle MC p_acc = 0.992775
Rad[0] = 0.0294874
rho_[130] = 0.546328
~~~~~~~~~~~~~~~~~~~~~~~~~~~~~~~~~~~~~~~
hard-particle MC p_acc = 0.992825
Rad[0] = 0.0294968
rho_[131] = 0.546675
~~~~~~~~~~~~~~~~~~~~~~~~~~~~~~~~~~~~~~~
hard-particle MC p_acc = 0.9943
Rad[0] = 0.0295021
rho_[132] = 0.54687
~~~~~~~~~~~~~~~~~~~~~~~~~~~~~~~~~~~~~~~
hard-particle MC p_acc = 0.995775
Rad[0] = 0.0295073
rho_[133] = 0.547066
~~~~~~~~~~~~~~~~~~~~~~~~~~~~~~~~~~~~~~~
hard-particle MC p_acc = 0.99465
Rad[0] = 0.0295096
rho_[134] = 0.547149
~~~~~~~~~~~~~~~~~~~~~~~~~~~~~~~~~~~~~~~
hard-particle MC p_acc = 0.993175
Rad[0] = 0.0295221
rho_[135] = 0.547612
~~~~~~~~~~~~~~~~~~~~~~~~~~~~~~~~~~~~~~~
hard-particle MC p_acc = 0.992075
Rad[0] = 0.0295314
rho_[136] = 0.547961
~~~~~~~~~~~~~~~~~~~~~~~~~~~~~~~~~~~~~~~
hard-particle MC p_acc = 0.99325
Rad[0] = 0.0295324
rho_[137] = 0.547995
~~~~~~~~~~~~~~~~~~~~~~~~~~~~~~~~~~~~~~~
hard-particle MC p_acc = 0.99065
Rad[0] = 0.0295418
rho_[138] = 0.548344
~~~~~~~~~~~~~~~~~~~~~~~~~~~~~~~~~~~~~~~
hard-particle MC p_acc = 0.993825
Rad[0] = 0.029543
rho_[139] = 0.54839
~~~~~~~~~~~~~~~~~~~~~~~~~~~~~~~~~~~~~~~
hard-particle MC p_acc = 0.9932
Rad[0] = 0.0295432
rho_[140] = 0.548397
~~~~~~~~~~~~~~~~~~~~~~~~~~~~~~~~~~~~~~~
hard-particle MC p_acc = 0.993825
Rad[0] = 0.0295485
rho_[141] = 0.548593
~~~~~~~~~~~~~~~~~~~~~~~~~~~~~~~~~~~~~~~
hard-particle MC p_acc = 0.9945
Rad[0] = 0.0295652
rho_[142] = 0.549213
~~~~~~~~~~~~~~~~~~~~~~~~~~~~~~~~~~~~~~~
hard-particle MC p_acc = 0.9947
Rad[0] = 0.0295722
rho_[143] = 0.549475
~~~~~~~~~~~~~~~~~~~~~~~~~~~~~~~~~~~~~~~
hard-particle MC p_acc = 0.9952
Rad[0] = 0.0295793
rho_[144] = 0.549737
~~~~~~~~~~~~~~~~~~~~~~~~~~~~~~~~~~~~~~~
hard-particle MC p_acc = 0.991625
Rad[0] = 0.0295887
rho_[145] = 0.550086
~~~~~~~~~~~~~~~~~~~~~~~~~~~~~~~~~~~~~~~
hard-particle MC p_acc = 0.991975
Rad[0] = 0.0295903
rho_[146] = 0.550148
~~~~~~~~~~~~~~~~~~~~~~~~~~~~~~~~~~~~~~~
hard-particle MC p_acc = 0.993875
Rad[0] = 0.0295943
rho_[147] = 0.550296
~~~~~~~~~~~~~~~~~~~~~~~~~~~~~~~~~~~~~~~
hard-particle MC p_acc = 0.9915
Rad[0] = 0.0295983
rho_[148] = 0.550444
~~~~~~~~~~~~~~~~~~~~~~~~~~~~~~~~~~~~~~~
hard-particle MC p_acc = 0.989275
Rad[0] = 0.0296013
rho_[149] = 0.550554
~~~~~~~~~~~~~~~~~~~~~~~~~~~~~~~~~~~~~~~
hard-particle MC p_acc = 0.985125
Rad[0] = 0.0296042
rho_[150] = 0.550665
~~~~~~~~~~~~~~~~~~~~~~~~~~~~~~~~~~~~~~~
hard-particle MC p_acc = 0.992925
Rad[0] = 0.0296113
rho_[151] = 0.550928
~~~~~~~~~~~~~~~~~~~~~~~~~~~~~~~~~~~~~~~
hard-particle MC p_acc = 0.9933
Rad[0] = 0.0296153
rho_[152] = 0.551075
~~~~~~~~~~~~~~~~~~~~~~~~~~~~~~~~~~~~~~~
hard-particle MC p_acc = 0.9909
Rad[0] = 0.0296278
rho_[153] = 0.551542
~~~~~~~~~~~~~~~~~~~~~~~~~~~~~~~~~~~~~~~
hard-particle MC p_acc = 0.9909
Rad[0] = 0.0296318
rho_[154] = 0.55169
~~~~~~~~~~~~~~~~~~~~~~~~~~~~~~~~~~~~~~~
hard-particle MC p_acc = 0.99385
Rad[0] = 0.0296371
rho_[155] = 0.551888
~~~~~~~~~~~~~~~~~~~~~~~~~~~~~~~~~~~~~~~
hard-particle MC p_acc = 0.992
Rad[0] = 0.0296594
rho_[156] = 0.55272
~~~~~~~~~~~~~~~~~~~~~~~~~~~~~~~~~~~~~~~
hard-particle MC p_acc = 0.98955
Rad[0] = 0.029672
rho_[157] = 0.553188
~~~~~~~~~~~~~~~~~~~~~~~~~~~~~~~~~~~~~~~
hard-particle MC p_acc = 0.9897
Rad[0] = 0.0296846
rho_[158] = 0.553657
~~~~~~~~~~~~~~~~~~~~~~~~~~~~~~~~~~~~~~~
hard-particle MC p_acc = 0.992175
Rad[0] = 0.0296971
rho_[159] = 0.554126
~~~~~~~~~~~~~~~~~~~~~~~~~~~~~~~~~~~~~~~
hard-particle MC p_acc = 0.992525
Rad[0] = 0.0297139
rho_[160] = 0.554753
~~~~~~~~~~~~~~~~~~~~~~~~~~~~~~~~~~~~~~~
hard-particle MC p_acc = 0.99365
Rad[0] = 0.0297234
rho_[161] = 0.555106
~~~~~~~~~~~~~~~~~~~~~~~~~~~~~~~~~~~~~~~
hard-particle MC p_acc = 0.9926
Rad[0] = 0.0297239
rho_[162] = 0.555125
~~~~~~~~~~~~~~~~~~~~~~~~~~~~~~~~~~~~~~~
hard-particle MC p_acc = 0.990625
Rad[0] = 0.0297333
rho_[163] = 0.555478
~~~~~~~~~~~~~~~~~~~~~~~~~~~~~~~~~~~~~~~
hard-particle MC p_acc = 0.9905
Rad[0] = 0.0297428
rho_[164] = 0.555832
~~~~~~~~~~~~~~~~~~~~~~~~~~~~~~~~~~~~~~~
hard-particle MC p_acc = 0.992125
Rad[0] = 0.0297445
rho_[165] = 0.555894
~~~~~~~~~~~~~~~~~~~~~~~~~~~~~~~~~~~~~~~
hard-particle MC p_acc = 0.9917
Rad[0] = 0.0297539
rho_[166] = 0.556248
~~~~~~~~~~~~~~~~~~~~~~~~~~~~~~~~~~~~~~~
hard-particle MC p_acc = 0.9913
Rad[0] = 0.0297707
rho_[167] = 0.556877
~~~~~~~~~~~~~~~~~~~~~~~~~~~~~~~~~~~~~~~
hard-particle MC p_acc = 0.992525
Rad[0] = 0.0297761
rho_[168] = 0.557076
~~~~~~~~~~~~~~~~~~~~~~~~~~~~~~~~~~~~~~~
hard-particle MC p_acc = 0.99105
Rad[0] = 0.0297929
rho_[169] = 0.557705
~~~~~~~~~~~~~~~~~~~~~~~~~~~~~~~~~~~~~~~
hard-particle MC p_acc = 0.990075
Rad[0] = 0.0298097
rho_[170] = 0.558336
~~~~~~~~~~~~~~~~~~~~~~~~~~~~~~~~~~~~~~~
hard-particle MC p_acc = 0.990075
Rad[0] = 0.0298127
rho_[171] = 0.558448
~~~~~~~~~~~~~~~~~~~~~~~~~~~~~~~~~~~~~~~
hard-particle MC p_acc = 0.98895
Rad[0] = 0.029815
rho_[172] = 0.558532
~~~~~~~~~~~~~~~~~~~~~~~~~~~~~~~~~~~~~~~
hard-particle MC p_acc = 0.991925
Rad[0] = 0.0298244
rho_[173] = 0.558888
~~~~~~~~~~~~~~~~~~~~~~~~~~~~~~~~~~~~~~~
hard-particle MC p_acc = 0.99075
Rad[0] = 0.0298254
rho_[174] = 0.558923
~~~~~~~~~~~~~~~~~~~~~~~~~~~~~~~~~~~~~~~
hard-particle MC p_acc = 0.9878
Rad[0] = 0.0298307
rho_[175] = 0.559123
~~~~~~~~~~~~~~~~~~~~~~~~~~~~~~~~~~~~~~~
hard-particle MC p_acc = 0.990275
Rad[0] = 0.0298347
rho_[176] = 0.559273
~~~~~~~~~~~~~~~~~~~~~~~~~~~~~~~~~~~~~~~
hard-particle MC p_acc = 0.98665
Rad[0] = 0.0298442
rho_[177] = 0.559629
~~~~~~~~~~~~~~~~~~~~~~~~~~~~~~~~~~~~~~~
hard-particle MC p_acc = 0.987625
Rad[0] = 0.0298465
rho_[178] = 0.559713
~~~~~~~~~~~~~~~~~~~~~~~~~~~~~~~~~~~~~~~
hard-particle MC p_acc = 0.990075
Rad[0] = 0.029847
rho_[179] = 0.559733
~~~~~~~~~~~~~~~~~~~~~~~~~~~~~~~~~~~~~~~
hard-particle MC p_acc = 0.992575
Rad[0] = 0.0298475
rho_[180] = 0.559753
~~~~~~~~~~~~~~~~~~~~~~~~~~~~~~~~~~~~~~~
hard-particle MC p_acc = 0.990775
Rad[0] = 0.0298546
rho_[181] = 0.56002
~~~~~~~~~~~~~~~~~~~~~~~~~~~~~~~~~~~~~~~
hard-particle MC p_acc = 0.992075
Rad[0] = 0.0298586
rho_[182] = 0.56017
~~~~~~~~~~~~~~~~~~~~~~~~~~~~~~~~~~~~~~~
hard-particle MC p_acc = 0.992275
Rad[0] = 0.0298658
rho_[183] = 0.560437
~~~~~~~~~~~~~~~~~~~~~~~~~~~~~~~~~~~~~~~
hard-particle MC p_acc = 0.994875
Rad[0] = 0.0298688
rho_[184] = 0.56055
~~~~~~~~~~~~~~~~~~~~~~~~~~~~~~~~~~~~~~~
hard-particle MC p_acc = 0.993825
Rad[0] = 0.0298697
rho_[185] = 0.560586
~~~~~~~~~~~~~~~~~~~~~~~~~~~~~~~~~~~~~~~
hard-particle MC p_acc = 0.98895
Rad[0] = 0.0298768
rho_[186] = 0.560853
~~~~~~~~~~~~~~~~~~~~~~~~~~~~~~~~~~~~~~~
hard-particle MC p_acc = 0.990275
Rad[0] = 0.0298798
rho_[187] = 0.560966
~~~~~~~~~~~~~~~~~~~~~~~~~~~~~~~~~~~~~~~
hard-particle MC p_acc = 0.989175
Rad[0] = 0.0298808
rho_[188] = 0.561001
~~~~~~~~~~~~~~~~~~~~~~~~~~~~~~~~~~~~~~~
hard-particle MC p_acc = 0.990875
Rad[0] = 0.0298879
rho_[189] = 0.561269
~~~~~~~~~~~~~~~~~~~~~~~~~~~~~~~~~~~~~~~
hard-particle MC p_acc = 0.990925
Rad[0] = 0.0298919
rho_[190] = 0.561419
~~~~~~~~~~~~~~~~~~~~~~~~~~~~~~~~~~~~~~~
hard-particle MC p_acc = 0.990775
Rad[0] = 0.0298942
rho_[191] = 0.561504
~~~~~~~~~~~~~~~~~~~~~~~~~~~~~~~~~~~~~~~
hard-particle MC p_acc = 0.99285
Rad[0] = 0.0298982
rho_[192] = 0.561655
~~~~~~~~~~~~~~~~~~~~~~~~~~~~~~~~~~~~~~~
hard-particle MC p_acc = 0.9925
Rad[0] = 0.0299035
rho_[193] = 0.561856
~~~~~~~~~~~~~~~~~~~~~~~~~~~~~~~~~~~~~~~
hard-particle MC p_acc = 0.990025
Rad[0] = 0.0299037
rho_[194] = 0.56186
~~~~~~~~~~~~~~~~~~~~~~~~~~~~~~~~~~~~~~~
hard-particle MC p_acc = 0.988325
Rad[0] = 0.0299067
rho_[195] = 0.561973
~~~~~~~~~~~~~~~~~~~~~~~~~~~~~~~~~~~~~~~
hard-particle MC p_acc = 0.992075
Rad[0] = 0.0299236
rho_[196] = 0.562609
~~~~~~~~~~~~~~~~~~~~~~~~~~~~~~~~~~~~~~~
hard-particle MC p_acc = 0.9925
Rad[0] = 0.0299253
rho_[197] = 0.562672
~~~~~~~~~~~~~~~~~~~~~~~~~~~~~~~~~~~~~~~
hard-particle MC p_acc = 0.989025
Rad[0] = 0.0299283
rho_[198] = 0.562785
~~~~~~~~~~~~~~~~~~~~~~~~~~~~~~~~~~~~~~~
hard-particle MC p_acc = 0.989775
Rad[0] = 0.0299305
rho_[199] = 0.56287
~~~~~~~~~~~~~~~~~~~~~~~~~~~~~~~~~~~~~~~
hard-particle MC p_acc = 0.9918
Rad[0] = 0.0299474
rho_[200] = 0.563507
~~~~~~~~~~~~~~~~~~~~~~~~~~~~~~~~~~~~~~~
hard-particle MC p_acc = 0.99175
Rad[0] = 0.0299478
rho_[201] = 0.563522
~~~~~~~~~~~~~~~~~~~~~~~~~~~~~~~~~~~~~~~
hard-particle MC p_acc = 0.988725
Rad[0] = 0.0299532
rho_[202] = 0.563723
~~~~~~~~~~~~~~~~~~~~~~~~~~~~~~~~~~~~~~~
hard-particle MC p_acc = 0.9911
Rad[0] = 0.0299545
rho_[203] = 0.563771
~~~~~~~~~~~~~~~~~~~~~~~~~~~~~~~~~~~~~~~
hard-particle MC p_acc = 0.990175
Rad[0] = 0.0299557
rho_[204] = 0.563819
~~~~~~~~~~~~~~~~~~~~~~~~~~~~~~~~~~~~~~~
hard-particle MC p_acc = 0.994025
Rad[0] = 0.0299629
rho_[205] = 0.564088
~~~~~~~~~~~~~~~~~~~~~~~~~~~~~~~~~~~~~~~
hard-particle MC p_acc = 0.990625
Rad[0] = 0.0299641
rho_[206] = 0.564136
~~~~~~~~~~~~~~~~~~~~~~~~~~~~~~~~~~~~~~~
hard-particle MC p_acc = 0.9924
Rad[0] = 0.0299644
rho_[207] = 0.564147
~~~~~~~~~~~~~~~~~~~~~~~~~~~~~~~~~~~~~~~
hard-particle MC p_acc = 0.992375
Rad[0] = 0.0299716
rho_[208] = 0.564416
~~~~~~~~~~~~~~~~~~~~~~~~~~~~~~~~~~~~~~~
hard-particle MC p_acc = 0.992275
Rad[0] = 0.0299843
rho_[209] = 0.564894
~~~~~~~~~~~~~~~~~~~~~~~~~~~~~~~~~~~~~~~
hard-particle MC p_acc = 0.99175
Rad[0] = 0.0299845
rho_[210] = 0.564901
~~~~~~~~~~~~~~~~~~~~~~~~~~~~~~~~~~~~~~~
hard-particle MC p_acc = 0.9924
Rad[0] = 0.0299898
rho_[211] = 0.565103
~~~~~~~~~~~~~~~~~~~~~~~~~~~~~~~~~~~~~~~
hard-particle MC p_acc = 0.993625
Rad[0] = 0.0299938
rho_[212] = 0.565254
~~~~~~~~~~~~~~~~~~~~~~~~~~~~~~~~~~~~~~~
hard-particle MC p_acc = 0.99285
Rad[0] = 0.0299979
rho_[213] = 0.565406
~~~~~~~~~~~~~~~~~~~~~~~~~~~~~~~~~~~~~~~
hard-particle MC p_acc = 0.992575
Rad[0] = 0.030028
rho_[214] = 0.566543
~~~~~~~~~~~~~~~~~~~~~~~~~~~~~~~~~~~~~~~
hard-particle MC p_acc = 0.989575
Rad[0] = 0.0300281
rho_[215] = 0.566547
~~~~~~~~~~~~~~~~~~~~~~~~~~~~~~~~~~~~~~~
hard-particle MC p_acc = 0.99035
Rad[0] = 0.0300304
rho_[216] = 0.566633
~~~~~~~~~~~~~~~~~~~~~~~~~~~~~~~~~~~~~~~
hard-particle MC p_acc = 0.992225
Rad[0] = 0.0300358
rho_[217] = 0.566835
~~~~~~~~~~~~~~~~~~~~~~~~~~~~~~~~~~~~~~~
hard-particle MC p_acc = 0.989775
Rad[0] = 0.0300453
rho_[218] = 0.567196
~~~~~~~~~~~~~~~~~~~~~~~~~~~~~~~~~~~~~~~
hard-particle MC p_acc = 0.990625
Rad[0] = 0.0300525
rho_[219] = 0.567466
~~~~~~~~~~~~~~~~~~~~~~~~~~~~~~~~~~~~~~~
hard-particle MC p_acc = 0.9925
Rad[0] = 0.0300525
rho_[220] = 0.567469
~~~~~~~~~~~~~~~~~~~~~~~~~~~~~~~~~~~~~~~
hard-particle MC p_acc = 0.990425
Rad[0] = 0.0300579
rho_[221] = 0.567672
~~~~~~~~~~~~~~~~~~~~~~~~~~~~~~~~~~~~~~~
hard-particle MC p_acc = 0.992625
Rad[0] = 0.0300619
rho_[222] = 0.567824
~~~~~~~~~~~~~~~~~~~~~~~~~~~~~~~~~~~~~~~
hard-particle MC p_acc = 0.992625
Rad[0] = 0.0300627
rho_[223] = 0.567851
~~~~~~~~~~~~~~~~~~~~~~~~~~~~~~~~~~~~~~~
hard-particle MC p_acc = 0.9887
Rad[0] = 0.0300698
rho_[224] = 0.568122
~~~~~~~~~~~~~~~~~~~~~~~~~~~~~~~~~~~~~~~
hard-particle MC p_acc = 0.991625
Rad[0] = 0.0300739
rho_[225] = 0.568274
~~~~~~~~~~~~~~~~~~~~~~~~~~~~~~~~~~~~~~~
hard-particle MC p_acc = 0.989225
Rad[0] = 0.0300769
rho_[226] = 0.568389
~~~~~~~~~~~~~~~~~~~~~~~~~~~~~~~~~~~~~~~
hard-particle MC p_acc = 0.993375
Rad[0] = 0.0300778
rho_[227] = 0.568425
~~~~~~~~~~~~~~~~~~~~~~~~~~~~~~~~~~~~~~~
hard-particle MC p_acc = 0.993125
Rad[0] = 0.0301005
rho_[228] = 0.569282
~~~~~~~~~~~~~~~~~~~~~~~~~~~~~~~~~~~~~~~
hard-particle MC p_acc = 0.991475
Rad[0] = 0.0301045
rho_[229] = 0.569434
~~~~~~~~~~~~~~~~~~~~~~~~~~~~~~~~~~~~~~~
hard-particle MC p_acc = 0.98895
Rad[0] = 0.0301099
rho_[230] = 0.569638
~~~~~~~~~~~~~~~~~~~~~~~~~~~~~~~~~~~~~~~
hard-particle MC p_acc = 0.9925
Rad[0] = 0.0301129
rho_[231] = 0.569753
~~~~~~~~~~~~~~~~~~~~~~~~~~~~~~~~~~~~~~~
hard-particle MC p_acc = 0.9908
Rad[0] = 0.0301356
rho_[232] = 0.570611
~~~~~~~~~~~~~~~~~~~~~~~~~~~~~~~~~~~~~~~
hard-particle MC p_acc = 0.994625
Rad[0] = 0.0301397
rho_[233] = 0.570764
~~~~~~~~~~~~~~~~~~~~~~~~~~~~~~~~~~~~~~~
hard-particle MC p_acc = 0.99005
Rad[0] = 0.0301469
rho_[234] = 0.571037
~~~~~~~~~~~~~~~~~~~~~~~~~~~~~~~~~~~~~~~
hard-particle MC p_acc = 0.99115
Rad[0] = 0.0301486
rho_[235] = 0.571101
~~~~~~~~~~~~~~~~~~~~~~~~~~~~~~~~~~~~~~~
hard-particle MC p_acc = 0.991075
Rad[0] = 0.0301581
rho_[236] = 0.571464
~~~~~~~~~~~~~~~~~~~~~~~~~~~~~~~~~~~~~~~
hard-particle MC p_acc = 0.99005
Rad[0] = 0.0301594
rho_[237] = 0.571513
~~~~~~~~~~~~~~~~~~~~~~~~~~~~~~~~~~~~~~~
hard-particle MC p_acc = 0.988225
Rad[0] = 0.0301617
rho_[238] = 0.571599
~~~~~~~~~~~~~~~~~~~~~~~~~~~~~~~~~~~~~~~
hard-particle MC p_acc = 0.9888
Rad[0] = 0.0301624
rho_[239] = 0.571626
~~~~~~~~~~~~~~~~~~~~~~~~~~~~~~~~~~~~~~~
hard-particle MC p_acc = 0.990825
Rad[0] = 0.030163
rho_[240] = 0.571647
~~~~~~~~~~~~~~~~~~~~~~~~~~~~~~~~~~~~~~~
hard-particle MC p_acc = 0.991375
Rad[0] = 0.0301639
rho_[241] = 0.571683
~~~~~~~~~~~~~~~~~~~~~~~~~~~~~~~~~~~~~~~
hard-particle MC p_acc = 0.992875
Rad[0] = 0.0301656
rho_[242] = 0.571748
~~~~~~~~~~~~~~~~~~~~~~~~~~~~~~~~~~~~~~~
hard-particle MC p_acc = 0.992675
Rad[0] = 0.0301687
rho_[243] = 0.571863
~~~~~~~~~~~~~~~~~~~~~~~~~~~~~~~~~~~~~~~
hard-particle MC p_acc = 0.992675
Rad[0] = 0.0301709
rho_[244] = 0.571949
~~~~~~~~~~~~~~~~~~~~~~~~~~~~~~~~~~~~~~~
hard-particle MC p_acc = 0.993025
Rad[0] = 0.0301763
rho_[245] = 0.572154
~~~~~~~~~~~~~~~~~~~~~~~~~~~~~~~~~~~~~~~
hard-particle MC p_acc = 0.9906
Rad[0] = 0.0301804
rho_[246] = 0.572307
~~~~~~~~~~~~~~~~~~~~~~~~~~~~~~~~~~~~~~~
hard-particle MC p_acc = 0.990025
Rad[0] = 0.0301834
rho_[247] = 0.572422
~~~~~~~~~~~~~~~~~~~~~~~~~~~~~~~~~~~~~~~
hard-particle MC p_acc = 0.993225
Rad[0] = 0.0301841
rho_[248] = 0.572449
~~~~~~~~~~~~~~~~~~~~~~~~~~~~~~~~~~~~~~~
hard-particle MC p_acc = 0.993275
Rad[0] = 0.0301882
rho_[249] = 0.572603
~~~~~~~~~~~~~~~~~~~~~~~~~~~~~~~~~~~~~~~
hard-particle MC p_acc = 0.99245
Rad[0] = 0.0301912
rho_[250] = 0.572718
~~~~~~~~~~~~~~~~~~~~~~~~~~~~~~~~~~~~~~~
hard-particle MC p_acc = 0.990575
Rad[0] = 0.0301984
rho_[251] = 0.572991
~~~~~~~~~~~~~~~~~~~~~~~~~~~~~~~~~~~~~~~
hard-particle MC p_acc = 0.992675
Rad[0] = 0.0301986
rho_[252] = 0.573
~~~~~~~~~~~~~~~~~~~~~~~~~~~~~~~~~~~~~~~
hard-particle MC p_acc = 0.992
Rad[0] = 0.0302114
rho_[253] = 0.573486
~~~~~~~~~~~~~~~~~~~~~~~~~~~~~~~~~~~~~~~
hard-particle MC p_acc = 0.99305
Rad[0] = 0.0302242
rho_[254] = 0.573972
~~~~~~~~~~~~~~~~~~~~~~~~~~~~~~~~~~~~~~~
hard-particle MC p_acc = 0.990675
Rad[0] = 0.0302259
rho_[255] = 0.574037
~~~~~~~~~~~~~~~~~~~~~~~~~~~~~~~~~~~~~~~
hard-particle MC p_acc = 0.991725
Rad[0] = 0.03023
rho_[256] = 0.574191
~~~~~~~~~~~~~~~~~~~~~~~~~~~~~~~~~~~~~~~
hard-particle MC p_acc = 0.989725
Rad[0] = 0.0302372
rho_[257] = 0.574465
~~~~~~~~~~~~~~~~~~~~~~~~~~~~~~~~~~~~~~~
hard-particle MC p_acc = 0.987975
Rad[0] = 0.0302543
rho_[258] = 0.575114
~~~~~~~~~~~~~~~~~~~~~~~~~~~~~~~~~~~~~~~
hard-particle MC p_acc = 0.9909
Rad[0] = 0.0302597
rho_[259] = 0.57532
~~~~~~~~~~~~~~~~~~~~~~~~~~~~~~~~~~~~~~~
hard-particle MC p_acc = 0.988575
Rad[0] = 0.0302601
rho_[260] = 0.575335
~~~~~~~~~~~~~~~~~~~~~~~~~~~~~~~~~~~~~~~
hard-particle MC p_acc = 0.98755
Rad[0] = 0.0302697
rho_[261] = 0.575701
~~~~~~~~~~~~~~~~~~~~~~~~~~~~~~~~~~~~~~~
hard-particle MC p_acc = 0.9926
Rad[0] = 0.030272
rho_[262] = 0.575788
~~~~~~~~~~~~~~~~~~~~~~~~~~~~~~~~~~~~~~~
hard-particle MC p_acc = 0.990725
Rad[0] = 0.0302948
rho_[263] = 0.576656
~~~~~~~~~~~~~~~~~~~~~~~~~~~~~~~~~~~~~~~
hard-particle MC p_acc = 0.9892
Rad[0] = 0.0303002
rho_[264] = 0.576862
~~~~~~~~~~~~~~~~~~~~~~~~~~~~~~~~~~~~~~~
hard-particle MC p_acc = 0.993625
Rad[0] = 0.0303025
rho_[265] = 0.576949
~~~~~~~~~~~~~~~~~~~~~~~~~~~~~~~~~~~~~~~
hard-particle MC p_acc = 0.993225
Rad[0] = 0.0303121
rho_[266] = 0.577316
~~~~~~~~~~~~~~~~~~~~~~~~~~~~~~~~~~~~~~~
hard-particle MC p_acc = 0.991875
Rad[0] = 0.0303194
rho_[267] = 0.577591
~~~~~~~~~~~~~~~~~~~~~~~~~~~~~~~~~~~~~~~
hard-particle MC p_acc = 0.99435
Rad[0] = 0.0303248
rho_[268] = 0.577797
~~~~~~~~~~~~~~~~~~~~~~~~~~~~~~~~~~~~~~~
hard-particle MC p_acc = 0.990475
Rad[0] = 0.0303302
rho_[269] = 0.578004
~~~~~~~~~~~~~~~~~~~~~~~~~~~~~~~~~~~~~~~
hard-particle MC p_acc = 0.992125
Rad[0] = 0.0303304
rho_[270] = 0.578013
~~~~~~~~~~~~~~~~~~~~~~~~~~~~~~~~~~~~~~~
hard-particle MC p_acc = 0.99
Rad[0] = 0.0303307
rho_[271] = 0.578021
~~~~~~~~~~~~~~~~~~~~~~~~~~~~~~~~~~~~~~~
hard-particle MC p_acc = 0.98935
Rad[0] = 0.0303403
rho_[272] = 0.578389
~~~~~~~~~~~~~~~~~~~~~~~~~~~~~~~~~~~~~~~
hard-particle MC p_acc = 0.9913
Rad[0] = 0.0303409
rho_[273] = 0.57841
~~~~~~~~~~~~~~~~~~~~~~~~~~~~~~~~~~~~~~~
hard-particle MC p_acc = 0.991475
Rad[0] = 0.0303413
rho_[274] = 0.578425
~~~~~~~~~~~~~~~~~~~~~~~~~~~~~~~~~~~~~~~
hard-particle MC p_acc = 0.99335
Rad[0] = 0.0303443
rho_[275] = 0.578542
~~~~~~~~~~~~~~~~~~~~~~~~~~~~~~~~~~~~~~~
hard-particle MC p_acc = 0.992925
Rad[0] = 0.030346
rho_[276] = 0.578607
~~~~~~~~~~~~~~~~~~~~~~~~~~~~~~~~~~~~~~~
hard-particle MC p_acc = 0.991175
Rad[0] = 0.0303477
rho_[277] = 0.578672
~~~~~~~~~~~~~~~~~~~~~~~~~~~~~~~~~~~~~~~
hard-particle MC p_acc = 0.99365
Rad[0] = 0.03035
rho_[278] = 0.57876
~~~~~~~~~~~~~~~~~~~~~~~~~~~~~~~~~~~~~~~
hard-particle MC p_acc = 0.991675
Rad[0] = 0.0303504
rho_[279] = 0.578775
~~~~~~~~~~~~~~~~~~~~~~~~~~~~~~~~~~~~~~~
hard-particle MC p_acc = 0.992275
Rad[0] = 0.0303517
rho_[280] = 0.578824
~~~~~~~~~~~~~~~~~~~~~~~~~~~~~~~~~~~~~~~
hard-particle MC p_acc = 0.991
Rad[0] = 0.030359
rho_[281] = 0.5791
~~~~~~~~~~~~~~~~~~~~~~~~~~~~~~~~~~~~~~~
hard-particle MC p_acc = 0.990075
Rad[0] = 0.0303686
rho_[282] = 0.579469
~~~~~~~~~~~~~~~~~~~~~~~~~~~~~~~~~~~~~~~
hard-particle MC p_acc = 0.99385
Rad[0] = 0.0303688
rho_[283] = 0.579475
~~~~~~~~~~~~~~~~~~~~~~~~~~~~~~~~~~~~~~~
hard-particle MC p_acc = 0.99465
Rad[0] = 0.0303817
rho_[284] = 0.579966
~~~~~~~~~~~~~~~~~~~~~~~~~~~~~~~~~~~~~~~
hard-particle MC p_acc = 0.993725
Soft-core quenching p_acc = 0.50235
Final energy of stage 285  = 93.0572
Rad[0] = 0.030384
rho_[285] = 0.580054
~~~~~~~~~~~~~~~~~~~~~~~~~~~~~~~~~~~~~~~
hard-particle MC p_acc = 0.9935
Soft-core quenching p_acc = 0.513725
Final energy of stage 286  = 92.9706
Rad[0] = 0.0303842
rho_[286] = 0.580063
~~~~~~~~~~~~~~~~~~~~~~~~~~~~~~~~~~~~~~~
hard-particle MC p_acc = 0.987075
Soft-core quenching p_acc = 0.51635
Final energy of stage 287  = 92.9161
Rad[0] = 0.0303844
rho_[287] = 0.580071
~~~~~~~~~~~~~~~~~~~~~~~~~~~~~~~~~~~~~~~
hard-particle MC p_acc = 0.9835
Soft-core quenching p_acc = 0.509825
Final energy of stage 288  = 92.8843
Rad[0] = 0.0303845
rho_[288] = 0.580076
~~~~~~~~~~~~~~~~~~~~~~~~~~~~~~~~~~~~~~~
hard-particle MC p_acc = 0.983275
Soft-core quenching p_acc = 0.496325
Final energy of stage 289  = 92.8669
Rad[0] = 0.0303847
rho_[289] = 0.580083
~~~~~~~~~~~~~~~~~~~~~~~~~~~~~~~~~~~~~~~
hard-particle MC p_acc = 0.987325
Soft-core quenching p_acc = 0.485375
Final energy of stage 290  = 92.8566
Rad[0] = 0.0303849
rho_[290] = 0.580089
~~~~~~~~~~~~~~~~~~~~~~~~~~~~~~~~~~~~~~~
hard-particle MC p_acc = 0.992075
Soft-core quenching p_acc = 0.4734
Final energy of stage 291  = 92.8491
Rad[0] = 0.0303854
rho_[291] = 0.58011
~~~~~~~~~~~~~~~~~~~~~~~~~~~~~~~~~~~~~~~
hard-particle MC p_acc = 0.99385
Soft-core quenching p_acc = 0.456675
Final energy of stage 292  = 92.8431
Rad[0] = 0.030386
rho_[292] = 0.580131
~~~~~~~~~~~~~~~~~~~~~~~~~~~~~~~~~~~~~~~
hard-particle MC p_acc = 0.99605
Soft-core quenching p_acc = 0.453725
Final energy of stage 293  = 92.8379
Rad[0] = 0.030386
rho_[293] = 0.580134
~~~~~~~~~~~~~~~~~~~~~~~~~~~~~~~~~~~~~~~
hard-particle MC p_acc = 0.997075
Soft-core quenching p_acc = 0.424875
Final energy of stage 294  = 92.8338
Rad[0] = 0.0303865
rho_[294] = 0.580149
~~~~~~~~~~~~~~~~~~~~~~~~~~~~~~~~~~~~~~~
hard-particle MC p_acc = 0.99775
Soft-core quenching p_acc = 0.430525
Final energy of stage 295  = 92.8303
Rad[0] = 0.0303865
rho_[295] = 0.58015
~~~~~~~~~~~~~~~~~~~~~~~~~~~~~~~~~~~~~~~
hard-particle MC p_acc = 0.995325
Soft-core quenching p_acc = 0.4191
Final energy of stage 296  = 92.8273
Rad[0] = 0.0303878
rho_[296] = 0.580199
~~~~~~~~~~~~~~~~~~~~~~~~~~~~~~~~~~~~~~~
hard-particle MC p_acc = 0.99515
Soft-core quenching p_acc = 0.42305
Final energy of stage 297  = 92.8247
Rad[0] = 0.0303878
rho_[297] = 0.580203
~~~~~~~~~~~~~~~~~~~~~~~~~~~~~~~~~~~~~~~
hard-particle MC p_acc = 0.99635
Soft-core quenching p_acc = 0.41905
Final energy of stage 298  = 92.8223
Rad[0] = 0.030388
rho_[298] = 0.580209
~~~~~~~~~~~~~~~~~~~~~~~~~~~~~~~~~~~~~~~
hard-particle MC p_acc = 0.995875
Soft-core quenching p_acc = 0.41245
Final energy of stage 299  = 92.8199
Rad[0] = 0.0303882
rho_[299] = 0.580214
~~~~~~~~~~~~~~~~~~~~~~~~~~~~~~~~~~~~~~~
hard-particle MC p_acc = 0.99665
Soft-core quenching p_acc = 0.403325
Final energy of stage 300  = 92.8176
Rad[0] = 0.0303891
rho_[300] = 0.580251
~~~~~~~~~~~~~~~~~~~~~~~~~~~~~~~~~~~~~~~
hard-particle MC p_acc = 0.995125
Soft-core quenching p_acc = 0.404925
Final energy of stage 301  = 92.8152
Rad[0] = 0.0303901
rho_[301] = 0.580288
~~~~~~~~~~~~~~~~~~~~~~~~~~~~~~~~~~~~~~~
hard-particle MC p_acc = 0.9947
Soft-core quenching p_acc = 0.40125
Final energy of stage 302  = 92.813
Rad[0] = 0.0303901
rho_[302] = 0.580289
~~~~~~~~~~~~~~~~~~~~~~~~~~~~~~~~~~~~~~~
hard-particle MC p_acc = 0.99435
Soft-core quenching p_acc = 0.4018
Final energy of stage 303  = 92.8109
Rad[0] = 0.0303902
rho_[303] = 0.580294
~~~~~~~~~~~~~~~~~~~~~~~~~~~~~~~~~~~~~~~
hard-particle MC p_acc = 0.99575
Soft-core quenching p_acc = 0.4018
Final energy of stage 304  = 92.809
Rad[0] = 0.0303906
rho_[304] = 0.58031
~~~~~~~~~~~~~~~~~~~~~~~~~~~~~~~~~~~~~~~
hard-particle MC p_acc = 0.995525
Soft-core quenching p_acc = 0.392125
Final energy of stage 305  = 92.8073
Rad[0] = 0.0303914
rho_[305] = 0.580337
~~~~~~~~~~~~~~~~~~~~~~~~~~~~~~~~~~~~~~~
hard-particle MC p_acc = 0.99595
Soft-core quenching p_acc = 0.391225
Final energy of stage 306  = 92.8057
Rad[0] = 0.0303915
rho_[306] = 0.580341
~~~~~~~~~~~~~~~~~~~~~~~~~~~~~~~~~~~~~~~
hard-particle MC p_acc = 0.997
Soft-core quenching p_acc = 0.38505
Final energy of stage 307  = 92.8042
Rad[0] = 0.0303938
rho_[307] = 0.580428
~~~~~~~~~~~~~~~~~~~~~~~~~~~~~~~~~~~~~~~
hard-particle MC p_acc = 0.99575
Soft-core quenching p_acc = 0.37025
Final energy of stage 308  = 92.8028
Rad[0] = 0.030395
rho_[308] = 0.580478
~~~~~~~~~~~~~~~~~~~~~~~~~~~~~~~~~~~~~~~
hard-particle MC p_acc = 0.994575
Soft-core quenching p_acc = 0.36005
Final energy of stage 309  = 92.8016
Rad[0] = 0.0303955
rho_[309] = 0.580493
~~~~~~~~~~~~~~~~~~~~~~~~~~~~~~~~~~~~~~~
hard-particle MC p_acc = 0.997275
Soft-core quenching p_acc = 0.350875
Final energy of stage 310  = 92.8005
Rad[0] = 0.0303958
rho_[310] = 0.580505
~~~~~~~~~~~~~~~~~~~~~~~~~~~~~~~~~~~~~~~
hard-particle MC p_acc = 0.996575
Soft-core quenching p_acc = 0.355275
Final energy of stage 311  = 92.7994
Rad[0] = 0.0303965
rho_[311] = 0.580533
~~~~~~~~~~~~~~~~~~~~~~~~~~~~~~~~~~~~~~~
hard-particle MC p_acc = 0.994425
Soft-core quenching p_acc = 0.340325
Final energy of stage 312  = 92.7985
Rad[0] = 0.030397
rho_[312] = 0.580553
~~~~~~~~~~~~~~~~~~~~~~~~~~~~~~~~~~~~~~~
hard-particle MC p_acc = 0.996175
Soft-core quenching p_acc = 0.343825
Final energy of stage 313  = 92.7975
Rad[0] = 0.0303973
rho_[313] = 0.580562
~~~~~~~~~~~~~~~~~~~~~~~~~~~~~~~~~~~~~~~
hard-particle MC p_acc = 0.99875
Soft-core quenching p_acc = 0.340775
Final energy of stage 314  = 92.7967
Rad[0] = 0.0303975
rho_[314] = 0.580571
~~~~~~~~~~~~~~~~~~~~~~~~~~~~~~~~~~~~~~~
hard-particle MC p_acc = 0.99675
Soft-core quenching p_acc = 0.340325
Final energy of stage 315  = 92.7959
Rad[0] = 0.0303975
rho_[315] = 0.580573
~~~~~~~~~~~~~~~~~~~~~~~~~~~~~~~~~~~~~~~
hard-particle MC p_acc = 0.9954
Soft-core quenching p_acc = 0.32705
Final energy of stage 316  = 92.7951
Rad[0] = 0.0303976
rho_[316] = 0.580576
~~~~~~~~~~~~~~~~~~~~~~~~~~~~~~~~~~~~~~~
hard-particle MC p_acc = 0.9969
Soft-core quenching p_acc = 0.316275
Final energy of stage 317  = 92.7945
Rad[0] = 0.0303977
rho_[317] = 0.580578
~~~~~~~~~~~~~~~~~~~~~~~~~~~~~~~~~~~~~~~
hard-particle MC p_acc = 0.99555
Soft-core quenching p_acc = 0.3067
Final energy of stage 318  = 92.7937
Rad[0] = 0.030399
rho_[318] = 0.580627
~~~~~~~~~~~~~~~~~~~~~~~~~~~~~~~~~~~~~~~
hard-particle MC p_acc = 0.997525
Soft-core quenching p_acc = 0.3084
Final energy of stage 319  = 92.793
Rad[0] = 0.0303991
rho_[319] = 0.580632
~~~~~~~~~~~~~~~~~~~~~~~~~~~~~~~~~~~~~~~
hard-particle MC p_acc = 0.996075
Soft-core quenching p_acc = 0.30145
Final energy of stage 320  = 92.7923
Rad[0] = 0.0303991
rho_[320] = 0.580634
~~~~~~~~~~~~~~~~~~~~~~~~~~~~~~~~~~~~~~~
hard-particle MC p_acc = 0.998575
Soft-core quenching p_acc = 0.3161
Final energy of stage 321  = 92.7915
Rad[0] = 0.0304004
rho_[321] = 0.580683
~~~~~~~~~~~~~~~~~~~~~~~~~~~~~~~~~~~~~~~
hard-particle MC p_acc = 0.9967
Soft-core quenching p_acc = 0.31555
Final energy of stage 322  = 92.7907
Rad[0] = 0.0304005
rho_[322] = 0.580687
~~~~~~~~~~~~~~~~~~~~~~~~~~~~~~~~~~~~~~~
hard-particle MC p_acc = 0.99655
Soft-core quenching p_acc = 0.313
Final energy of stage 323  = 92.79
Rad[0] = 0.0304007
rho_[323] = 0.580694
~~~~~~~~~~~~~~~~~~~~~~~~~~~~~~~~~~~~~~~
hard-particle MC p_acc = 0.99485
Soft-core quenching p_acc = 0.319525
Final energy of stage 324  = 92.7892
Rad[0] = 0.0304012
rho_[324] = 0.580714
~~~~~~~~~~~~~~~~~~~~~~~~~~~~~~~~~~~~~~~
hard-particle MC p_acc = 0.997375
Soft-core quenching p_acc = 0.3064
Final energy of stage 325  = 92.7886
Rad[0] = 0.0304017
rho_[325] = 0.58073
~~~~~~~~~~~~~~~~~~~~~~~~~~~~~~~~~~~~~~~
hard-particle MC p_acc = 0.9974
Soft-core quenching p_acc = 0.301125
Final energy of stage 326  = 92.788
Rad[0] = 0.0304017
rho_[326] = 0.580731
~~~~~~~~~~~~~~~~~~~~~~~~~~~~~~~~~~~~~~~
hard-particle MC p_acc = 0.99695
Soft-core quenching p_acc = 0.3095
Final energy of stage 327  = 92.7872
Rad[0] = 0.0304018
rho_[327] = 0.580735
~~~~~~~~~~~~~~~~~~~~~~~~~~~~~~~~~~~~~~~
hard-particle MC p_acc = 0.9938
Soft-core quenching p_acc = 0.29965
Final energy of stage 328  = 92.7865
Rad[0] = 0.0304018
rho_[328] = 0.580737
~~~~~~~~~~~~~~~~~~~~~~~~~~~~~~~~~~~~~~~
hard-particle MC p_acc = 0.9944
Soft-core quenching p_acc = 0.3076
Final energy of stage 329  = 92.7859
Rad[0] = 0.0304018
rho_[329] = 0.580737
~~~~~~~~~~~~~~~~~~~~~~~~~~~~~~~~~~~~~~~
hard-particle MC p_acc = 0.995925
Soft-core quenching p_acc = 0.30755
Final energy of stage 330  = 92.7852
Rad[0] = 0.0304022
rho_[330] = 0.580752
~~~~~~~~~~~~~~~~~~~~~~~~~~~~~~~~~~~~~~~
hard-particle MC p_acc = 0.994475
Soft-core quenching p_acc = 0.30655
Final energy of stage 331  = 92.7845
Rad[0] = 0.0304025
rho_[331] = 0.580764
~~~~~~~~~~~~~~~~~~~~~~~~~~~~~~~~~~~~~~~
hard-particle MC p_acc = 0.993425
Soft-core quenching p_acc = 0.288325
Final energy of stage 332  = 92.7838
Rad[0] = 0.0304027
rho_[332] = 0.580771
~~~~~~~~~~~~~~~~~~~~~~~~~~~~~~~~~~~~~~~
hard-particle MC p_acc = 0.996125
Soft-core quenching p_acc = 0.2955
Final energy of stage 333  = 92.7831
Rad[0] = 0.0304029
rho_[333] = 0.58078
~~~~~~~~~~~~~~~~~~~~~~~~~~~~~~~~~~~~~~~
hard-particle MC p_acc = 0.9961
Soft-core quenching p_acc = 0.288725
Final energy of stage 334  = 92.7824
Rad[0] = 0.030403
rho_[334] = 0.580782
~~~~~~~~~~~~~~~~~~~~~~~~~~~~~~~~~~~~~~~
hard-particle MC p_acc = 0.995375
Soft-core quenching p_acc = 0.30735
Final energy of stage 335  = 92.7817
Rad[0] = 0.0304036
rho_[335] = 0.580803
~~~~~~~~~~~~~~~~~~~~~~~~~~~~~~~~~~~~~~~
hard-particle MC p_acc = 0.9975
Soft-core quenching p_acc = 0.316325
Final energy of stage 336  = 92.7809
Rad[0] = 0.0304037
rho_[336] = 0.580808
~~~~~~~~~~~~~~~~~~~~~~~~~~~~~~~~~~~~~~~
hard-particle MC p_acc = 0.996325
Soft-core quenching p_acc = 0.3088
Final energy of stage 337  = 92.7802
Rad[0] = 0.030405
rho_[337] = 0.580857
~~~~~~~~~~~~~~~~~~~~~~~~~~~~~~~~~~~~~~~
hard-particle MC p_acc = 0.9957
Soft-core quenching p_acc = 0.3097
Final energy of stage 338  = 92.7794
Rad[0] = 0.0304057
rho_[338] = 0.580885
~~~~~~~~~~~~~~~~~~~~~~~~~~~~~~~~~~~~~~~
hard-particle MC p_acc = 0.9971
Soft-core quenching p_acc = 0.29415
Final energy of stage 339  = 92.7786
Rad[0] = 0.0304067
rho_[339] = 0.580922
~~~~~~~~~~~~~~~~~~~~~~~~~~~~~~~~~~~~~~~
hard-particle MC p_acc = 0.996375
Soft-core quenching p_acc = 0.286675
Final energy of stage 340  = 92.7779
Rad[0] = 0.0304068
rho_[340] = 0.580925
~~~~~~~~~~~~~~~~~~~~~~~~~~~~~~~~~~~~~~~
hard-particle MC p_acc = 0.998725
Soft-core quenching p_acc = 0.2645
Final energy of stage 341  = 92.7771
Rad[0] = 0.0304072
rho_[341] = 0.58094
~~~~~~~~~~~~~~~~~~~~~~~~~~~~~~~~~~~~~~~
hard-particle MC p_acc = 0.9978
Soft-core quenching p_acc = 0.255675
Final energy of stage 342  = 92.7764
Rad[0] = 0.0304089
rho_[342] = 0.581006
~~~~~~~~~~~~~~~~~~~~~~~~~~~~~~~~~~~~~~~
hard-particle MC p_acc = 0.998
Soft-core quenching p_acc = 0.2697
Final energy of stage 343  = 92.7757
Rad[0] = 0.030409
rho_[343] = 0.581009
~~~~~~~~~~~~~~~~~~~~~~~~~~~~~~~~~~~~~~~
hard-particle MC p_acc = 0.997325
Soft-core quenching p_acc = 0.291425
Final energy of stage 344  = 92.775
Rad[0] = 0.0304097
rho_[344] = 0.581037
~~~~~~~~~~~~~~~~~~~~~~~~~~~~~~~~~~~~~~~
hard-particle MC p_acc = 0.99655
Soft-core quenching p_acc = 0.315975
Final energy of stage 345  = 92.7741
Rad[0] = 0.0304102
rho_[345] = 0.581057
~~~~~~~~~~~~~~~~~~~~~~~~~~~~~~~~~~~~~~~
hard-particle MC p_acc = 0.998275
Soft-core quenching p_acc = 0.322175
Final energy of stage 346  = 92.7733
Rad[0] = 0.0304106
rho_[346] = 0.581073
~~~~~~~~~~~~~~~~~~~~~~~~~~~~~~~~~~~~~~~
hard-particle MC p_acc = 0.99745
Soft-core quenching p_acc = 0.323275
Final energy of stage 347  = 92.7725
Rad[0] = 0.0304114
rho_[347] = 0.581101
~~~~~~~~~~~~~~~~~~~~~~~~~~~~~~~~~~~~~~~
hard-particle MC p_acc = 0.99775
Soft-core quenching p_acc = 0.326675
Final energy of stage 348  = 92.7717
Rad[0] = 0.0304121
rho_[348] = 0.581128
~~~~~~~~~~~~~~~~~~~~~~~~~~~~~~~~~~~~~~~
hard-particle MC p_acc = 0.998475
Soft-core quenching p_acc = 0.3251
Final energy of stage 349  = 92.7709
Rad[0] = 0.0304121
rho_[349] = 0.581129
~~~~~~~~~~~~~~~~~~~~~~~~~~~~~~~~~~~~~~~
hard-particle MC p_acc = 0.997525
Soft-core quenching p_acc = 0.320925
Final energy of stage 350  = 92.7701
Rad[0] = 0.0304134
rho_[350] = 0.581178
~~~~~~~~~~~~~~~~~~~~~~~~~~~~~~~~~~~~~~~
hard-particle MC p_acc = 0.997075
Soft-core quenching p_acc = 0.3127
Final energy of stage 351  = 92.7693
Rad[0] = 0.0304136
rho_[351] = 0.581185
~~~~~~~~~~~~~~~~~~~~~~~~~~~~~~~~~~~~~~~
hard-particle MC p_acc = 0.998425
Soft-core quenching p_acc = 0.324475
Final energy of stage 352  = 92.7684
Rad[0] = 0.0304137
rho_[352] = 0.58119
~~~~~~~~~~~~~~~~~~~~~~~~~~~~~~~~~~~~~~~
hard-particle MC p_acc = 0.99815
Soft-core quenching p_acc = 0.307575
Final energy of stage 353  = 92.7676
Rad[0] = 0.0304137
rho_[353] = 0.581191
~~~~~~~~~~~~~~~~~~~~~~~~~~~~~~~~~~~~~~~
hard-particle MC p_acc = 0.99835
Soft-core quenching p_acc = 0.3024
Final energy of stage 354  = 92.7668
Rad[0] = 0.030415
rho_[354] = 0.58124
~~~~~~~~~~~~~~~~~~~~~~~~~~~~~~~~~~~~~~~
hard-particle MC p_acc = 0.99875
Soft-core quenching p_acc = 0.30585
Final energy of stage 355  = 92.766
Rad[0] = 0.0304247
rho_[355] = 0.58161
~~~~~~~~~~~~~~~~~~~~~~~~~~~~~~~~~~~~~~~
hard-particle MC p_acc = 0.9978
Soft-core quenching p_acc = 0.315525
Final energy of stage 356  = 92.7652
Rad[0] = 0.0304288
rho_[356] = 0.581766
~~~~~~~~~~~~~~~~~~~~~~~~~~~~~~~~~~~~~~~
hard-particle MC p_acc = 0.9983
Soft-core quenching p_acc = 0.307475
Final energy of stage 357  = 92.7645
Rad[0] = 0.0304291
rho_[357] = 0.581778
~~~~~~~~~~~~~~~~~~~~~~~~~~~~~~~~~~~~~~~
hard-particle MC p_acc = 0.997275
Soft-core quenching p_acc = 0.3073
Final energy of stage 358  = 92.7638
Rad[0] = 0.03043
rho_[358] = 0.581815
~~~~~~~~~~~~~~~~~~~~~~~~~~~~~~~~~~~~~~~
hard-particle MC p_acc = 0.99795
Soft-core quenching p_acc = 0.302875
Final energy of stage 359  = 92.763
Rad[0] = 0.0304373
rho_[359] = 0.582092
~~~~~~~~~~~~~~~~~~~~~~~~~~~~~~~~~~~~~~~
hard-particle MC p_acc = 0.99825
Soft-core quenching p_acc = 0.288925
Final energy of stage 360  = 92.7623
Rad[0] = 0.0304373
rho_[360] = 0.582092
~~~~~~~~~~~~~~~~~~~~~~~~~~~~~~~~~~~~~~~
hard-particle MC p_acc = 0.9979
Soft-core quenching p_acc = 0.274
Final energy of stage 361  = 92.7617
Rad[0] = 0.0304404
rho_[361] = 0.58221
~~~~~~~~~~~~~~~~~~~~~~~~~~~~~~~~~~~~~~~
hard-particle MC p_acc = 0.9978
Soft-core quenching p_acc = 0.274575
Final energy of stage 362  = 92.761
Rad[0] = 0.0304404
rho_[362] = 0.582212
~~~~~~~~~~~~~~~~~~~~~~~~~~~~~~~~~~~~~~~
hard-particle MC p_acc = 0.997075
Soft-core quenching p_acc = 0.25485
Final energy of stage 363  = 92.7604
Rad[0] = 0.0304408
rho_[363] = 0.582228
~~~~~~~~~~~~~~~~~~~~~~~~~~~~~~~~~~~~~~~
hard-particle MC p_acc = 0.997175
Soft-core quenching p_acc = 0.232275
Final energy of stage 364  = 92.7599
Rad[0] = 0.030441
rho_[364] = 0.582235
~~~~~~~~~~~~~~~~~~~~~~~~~~~~~~~~~~~~~~~
hard-particle MC p_acc = 0.996475
Soft-core quenching p_acc = 0.244
Final energy of stage 365  = 92.7594
Rad[0] = 0.0304411
rho_[365] = 0.58224
~~~~~~~~~~~~~~~~~~~~~~~~~~~~~~~~~~~~~~~
hard-particle MC p_acc = 0.99705
Soft-core quenching p_acc = 0.25155
Final energy of stage 366  = 92.7587
Rad[0] = 0.0304414
rho_[366] = 0.582248
~~~~~~~~~~~~~~~~~~~~~~~~~~~~~~~~~~~~~~~
hard-particle MC p_acc = 0.995825
Soft-core quenching p_acc = 0.230925
Final energy of stage 367  = 92.7582
Rad[0] = 0.0304414
rho_[367] = 0.582248
~~~~~~~~~~~~~~~~~~~~~~~~~~~~~~~~~~~~~~~
hard-particle MC p_acc = 0.995525
Soft-core quenching p_acc = 0.2455
Final energy of stage 368  = 92.7576
Rad[0] = 0.0304415
rho_[368] = 0.582255
~~~~~~~~~~~~~~~~~~~~~~~~~~~~~~~~~~~~~~~
hard-particle MC p_acc = 0.9945
Soft-core quenching p_acc = 0.24825
Final energy of stage 369  = 92.7571
Rad[0] = 0.030442
rho_[369] = 0.582271
~~~~~~~~~~~~~~~~~~~~~~~~~~~~~~~~~~~~~~~
hard-particle MC p_acc = 0.99685
Soft-core quenching p_acc = 0.24945
Final energy of stage 370  = 92.7566
Rad[0] = 0.0304432
rho_[370] = 0.58232
~~~~~~~~~~~~~~~~~~~~~~~~~~~~~~~~~~~~~~~
hard-particle MC p_acc = 0.9972
Soft-core quenching p_acc = 0.2511
Final energy of stage 371  = 92.7561
Rad[0] = 0.0304434
rho_[371] = 0.582327
~~~~~~~~~~~~~~~~~~~~~~~~~~~~~~~~~~~~~~~
hard-particle MC p_acc = 0.9972
Soft-core quenching p_acc = 0.241275
Final energy of stage 372  = 92.7555
Rad[0] = 0.0304435
rho_[372] = 0.582328
~~~~~~~~~~~~~~~~~~~~~~~~~~~~~~~~~~~~~~~
hard-particle MC p_acc = 0.997875
Soft-core quenching p_acc = 0.248725
Final energy of stage 373  = 92.755
Rad[0] = 0.0304435
rho_[373] = 0.582329
~~~~~~~~~~~~~~~~~~~~~~~~~~~~~~~~~~~~~~~
hard-particle MC p_acc = 0.9961
Soft-core quenching p_acc = 0.2532
Final energy of stage 374  = 92.7544
Rad[0] = 0.0304437
rho_[374] = 0.582337
~~~~~~~~~~~~~~~~~~~~~~~~~~~~~~~~~~~~~~~
hard-particle MC p_acc = 0.9974
Soft-core quenching p_acc = 0.244625
Final energy of stage 375  = 92.7538
Rad[0] = 0.0304438
rho_[375] = 0.58234
~~~~~~~~~~~~~~~~~~~~~~~~~~~~~~~~~~~~~~~
hard-particle MC p_acc = 0.997575
Soft-core quenching p_acc = 0.2393
Final energy of stage 376  = 92.7533
Rad[0] = 0.0304442
rho_[376] = 0.582355
~~~~~~~~~~~~~~~~~~~~~~~~~~~~~~~~~~~~~~~
hard-particle MC p_acc = 0.99825
Soft-core quenching p_acc = 0.242375
Final energy of stage 377  = 92.7527
Rad[0] = 0.0304443
rho_[377] = 0.582359
~~~~~~~~~~~~~~~~~~~~~~~~~~~~~~~~~~~~~~~
hard-particle MC p_acc = 0.99785
Soft-core quenching p_acc = 0.250125
Final energy of stage 378  = 92.7521
Rad[0] = 0.0304445
rho_[378] = 0.582368
~~~~~~~~~~~~~~~~~~~~~~~~~~~~~~~~~~~~~~~
hard-particle MC p_acc = 0.998125
Soft-core quenching p_acc = 0.25845
Final energy of stage 379  = 92.7515
Rad[0] = 0.0304455
rho_[379] = 0.582405
~~~~~~~~~~~~~~~~~~~~~~~~~~~~~~~~~~~~~~~
hard-particle MC p_acc = 0.997775
Soft-core quenching p_acc = 0.264625
Final energy of stage 380  = 92.7508
Rad[0] = 0.0304455
rho_[380] = 0.582406
~~~~~~~~~~~~~~~~~~~~~~~~~~~~~~~~~~~~~~~
hard-particle MC p_acc = 0.9973
Soft-core quenching p_acc = 0.256575
Final energy of stage 381  = 92.7502
Rad[0] = 0.0304456
rho_[381] = 0.582409
~~~~~~~~~~~~~~~~~~~~~~~~~~~~~~~~~~~~~~~
hard-particle MC p_acc = 0.9979
Soft-core quenching p_acc = 0.2536
Final energy of stage 382  = 92.7496
Rad[0] = 0.0304456
rho_[382] = 0.58241
~~~~~~~~~~~~~~~~~~~~~~~~~~~~~~~~~~~~~~~
hard-particle MC p_acc = 0.996325
Soft-core quenching p_acc = 0.250425
Final energy of stage 383  = 92.7491
Rad[0] = 0.0304459
rho_[383] = 0.582421
~~~~~~~~~~~~~~~~~~~~~~~~~~~~~~~~~~~~~~~
hard-particle MC p_acc = 0.997875
Soft-core quenching p_acc = 0.24695
Final energy of stage 384  = 92.7485
Rad[0] = 0.030446
rho_[384] = 0.582424
~~~~~~~~~~~~~~~~~~~~~~~~~~~~~~~~~~~~~~~
hard-particle MC p_acc = 0.99735
Soft-core quenching p_acc = 0.260225
Final energy of stage 385  = 92.748
Rad[0] = 0.0304465
rho_[385] = 0.582445
~~~~~~~~~~~~~~~~~~~~~~~~~~~~~~~~~~~~~~~
hard-particle MC p_acc = 0.997625
rad[0] = 0.0304465
packing density rho = 0.582446
Printing the final configuration now....
