Start packing
Number of distinct species, n_s = 
Number of growth stages, N_stage = 
Number of relax stages, N_relax = 
~~~~~~~~~~~~~~~~~~~~~~~~~~~~~~~~~~~~~~~~~~~~~
Number of cells for species 0, N_c[0] = 
~~~~~~~~~~~~~~~~~~~~~~~~~~~~~~~~~~~~~~~~~~~~~
Radius of cells for species 0, Rad[0] = 
~~~~~~~~~~~~~~~~~~~~~~~~~~~~~~~~~~~~~~~~~~~~~
Interaction range for species 0, Range[0] = 0.0282095
~~~~~~~~~~~~~~~~~~~~~~~~~~~~~~~~~~~~~~~~~~~~~
Growth rate [Rad -> (1+growth rate)*Rad], growth_rate = 
Trans_mod (in terms of boxlength), trans_mod =
Starting quench density, rho_start = 
Generate (0) or read (1) initial config, flag_config = 
Number of MC moves per particle at each stage, N_MC_particle = 
Length of grid cell, d0_cell = 
Generating initial configurations...
N_c[0] = 200
Reset interaction range for species 0, Range[0] = 0.132971
The total number of cells Ncell = 100
CellList(0,0) =  183  9 
CellList(1,0) =  89  88  82 
CellList(2,0) =  154 
CellList(3,0) =  193  172  95 
CellList(4,0) =  67  12 
CellList(5,0) =  148  91 
CellList(6,0) =  145  62 
CellList(7,0) =  125  43  23 
CellList(8,0) =  0 
CellList(9,0) =  94  58 
CellList(0,1) =  97  1 
CellList(1,1) =  143  69 
CellList(2,1) =  70  56  16 
CellList(3,1) =  182  65 
CellList(4,1) =  167  22 
CellList(5,1) =  134  124 
CellList(6,1) =  114  92  31 
CellList(7,1) =  166  86  42 
CellList(8,1) =  186  83 
CellList(9,1) =  20 
CellList(0,2) =  32 
CellList(1,2) =  146  98 
CellList(2,2) =  162  33 
CellList(3,2) =  50  11 
CellList(4,2) =  66  7 
CellList(5,2) =  36 
CellList(6,2) =  152  84 
CellList(7,2) =  196  149  100 
CellList(8,2) =  139 
CellList(9,2) =  61  54 
CellList(0,3) =  144  78 
CellList(1,3) =  46  25 
CellList(2,3) =  187  34 
CellList(3,3) =  163  128 
CellList(4,3) =  171  164  107 
CellList(5,3) =  105  96 
CellList(6,3) =  93  38 
CellList(7,3) =  191  170 
CellList(8,3) =  155  55 
CellList(9,3) =  169  109 
CellList(0,4) =  72  26 
CellList(1,4) =  28 
CellList(2,4) =  142 
CellList(3,4) =  174  49 
CellList(4,4) =  126  35 
CellList(5,4) =  159 
CellList(6,4) =  177  52  4 
CellList(7,4) =  85 
CellList(8,4) =  79  30 
CellList(9,4) =  181  90  19 
CellList(0,5) =  198  130 
CellList(1,5) =  127  115 
CellList(2,5) =  151  13 
CellList(3,5) =  176  102  74 
CellList(4,5) =  180  6 
CellList(5,5) =  15 
CellList(6,5) =  110 
CellList(7,5) =  156  121  44 
CellList(8,5) =  99 
CellList(9,5) =  153  40 
CellList(0,6) =  119  75 
CellList(1,6) =  81 
CellList(2,6) =  123 
CellList(3,6) =  29 
CellList(4,6) =  175  77  64 
CellList(5,6) =  194  68 
CellList(6,6) =  185  140 
CellList(7,6) =  120  45 
CellList(8,6) =  165  8 
CellList(9,6) =  195  188  53 
CellList(0,7) =  197 
CellList(1,7) =  158  21 
CellList(2,7) =  160  10 
CellList(3,7) =  157  141  71 
CellList(4,7) =  136  27 
CellList(5,7) =  5  2 
CellList(6,7) =  168  150  51 
CellList(7,7) =  192  63 
CellList(8,7) =  103 
CellList(9,7) =  184  118  111 
CellList(0,8) =  122  87  48 
CellList(1,8) =  37 
CellList(2,8) =  147  18 
CellList(3,8) =  199  104 
CellList(4,8) =  190  80 
CellList(5,8) =  179  138  76 
CellList(6,8) =  173  59  39 
CellList(7,8) =  24 
CellList(8,8) =  131  14 
CellList(9,8) =  116  73 
CellList(0,9) =  135  112 
CellList(1,9) =  106  47 
CellList(2,9) =  129  57 
CellList(3,9) =  161  133 
CellList(4,9) =  137  113  3 
CellList(5,9) =  17 
CellList(6,9) =  178  117 
CellList(7,9) =  108  60 
CellList(8,9) =  189  101  41 
CellList(9,9) =  132 
Initial energy of system E_init = 93.2478
hard-particle MC p_acc = 1
Rad[0] = 0.0272266
rho_[0] = 0.465765
~~~~~~~~~~~~~~~~~~~~~~~~~~~~~~~~~~~~~~~
hard-particle MC p_acc = 0.999725
Rad[0] = 0.0278742
rho_[1] = 0.488184
~~~~~~~~~~~~~~~~~~~~~~~~~~~~~~~~~~~~~~~
hard-particle MC p_acc = 0.9982
Rad[0] = 0.0279239
rho_[2] = 0.489929
~~~~~~~~~~~~~~~~~~~~~~~~~~~~~~~~~~~~~~~
hard-particle MC p_acc = 0.9979
Rad[0] = 0.0279613
rho_[3] = 0.491242
~~~~~~~~~~~~~~~~~~~~~~~~~~~~~~~~~~~~~~~
hard-particle MC p_acc = 0.9986
Rad[0] = 0.0279771
rho_[4] = 0.491798
~~~~~~~~~~~~~~~~~~~~~~~~~~~~~~~~~~~~~~~
hard-particle MC p_acc = 0.99835
Rad[0] = 0.0279838
rho_[5] = 0.492032
~~~~~~~~~~~~~~~~~~~~~~~~~~~~~~~~~~~~~~~
hard-particle MC p_acc = 0.997225
Rad[0] = 0.0280049
rho_[6] = 0.492774
~~~~~~~~~~~~~~~~~~~~~~~~~~~~~~~~~~~~~~~
hard-particle MC p_acc = 0.997475
Rad[0] = 0.028007
rho_[7] = 0.492848
~~~~~~~~~~~~~~~~~~~~~~~~~~~~~~~~~~~~~~~
hard-particle MC p_acc = 0.999475
Rad[0] = 0.0280082
rho_[8] = 0.49289
~~~~~~~~~~~~~~~~~~~~~~~~~~~~~~~~~~~~~~~
hard-particle MC p_acc = 0.996775
Rad[0] = 0.0280749
rho_[9] = 0.49524
~~~~~~~~~~~~~~~~~~~~~~~~~~~~~~~~~~~~~~~
hard-particle MC p_acc = 0.99715
Rad[0] = 0.0280868
rho_[10] = 0.49566
~~~~~~~~~~~~~~~~~~~~~~~~~~~~~~~~~~~~~~~
hard-particle MC p_acc = 0.997775
Rad[0] = 0.0281079
rho_[11] = 0.496407
~~~~~~~~~~~~~~~~~~~~~~~~~~~~~~~~~~~~~~~
hard-particle MC p_acc = 0.9968
Rad[0] = 0.0281238
rho_[12] = 0.496968
~~~~~~~~~~~~~~~~~~~~~~~~~~~~~~~~~~~~~~~
hard-particle MC p_acc = 0.99545
Rad[0] = 0.0281276
rho_[13] = 0.497101
~~~~~~~~~~~~~~~~~~~~~~~~~~~~~~~~~~~~~~~
hard-particle MC p_acc = 0.99575
Rad[0] = 0.0281488
rho_[14] = 0.497851
~~~~~~~~~~~~~~~~~~~~~~~~~~~~~~~~~~~~~~~
hard-particle MC p_acc = 0.99545
Rad[0] = 0.0281509
rho_[15] = 0.497926
~~~~~~~~~~~~~~~~~~~~~~~~~~~~~~~~~~~~~~~
hard-particle MC p_acc = 0.998875
Rad[0] = 0.028153
rho_[16] = 0.498001
~~~~~~~~~~~~~~~~~~~~~~~~~~~~~~~~~~~~~~~
hard-particle MC p_acc = 0.997675
Rad[0] = 0.0282033
rho_[17] = 0.499781
~~~~~~~~~~~~~~~~~~~~~~~~~~~~~~~~~~~~~~~
hard-particle MC p_acc = 0.996925
Rad[0] = 0.0282153
rho_[18] = 0.500205
~~~~~~~~~~~~~~~~~~~~~~~~~~~~~~~~~~~~~~~
hard-particle MC p_acc = 0.99545
Rad[0] = 0.0282824
rho_[19] = 0.50259
~~~~~~~~~~~~~~~~~~~~~~~~~~~~~~~~~~~~~~~
hard-particle MC p_acc = 0.997025
Rad[0] = 0.0282875
rho_[20] = 0.502769
~~~~~~~~~~~~~~~~~~~~~~~~~~~~~~~~~~~~~~~
hard-particle MC p_acc = 0.995275
Rad[0] = 0.0282903
rho_[21] = 0.502871
~~~~~~~~~~~~~~~~~~~~~~~~~~~~~~~~~~~~~~~
hard-particle MC p_acc = 0.9983
Rad[0] = 0.0282993
rho_[22] = 0.50319
~~~~~~~~~~~~~~~~~~~~~~~~~~~~~~~~~~~~~~~
hard-particle MC p_acc = 0.996575
Rad[0] = 0.0283113
rho_[23] = 0.503617
~~~~~~~~~~~~~~~~~~~~~~~~~~~~~~~~~~~~~~~
hard-particle MC p_acc = 0.9968
Rad[0] = 0.0283233
rho_[24] = 0.504044
~~~~~~~~~~~~~~~~~~~~~~~~~~~~~~~~~~~~~~~
hard-particle MC p_acc = 0.995375
Rad[0] = 0.0283447
rho_[25] = 0.504804
~~~~~~~~~~~~~~~~~~~~~~~~~~~~~~~~~~~~~~~
hard-particle MC p_acc = 0.995825
Rad[0] = 0.0283456
rho_[26] = 0.504836
~~~~~~~~~~~~~~~~~~~~~~~~~~~~~~~~~~~~~~~
hard-particle MC p_acc = 0.99625
Rad[0] = 0.0283616
rho_[27] = 0.505406
~~~~~~~~~~~~~~~~~~~~~~~~~~~~~~~~~~~~~~~
hard-particle MC p_acc = 0.99625
Rad[0] = 0.0283632
rho_[28] = 0.505464
~~~~~~~~~~~~~~~~~~~~~~~~~~~~~~~~~~~~~~~
hard-particle MC p_acc = 0.9965
Rad[0] = 0.0284307
rho_[29] = 0.507874
~~~~~~~~~~~~~~~~~~~~~~~~~~~~~~~~~~~~~~~
hard-particle MC p_acc = 0.997225
Rad[0] = 0.0284329
rho_[30] = 0.50795
~~~~~~~~~~~~~~~~~~~~~~~~~~~~~~~~~~~~~~~
hard-particle MC p_acc = 0.99835
Rad[0] = 0.0284489
rho_[31] = 0.508524
~~~~~~~~~~~~~~~~~~~~~~~~~~~~~~~~~~~~~~~
hard-particle MC p_acc = 0.99775
Rad[0] = 0.0284518
rho_[32] = 0.508627
~~~~~~~~~~~~~~~~~~~~~~~~~~~~~~~~~~~~~~~
hard-particle MC p_acc = 0.994925
Rad[0] = 0.0284569
rho_[33] = 0.508808
~~~~~~~~~~~~~~~~~~~~~~~~~~~~~~~~~~~~~~~
hard-particle MC p_acc = 0.996125
Rad[0] = 0.0284659
rho_[34] = 0.509132
~~~~~~~~~~~~~~~~~~~~~~~~~~~~~~~~~~~~~~~
hard-particle MC p_acc = 0.9969
Rad[0] = 0.0284671
rho_[35] = 0.509175
~~~~~~~~~~~~~~~~~~~~~~~~~~~~~~~~~~~~~~~
hard-particle MC p_acc = 0.997525
Rad[0] = 0.0284832
rho_[36] = 0.509751
~~~~~~~~~~~~~~~~~~~~~~~~~~~~~~~~~~~~~~~
hard-particle MC p_acc = 0.997875
Rad[0] = 0.0285214
rho_[37] = 0.511117
~~~~~~~~~~~~~~~~~~~~~~~~~~~~~~~~~~~~~~~
hard-particle MC p_acc = 0.99765
Rad[0] = 0.0285375
rho_[38] = 0.511695
~~~~~~~~~~~~~~~~~~~~~~~~~~~~~~~~~~~~~~~
hard-particle MC p_acc = 0.99805
Rad[0] = 0.028559
rho_[39] = 0.512466
~~~~~~~~~~~~~~~~~~~~~~~~~~~~~~~~~~~~~~~
hard-particle MC p_acc = 0.9963
Rad[0] = 0.0285641
rho_[40] = 0.512649
~~~~~~~~~~~~~~~~~~~~~~~~~~~~~~~~~~~~~~~
hard-particle MC p_acc = 0.9961
Rad[0] = 0.0285762
rho_[41] = 0.513084
~~~~~~~~~~~~~~~~~~~~~~~~~~~~~~~~~~~~~~~
hard-particle MC p_acc = 0.995475
Rad[0] = 0.0285853
rho_[42] = 0.51341
~~~~~~~~~~~~~~~~~~~~~~~~~~~~~~~~~~~~~~~
hard-particle MC p_acc = 0.9948
Rad[0] = 0.028614
rho_[43] = 0.514442
~~~~~~~~~~~~~~~~~~~~~~~~~~~~~~~~~~~~~~~
hard-particle MC p_acc = 0.994
Rad[0] = 0.0286355
rho_[44] = 0.515218
~~~~~~~~~~~~~~~~~~~~~~~~~~~~~~~~~~~~~~~
hard-particle MC p_acc = 0.995025
Rad[0] = 0.0286384
rho_[45] = 0.515321
~~~~~~~~~~~~~~~~~~~~~~~~~~~~~~~~~~~~~~~
hard-particle MC p_acc = 0.9959
Rad[0] = 0.0286396
rho_[46] = 0.515365
~~~~~~~~~~~~~~~~~~~~~~~~~~~~~~~~~~~~~~~
hard-particle MC p_acc = 0.996975
Rad[0] = 0.0286518
rho_[47] = 0.515802
~~~~~~~~~~~~~~~~~~~~~~~~~~~~~~~~~~~~~~~
hard-particle MC p_acc = 0.9945
Rad[0] = 0.0286556
rho_[48] = 0.51594
~~~~~~~~~~~~~~~~~~~~~~~~~~~~~~~~~~~~~~~
hard-particle MC p_acc = 0.99395
Rad[0] = 0.0286625
rho_[49] = 0.516186
~~~~~~~~~~~~~~~~~~~~~~~~~~~~~~~~~~~~~~~
hard-particle MC p_acc = 0.99275
Rad[0] = 0.0286641
rho_[50] = 0.516245
~~~~~~~~~~~~~~~~~~~~~~~~~~~~~~~~~~~~~~~
hard-particle MC p_acc = 0.99615
Rad[0] = 0.0286732
rho_[51] = 0.516573
~~~~~~~~~~~~~~~~~~~~~~~~~~~~~~~~~~~~~~~
hard-particle MC p_acc = 0.997175
Rad[0] = 0.0286783
rho_[52] = 0.516758
~~~~~~~~~~~~~~~~~~~~~~~~~~~~~~~~~~~~~~~
hard-particle MC p_acc = 0.9983
Rad[0] = 0.028679
rho_[53] = 0.516782
~~~~~~~~~~~~~~~~~~~~~~~~~~~~~~~~~~~~~~~
hard-particle MC p_acc = 0.99615
Rad[0] = 0.0287174
rho_[54] = 0.518168
~~~~~~~~~~~~~~~~~~~~~~~~~~~~~~~~~~~~~~~
hard-particle MC p_acc = 0.9957
Rad[0] = 0.0287225
rho_[55] = 0.518353
~~~~~~~~~~~~~~~~~~~~~~~~~~~~~~~~~~~~~~~
hard-particle MC p_acc = 0.9982
Rad[0] = 0.0287388
rho_[56] = 0.518939
~~~~~~~~~~~~~~~~~~~~~~~~~~~~~~~~~~~~~~~
hard-particle MC p_acc = 0.996675
Rad[0] = 0.028755
rho_[57] = 0.519525
~~~~~~~~~~~~~~~~~~~~~~~~~~~~~~~~~~~~~~~
hard-particle MC p_acc = 0.998225
Rad[0] = 0.0287572
rho_[58] = 0.519604
~~~~~~~~~~~~~~~~~~~~~~~~~~~~~~~~~~~~~~~
hard-particle MC p_acc = 0.9966
Rad[0] = 0.0287593
rho_[59] = 0.519682
~~~~~~~~~~~~~~~~~~~~~~~~~~~~~~~~~~~~~~~
hard-particle MC p_acc = 0.997275
Rad[0] = 0.0287603
rho_[60] = 0.519715
~~~~~~~~~~~~~~~~~~~~~~~~~~~~~~~~~~~~~~~
hard-particle MC p_acc = 0.9946
Rad[0] = 0.0287765
rho_[61] = 0.520303
~~~~~~~~~~~~~~~~~~~~~~~~~~~~~~~~~~~~~~~
hard-particle MC p_acc = 0.996825
Rad[0] = 0.0287777
rho_[62] = 0.520347
~~~~~~~~~~~~~~~~~~~~~~~~~~~~~~~~~~~~~~~
hard-particle MC p_acc = 0.99785
Rad[0] = 0.0287994
rho_[63] = 0.521131
~~~~~~~~~~~~~~~~~~~~~~~~~~~~~~~~~~~~~~~
hard-particle MC p_acc = 0.996575
Rad[0] = 0.028838
rho_[64] = 0.522528
~~~~~~~~~~~~~~~~~~~~~~~~~~~~~~~~~~~~~~~
hard-particle MC p_acc = 0.9972
Rad[0] = 0.0288472
rho_[65] = 0.52286
~~~~~~~~~~~~~~~~~~~~~~~~~~~~~~~~~~~~~~~
hard-particle MC p_acc = 0.99745
Rad[0] = 0.0288761
rho_[66] = 0.523911
~~~~~~~~~~~~~~~~~~~~~~~~~~~~~~~~~~~~~~~
hard-particle MC p_acc = 0.99585
Rad[0] = 0.0288813
rho_[67] = 0.524099
~~~~~~~~~~~~~~~~~~~~~~~~~~~~~~~~~~~~~~~
hard-particle MC p_acc = 0.99495
Rad[0] = 0.0288882
rho_[68] = 0.524349
~~~~~~~~~~~~~~~~~~~~~~~~~~~~~~~~~~~~~~~
hard-particle MC p_acc = 0.996475
Rad[0] = 0.0289045
rho_[69] = 0.524941
~~~~~~~~~~~~~~~~~~~~~~~~~~~~~~~~~~~~~~~
hard-particle MC p_acc = 0.9955
Rad[0] = 0.0289074
rho_[70] = 0.525047
~~~~~~~~~~~~~~~~~~~~~~~~~~~~~~~~~~~~~~~
hard-particle MC p_acc = 0.994075
Rad[0] = 0.0289143
rho_[71] = 0.525297
~~~~~~~~~~~~~~~~~~~~~~~~~~~~~~~~~~~~~~~
hard-particle MC p_acc = 0.9972
Rad[0] = 0.0289144
rho_[72] = 0.525302
~~~~~~~~~~~~~~~~~~~~~~~~~~~~~~~~~~~~~~~
hard-particle MC p_acc = 0.99565
Rad[0] = 0.0289435
rho_[73] = 0.526358
~~~~~~~~~~~~~~~~~~~~~~~~~~~~~~~~~~~~~~~
hard-particle MC p_acc = 0.993875
Rad[0] = 0.0289464
rho_[74] = 0.526463
~~~~~~~~~~~~~~~~~~~~~~~~~~~~~~~~~~~~~~~
hard-particle MC p_acc = 0.99535
Rad[0] = 0.0289493
rho_[75] = 0.526569
~~~~~~~~~~~~~~~~~~~~~~~~~~~~~~~~~~~~~~~
hard-particle MC p_acc = 0.994975
Rad[0] = 0.0289656
rho_[76] = 0.527165
~~~~~~~~~~~~~~~~~~~~~~~~~~~~~~~~~~~~~~~
hard-particle MC p_acc = 0.996875
Rad[0] = 0.0289669
rho_[77] = 0.527209
~~~~~~~~~~~~~~~~~~~~~~~~~~~~~~~~~~~~~~~
hard-particle MC p_acc = 0.994675
Rad[0] = 0.0289832
rho_[78] = 0.527805
~~~~~~~~~~~~~~~~~~~~~~~~~~~~~~~~~~~~~~~
hard-particle MC p_acc = 0.994725
Rad[0] = 0.0289901
rho_[79] = 0.528057
~~~~~~~~~~~~~~~~~~~~~~~~~~~~~~~~~~~~~~~
hard-particle MC p_acc = 0.993825
Rad[0] = 0.0289994
rho_[80] = 0.528393
~~~~~~~~~~~~~~~~~~~~~~~~~~~~~~~~~~~~~~~
hard-particle MC p_acc = 0.9934
Rad[0] = 0.0290023
rho_[81] = 0.528499
~~~~~~~~~~~~~~~~~~~~~~~~~~~~~~~~~~~~~~~
hard-particle MC p_acc = 0.9959
Rad[0] = 0.0290075
rho_[82] = 0.528688
~~~~~~~~~~~~~~~~~~~~~~~~~~~~~~~~~~~~~~~
hard-particle MC p_acc = 0.9928
Rad[0] = 0.0290144
rho_[83] = 0.52894
~~~~~~~~~~~~~~~~~~~~~~~~~~~~~~~~~~~~~~~
hard-particle MC p_acc = 0.995075
Rad[0] = 0.0290196
rho_[84] = 0.529129
~~~~~~~~~~~~~~~~~~~~~~~~~~~~~~~~~~~~~~~
hard-particle MC p_acc = 0.996175
Rad[0] = 0.0290487
rho_[85] = 0.530193
~~~~~~~~~~~~~~~~~~~~~~~~~~~~~~~~~~~~~~~
hard-particle MC p_acc = 0.99625
Rad[0] = 0.029058
rho_[86] = 0.53053
~~~~~~~~~~~~~~~~~~~~~~~~~~~~~~~~~~~~~~~
hard-particle MC p_acc = 0.995925
Rad[0] = 0.0290649
rho_[87] = 0.530783
~~~~~~~~~~~~~~~~~~~~~~~~~~~~~~~~~~~~~~~
hard-particle MC p_acc = 0.997825
Rad[0] = 0.0290741
rho_[88] = 0.53112
~~~~~~~~~~~~~~~~~~~~~~~~~~~~~~~~~~~~~~~
hard-particle MC p_acc = 0.9958
Rad[0] = 0.029081
rho_[89] = 0.531374
~~~~~~~~~~~~~~~~~~~~~~~~~~~~~~~~~~~~~~~
hard-particle MC p_acc = 0.995725
Rad[0] = 0.0290934
rho_[90] = 0.531824
~~~~~~~~~~~~~~~~~~~~~~~~~~~~~~~~~~~~~~~
hard-particle MC p_acc = 0.996625
Rad[0] = 0.0291098
rho_[91] = 0.532425
~~~~~~~~~~~~~~~~~~~~~~~~~~~~~~~~~~~~~~~
hard-particle MC p_acc = 0.99565
Rad[0] = 0.0291191
rho_[92] = 0.532764
~~~~~~~~~~~~~~~~~~~~~~~~~~~~~~~~~~~~~~~
hard-particle MC p_acc = 0.996075
Rad[0] = 0.0291196
rho_[93] = 0.532783
~~~~~~~~~~~~~~~~~~~~~~~~~~~~~~~~~~~~~~~
hard-particle MC p_acc = 0.995
Rad[0] = 0.0291319
rho_[94] = 0.533234
~~~~~~~~~~~~~~~~~~~~~~~~~~~~~~~~~~~~~~~
hard-particle MC p_acc = 0.99485
Rad[0] = 0.0291389
rho_[95] = 0.533489
~~~~~~~~~~~~~~~~~~~~~~~~~~~~~~~~~~~~~~~
hard-particle MC p_acc = 0.996475
Rad[0] = 0.0291909
rho_[96] = 0.535396
~~~~~~~~~~~~~~~~~~~~~~~~~~~~~~~~~~~~~~~
hard-particle MC p_acc = 0.9949
Rad[0] = 0.0291948
rho_[97] = 0.535539
~~~~~~~~~~~~~~~~~~~~~~~~~~~~~~~~~~~~~~~
hard-particle MC p_acc = 0.99375
Rad[0] = 0.0292241
rho_[98] = 0.536616
~~~~~~~~~~~~~~~~~~~~~~~~~~~~~~~~~~~~~~~
hard-particle MC p_acc = 0.994525
Rad[0] = 0.0292334
rho_[99] = 0.536957
~~~~~~~~~~~~~~~~~~~~~~~~~~~~~~~~~~~~~~~
hard-particle MC p_acc = 0.992775
Rad[0] = 0.0292387
rho_[100] = 0.537149
~~~~~~~~~~~~~~~~~~~~~~~~~~~~~~~~~~~~~~~
hard-particle MC p_acc = 0.994775
Rad[0] = 0.0292396
rho_[101] = 0.537183
~~~~~~~~~~~~~~~~~~~~~~~~~~~~~~~~~~~~~~~
hard-particle MC p_acc = 0.9934
Rad[0] = 0.0292412
rho_[102] = 0.537244
~~~~~~~~~~~~~~~~~~~~~~~~~~~~~~~~~~~~~~~
hard-particle MC p_acc = 0.9951
Rad[0] = 0.0292442
rho_[103] = 0.537352
~~~~~~~~~~~~~~~~~~~~~~~~~~~~~~~~~~~~~~~
hard-particle MC p_acc = 0.996025
Rad[0] = 0.0292566
rho_[104] = 0.537808
~~~~~~~~~~~~~~~~~~~~~~~~~~~~~~~~~~~~~~~
hard-particle MC p_acc = 0.994475
Rad[0] = 0.0292659
rho_[105] = 0.53815
~~~~~~~~~~~~~~~~~~~~~~~~~~~~~~~~~~~~~~~
hard-particle MC p_acc = 0.99305
Rad[0] = 0.0292752
rho_[106] = 0.538492
~~~~~~~~~~~~~~~~~~~~~~~~~~~~~~~~~~~~~~~
hard-particle MC p_acc = 0.99595
Rad[0] = 0.0292755
rho_[107] = 0.538503
~~~~~~~~~~~~~~~~~~~~~~~~~~~~~~~~~~~~~~~
hard-particle MC p_acc = 0.997
Rad[0] = 0.0292784
rho_[108] = 0.538611
~~~~~~~~~~~~~~~~~~~~~~~~~~~~~~~~~~~~~~~
hard-particle MC p_acc = 0.994975
Rad[0] = 0.0292854
rho_[109] = 0.538868
~~~~~~~~~~~~~~~~~~~~~~~~~~~~~~~~~~~~~~~
hard-particle MC p_acc = 0.99515
Rad[0] = 0.0292858
rho_[110] = 0.538882
~~~~~~~~~~~~~~~~~~~~~~~~~~~~~~~~~~~~~~~
hard-particle MC p_acc = 0.995075
Rad[0] = 0.0292861
rho_[111] = 0.538893
~~~~~~~~~~~~~~~~~~~~~~~~~~~~~~~~~~~~~~~
hard-particle MC p_acc = 0.9971
Rad[0] = 0.0292954
rho_[112] = 0.539236
~~~~~~~~~~~~~~~~~~~~~~~~~~~~~~~~~~~~~~~
hard-particle MC p_acc = 0.996925
Rad[0] = 0.0293047
rho_[113] = 0.539578
~~~~~~~~~~~~~~~~~~~~~~~~~~~~~~~~~~~~~~~
hard-particle MC p_acc = 0.995625
Rad[0] = 0.0293341
rho_[114] = 0.540663
~~~~~~~~~~~~~~~~~~~~~~~~~~~~~~~~~~~~~~~
hard-particle MC p_acc = 0.994575
Rad[0] = 0.0293466
rho_[115] = 0.541121
~~~~~~~~~~~~~~~~~~~~~~~~~~~~~~~~~~~~~~~
hard-particle MC p_acc = 0.99565
Rad[0] = 0.0293488
rho_[116] = 0.541203
~~~~~~~~~~~~~~~~~~~~~~~~~~~~~~~~~~~~~~~
hard-particle MC p_acc = 0.9965
Rad[0] = 0.0293881
rho_[117] = 0.542654
~~~~~~~~~~~~~~~~~~~~~~~~~~~~~~~~~~~~~~~
hard-particle MC p_acc = 0.99685
Rad[0] = 0.0294047
rho_[118] = 0.543267
~~~~~~~~~~~~~~~~~~~~~~~~~~~~~~~~~~~~~~~
hard-particle MC p_acc = 0.994625
Rad[0] = 0.0294059
rho_[119] = 0.543313
~~~~~~~~~~~~~~~~~~~~~~~~~~~~~~~~~~~~~~~
hard-particle MC p_acc = 0.99465
Rad[0] = 0.029413
rho_[120] = 0.543572
~~~~~~~~~~~~~~~~~~~~~~~~~~~~~~~~~~~~~~~
hard-particle MC p_acc = 0.99625
Rad[0] = 0.0294296
rho_[121] = 0.544187
~~~~~~~~~~~~~~~~~~~~~~~~~~~~~~~~~~~~~~~
hard-particle MC p_acc = 0.995475
Rad[0] = 0.0294421
rho_[122] = 0.544648
~~~~~~~~~~~~~~~~~~~~~~~~~~~~~~~~~~~~~~~
hard-particle MC p_acc = 0.996625
Rad[0] = 0.0294491
rho_[123] = 0.544908
~~~~~~~~~~~~~~~~~~~~~~~~~~~~~~~~~~~~~~~
hard-particle MC p_acc = 0.995275
Rad[0] = 0.0294507
rho_[124] = 0.544969
~~~~~~~~~~~~~~~~~~~~~~~~~~~~~~~~~~~~~~~
hard-particle MC p_acc = 0.9958
Rad[0] = 0.0294674
rho_[125] = 0.545585
~~~~~~~~~~~~~~~~~~~~~~~~~~~~~~~~~~~~~~~
hard-particle MC p_acc = 0.992075
Rad[0] = 0.0294683
rho_[126] = 0.54562
~~~~~~~~~~~~~~~~~~~~~~~~~~~~~~~~~~~~~~~
hard-particle MC p_acc = 0.995125
Rad[0] = 0.0294777
rho_[127] = 0.545967
~~~~~~~~~~~~~~~~~~~~~~~~~~~~~~~~~~~~~~~
hard-particle MC p_acc = 0.99285
Rad[0] = 0.0294902
rho_[128] = 0.54643
~~~~~~~~~~~~~~~~~~~~~~~~~~~~~~~~~~~~~~~
hard-particle MC p_acc = 0.995575
Rad[0] = 0.0295124
rho_[129] = 0.547254
~~~~~~~~~~~~~~~~~~~~~~~~~~~~~~~~~~~~~~~
hard-particle MC p_acc = 0.994575
Rad[0] = 0.0295346
rho_[130] = 0.548078
~~~~~~~~~~~~~~~~~~~~~~~~~~~~~~~~~~~~~~~
hard-particle MC p_acc = 0.996925
Rad[0] = 0.0295399
rho_[131] = 0.548274
~~~~~~~~~~~~~~~~~~~~~~~~~~~~~~~~~~~~~~~
hard-particle MC p_acc = 0.994825
Rad[0] = 0.0295469
rho_[132] = 0.548536
~~~~~~~~~~~~~~~~~~~~~~~~~~~~~~~~~~~~~~~
hard-particle MC p_acc = 0.996425
Rad[0] = 0.0295766
rho_[133] = 0.549638
~~~~~~~~~~~~~~~~~~~~~~~~~~~~~~~~~~~~~~~
hard-particle MC p_acc = 0.99485
Rad[0] = 0.0295933
rho_[134] = 0.55026
~~~~~~~~~~~~~~~~~~~~~~~~~~~~~~~~~~~~~~~
hard-particle MC p_acc = 0.99045
Rad[0] = 0.0296156
rho_[135] = 0.551089
~~~~~~~~~~~~~~~~~~~~~~~~~~~~~~~~~~~~~~~
hard-particle MC p_acc = 0.9944
Rad[0] = 0.0296209
rho_[136] = 0.551286
~~~~~~~~~~~~~~~~~~~~~~~~~~~~~~~~~~~~~~~
hard-particle MC p_acc = 0.9924
Rad[0] = 0.029628
rho_[137] = 0.551549
~~~~~~~~~~~~~~~~~~~~~~~~~~~~~~~~~~~~~~~
hard-particle MC p_acc = 0.99295
Rad[0] = 0.0296351
rho_[138] = 0.551812
~~~~~~~~~~~~~~~~~~~~~~~~~~~~~~~~~~~~~~~
hard-particle MC p_acc = 0.993575
Rad[0] = 0.0296476
rho_[139] = 0.55228
~~~~~~~~~~~~~~~~~~~~~~~~~~~~~~~~~~~~~~~
hard-particle MC p_acc = 0.994325
Rad[0] = 0.0296602
rho_[140] = 0.552748
~~~~~~~~~~~~~~~~~~~~~~~~~~~~~~~~~~~~~~~
hard-particle MC p_acc = 0.9922
Rad[0] = 0.0296825
rho_[141] = 0.553581
~~~~~~~~~~~~~~~~~~~~~~~~~~~~~~~~~~~~~~~
hard-particle MC p_acc = 0.99395
Rad[0] = 0.0296842
rho_[142] = 0.553644
~~~~~~~~~~~~~~~~~~~~~~~~~~~~~~~~~~~~~~~
hard-particle MC p_acc = 0.995225
Rad[0] = 0.0296936
rho_[143] = 0.553996
~~~~~~~~~~~~~~~~~~~~~~~~~~~~~~~~~~~~~~~
hard-particle MC p_acc = 0.996175
Rad[0] = 0.0297062
rho_[144] = 0.554466
~~~~~~~~~~~~~~~~~~~~~~~~~~~~~~~~~~~~~~~
hard-particle MC p_acc = 0.9963
Rad[0] = 0.0297064
rho_[145] = 0.554472
~~~~~~~~~~~~~~~~~~~~~~~~~~~~~~~~~~~~~~~
hard-particle MC p_acc = 0.997325
Rad[0] = 0.0297158
rho_[146] = 0.554824
~~~~~~~~~~~~~~~~~~~~~~~~~~~~~~~~~~~~~~~
hard-particle MC p_acc = 0.99405
Rad[0] = 0.0297211
rho_[147] = 0.555023
~~~~~~~~~~~~~~~~~~~~~~~~~~~~~~~~~~~~~~~
hard-particle MC p_acc = 0.992525
Rad[0] = 0.0297435
rho_[148] = 0.555859
~~~~~~~~~~~~~~~~~~~~~~~~~~~~~~~~~~~~~~~
hard-particle MC p_acc = 0.991675
Rad[0] = 0.0297452
rho_[149] = 0.555922
~~~~~~~~~~~~~~~~~~~~~~~~~~~~~~~~~~~~~~~
hard-particle MC p_acc = 0.9914
Rad[0] = 0.0297547
rho_[150] = 0.556276
~~~~~~~~~~~~~~~~~~~~~~~~~~~~~~~~~~~~~~~
hard-particle MC p_acc = 0.9935
Rad[0] = 0.0297618
rho_[151] = 0.556541
~~~~~~~~~~~~~~~~~~~~~~~~~~~~~~~~~~~~~~~
hard-particle MC p_acc = 0.996825
Rad[0] = 0.0297712
rho_[152] = 0.556895
~~~~~~~~~~~~~~~~~~~~~~~~~~~~~~~~~~~~~~~
hard-particle MC p_acc = 0.993725
Rad[0] = 0.0297838
rho_[153] = 0.557367
~~~~~~~~~~~~~~~~~~~~~~~~~~~~~~~~~~~~~~~
hard-particle MC p_acc = 0.994025
Rad[0] = 0.0297878
rho_[154] = 0.557516
~~~~~~~~~~~~~~~~~~~~~~~~~~~~~~~~~~~~~~~
hard-particle MC p_acc = 0.992575
Rad[0] = 0.0297882
rho_[155] = 0.557531
~~~~~~~~~~~~~~~~~~~~~~~~~~~~~~~~~~~~~~~
hard-particle MC p_acc = 0.992925
Rad[0] = 0.0297953
rho_[156] = 0.557797
~~~~~~~~~~~~~~~~~~~~~~~~~~~~~~~~~~~~~~~
hard-particle MC p_acc = 0.991275
Rad[0] = 0.0298178
rho_[157] = 0.558638
~~~~~~~~~~~~~~~~~~~~~~~~~~~~~~~~~~~~~~~
hard-particle MC p_acc = 0.989575
Rad[0] = 0.0298231
rho_[158] = 0.558838
~~~~~~~~~~~~~~~~~~~~~~~~~~~~~~~~~~~~~~~
hard-particle MC p_acc = 0.9912
Rad[0] = 0.0298261
rho_[159] = 0.55895
~~~~~~~~~~~~~~~~~~~~~~~~~~~~~~~~~~~~~~~
hard-particle MC p_acc = 0.99285
Rad[0] = 0.0298291
rho_[160] = 0.559063
~~~~~~~~~~~~~~~~~~~~~~~~~~~~~~~~~~~~~~~
hard-particle MC p_acc = 0.99325
Rad[0] = 0.0298591
rho_[161] = 0.560186
~~~~~~~~~~~~~~~~~~~~~~~~~~~~~~~~~~~~~~~
hard-particle MC p_acc = 0.992625
Rad[0] = 0.0298621
rho_[162] = 0.560299
~~~~~~~~~~~~~~~~~~~~~~~~~~~~~~~~~~~~~~~
hard-particle MC p_acc = 0.9953
Rad[0] = 0.0298622
rho_[163] = 0.560303
~~~~~~~~~~~~~~~~~~~~~~~~~~~~~~~~~~~~~~~
hard-particle MC p_acc = 0.992925
Rad[0] = 0.0298748
rho_[164] = 0.560778
~~~~~~~~~~~~~~~~~~~~~~~~~~~~~~~~~~~~~~~
hard-particle MC p_acc = 0.99215
Rad[0] = 0.0298843
rho_[165] = 0.561134
~~~~~~~~~~~~~~~~~~~~~~~~~~~~~~~~~~~~~~~
hard-particle MC p_acc = 0.99325
Rad[0] = 0.0298845
rho_[166] = 0.56114
~~~~~~~~~~~~~~~~~~~~~~~~~~~~~~~~~~~~~~~
hard-particle MC p_acc = 0.994
Rad[0] = 0.0298858
rho_[167] = 0.561188
~~~~~~~~~~~~~~~~~~~~~~~~~~~~~~~~~~~~~~~
hard-particle MC p_acc = 0.994
Rad[0] = 0.0299026
rho_[168] = 0.561822
~~~~~~~~~~~~~~~~~~~~~~~~~~~~~~~~~~~~~~~
hard-particle MC p_acc = 0.9922
Rad[0] = 0.029908
rho_[169] = 0.562023
~~~~~~~~~~~~~~~~~~~~~~~~~~~~~~~~~~~~~~~
hard-particle MC p_acc = 0.991
Rad[0] = 0.0299207
rho_[170] = 0.5625
~~~~~~~~~~~~~~~~~~~~~~~~~~~~~~~~~~~~~~~
hard-particle MC p_acc = 0.989
Rad[0] = 0.0299211
rho_[171] = 0.562515
~~~~~~~~~~~~~~~~~~~~~~~~~~~~~~~~~~~~~~~
hard-particle MC p_acc = 0.989675
Rad[0] = 0.0299233
rho_[172] = 0.5626
~~~~~~~~~~~~~~~~~~~~~~~~~~~~~~~~~~~~~~~
hard-particle MC p_acc = 0.99205
Rad[0] = 0.0299328
rho_[173] = 0.562957
~~~~~~~~~~~~~~~~~~~~~~~~~~~~~~~~~~~~~~~
hard-particle MC p_acc = 0.9917
Rad[0] = 0.0299369
rho_[174] = 0.563108
~~~~~~~~~~~~~~~~~~~~~~~~~~~~~~~~~~~~~~~
hard-particle MC p_acc = 0.9896
Rad[0] = 0.0299372
rho_[175] = 0.56312
~~~~~~~~~~~~~~~~~~~~~~~~~~~~~~~~~~~~~~~
hard-particle MC p_acc = 0.992025
Rad[0] = 0.0299372
rho_[176] = 0.563123
~~~~~~~~~~~~~~~~~~~~~~~~~~~~~~~~~~~~~~~
hard-particle MC p_acc = 0.993025
Rad[0] = 0.0299426
rho_[177] = 0.563324
~~~~~~~~~~~~~~~~~~~~~~~~~~~~~~~~~~~~~~~
hard-particle MC p_acc = 0.992125
Rad[0] = 0.0299479
rho_[178] = 0.563525
~~~~~~~~~~~~~~~~~~~~~~~~~~~~~~~~~~~~~~~
hard-particle MC p_acc = 0.9944
Rad[0] = 0.0299551
rho_[179] = 0.563794
~~~~~~~~~~~~~~~~~~~~~~~~~~~~~~~~~~~~~~~
hard-particle MC p_acc = 0.993675
Rad[0] = 0.0299622
rho_[180] = 0.564063
~~~~~~~~~~~~~~~~~~~~~~~~~~~~~~~~~~~~~~~
hard-particle MC p_acc = 0.993225
Rad[0] = 0.0299694
rho_[181] = 0.564332
~~~~~~~~~~~~~~~~~~~~~~~~~~~~~~~~~~~~~~~
hard-particle MC p_acc = 0.99195
Rad[0] = 0.0299724
rho_[182] = 0.564445
~~~~~~~~~~~~~~~~~~~~~~~~~~~~~~~~~~~~~~~
hard-particle MC p_acc = 0.993675
Rad[0] = 0.0299777
rho_[183] = 0.564647
~~~~~~~~~~~~~~~~~~~~~~~~~~~~~~~~~~~~~~~
hard-particle MC p_acc = 0.99475
Rad[0] = 0.0299807
rho_[184] = 0.564761
~~~~~~~~~~~~~~~~~~~~~~~~~~~~~~~~~~~~~~~
hard-particle MC p_acc = 0.9948
Rad[0] = 0.0299848
rho_[185] = 0.564912
~~~~~~~~~~~~~~~~~~~~~~~~~~~~~~~~~~~~~~~
hard-particle MC p_acc = 0.9949
Rad[0] = 0.0299851
rho_[186] = 0.564924
~~~~~~~~~~~~~~~~~~~~~~~~~~~~~~~~~~~~~~~
hard-particle MC p_acc = 0.9953
Rad[0] = 0.0300077
rho_[187] = 0.565775
~~~~~~~~~~~~~~~~~~~~~~~~~~~~~~~~~~~~~~~
hard-particle MC p_acc = 0.99445
Rad[0] = 0.0300172
rho_[188] = 0.566135
~~~~~~~~~~~~~~~~~~~~~~~~~~~~~~~~~~~~~~~
hard-particle MC p_acc = 0.991875
Rad[0] = 0.0300299
rho_[189] = 0.566615
~~~~~~~~~~~~~~~~~~~~~~~~~~~~~~~~~~~~~~~
hard-particle MC p_acc = 0.99145
Rad[0] = 0.0300395
rho_[190] = 0.566975
~~~~~~~~~~~~~~~~~~~~~~~~~~~~~~~~~~~~~~~
hard-particle MC p_acc = 0.992725
Rad[0] = 0.0300397
rho_[191] = 0.566984
~~~~~~~~~~~~~~~~~~~~~~~~~~~~~~~~~~~~~~~
hard-particle MC p_acc = 0.9935
Rad[0] = 0.0300524
rho_[192] = 0.567464
~~~~~~~~~~~~~~~~~~~~~~~~~~~~~~~~~~~~~~~
hard-particle MC p_acc = 0.99355
Rad[0] = 0.0300651
rho_[193] = 0.567945
~~~~~~~~~~~~~~~~~~~~~~~~~~~~~~~~~~~~~~~
hard-particle MC p_acc = 0.99325
Rad[0] = 0.0300682
rho_[194] = 0.56806
~~~~~~~~~~~~~~~~~~~~~~~~~~~~~~~~~~~~~~~
hard-particle MC p_acc = 0.9949
Rad[0] = 0.0300683
rho_[195] = 0.568066
~~~~~~~~~~~~~~~~~~~~~~~~~~~~~~~~~~~~~~~
hard-particle MC p_acc = 0.994825
Rad[0] = 0.030091
rho_[196] = 0.568922
~~~~~~~~~~~~~~~~~~~~~~~~~~~~~~~~~~~~~~~
hard-particle MC p_acc = 0.99295
Rad[0] = 0.0300964
rho_[197] = 0.569126
~~~~~~~~~~~~~~~~~~~~~~~~~~~~~~~~~~~~~~~
hard-particle MC p_acc = 0.991625
Rad[0] = 0.0301059
rho_[198] = 0.569488
~~~~~~~~~~~~~~~~~~~~~~~~~~~~~~~~~~~~~~~
hard-particle MC p_acc = 0.99345
Rad[0] = 0.0301131
rho_[199] = 0.569759
~~~~~~~~~~~~~~~~~~~~~~~~~~~~~~~~~~~~~~~
hard-particle MC p_acc = 0.99125
Rad[0] = 0.0301185
rho_[200] = 0.569963
~~~~~~~~~~~~~~~~~~~~~~~~~~~~~~~~~~~~~~~
hard-particle MC p_acc = 0.993425
Rad[0] = 0.0301187
rho_[201] = 0.569969
~~~~~~~~~~~~~~~~~~~~~~~~~~~~~~~~~~~~~~~
hard-particle MC p_acc = 0.99155
Rad[0] = 0.0301258
rho_[202] = 0.570241
~~~~~~~~~~~~~~~~~~~~~~~~~~~~~~~~~~~~~~~
hard-particle MC p_acc = 0.994725
Rad[0] = 0.030133
rho_[203] = 0.570513
~~~~~~~~~~~~~~~~~~~~~~~~~~~~~~~~~~~~~~~
hard-particle MC p_acc = 0.9953
Rad[0] = 0.0301384
rho_[204] = 0.570717
~~~~~~~~~~~~~~~~~~~~~~~~~~~~~~~~~~~~~~~
hard-particle MC p_acc = 0.990125
Rad[0] = 0.0301456
rho_[205] = 0.570989
~~~~~~~~~~~~~~~~~~~~~~~~~~~~~~~~~~~~~~~
hard-particle MC p_acc = 0.994825
Rad[0] = 0.030151
rho_[206] = 0.571193
~~~~~~~~~~~~~~~~~~~~~~~~~~~~~~~~~~~~~~~
hard-particle MC p_acc = 0.992575
Rad[0] = 0.030155
rho_[207] = 0.571346
~~~~~~~~~~~~~~~~~~~~~~~~~~~~~~~~~~~~~~~
hard-particle MC p_acc = 0.995175
Rad[0] = 0.0301646
rho_[208] = 0.57171
~~~~~~~~~~~~~~~~~~~~~~~~~~~~~~~~~~~~~~~
hard-particle MC p_acc = 0.994525
Rad[0] = 0.03017
rho_[209] = 0.571914
~~~~~~~~~~~~~~~~~~~~~~~~~~~~~~~~~~~~~~~
hard-particle MC p_acc = 0.99285
Rad[0] = 0.0301927
rho_[210] = 0.572776
~~~~~~~~~~~~~~~~~~~~~~~~~~~~~~~~~~~~~~~
hard-particle MC p_acc = 0.992925
Rad[0] = 0.0302023
rho_[211] = 0.57314
~~~~~~~~~~~~~~~~~~~~~~~~~~~~~~~~~~~~~~~
hard-particle MC p_acc = 0.993675
Rad[0] = 0.0302095
rho_[212] = 0.573414
~~~~~~~~~~~~~~~~~~~~~~~~~~~~~~~~~~~~~~~
hard-particle MC p_acc = 0.993275
Rad[0] = 0.0302136
rho_[213] = 0.573567
~~~~~~~~~~~~~~~~~~~~~~~~~~~~~~~~~~~~~~~
hard-particle MC p_acc = 0.993475
Rad[0] = 0.0302149
rho_[214] = 0.573616
~~~~~~~~~~~~~~~~~~~~~~~~~~~~~~~~~~~~~~~
hard-particle MC p_acc = 0.99085
Rad[0] = 0.0302189
rho_[215] = 0.57377
~~~~~~~~~~~~~~~~~~~~~~~~~~~~~~~~~~~~~~~
hard-particle MC p_acc = 0.990025
Rad[0] = 0.0302196
rho_[216] = 0.573797
~~~~~~~~~~~~~~~~~~~~~~~~~~~~~~~~~~~~~~~
hard-particle MC p_acc = 0.991425
Rad[0] = 0.0302292
rho_[217] = 0.574162
~~~~~~~~~~~~~~~~~~~~~~~~~~~~~~~~~~~~~~~
hard-particle MC p_acc = 0.989425
Rad[0] = 0.0302315
rho_[218] = 0.574249
~~~~~~~~~~~~~~~~~~~~~~~~~~~~~~~~~~~~~~~
hard-particle MC p_acc = 0.993625
Rad[0] = 0.0302346
rho_[219] = 0.574364
~~~~~~~~~~~~~~~~~~~~~~~~~~~~~~~~~~~~~~~
hard-particle MC p_acc = 0.991825
Rad[0] = 0.0302474
rho_[220] = 0.574851
~~~~~~~~~~~~~~~~~~~~~~~~~~~~~~~~~~~~~~~
hard-particle MC p_acc = 0.993775
Rad[0] = 0.0302602
rho_[221] = 0.575338
~~~~~~~~~~~~~~~~~~~~~~~~~~~~~~~~~~~~~~~
hard-particle MC p_acc = 0.989725
Rad[0] = 0.030273
rho_[222] = 0.575826
~~~~~~~~~~~~~~~~~~~~~~~~~~~~~~~~~~~~~~~
hard-particle MC p_acc = 0.991775
Rad[0] = 0.0302859
rho_[223] = 0.576314
~~~~~~~~~~~~~~~~~~~~~~~~~~~~~~~~~~~~~~~
hard-particle MC p_acc = 0.992625
Rad[0] = 0.030286
rho_[224] = 0.576319
~~~~~~~~~~~~~~~~~~~~~~~~~~~~~~~~~~~~~~~
hard-particle MC p_acc = 0.9925
Rad[0] = 0.0302932
rho_[225] = 0.576594
~~~~~~~~~~~~~~~~~~~~~~~~~~~~~~~~~~~~~~~
hard-particle MC p_acc = 0.987775
Rad[0] = 0.0303004
rho_[226] = 0.576869
~~~~~~~~~~~~~~~~~~~~~~~~~~~~~~~~~~~~~~~
hard-particle MC p_acc = 0.987425
Rad[0] = 0.0303017
rho_[227] = 0.576918
~~~~~~~~~~~~~~~~~~~~~~~~~~~~~~~~~~~~~~~
hard-particle MC p_acc = 0.991875
Rad[0] = 0.030304
rho_[228] = 0.577005
~~~~~~~~~~~~~~~~~~~~~~~~~~~~~~~~~~~~~~~
hard-particle MC p_acc = 0.9915
Rad[0] = 0.0303136
rho_[229] = 0.577372
~~~~~~~~~~~~~~~~~~~~~~~~~~~~~~~~~~~~~~~
hard-particle MC p_acc = 0.9901
Rad[0] = 0.0303365
rho_[230] = 0.578242
~~~~~~~~~~~~~~~~~~~~~~~~~~~~~~~~~~~~~~~
hard-particle MC p_acc = 0.98975
Rad[0] = 0.0303395
rho_[231] = 0.578358
~~~~~~~~~~~~~~~~~~~~~~~~~~~~~~~~~~~~~~~
hard-particle MC p_acc = 0.992925
Rad[0] = 0.0303436
rho_[232] = 0.578514
~~~~~~~~~~~~~~~~~~~~~~~~~~~~~~~~~~~~~~~
hard-particle MC p_acc = 0.990625
Rad[0] = 0.0303437
rho_[233] = 0.578516
~~~~~~~~~~~~~~~~~~~~~~~~~~~~~~~~~~~~~~~
hard-particle MC p_acc = 0.993575
Rad[0] = 0.0303491
rho_[234] = 0.578723
~~~~~~~~~~~~~~~~~~~~~~~~~~~~~~~~~~~~~~~
hard-particle MC p_acc = 0.994
Rad[0] = 0.0303531
rho_[235] = 0.578878
~~~~~~~~~~~~~~~~~~~~~~~~~~~~~~~~~~~~~~~
hard-particle MC p_acc = 0.993875
Rad[0] = 0.0303544
rho_[236] = 0.578928
~~~~~~~~~~~~~~~~~~~~~~~~~~~~~~~~~~~~~~~
hard-particle MC p_acc = 0.99505
Rad[0] = 0.0303567
rho_[237] = 0.579015
~~~~~~~~~~~~~~~~~~~~~~~~~~~~~~~~~~~~~~~
hard-particle MC p_acc = 0.99605
Soft-core quenching p_acc = 0.5081
Final energy of stage 238  = 93.1076
Rad[0] = 0.0303872
rho_[238] = 0.580179
~~~~~~~~~~~~~~~~~~~~~~~~~~~~~~~~~~~~~~~
hard-particle MC p_acc = 0.990475
Soft-core quenching p_acc = 0.50785
Final energy of stage 239  = 93.0044
Rad[0] = 0.0303872
rho_[239] = 0.580179
~~~~~~~~~~~~~~~~~~~~~~~~~~~~~~~~~~~~~~~
hard-particle MC p_acc = 0.992425
Soft-core quenching p_acc = 0.505725
Final energy of stage 240  = 92.9315
Rad[0] = 0.0303874
rho_[240] = 0.580184
~~~~~~~~~~~~~~~~~~~~~~~~~~~~~~~~~~~~~~~
hard-particle MC p_acc = 0.992875
Soft-core quenching p_acc = 0.5017
Final energy of stage 241  = 92.8804
Rad[0] = 0.0303879
rho_[241] = 0.580205
~~~~~~~~~~~~~~~~~~~~~~~~~~~~~~~~~~~~~~~
hard-particle MC p_acc = 0.99355
Soft-core quenching p_acc = 0.49245
Final energy of stage 242  = 92.8497
Rad[0] = 0.0303902
rho_[242] = 0.580292
~~~~~~~~~~~~~~~~~~~~~~~~~~~~~~~~~~~~~~~
hard-particle MC p_acc = 0.993925
Soft-core quenching p_acc = 0.488625
Final energy of stage 243  = 92.8312
Rad[0] = 0.0303907
rho_[243] = 0.580313
~~~~~~~~~~~~~~~~~~~~~~~~~~~~~~~~~~~~~~~
hard-particle MC p_acc = 0.994525
Soft-core quenching p_acc = 0.4788
Final energy of stage 244  = 92.8202
Rad[0] = 0.0303915
rho_[244] = 0.580341
~~~~~~~~~~~~~~~~~~~~~~~~~~~~~~~~~~~~~~~
hard-particle MC p_acc = 0.997275
Soft-core quenching p_acc = 0.463125
Final energy of stage 245  = 92.8127
Rad[0] = 0.0303928
rho_[245] = 0.58039
~~~~~~~~~~~~~~~~~~~~~~~~~~~~~~~~~~~~~~~
hard-particle MC p_acc = 0.995925
Soft-core quenching p_acc = 0.4574
Final energy of stage 246  = 92.8069
Rad[0] = 0.0303958
rho_[246] = 0.580507
~~~~~~~~~~~~~~~~~~~~~~~~~~~~~~~~~~~~~~~
hard-particle MC p_acc = 0.9978
Soft-core quenching p_acc = 0.450175
Final energy of stage 247  = 92.8024
Rad[0] = 0.0303962
rho_[247] = 0.580522
~~~~~~~~~~~~~~~~~~~~~~~~~~~~~~~~~~~~~~~
hard-particle MC p_acc = 0.99635
Soft-core quenching p_acc = 0.442225
Final energy of stage 248  = 92.7986
Rad[0] = 0.0303975
rho_[248] = 0.580572
~~~~~~~~~~~~~~~~~~~~~~~~~~~~~~~~~~~~~~~
hard-particle MC p_acc = 0.99695
Soft-core quenching p_acc = 0.423675
Final energy of stage 249  = 92.7953
Rad[0] = 0.0303998
rho_[249] = 0.580659
~~~~~~~~~~~~~~~~~~~~~~~~~~~~~~~~~~~~~~~
hard-particle MC p_acc = 0.9971
Soft-core quenching p_acc = 0.419975
Final energy of stage 250  = 92.7922
Rad[0] = 0.0304015
rho_[250] = 0.580725
~~~~~~~~~~~~~~~~~~~~~~~~~~~~~~~~~~~~~~~
hard-particle MC p_acc = 0.998025
Soft-core quenching p_acc = 0.414225
Final energy of stage 251  = 92.7892
Rad[0] = 0.0304046
rho_[251] = 0.580842
~~~~~~~~~~~~~~~~~~~~~~~~~~~~~~~~~~~~~~~
hard-particle MC p_acc = 0.9991
Soft-core quenching p_acc = 0.404075
Final energy of stage 252  = 92.7868
Rad[0] = 0.0304218
rho_[252] = 0.581498
~~~~~~~~~~~~~~~~~~~~~~~~~~~~~~~~~~~~~~~
hard-particle MC p_acc = 0.9979
Soft-core quenching p_acc = 0.3874
Final energy of stage 253  = 92.7848
Rad[0] = 0.0304235
rho_[253] = 0.581564
~~~~~~~~~~~~~~~~~~~~~~~~~~~~~~~~~~~~~~~
hard-particle MC p_acc = 0.997375
Soft-core quenching p_acc = 0.3905
Final energy of stage 254  = 92.7829
Rad[0] = 0.0304236
rho_[254] = 0.581567
~~~~~~~~~~~~~~~~~~~~~~~~~~~~~~~~~~~~~~~
hard-particle MC p_acc = 0.997825
Soft-core quenching p_acc = 0.39105
Final energy of stage 255  = 92.7811
Rad[0] = 0.030429
rho_[255] = 0.581775
~~~~~~~~~~~~~~~~~~~~~~~~~~~~~~~~~~~~~~~
hard-particle MC p_acc = 0.9981
Soft-core quenching p_acc = 0.38455
Final energy of stage 256  = 92.7794
Rad[0] = 0.0304387
rho_[256] = 0.582145
~~~~~~~~~~~~~~~~~~~~~~~~~~~~~~~~~~~~~~~
hard-particle MC p_acc = 0.998425
Soft-core quenching p_acc = 0.38715
Final energy of stage 257  = 92.7778
Rad[0] = 0.03044
rho_[257] = 0.582194
~~~~~~~~~~~~~~~~~~~~~~~~~~~~~~~~~~~~~~~
hard-particle MC p_acc = 0.99665
Soft-core quenching p_acc = 0.37775
Final energy of stage 258  = 92.7764
Rad[0] = 0.0304412
rho_[258] = 0.582244
~~~~~~~~~~~~~~~~~~~~~~~~~~~~~~~~~~~~~~~
hard-particle MC p_acc = 0.997425
Soft-core quenching p_acc = 0.369775
Final energy of stage 259  = 92.7751
Rad[0] = 0.030442
rho_[259] = 0.582271
~~~~~~~~~~~~~~~~~~~~~~~~~~~~~~~~~~~~~~~
hard-particle MC p_acc = 0.997675
Soft-core quenching p_acc = 0.37765
Final energy of stage 260  = 92.7739
Rad[0] = 0.0304423
rho_[260] = 0.582283
~~~~~~~~~~~~~~~~~~~~~~~~~~~~~~~~~~~~~~~
hard-particle MC p_acc = 0.99575
Soft-core quenching p_acc = 0.374675
Final energy of stage 261  = 92.7727
Rad[0] = 0.030443
rho_[261] = 0.582311
~~~~~~~~~~~~~~~~~~~~~~~~~~~~~~~~~~~~~~~
hard-particle MC p_acc = 0.995575
Soft-core quenching p_acc = 0.36055
Final energy of stage 262  = 92.7715
Rad[0] = 0.0304435
rho_[262] = 0.582332
~~~~~~~~~~~~~~~~~~~~~~~~~~~~~~~~~~~~~~~
hard-particle MC p_acc = 0.9956
Soft-core quenching p_acc = 0.357425
Final energy of stage 263  = 92.7705
Rad[0] = 0.0304443
rho_[263] = 0.582359
~~~~~~~~~~~~~~~~~~~~~~~~~~~~~~~~~~~~~~~
hard-particle MC p_acc = 0.995375
Soft-core quenching p_acc = 0.3484
Final energy of stage 264  = 92.7695
Rad[0] = 0.0304466
rho_[264] = 0.582447
~~~~~~~~~~~~~~~~~~~~~~~~~~~~~~~~~~~~~~~
hard-particle MC p_acc = 0.996525
Soft-core quenching p_acc = 0.347575
Final energy of stage 265  = 92.7686
Rad[0] = 0.030447
rho_[265] = 0.582463
~~~~~~~~~~~~~~~~~~~~~~~~~~~~~~~~~~~~~~~
hard-particle MC p_acc = 0.995975
Soft-core quenching p_acc = 0.340575
Final energy of stage 266  = 92.7677
Rad[0] = 0.0304475
rho_[266] = 0.582484
~~~~~~~~~~~~~~~~~~~~~~~~~~~~~~~~~~~~~~~
hard-particle MC p_acc = 0.9965
Soft-core quenching p_acc = 0.3342
Final energy of stage 267  = 92.7669
Rad[0] = 0.0304476
rho_[267] = 0.582487
~~~~~~~~~~~~~~~~~~~~~~~~~~~~~~~~~~~~~~~
hard-particle MC p_acc = 0.993225
Soft-core quenching p_acc = 0.32765
Final energy of stage 268  = 92.7662
Rad[0] = 0.0304479
rho_[268] = 0.582498
~~~~~~~~~~~~~~~~~~~~~~~~~~~~~~~~~~~~~~~
hard-particle MC p_acc = 0.9943
Soft-core quenching p_acc = 0.333425
Final energy of stage 269  = 92.7654
Rad[0] = 0.0304479
rho_[269] = 0.582499
~~~~~~~~~~~~~~~~~~~~~~~~~~~~~~~~~~~~~~~
hard-particle MC p_acc = 0.99575
Soft-core quenching p_acc = 0.307075
Final energy of stage 270  = 92.7646
Rad[0] = 0.0304479
rho_[270] = 0.582499
~~~~~~~~~~~~~~~~~~~~~~~~~~~~~~~~~~~~~~~
hard-particle MC p_acc = 0.995625
Soft-core quenching p_acc = 0.319
Final energy of stage 271  = 92.7639
Rad[0] = 0.0304481
rho_[271] = 0.582504
~~~~~~~~~~~~~~~~~~~~~~~~~~~~~~~~~~~~~~~
hard-particle MC p_acc = 0.9948
Soft-core quenching p_acc = 0.303225
Final energy of stage 272  = 92.7632
Rad[0] = 0.0304482
rho_[272] = 0.582509
~~~~~~~~~~~~~~~~~~~~~~~~~~~~~~~~~~~~~~~
hard-particle MC p_acc = 0.997175
Soft-core quenching p_acc = 0.300275
Final energy of stage 273  = 92.7625
Rad[0] = 0.0304484
rho_[273] = 0.582516
~~~~~~~~~~~~~~~~~~~~~~~~~~~~~~~~~~~~~~~
hard-particle MC p_acc = 0.9951
Soft-core quenching p_acc = 0.306825
Final energy of stage 274  = 92.7618
Rad[0] = 0.0304486
rho_[274] = 0.582524
~~~~~~~~~~~~~~~~~~~~~~~~~~~~~~~~~~~~~~~
hard-particle MC p_acc = 0.994375
Soft-core quenching p_acc = 0.304225
Final energy of stage 275  = 92.761
Rad[0] = 0.0304489
rho_[275] = 0.582536
~~~~~~~~~~~~~~~~~~~~~~~~~~~~~~~~~~~~~~~
hard-particle MC p_acc = 0.995475
Soft-core quenching p_acc = 0.2989
Final energy of stage 276  = 92.7603
Rad[0] = 0.0304494
rho_[276] = 0.582557
~~~~~~~~~~~~~~~~~~~~~~~~~~~~~~~~~~~~~~~
hard-particle MC p_acc = 0.996375
Soft-core quenching p_acc = 0.2865
Final energy of stage 277  = 92.7597
Rad[0] = 0.0304498
rho_[277] = 0.582573
~~~~~~~~~~~~~~~~~~~~~~~~~~~~~~~~~~~~~~~
hard-particle MC p_acc = 0.99595
Soft-core quenching p_acc = 0.284775
Final energy of stage 278  = 92.759
Rad[0] = 0.0304516
rho_[278] = 0.582639
~~~~~~~~~~~~~~~~~~~~~~~~~~~~~~~~~~~~~~~
hard-particle MC p_acc = 0.997725
Soft-core quenching p_acc = 0.275925
Final energy of stage 279  = 92.7583
Rad[0] = 0.030452
rho_[279] = 0.582654
~~~~~~~~~~~~~~~~~~~~~~~~~~~~~~~~~~~~~~~
hard-particle MC p_acc = 0.995775
Soft-core quenching p_acc = 0.273175
Final energy of stage 280  = 92.7576
Rad[0] = 0.0304525
rho_[280] = 0.582675
~~~~~~~~~~~~~~~~~~~~~~~~~~~~~~~~~~~~~~~
hard-particle MC p_acc = 0.997225
Soft-core quenching p_acc = 0.28205
Final energy of stage 281  = 92.7568
Rad[0] = 0.0304528
rho_[281] = 0.582684
~~~~~~~~~~~~~~~~~~~~~~~~~~~~~~~~~~~~~~~
hard-particle MC p_acc = 0.9971
Soft-core quenching p_acc = 0.270175
Final energy of stage 282  = 92.7563
Rad[0] = 0.0304532
rho_[282] = 0.5827
~~~~~~~~~~~~~~~~~~~~~~~~~~~~~~~~~~~~~~~
hard-particle MC p_acc = 0.9975
Soft-core quenching p_acc = 0.27925
Final energy of stage 283  = 92.7555
Rad[0] = 0.0304534
rho_[283] = 0.582708
~~~~~~~~~~~~~~~~~~~~~~~~~~~~~~~~~~~~~~~
hard-particle MC p_acc = 0.997525
Soft-core quenching p_acc = 0.266025
Final energy of stage 284  = 92.7549
Rad[0] = 0.0304537
rho_[284] = 0.58272
~~~~~~~~~~~~~~~~~~~~~~~~~~~~~~~~~~~~~~~
hard-particle MC p_acc = 0.997025
Soft-core quenching p_acc = 0.259
Final energy of stage 285  = 92.7543
Rad[0] = 0.0304537
rho_[285] = 0.58272
~~~~~~~~~~~~~~~~~~~~~~~~~~~~~~~~~~~~~~~
hard-particle MC p_acc = 0.997625
Soft-core quenching p_acc = 0.268125
Final energy of stage 286  = 92.7536
Rad[0] = 0.0304538
rho_[286] = 0.582725
~~~~~~~~~~~~~~~~~~~~~~~~~~~~~~~~~~~~~~~
hard-particle MC p_acc = 0.9973
Soft-core quenching p_acc = 0.2697
Final energy of stage 287  = 92.753
Rad[0] = 0.0304538
rho_[287] = 0.582725
~~~~~~~~~~~~~~~~~~~~~~~~~~~~~~~~~~~~~~~
hard-particle MC p_acc = 0.99775
Soft-core quenching p_acc = 0.27285
Final energy of stage 288  = 92.7524
Rad[0] = 0.0304539
rho_[288] = 0.582726
~~~~~~~~~~~~~~~~~~~~~~~~~~~~~~~~~~~~~~~
hard-particle MC p_acc = 0.9967
Soft-core quenching p_acc = 0.267875
Final energy of stage 289  = 92.7518
Rad[0] = 0.0304539
rho_[289] = 0.582729
~~~~~~~~~~~~~~~~~~~~~~~~~~~~~~~~~~~~~~~
hard-particle MC p_acc = 0.9966
Soft-core quenching p_acc = 0.253575
Final energy of stage 290  = 92.7512
Rad[0] = 0.0304539
rho_[290] = 0.582729
~~~~~~~~~~~~~~~~~~~~~~~~~~~~~~~~~~~~~~~
hard-particle MC p_acc = 0.99565
Soft-core quenching p_acc = 0.2506
Final energy of stage 291  = 92.7506
Rad[0] = 0.030454
rho_[291] = 0.58273
~~~~~~~~~~~~~~~~~~~~~~~~~~~~~~~~~~~~~~~
hard-particle MC p_acc = 0.99745
Soft-core quenching p_acc = 0.246625
Final energy of stage 292  = 92.7499
Rad[0] = 0.0304541
rho_[292] = 0.582734
~~~~~~~~~~~~~~~~~~~~~~~~~~~~~~~~~~~~~~~
hard-particle MC p_acc = 0.995775
Soft-core quenching p_acc = 0.234825
Final energy of stage 293  = 92.7494
Rad[0] = 0.0304541
rho_[293] = 0.582736
~~~~~~~~~~~~~~~~~~~~~~~~~~~~~~~~~~~~~~~
hard-particle MC p_acc = 0.995225
Soft-core quenching p_acc = 0.225225
Final energy of stage 294  = 92.7488
Rad[0] = 0.0304541
rho_[294] = 0.582737
~~~~~~~~~~~~~~~~~~~~~~~~~~~~~~~~~~~~~~~
hard-particle MC p_acc = 0.99665
Soft-core quenching p_acc = 0.24105
Final energy of stage 295  = 92.7482
Rad[0] = 0.0304542
rho_[295] = 0.582738
~~~~~~~~~~~~~~~~~~~~~~~~~~~~~~~~~~~~~~~
hard-particle MC p_acc = 0.997475
Soft-core quenching p_acc = 0.228975
Final energy of stage 296  = 92.7476
Rad[0] = 0.0304542
rho_[296] = 0.58274
~~~~~~~~~~~~~~~~~~~~~~~~~~~~~~~~~~~~~~~
hard-particle MC p_acc = 0.9978
Soft-core quenching p_acc = 0.23285
Final energy of stage 297  = 92.7469
Rad[0] = 0.0304543
rho_[297] = 0.582742
~~~~~~~~~~~~~~~~~~~~~~~~~~~~~~~~~~~~~~~
hard-particle MC p_acc = 0.99685
Soft-core quenching p_acc = 0.22485
Final energy of stage 298  = 92.7464
Rad[0] = 0.0304544
rho_[298] = 0.582745
~~~~~~~~~~~~~~~~~~~~~~~~~~~~~~~~~~~~~~~
hard-particle MC p_acc = 0.997775
Soft-core quenching p_acc = 0.23585
Final energy of stage 299  = 92.7459
Rad[0] = 0.0304545
rho_[299] = 0.582752
~~~~~~~~~~~~~~~~~~~~~~~~~~~~~~~~~~~~~~~
hard-particle MC p_acc = 0.9976
Soft-core quenching p_acc = 0.231725
Final energy of stage 300  = 92.7453
Rad[0] = 0.0304548
rho_[300] = 0.582761
~~~~~~~~~~~~~~~~~~~~~~~~~~~~~~~~~~~~~~~
hard-particle MC p_acc = 0.995625
Soft-core quenching p_acc = 0.255175
Final energy of stage 301  = 92.7446
Rad[0] = 0.0304548
rho_[301] = 0.582763
~~~~~~~~~~~~~~~~~~~~~~~~~~~~~~~~~~~~~~~
hard-particle MC p_acc = 0.9975
Soft-core quenching p_acc = 0.2435
Final energy of stage 302  = 92.7441
Rad[0] = 0.0304549
rho_[302] = 0.582768
~~~~~~~~~~~~~~~~~~~~~~~~~~~~~~~~~~~~~~~
hard-particle MC p_acc = 0.996225
Soft-core quenching p_acc = 0.256875
Final energy of stage 303  = 92.7435
Rad[0] = 0.030455
rho_[303] = 0.58277
~~~~~~~~~~~~~~~~~~~~~~~~~~~~~~~~~~~~~~~
hard-particle MC p_acc = 0.9963
Soft-core quenching p_acc = 0.268825
Final energy of stage 304  = 92.743
Rad[0] = 0.030455
rho_[304] = 0.582771
~~~~~~~~~~~~~~~~~~~~~~~~~~~~~~~~~~~~~~~
hard-particle MC p_acc = 0.996625
Soft-core quenching p_acc = 0.258325
Final energy of stage 305  = 92.7424
Rad[0] = 0.0304553
rho_[305] = 0.58278
~~~~~~~~~~~~~~~~~~~~~~~~~~~~~~~~~~~~~~~
hard-particle MC p_acc = 0.99575
Soft-core quenching p_acc = 0.2548
Final energy of stage 306  = 92.7418
Rad[0] = 0.0304553
rho_[306] = 0.582782
~~~~~~~~~~~~~~~~~~~~~~~~~~~~~~~~~~~~~~~
hard-particle MC p_acc = 0.996525
Soft-core quenching p_acc = 0.246625
Final energy of stage 307  = 92.7413
Rad[0] = 0.0304555
rho_[307] = 0.582791
~~~~~~~~~~~~~~~~~~~~~~~~~~~~~~~~~~~~~~~
hard-particle MC p_acc = 0.997625
Soft-core quenching p_acc = 0.2412
Final energy of stage 308  = 92.7408
Rad[0] = 0.0304556
rho_[308] = 0.582792
~~~~~~~~~~~~~~~~~~~~~~~~~~~~~~~~~~~~~~~
hard-particle MC p_acc = 0.9962
Soft-core quenching p_acc = 0.232325
Final energy of stage 309  = 92.7402
Rad[0] = 0.0304556
rho_[309] = 0.582793
~~~~~~~~~~~~~~~~~~~~~~~~~~~~~~~~~~~~~~~
hard-particle MC p_acc = 0.996925
Soft-core quenching p_acc = 0.2452
Final energy of stage 310  = 92.7396
Rad[0] = 0.0304557
rho_[310] = 0.582798
~~~~~~~~~~~~~~~~~~~~~~~~~~~~~~~~~~~~~~~
hard-particle MC p_acc = 0.996825
Soft-core quenching p_acc = 0.247625
Final energy of stage 311  = 92.7391
Rad[0] = 0.0304558
rho_[311] = 0.582801
~~~~~~~~~~~~~~~~~~~~~~~~~~~~~~~~~~~~~~~
hard-particle MC p_acc = 0.996175
Soft-core quenching p_acc = 0.2561
Final energy of stage 312  = 92.7385
Rad[0] = 0.0304559
rho_[312] = 0.582803
~~~~~~~~~~~~~~~~~~~~~~~~~~~~~~~~~~~~~~~
hard-particle MC p_acc = 0.99645
Soft-core quenching p_acc = 0.2555
Final energy of stage 313  = 92.7379
Rad[0] = 0.0304559
rho_[313] = 0.582806
~~~~~~~~~~~~~~~~~~~~~~~~~~~~~~~~~~~~~~~
hard-particle MC p_acc = 0.996175
Soft-core quenching p_acc = 0.25885
Final energy of stage 314  = 92.7373
Rad[0] = 0.030456
rho_[314] = 0.582807
~~~~~~~~~~~~~~~~~~~~~~~~~~~~~~~~~~~~~~~
hard-particle MC p_acc = 0.9971
Soft-core quenching p_acc = 0.2562
Final energy of stage 315  = 92.7366
Rad[0] = 0.0304561
rho_[315] = 0.582812
~~~~~~~~~~~~~~~~~~~~~~~~~~~~~~~~~~~~~~~
hard-particle MC p_acc = 0.994
Soft-core quenching p_acc = 0.252225
Final energy of stage 316  = 92.7361
Rad[0] = 0.0304561
rho_[316] = 0.582812
~~~~~~~~~~~~~~~~~~~~~~~~~~~~~~~~~~~~~~~
hard-particle MC p_acc = 0.9948
Soft-core quenching p_acc = 0.238025
Final energy of stage 317  = 92.7356
Rad[0] = 0.0304563
rho_[317] = 0.582818
~~~~~~~~~~~~~~~~~~~~~~~~~~~~~~~~~~~~~~~
hard-particle MC p_acc = 0.996225
Soft-core quenching p_acc = 0.251625
Final energy of stage 318  = 92.735
Rad[0] = 0.0304563
rho_[318] = 0.582821
~~~~~~~~~~~~~~~~~~~~~~~~~~~~~~~~~~~~~~~
hard-particle MC p_acc = 0.99455
Soft-core quenching p_acc = 0.253025
Final energy of stage 319  = 92.7344
Rad[0] = 0.0304566
rho_[319] = 0.582833
~~~~~~~~~~~~~~~~~~~~~~~~~~~~~~~~~~~~~~~
hard-particle MC p_acc = 0.99485
Soft-core quenching p_acc = 0.279875
Final energy of stage 320  = 92.7337
Rad[0] = 0.0304567
rho_[320] = 0.582837
~~~~~~~~~~~~~~~~~~~~~~~~~~~~~~~~~~~~~~~
hard-particle MC p_acc = 0.995675
Soft-core quenching p_acc = 0.277075
Final energy of stage 321  = 92.7329
Rad[0] = 0.0304568
rho_[321] = 0.582838
~~~~~~~~~~~~~~~~~~~~~~~~~~~~~~~~~~~~~~~
hard-particle MC p_acc = 0.995925
Soft-core quenching p_acc = 0.267
Final energy of stage 322  = 92.7323
Rad[0] = 0.0304568
rho_[322] = 0.582841
~~~~~~~~~~~~~~~~~~~~~~~~~~~~~~~~~~~~~~~
hard-particle MC p_acc = 0.9944
Soft-core quenching p_acc = 0.284225
Final energy of stage 323  = 92.7317
Rad[0] = 0.0304569
rho_[323] = 0.582841
~~~~~~~~~~~~~~~~~~~~~~~~~~~~~~~~~~~~~~~
hard-particle MC p_acc = 0.9962
Soft-core quenching p_acc = 0.285925
Final energy of stage 324  = 92.731
Rad[0] = 0.030457
rho_[324] = 0.582845
~~~~~~~~~~~~~~~~~~~~~~~~~~~~~~~~~~~~~~~
hard-particle MC p_acc = 0.99475
Soft-core quenching p_acc = 0.2823
Final energy of stage 325  = 92.7304
Rad[0] = 0.030457
rho_[325] = 0.582846
~~~~~~~~~~~~~~~~~~~~~~~~~~~~~~~~~~~~~~~
hard-particle MC p_acc = 0.99585
Soft-core quenching p_acc = 0.28185
Final energy of stage 326  = 92.7297
Rad[0] = 0.0304571
rho_[326] = 0.582849
~~~~~~~~~~~~~~~~~~~~~~~~~~~~~~~~~~~~~~~
hard-particle MC p_acc = 0.997275
Soft-core quenching p_acc = 0.287025
Final energy of stage 327  = 92.729
Rad[0] = 0.0304574
rho_[327] = 0.58286
~~~~~~~~~~~~~~~~~~~~~~~~~~~~~~~~~~~~~~~
hard-particle MC p_acc = 0.9956
Soft-core quenching p_acc = 0.271375
Final energy of stage 328  = 92.7284
Rad[0] = 0.0304579
rho_[328] = 0.582881
~~~~~~~~~~~~~~~~~~~~~~~~~~~~~~~~~~~~~~~
hard-particle MC p_acc = 0.99465
Soft-core quenching p_acc = 0.266825
Final energy of stage 329  = 92.7277
Rad[0] = 0.030458
rho_[329] = 0.582883
~~~~~~~~~~~~~~~~~~~~~~~~~~~~~~~~~~~~~~~
hard-particle MC p_acc = 0.9955
Soft-core quenching p_acc = 0.267875
Final energy of stage 330  = 92.7271
Rad[0] = 0.030458
rho_[330] = 0.582884
~~~~~~~~~~~~~~~~~~~~~~~~~~~~~~~~~~~~~~~
hard-particle MC p_acc = 0.997725
Soft-core quenching p_acc = 0.25295
Final energy of stage 331  = 92.7266
Rad[0] = 0.0304581
rho_[331] = 0.582889
~~~~~~~~~~~~~~~~~~~~~~~~~~~~~~~~~~~~~~~
hard-particle MC p_acc = 0.994925
Soft-core quenching p_acc = 0.2507
Final energy of stage 332  = 92.7259
Rad[0] = 0.0304582
rho_[332] = 0.582891
~~~~~~~~~~~~~~~~~~~~~~~~~~~~~~~~~~~~~~~
hard-particle MC p_acc = 0.997675
Soft-core quenching p_acc = 0.233575
Final energy of stage 333  = 92.7253
Rad[0] = 0.0304582
rho_[333] = 0.582892
~~~~~~~~~~~~~~~~~~~~~~~~~~~~~~~~~~~~~~~
hard-particle MC p_acc = 0.996775
Soft-core quenching p_acc = 0.236075
Final energy of stage 334  = 92.7247
Rad[0] = 0.0304586
rho_[334] = 0.582907
~~~~~~~~~~~~~~~~~~~~~~~~~~~~~~~~~~~~~~~
hard-particle MC p_acc = 0.9955
Soft-core quenching p_acc = 0.232575
Final energy of stage 335  = 92.7242
Rad[0] = 0.0304587
rho_[335] = 0.58291
~~~~~~~~~~~~~~~~~~~~~~~~~~~~~~~~~~~~~~~
hard-particle MC p_acc = 0.99415
Soft-core quenching p_acc = 0.23315
Final energy of stage 336  = 92.7237
Rad[0] = 0.030459
rho_[336] = 0.582922
~~~~~~~~~~~~~~~~~~~~~~~~~~~~~~~~~~~~~~~
hard-particle MC p_acc = 0.994725
Soft-core quenching p_acc = 0.24155
Final energy of stage 337  = 92.723
Rad[0] = 0.030459
rho_[337] = 0.582923
~~~~~~~~~~~~~~~~~~~~~~~~~~~~~~~~~~~~~~~
hard-particle MC p_acc = 0.995225
Soft-core quenching p_acc = 0.2246
Final energy of stage 338  = 92.7225
Rad[0] = 0.0304591
rho_[338] = 0.582925
~~~~~~~~~~~~~~~~~~~~~~~~~~~~~~~~~~~~~~~
hard-particle MC p_acc = 0.9947
rad[0] = 0.0304594
packing density rho = 0.582937
Printing the final configuration now....
