Start packing
Number of distinct species, n_s = 
Number of growth stages, N_stage = 
Number of relax stages, N_relax = 
~~~~~~~~~~~~~~~~~~~~~~~~~~~~~~~~~~~~~~~~~~~~~
Number of cells for species 0, N_c[0] = 
Number of cells for species 1, N_c[1] = 
~~~~~~~~~~~~~~~~~~~~~~~~~~~~~~~~~~~~~~~~~~~~~
Radius of cells for species 0, Rad[0] = 
Radius of cells for species 1, Rad[1] = 
~~~~~~~~~~~~~~~~~~~~~~~~~~~~~~~~~~~~~~~~~~~~~
Interaction range for species 0, Range[0] = 0.0282095
Interaction range for species 1, Range[1] = 0.0398942
~~~~~~~~~~~~~~~~~~~~~~~~~~~~~~~~~~~~~~~~~~~~~
Growth rate [Rad -> (1+growth rate)*Rad], growth_rate = 
Trans_mod (in terms of boxlength), trans_mod =
Starting quench density, rho_start = 
Generate (0) or read (1) initial config, flag_config = 
Number of MC moves per particle at each stage, N_MC_particle = 
Length of grid cell, d0_cell = 
Generating initial configurations...
N_c[0] = 200
N_c[1] = 100
Reset interaction range for species 0, Range[0] = 0.132971
Reset interaction range for species 1, Range[1] = 0.18805
The total number of cells Ncell = 100
CellList(0,0) =  211  98 
CellList(1,0) =  258  228  186  109  93 
CellList(2,0) =  256  89  0 
CellList(3,0) =  291  253  131  49 
CellList(4,0) =  207  172  27 
CellList(5,0) =  165 
CellList(6,0) =  270  179  85  58 
CellList(7,0) =  227  125  76 
CellList(8,0) =  274  150  139  78 
CellList(9,0) =  221  152  21 
CellList(0,1) =  264  168  64  29 
CellList(1,1) =  249  191  40 
CellList(2,1) =  199  113 
CellList(3,1) =  218  203  24  2 
CellList(4,1) =  272  86  56 
CellList(5,1) =  236  157  141  62 
CellList(6,1) =  145  17 
CellList(7,1) =  110  94 
CellList(8,1) =  243  201  68 
CellList(9,1) =  293  246  101  71 
CellList(0,2) =  224  15 
CellList(1,2) =  247  4 
CellList(2,2) =  129  104 
CellList(3,2) =  99  47 
CellList(4,2) =  240  166  52  9 
CellList(5,2) =  212  102 
CellList(6,2) =  241  220  87  66 
CellList(7,2) =  67 
CellList(8,2) =  234  111  45  33 
CellList(9,2) =  297  16 
CellList(0,3) =  290  155  138  54 
CellList(1,3) =  273  230  73  38 
CellList(2,3) =  280  209  184  124  95 
CellList(3,3) =  204  198  100 
CellList(4,3) =  229  159  108 
CellList(5,3) =  195  121  96 
CellList(6,3) =  222  128  63  12 
CellList(7,3) =  263  190 
CellList(8,3) =  283  193  148  97 
CellList(9,3) =  265  188  80 
CellList(0,4) =  70  59  44 
CellList(1,4) =  281  74 
CellList(2,4) =  267  154  106 
CellList(3,4) =  299  137  120 
CellList(4,4) =  276  248  92 
CellList(5,4) =  252  167  103 
CellList(6,4) =  271  176  26 
CellList(7,4) =  287  210  153  130 
CellList(8,4) =  225  123  19 
CellList(9,4) =  202  72 
CellList(0,5) =  215  173 
CellList(1,5) =  244  118  79  13 
CellList(2,5) =  286  213  147  3 
CellList(3,5) =  170  91 
CellList(4,5) =  275  255  185  57 
CellList(5,5) =  180  18 
CellList(6,5) =  285  136 
CellList(7,5) =  288  238  189  107 
CellList(8,5) =  208  156  119  8 
CellList(9,5) =  284  105  81  14 
CellList(0,6) =  216  175  144  126 
CellList(1,6) =  277  84  51 
CellList(2,6) =  251  196  194  46  7 
CellList(3,6) =  257  171 
CellList(4,6) =  266  135  116 
CellList(5,6) =  219  127  41  32 
CellList(6,6) =  254  83  55 
CellList(7,6) =  143  90 
CellList(8,6) =  245  61  42 
CellList(9,6) =  192  158 
CellList(0,7) =  269  25 
CellList(1,7) =  206  181  88 
CellList(2,7) =  296  169 
CellList(3,7) =  235  177  43 
CellList(4,7) =  232  37  36 
CellList(5,7) =  233  183  115  35 
CellList(6,7) =  262  28  23 
CellList(7,7) =  242 
CellList(8,7) =  163  77 
CellList(9,7) =  223  146  1 
CellList(0,8) =  161  133  75 
CellList(1,8) =  278  50  30 
CellList(2,8) =  205  160  34 
CellList(3,8) =  217  187  142  39 
CellList(4,8) =  182  122 
CellList(5,8) =  282  279  231  149 
CellList(6,8) =  162  11 
CellList(7,8) =  294  226  151  132  117 
CellList(8,8) =  260  214  164 
CellList(9,8) =  292  60  20 
CellList(0,9) =  289  53 
CellList(1,9) =  237  112  48 
CellList(2,9) =  261  22 
CellList(3,9) =  298  134 
CellList(4,9) =  259  178  10 
CellList(5,9) =  200  174  65 
CellList(6,9) =  239  140  5 
CellList(7,9) =  197  31 
CellList(8,9) =  295  268  82  6 
CellList(9,9) =  250  114  69 
Initial energy of system E_init = 186.47
hard-particle MC p_acc = 0.9996
Rad[0] = 0.0110023
rho_[0] = 0.0766054
~~~~~~~~~~~~~~~~~~~~~~~~~~~~~~~~~~~~~~~
hard-particle MC p_acc = 0.999967
Rad[0] = 0.0110644
rho_[1] = 0.0774726
~~~~~~~~~~~~~~~~~~~~~~~~~~~~~~~~~~~~~~~
hard-particle MC p_acc = 0.99995
Rad[0] = 0.0118961
rho_[2] = 0.0895575
~~~~~~~~~~~~~~~~~~~~~~~~~~~~~~~~~~~~~~~
hard-particle MC p_acc = 0.99995
Rad[0] = 0.0120552
rho_[3] = 0.0919698
~~~~~~~~~~~~~~~~~~~~~~~~~~~~~~~~~~~~~~~
hard-particle MC p_acc = 0.999533
Rad[0] = 0.0122165
rho_[4] = 0.0944471
~~~~~~~~~~~~~~~~~~~~~~~~~~~~~~~~~~~~~~~
hard-particle MC p_acc = 0.999933
Rad[0] = 0.0123799
rho_[5] = 0.0969911
~~~~~~~~~~~~~~~~~~~~~~~~~~~~~~~~~~~~~~~
hard-particle MC p_acc = 0.999867
Rad[0] = 0.0124731
rho_[6] = 0.0984564
~~~~~~~~~~~~~~~~~~~~~~~~~~~~~~~~~~~~~~~
hard-particle MC p_acc = 0.999733
Rad[0] = 0.0126956
rho_[7] = 0.102
~~~~~~~~~~~~~~~~~~~~~~~~~~~~~~~~~~~~~~~
hard-particle MC p_acc = 0.99975
Rad[0] = 0.0132324
rho_[8] = 0.110808
~~~~~~~~~~~~~~~~~~~~~~~~~~~~~~~~~~~~~~~
hard-particle MC p_acc = 0.999783
Rad[0] = 0.0134684
rho_[9] = 0.114797
~~~~~~~~~~~~~~~~~~~~~~~~~~~~~~~~~~~~~~~
hard-particle MC p_acc = 0.999833
Rad[0] = 0.0137888
rho_[10] = 0.120322
~~~~~~~~~~~~~~~~~~~~~~~~~~~~~~~~~~~~~~~
hard-particle MC p_acc = 0.999417
Rad[0] = 0.0138925
rho_[11] = 0.12214
~~~~~~~~~~~~~~~~~~~~~~~~~~~~~~~~~~~~~~~
hard-particle MC p_acc = 0.9994
Rad[0] = 0.0140784
rho_[12] = 0.12543
~~~~~~~~~~~~~~~~~~~~~~~~~~~~~~~~~~~~~~~
hard-particle MC p_acc = 0.9995
Rad[0] = 0.014089
rho_[13] = 0.125619
~~~~~~~~~~~~~~~~~~~~~~~~~~~~~~~~~~~~~~~
hard-particle MC p_acc = 0.999433
Rad[0] = 0.0146847
rho_[14] = 0.136467
~~~~~~~~~~~~~~~~~~~~~~~~~~~~~~~~~~~~~~~
hard-particle MC p_acc = 0.999783
Rad[0] = 0.0148321
rho_[15] = 0.139219
~~~~~~~~~~~~~~~~~~~~~~~~~~~~~~~~~~~~~~~
hard-particle MC p_acc = 0.999167
Rad[0] = 0.0151848
rho_[16] = 0.14592
~~~~~~~~~~~~~~~~~~~~~~~~~~~~~~~~~~~~~~~
hard-particle MC p_acc = 0.999367
Rad[0] = 0.0153372
rho_[17] = 0.148863
~~~~~~~~~~~~~~~~~~~~~~~~~~~~~~~~~~~~~~~
hard-particle MC p_acc = 0.999683
Rad[0] = 0.0154911
rho_[18] = 0.151866
~~~~~~~~~~~~~~~~~~~~~~~~~~~~~~~~~~~~~~~
hard-particle MC p_acc = 0.999267
Rad[0] = 0.0156983
rho_[19] = 0.155956
~~~~~~~~~~~~~~~~~~~~~~~~~~~~~~~~~~~~~~~
hard-particle MC p_acc = 0.999033
Rad[0] = 0.0159084
rho_[20] = 0.160157
~~~~~~~~~~~~~~~~~~~~~~~~~~~~~~~~~~~~~~~
hard-particle MC p_acc = 0.999433
Rad[0] = 0.0159589
rho_[21] = 0.161176
~~~~~~~~~~~~~~~~~~~~~~~~~~~~~~~~~~~~~~~
hard-particle MC p_acc = 0.99895
Rad[0] = 0.016079
rho_[22] = 0.163611
~~~~~~~~~~~~~~~~~~~~~~~~~~~~~~~~~~~~~~~
hard-particle MC p_acc = 0.999517
Rad[0] = 0.016147
rho_[23] = 0.164999
~~~~~~~~~~~~~~~~~~~~~~~~~~~~~~~~~~~~~~~
hard-particle MC p_acc = 0.999567
Rad[0] = 0.0162685
rho_[24] = 0.167492
~~~~~~~~~~~~~~~~~~~~~~~~~~~~~~~~~~~~~~~
hard-particle MC p_acc = 0.999683
Rad[0] = 0.016391
rho_[25] = 0.170022
~~~~~~~~~~~~~~~~~~~~~~~~~~~~~~~~~~~~~~~
hard-particle MC p_acc = 0.999783
Rad[0] = 0.0164604
rho_[26] = 0.171464
~~~~~~~~~~~~~~~~~~~~~~~~~~~~~~~~~~~~~~~
hard-particle MC p_acc = 0.999917
Rad[0] = 0.016754
rho_[27] = 0.177636
~~~~~~~~~~~~~~~~~~~~~~~~~~~~~~~~~~~~~~~
hard-particle MC p_acc = 0.999633
Rad[0] = 0.0168249
rho_[28] = 0.179143
~~~~~~~~~~~~~~~~~~~~~~~~~~~~~~~~~~~~~~~
hard-particle MC p_acc = 0.999167
Rad[0] = 0.0168252
rho_[29] = 0.17915
~~~~~~~~~~~~~~~~~~~~~~~~~~~~~~~~~~~~~~~
hard-particle MC p_acc = 0.998983
Rad[0] = 0.0171253
rho_[30] = 0.185598
~~~~~~~~~~~~~~~~~~~~~~~~~~~~~~~~~~~~~~~
hard-particle MC p_acc = 0.998917
Rad[0] = 0.0171797
rho_[31] = 0.186778
~~~~~~~~~~~~~~~~~~~~~~~~~~~~~~~~~~~~~~~
hard-particle MC p_acc = 0.999733
Rad[0] = 0.0172767
rho_[32] = 0.188893
~~~~~~~~~~~~~~~~~~~~~~~~~~~~~~~~~~~~~~~
hard-particle MC p_acc = 0.999467
Rad[0] = 0.0174067
rho_[33] = 0.191746
~~~~~~~~~~~~~~~~~~~~~~~~~~~~~~~~~~~~~~~
hard-particle MC p_acc = 0.999233
Rad[0] = 0.0175813
rho_[34] = 0.195614
~~~~~~~~~~~~~~~~~~~~~~~~~~~~~~~~~~~~~~~
hard-particle MC p_acc = 0.999083
Rad[0] = 0.0177577
rho_[35] = 0.199559
~~~~~~~~~~~~~~~~~~~~~~~~~~~~~~~~~~~~~~~
hard-particle MC p_acc = 0.998867
Rad[0] = 0.0178329
rho_[36] = 0.201252
~~~~~~~~~~~~~~~~~~~~~~~~~~~~~~~~~~~~~~~
hard-particle MC p_acc = 0.99845
Rad[0] = 0.0178895
rho_[37] = 0.202532
~~~~~~~~~~~~~~~~~~~~~~~~~~~~~~~~~~~~~~~
hard-particle MC p_acc = 0.999483
Rad[0] = 0.0179215
rho_[38] = 0.203256
~~~~~~~~~~~~~~~~~~~~~~~~~~~~~~~~~~~~~~~
hard-particle MC p_acc = 0.998983
Rad[0] = 0.0181013
rho_[39] = 0.207355
~~~~~~~~~~~~~~~~~~~~~~~~~~~~~~~~~~~~~~~
hard-particle MC p_acc = 0.998533
Rad[0] = 0.0182035
rho_[40] = 0.209703
~~~~~~~~~~~~~~~~~~~~~~~~~~~~~~~~~~~~~~~
hard-particle MC p_acc = 0.998583
Rad[0] = 0.0183062
rho_[41] = 0.212076
~~~~~~~~~~~~~~~~~~~~~~~~~~~~~~~~~~~~~~~
hard-particle MC p_acc = 0.999033
Rad[0] = 0.0183068
rho_[42] = 0.21209
~~~~~~~~~~~~~~~~~~~~~~~~~~~~~~~~~~~~~~~
hard-particle MC p_acc = 0.99925
Rad[0] = 0.0183504
rho_[43] = 0.213101
~~~~~~~~~~~~~~~~~~~~~~~~~~~~~~~~~~~~~~~
hard-particle MC p_acc = 0.99915
Rad[0] = 0.0183642
rho_[44] = 0.213422
~~~~~~~~~~~~~~~~~~~~~~~~~~~~~~~~~~~~~~~
hard-particle MC p_acc = 0.999383
Rad[0] = 0.0184225
rho_[45] = 0.21478
~~~~~~~~~~~~~~~~~~~~~~~~~~~~~~~~~~~~~~~
hard-particle MC p_acc = 0.9983
Rad[0] = 0.0185005
rho_[46] = 0.216602
~~~~~~~~~~~~~~~~~~~~~~~~~~~~~~~~~~~~~~~
hard-particle MC p_acc = 0.999267
Rad[0] = 0.0185253
rho_[47] = 0.217182
~~~~~~~~~~~~~~~~~~~~~~~~~~~~~~~~~~~~~~~
hard-particle MC p_acc = 0.999483
Rad[0] = 0.0186037
rho_[48] = 0.219025
~~~~~~~~~~~~~~~~~~~~~~~~~~~~~~~~~~~~~~~
hard-particle MC p_acc = 0.998567
Rad[0] = 0.0186286
rho_[49] = 0.219612
~~~~~~~~~~~~~~~~~~~~~~~~~~~~~~~~~~~~~~~
hard-particle MC p_acc = 0.998133
Rad[0] = 0.0186877
rho_[50] = 0.221009
~~~~~~~~~~~~~~~~~~~~~~~~~~~~~~~~~~~~~~~
hard-particle MC p_acc = 0.998883
Rad[0] = 0.0187018
rho_[51] = 0.221342
~~~~~~~~~~~~~~~~~~~~~~~~~~~~~~~~~~~~~~~
hard-particle MC p_acc = 0.999117
Rad[0] = 0.0187464
rho_[52] = 0.222397
~~~~~~~~~~~~~~~~~~~~~~~~~~~~~~~~~~~~~~~
hard-particle MC p_acc = 0.999783
Rad[0] = 0.018791
rho_[53] = 0.223458
~~~~~~~~~~~~~~~~~~~~~~~~~~~~~~~~~~~~~~~
hard-particle MC p_acc = 0.999617
Rad[0] = 0.0188705
rho_[54] = 0.225353
~~~~~~~~~~~~~~~~~~~~~~~~~~~~~~~~~~~~~~~
hard-particle MC p_acc = 0.99975
Rad[0] = 0.0190599
rho_[55] = 0.229898
~~~~~~~~~~~~~~~~~~~~~~~~~~~~~~~~~~~~~~~
hard-particle MC p_acc = 0.99915
Rad[0] = 0.019079
rho_[56] = 0.230361
~~~~~~~~~~~~~~~~~~~~~~~~~~~~~~~~~~~~~~~
hard-particle MC p_acc = 0.998933
Rad[0] = 0.0192226
rho_[57] = 0.233841
~~~~~~~~~~~~~~~~~~~~~~~~~~~~~~~~~~~~~~~
hard-particle MC p_acc = 0.999683
Rad[0] = 0.0192371
rho_[58] = 0.234193
~~~~~~~~~~~~~~~~~~~~~~~~~~~~~~~~~~~~~~~
hard-particle MC p_acc = 0.999333
Rad[0] = 0.0192397
rho_[59] = 0.234256
~~~~~~~~~~~~~~~~~~~~~~~~~~~~~~~~~~~~~~~
hard-particle MC p_acc = 0.999133
Rad[0] = 0.0192431
rho_[60] = 0.23434
~~~~~~~~~~~~~~~~~~~~~~~~~~~~~~~~~~~~~~~
hard-particle MC p_acc = 0.999283
Rad[0] = 0.0193517
rho_[61] = 0.236993
~~~~~~~~~~~~~~~~~~~~~~~~~~~~~~~~~~~~~~~
hard-particle MC p_acc = 0.999783
Rad[0] = 0.0193978
rho_[62] = 0.238122
~~~~~~~~~~~~~~~~~~~~~~~~~~~~~~~~~~~~~~~
hard-particle MC p_acc = 0.9987
Rad[0] = 0.0194173
rho_[63] = 0.238601
~~~~~~~~~~~~~~~~~~~~~~~~~~~~~~~~~~~~~~~
hard-particle MC p_acc = 0.9994
Rad[0] = 0.0195269
rho_[64] = 0.241302
~~~~~~~~~~~~~~~~~~~~~~~~~~~~~~~~~~~~~~~
hard-particle MC p_acc = 0.9987
Rad[0] = 0.0195734
rho_[65] = 0.242453
~~~~~~~~~~~~~~~~~~~~~~~~~~~~~~~~~~~~~~~
hard-particle MC p_acc = 0.998733
Rad[0] = 0.0195844
rho_[66] = 0.242727
~~~~~~~~~~~~~~~~~~~~~~~~~~~~~~~~~~~~~~~
hard-particle MC p_acc = 0.998783
Rad[0] = 0.0195992
rho_[67] = 0.243093
~~~~~~~~~~~~~~~~~~~~~~~~~~~~~~~~~~~~~~~
hard-particle MC p_acc = 0.9985
Rad[0] = 0.019614
rho_[68] = 0.243459
~~~~~~~~~~~~~~~~~~~~~~~~~~~~~~~~~~~~~~~
hard-particle MC p_acc = 0.9992
Rad[0] = 0.0196337
rho_[69] = 0.243948
~~~~~~~~~~~~~~~~~~~~~~~~~~~~~~~~~~~~~~~
hard-particle MC p_acc = 0.9994
Rad[0] = 0.01966
rho_[70] = 0.244602
~~~~~~~~~~~~~~~~~~~~~~~~~~~~~~~~~~~~~~~
hard-particle MC p_acc = 0.998117
Rad[0] = 0.0197432
rho_[71] = 0.246677
~~~~~~~~~~~~~~~~~~~~~~~~~~~~~~~~~~~~~~~
hard-particle MC p_acc = 0.999317
Rad[0] = 0.0198267
rho_[72] = 0.24877
~~~~~~~~~~~~~~~~~~~~~~~~~~~~~~~~~~~~~~~
hard-particle MC p_acc = 0.998917
Rad[0] = 0.0199386
rho_[73] = 0.251586
~~~~~~~~~~~~~~~~~~~~~~~~~~~~~~~~~~~~~~~
hard-particle MC p_acc = 0.99895
Rad[0] = 0.0199499
rho_[74] = 0.251871
~~~~~~~~~~~~~~~~~~~~~~~~~~~~~~~~~~~~~~~
hard-particle MC p_acc = 0.999733
Rad[0] = 0.0200625
rho_[75] = 0.254722
~~~~~~~~~~~~~~~~~~~~~~~~~~~~~~~~~~~~~~~
hard-particle MC p_acc = 0.9996
Rad[0] = 0.0201474
rho_[76] = 0.256883
~~~~~~~~~~~~~~~~~~~~~~~~~~~~~~~~~~~~~~~
hard-particle MC p_acc = 0.99785
Rad[0] = 0.0201954
rho_[77] = 0.258108
~~~~~~~~~~~~~~~~~~~~~~~~~~~~~~~~~~~~~~~
hard-particle MC p_acc = 0.999117
Rad[0] = 0.0202068
rho_[78] = 0.2584
~~~~~~~~~~~~~~~~~~~~~~~~~~~~~~~~~~~~~~~
hard-particle MC p_acc = 0.999
Rad[0] = 0.0202549
rho_[79] = 0.259632
~~~~~~~~~~~~~~~~~~~~~~~~~~~~~~~~~~~~~~~
hard-particle MC p_acc = 0.999333
Rad[0] = 0.0203407
rho_[80] = 0.261834
~~~~~~~~~~~~~~~~~~~~~~~~~~~~~~~~~~~~~~~
hard-particle MC p_acc = 0.99865
Rad[0] = 0.0203891
rho_[81] = 0.263083
~~~~~~~~~~~~~~~~~~~~~~~~~~~~~~~~~~~~~~~
hard-particle MC p_acc = 0.9994
Rad[0] = 0.0203907
rho_[82] = 0.263122
~~~~~~~~~~~~~~~~~~~~~~~~~~~~~~~~~~~~~~~
hard-particle MC p_acc = 0.998533
Rad[0] = 0.0203971
rho_[83] = 0.26329
~~~~~~~~~~~~~~~~~~~~~~~~~~~~~~~~~~~~~~~
hard-particle MC p_acc = 0.9986
Rad[0] = 0.0204619
rho_[84] = 0.264964
~~~~~~~~~~~~~~~~~~~~~~~~~~~~~~~~~~~~~~~
hard-particle MC p_acc = 0.99895
Rad[0] = 0.0204893
rho_[85] = 0.265674
~~~~~~~~~~~~~~~~~~~~~~~~~~~~~~~~~~~~~~~
hard-particle MC p_acc = 0.999233
Rad[0] = 0.0205009
rho_[86] = 0.265975
~~~~~~~~~~~~~~~~~~~~~~~~~~~~~~~~~~~~~~~
hard-particle MC p_acc = 0.9993
Rad[0] = 0.0205125
rho_[87] = 0.266275
~~~~~~~~~~~~~~~~~~~~~~~~~~~~~~~~~~~~~~~
hard-particle MC p_acc = 0.998733
Rad[0] = 0.0207869
rho_[88] = 0.273448
~~~~~~~~~~~~~~~~~~~~~~~~~~~~~~~~~~~~~~~
hard-particle MC p_acc = 0.9996
Rad[0] = 0.0209042
rho_[89] = 0.276543
~~~~~~~~~~~~~~~~~~~~~~~~~~~~~~~~~~~~~~~
hard-particle MC p_acc = 0.999567
Rad[0] = 0.0209131
rho_[90] = 0.276778
~~~~~~~~~~~~~~~~~~~~~~~~~~~~~~~~~~~~~~~
hard-particle MC p_acc = 0.998917
Rad[0] = 0.0209168
rho_[91] = 0.276877
~~~~~~~~~~~~~~~~~~~~~~~~~~~~~~~~~~~~~~~
hard-particle MC p_acc = 0.998883
Rad[0] = 0.0209666
rho_[92] = 0.278197
~~~~~~~~~~~~~~~~~~~~~~~~~~~~~~~~~~~~~~~
hard-particle MC p_acc = 0.999167
Rad[0] = 0.0210554
rho_[93] = 0.280557
~~~~~~~~~~~~~~~~~~~~~~~~~~~~~~~~~~~~~~~
hard-particle MC p_acc = 0.999367
Rad[0] = 0.0210673
rho_[94] = 0.280874
~~~~~~~~~~~~~~~~~~~~~~~~~~~~~~~~~~~~~~~
hard-particle MC p_acc = 0.99865
Rad[0] = 0.0212786
rho_[95] = 0.286539
~~~~~~~~~~~~~~~~~~~~~~~~~~~~~~~~~~~~~~~
hard-particle MC p_acc = 0.997783
Rad[0] = 0.0213293
rho_[96] = 0.287905
~~~~~~~~~~~~~~~~~~~~~~~~~~~~~~~~~~~~~~~
hard-particle MC p_acc = 0.9981
Rad[0] = 0.0213322
rho_[97] = 0.287982
~~~~~~~~~~~~~~~~~~~~~~~~~~~~~~~~~~~~~~~
hard-particle MC p_acc = 0.998883
Rad[0] = 0.021335
rho_[98] = 0.288059
~~~~~~~~~~~~~~~~~~~~~~~~~~~~~~~~~~~~~~~
hard-particle MC p_acc = 0.9987
Rad[0] = 0.0214554
rho_[99] = 0.29132
~~~~~~~~~~~~~~~~~~~~~~~~~~~~~~~~~~~~~~~
hard-particle MC p_acc = 0.999333
Rad[0] = 0.0215463
rho_[100] = 0.293792
~~~~~~~~~~~~~~~~~~~~~~~~~~~~~~~~~~~~~~~
hard-particle MC p_acc = 0.998767
Rad[0] = 0.0215514
rho_[101] = 0.293932
~~~~~~~~~~~~~~~~~~~~~~~~~~~~~~~~~~~~~~~
hard-particle MC p_acc = 0.9988
Rad[0] = 0.0215676
rho_[102] = 0.294375
~~~~~~~~~~~~~~~~~~~~~~~~~~~~~~~~~~~~~~~
hard-particle MC p_acc = 0.99895
Rad[0] = 0.021619
rho_[103] = 0.295779
~~~~~~~~~~~~~~~~~~~~~~~~~~~~~~~~~~~~~~~
hard-particle MC p_acc = 0.999067
Rad[0] = 0.0216876
rho_[104] = 0.29766
~~~~~~~~~~~~~~~~~~~~~~~~~~~~~~~~~~~~~~~
hard-particle MC p_acc = 0.998133
Rad[0] = 0.0217264
rho_[105] = 0.298724
~~~~~~~~~~~~~~~~~~~~~~~~~~~~~~~~~~~~~~~
hard-particle MC p_acc = 0.99835
Rad[0] = 0.0217386
rho_[106] = 0.299061
~~~~~~~~~~~~~~~~~~~~~~~~~~~~~~~~~~~~~~~
hard-particle MC p_acc = 0.998167
Rad[0] = 0.0217678
rho_[107] = 0.299863
~~~~~~~~~~~~~~~~~~~~~~~~~~~~~~~~~~~~~~~
hard-particle MC p_acc = 0.998133
Rad[0] = 0.0218066
rho_[108] = 0.300935
~~~~~~~~~~~~~~~~~~~~~~~~~~~~~~~~~~~~~~~
hard-particle MC p_acc = 0.997467
Rad[0] = 0.0218231
rho_[109] = 0.301389
~~~~~~~~~~~~~~~~~~~~~~~~~~~~~~~~~~~~~~~
hard-particle MC p_acc = 0.999067
Rad[0] = 0.021845
rho_[110] = 0.301994
~~~~~~~~~~~~~~~~~~~~~~~~~~~~~~~~~~~~~~~
hard-particle MC p_acc = 0.999117
Rad[0] = 0.021897
rho_[111] = 0.303434
~~~~~~~~~~~~~~~~~~~~~~~~~~~~~~~~~~~~~~~
hard-particle MC p_acc = 0.998767
Rad[0] = 0.0219897
rho_[112] = 0.306009
~~~~~~~~~~~~~~~~~~~~~~~~~~~~~~~~~~~~~~~
hard-particle MC p_acc = 0.998233
Rad[0] = 0.0221138
rho_[113] = 0.309473
~~~~~~~~~~~~~~~~~~~~~~~~~~~~~~~~~~~~~~~
hard-particle MC p_acc = 0.998417
Rad[0] = 0.022116
rho_[114] = 0.309535
~~~~~~~~~~~~~~~~~~~~~~~~~~~~~~~~~~~~~~~
hard-particle MC p_acc = 0.9989
Rad[0] = 0.0221456
rho_[115] = 0.310365
~~~~~~~~~~~~~~~~~~~~~~~~~~~~~~~~~~~~~~~
hard-particle MC p_acc = 0.999
Rad[0] = 0.022216
rho_[116] = 0.312338
~~~~~~~~~~~~~~~~~~~~~~~~~~~~~~~~~~~~~~~
hard-particle MC p_acc = 0.998583
Rad[0] = 0.0222688
rho_[117] = 0.313828
~~~~~~~~~~~~~~~~~~~~~~~~~~~~~~~~~~~~~~~
hard-particle MC p_acc = 0.997583
Rad[0] = 0.0222912
rho_[118] = 0.314458
~~~~~~~~~~~~~~~~~~~~~~~~~~~~~~~~~~~~~~~
hard-particle MC p_acc = 0.998867
Rad[0] = 0.0223136
rho_[119] = 0.31509
~~~~~~~~~~~~~~~~~~~~~~~~~~~~~~~~~~~~~~~
hard-particle MC p_acc = 0.9996
Rad[0] = 0.0223845
rho_[120] = 0.317094
~~~~~~~~~~~~~~~~~~~~~~~~~~~~~~~~~~~~~~~
hard-particle MC p_acc = 0.99905
Rad[0] = 0.0224013
rho_[121] = 0.317572
~~~~~~~~~~~~~~~~~~~~~~~~~~~~~~~~~~~~~~~
hard-particle MC p_acc = 0.999367
Rad[0] = 0.0224084
rho_[122] = 0.317774
~~~~~~~~~~~~~~~~~~~~~~~~~~~~~~~~~~~~~~~
hard-particle MC p_acc = 0.998867
Rad[0] = 0.0225033
rho_[123] = 0.32047
~~~~~~~~~~~~~~~~~~~~~~~~~~~~~~~~~~~~~~~
hard-particle MC p_acc = 0.998117
Rad[0] = 0.0225056
rho_[124] = 0.320535
~~~~~~~~~~~~~~~~~~~~~~~~~~~~~~~~~~~~~~~
hard-particle MC p_acc = 0.998117
Rad[0] = 0.0225357
rho_[125] = 0.321394
~~~~~~~~~~~~~~~~~~~~~~~~~~~~~~~~~~~~~~~
hard-particle MC p_acc = 0.998883
Rad[0] = 0.0225759
rho_[126] = 0.322543
~~~~~~~~~~~~~~~~~~~~~~~~~~~~~~~~~~~~~~~
hard-particle MC p_acc = 0.999367
Rad[0] = 0.0226715
rho_[127] = 0.325279
~~~~~~~~~~~~~~~~~~~~~~~~~~~~~~~~~~~~~~~
hard-particle MC p_acc = 0.99835
Rad[0] = 0.0227995
rho_[128] = 0.328961
~~~~~~~~~~~~~~~~~~~~~~~~~~~~~~~~~~~~~~~
hard-particle MC p_acc = 0.998167
Rad[0] = 0.0228402
rho_[129] = 0.330137
~~~~~~~~~~~~~~~~~~~~~~~~~~~~~~~~~~~~~~~
hard-particle MC p_acc = 0.997983
Rad[0] = 0.0228456
rho_[130] = 0.330295
~~~~~~~~~~~~~~~~~~~~~~~~~~~~~~~~~~~~~~~
hard-particle MC p_acc = 0.997967
Rad[0] = 0.0228686
rho_[131] = 0.330959
~~~~~~~~~~~~~~~~~~~~~~~~~~~~~~~~~~~~~~~
hard-particle MC p_acc = 0.999283
Rad[0] = 0.0229412
rho_[132] = 0.333064
~~~~~~~~~~~~~~~~~~~~~~~~~~~~~~~~~~~~~~~
hard-particle MC p_acc = 0.999217
Rad[0] = 0.0229585
rho_[133] = 0.333566
~~~~~~~~~~~~~~~~~~~~~~~~~~~~~~~~~~~~~~~
hard-particle MC p_acc = 0.998433
Rad[0] = 0.0229995
rho_[134] = 0.334758
~~~~~~~~~~~~~~~~~~~~~~~~~~~~~~~~~~~~~~~
hard-particle MC p_acc = 0.9988
Rad[0] = 0.0230303
rho_[135] = 0.335655
~~~~~~~~~~~~~~~~~~~~~~~~~~~~~~~~~~~~~~~
hard-particle MC p_acc = 0.997583
Rad[0] = 0.0231603
rho_[136] = 0.339455
~~~~~~~~~~~~~~~~~~~~~~~~~~~~~~~~~~~~~~~
hard-particle MC p_acc = 0.997867
Rad[0] = 0.0231644
rho_[137] = 0.339576
~~~~~~~~~~~~~~~~~~~~~~~~~~~~~~~~~~~~~~~
hard-particle MC p_acc = 0.998517
Rad[0] = 0.0232379
rho_[138] = 0.341736
~~~~~~~~~~~~~~~~~~~~~~~~~~~~~~~~~~~~~~~
hard-particle MC p_acc = 0.99845
Rad[0] = 0.0232794
rho_[139] = 0.342958
~~~~~~~~~~~~~~~~~~~~~~~~~~~~~~~~~~~~~~~
hard-particle MC p_acc = 0.9985
Rad[0] = 0.0232868
rho_[140] = 0.343176
~~~~~~~~~~~~~~~~~~~~~~~~~~~~~~~~~~~~~~~
hard-particle MC p_acc = 0.998083
Rad[0] = 0.0233854
rho_[141] = 0.346087
~~~~~~~~~~~~~~~~~~~~~~~~~~~~~~~~~~~~~~~
hard-particle MC p_acc = 0.998683
Rad[0] = 0.0234089
rho_[142] = 0.346783
~~~~~~~~~~~~~~~~~~~~~~~~~~~~~~~~~~~~~~~
hard-particle MC p_acc = 0.998467
Rad[0] = 0.0234093
rho_[143] = 0.346795
~~~~~~~~~~~~~~~~~~~~~~~~~~~~~~~~~~~~~~~
hard-particle MC p_acc = 0.99865
Rad[0] = 0.0234225
rho_[144] = 0.347187
~~~~~~~~~~~~~~~~~~~~~~~~~~~~~~~~~~~~~~~
hard-particle MC p_acc = 0.998083
Rad[0] = 0.0234358
rho_[145] = 0.34758
~~~~~~~~~~~~~~~~~~~~~~~~~~~~~~~~~~~~~~~
hard-particle MC p_acc = 0.9971
Rad[0] = 0.0234414
rho_[146] = 0.347745
~~~~~~~~~~~~~~~~~~~~~~~~~~~~~~~~~~~~~~~
hard-particle MC p_acc = 0.998267
Rad[0] = 0.0234832
rho_[147] = 0.348989
~~~~~~~~~~~~~~~~~~~~~~~~~~~~~~~~~~~~~~~
hard-particle MC p_acc = 0.997583
Rad[0] = 0.0235147
rho_[148] = 0.349924
~~~~~~~~~~~~~~~~~~~~~~~~~~~~~~~~~~~~~~~
hard-particle MC p_acc = 0.99735
Rad[0] = 0.0235567
rho_[149] = 0.351175
~~~~~~~~~~~~~~~~~~~~~~~~~~~~~~~~~~~~~~~
hard-particle MC p_acc = 0.99655
Rad[0] = 0.02357
rho_[150] = 0.351572
~~~~~~~~~~~~~~~~~~~~~~~~~~~~~~~~~~~~~~~
hard-particle MC p_acc = 0.998483
Rad[0] = 0.023571
rho_[151] = 0.351602
~~~~~~~~~~~~~~~~~~~~~~~~~~~~~~~~~~~~~~~
hard-particle MC p_acc = 0.99845
Rad[0] = 0.0235947
rho_[152] = 0.352309
~~~~~~~~~~~~~~~~~~~~~~~~~~~~~~~~~~~~~~~
hard-particle MC p_acc = 0.998367
Rad[0] = 0.0236263
rho_[153] = 0.353253
~~~~~~~~~~~~~~~~~~~~~~~~~~~~~~~~~~~~~~~
hard-particle MC p_acc = 0.998017
Rad[0] = 0.0237013
rho_[154] = 0.355499
~~~~~~~~~~~~~~~~~~~~~~~~~~~~~~~~~~~~~~~
hard-particle MC p_acc = 0.999233
Rad[0] = 0.0237016
rho_[155] = 0.355509
~~~~~~~~~~~~~~~~~~~~~~~~~~~~~~~~~~~~~~~
hard-particle MC p_acc = 0.998933
Rad[0] = 0.0237072
rho_[156] = 0.355679
~~~~~~~~~~~~~~~~~~~~~~~~~~~~~~~~~~~~~~~
hard-particle MC p_acc = 0.998533
Rad[0] = 0.0237148
rho_[157] = 0.355905
~~~~~~~~~~~~~~~~~~~~~~~~~~~~~~~~~~~~~~~
hard-particle MC p_acc = 0.998033
Rad[0] = 0.0237901
rho_[158] = 0.358168
~~~~~~~~~~~~~~~~~~~~~~~~~~~~~~~~~~~~~~~
hard-particle MC p_acc = 0.997583
Rad[0] = 0.0238035
rho_[159] = 0.358573
~~~~~~~~~~~~~~~~~~~~~~~~~~~~~~~~~~~~~~~
hard-particle MC p_acc = 0.998467
Rad[0] = 0.0238354
rho_[160] = 0.359534
~~~~~~~~~~~~~~~~~~~~~~~~~~~~~~~~~~~~~~~
hard-particle MC p_acc = 0.99815
Rad[0] = 0.0238411
rho_[161] = 0.359706
~~~~~~~~~~~~~~~~~~~~~~~~~~~~~~~~~~~~~~~
hard-particle MC p_acc = 0.99825
Rad[0] = 0.0238545
rho_[162] = 0.360112
~~~~~~~~~~~~~~~~~~~~~~~~~~~~~~~~~~~~~~~
hard-particle MC p_acc = 0.99875
Rad[0] = 0.0238725
rho_[163] = 0.360655
~~~~~~~~~~~~~~~~~~~~~~~~~~~~~~~~~~~~~~~
hard-particle MC p_acc = 0.997067
Rad[0] = 0.0239483
rho_[164] = 0.362949
~~~~~~~~~~~~~~~~~~~~~~~~~~~~~~~~~~~~~~~
hard-particle MC p_acc = 0.995333
Rad[0] = 0.0239724
rho_[165] = 0.363678
~~~~~~~~~~~~~~~~~~~~~~~~~~~~~~~~~~~~~~~
hard-particle MC p_acc = 0.998333
Rad[0] = 0.0239825
rho_[166] = 0.363986
~~~~~~~~~~~~~~~~~~~~~~~~~~~~~~~~~~~~~~~
hard-particle MC p_acc = 0.9984
Rad[0] = 0.0239927
rho_[167] = 0.364295
~~~~~~~~~~~~~~~~~~~~~~~~~~~~~~~~~~~~~~~
hard-particle MC p_acc = 0.99905
Rad[0] = 0.0240108
rho_[168] = 0.364844
~~~~~~~~~~~~~~~~~~~~~~~~~~~~~~~~~~~~~~~
hard-particle MC p_acc = 0.999183
Rad[0] = 0.0240165
rho_[169] = 0.365018
~~~~~~~~~~~~~~~~~~~~~~~~~~~~~~~~~~~~~~~
hard-particle MC p_acc = 0.9978
Rad[0] = 0.0240241
rho_[170] = 0.36525
~~~~~~~~~~~~~~~~~~~~~~~~~~~~~~~~~~~~~~~
hard-particle MC p_acc = 0.998783
Rad[0] = 0.0240377
rho_[171] = 0.365663
~~~~~~~~~~~~~~~~~~~~~~~~~~~~~~~~~~~~~~~
hard-particle MC p_acc = 0.999183
Rad[0] = 0.0240699
rho_[172] = 0.366643
~~~~~~~~~~~~~~~~~~~~~~~~~~~~~~~~~~~~~~~
hard-particle MC p_acc = 0.99865
Rad[0] = 0.0241272
rho_[173] = 0.368391
~~~~~~~~~~~~~~~~~~~~~~~~~~~~~~~~~~~~~~~
hard-particle MC p_acc = 0.998433
Rad[0] = 0.0241514
rho_[174] = 0.369132
~~~~~~~~~~~~~~~~~~~~~~~~~~~~~~~~~~~~~~~
hard-particle MC p_acc = 0.998083
Rad[0] = 0.0241591
rho_[175] = 0.369367
~~~~~~~~~~~~~~~~~~~~~~~~~~~~~~~~~~~~~~~
hard-particle MC p_acc = 0.9988
Rad[0] = 0.0241773
rho_[176] = 0.369923
~~~~~~~~~~~~~~~~~~~~~~~~~~~~~~~~~~~~~~~
hard-particle MC p_acc = 0.997067
Rad[0] = 0.0242097
rho_[177] = 0.370915
~~~~~~~~~~~~~~~~~~~~~~~~~~~~~~~~~~~~~~~
hard-particle MC p_acc = 0.997583
Rad[0] = 0.0242129
rho_[178] = 0.371014
~~~~~~~~~~~~~~~~~~~~~~~~~~~~~~~~~~~~~~~
hard-particle MC p_acc = 0.99745
Rad[0] = 0.0242206
rho_[179] = 0.37125
~~~~~~~~~~~~~~~~~~~~~~~~~~~~~~~~~~~~~~~
hard-particle MC p_acc = 0.997633
Rad[0] = 0.0242531
rho_[180] = 0.372245
~~~~~~~~~~~~~~~~~~~~~~~~~~~~~~~~~~~~~~~
hard-particle MC p_acc = 0.999017
Rad[0] = 0.0242634
rho_[181] = 0.372561
~~~~~~~~~~~~~~~~~~~~~~~~~~~~~~~~~~~~~~~
hard-particle MC p_acc = 0.998883
Rad[0] = 0.0242736
rho_[182] = 0.372877
~~~~~~~~~~~~~~~~~~~~~~~~~~~~~~~~~~~~~~~
hard-particle MC p_acc = 0.99885
Rad[0] = 0.0243062
rho_[183] = 0.373876
~~~~~~~~~~~~~~~~~~~~~~~~~~~~~~~~~~~~~~~
hard-particle MC p_acc = 0.997633
Rad[0] = 0.0243306
rho_[184] = 0.374628
~~~~~~~~~~~~~~~~~~~~~~~~~~~~~~~~~~~~~~~
hard-particle MC p_acc = 0.998533
Rad[0] = 0.0243364
rho_[185] = 0.374806
~~~~~~~~~~~~~~~~~~~~~~~~~~~~~~~~~~~~~~~
hard-particle MC p_acc = 0.998
Rad[0] = 0.0243396
rho_[186] = 0.374907
~~~~~~~~~~~~~~~~~~~~~~~~~~~~~~~~~~~~~~~
hard-particle MC p_acc = 0.998383
Rad[0] = 0.0243722
rho_[187] = 0.375912
~~~~~~~~~~~~~~~~~~~~~~~~~~~~~~~~~~~~~~~
hard-particle MC p_acc = 0.997167
Rad[0] = 0.024386
rho_[188] = 0.376337
~~~~~~~~~~~~~~~~~~~~~~~~~~~~~~~~~~~~~~~
hard-particle MC p_acc = 0.997567
Rad[0] = 0.0243998
rho_[189] = 0.376762
~~~~~~~~~~~~~~~~~~~~~~~~~~~~~~~~~~~~~~~
hard-particle MC p_acc = 0.99855
Rad[0] = 0.0244075
rho_[190] = 0.377002
~~~~~~~~~~~~~~~~~~~~~~~~~~~~~~~~~~~~~~~
hard-particle MC p_acc = 0.9988
Rad[0] = 0.0244402
rho_[191] = 0.378012
~~~~~~~~~~~~~~~~~~~~~~~~~~~~~~~~~~~~~~~
hard-particle MC p_acc = 0.9985
Rad[0] = 0.0244586
rho_[192] = 0.378582
~~~~~~~~~~~~~~~~~~~~~~~~~~~~~~~~~~~~~~~
hard-particle MC p_acc = 0.998817
Rad[0] = 0.02446
rho_[193] = 0.378625
~~~~~~~~~~~~~~~~~~~~~~~~~~~~~~~~~~~~~~~
hard-particle MC p_acc = 0.998417
Rad[0] = 0.0244633
rho_[194] = 0.378727
~~~~~~~~~~~~~~~~~~~~~~~~~~~~~~~~~~~~~~~
hard-particle MC p_acc = 0.9987
Rad[0] = 0.0244771
rho_[195] = 0.379155
~~~~~~~~~~~~~~~~~~~~~~~~~~~~~~~~~~~~~~~
hard-particle MC p_acc = 0.997717
Rad[0] = 0.024491
rho_[196] = 0.379583
~~~~~~~~~~~~~~~~~~~~~~~~~~~~~~~~~~~~~~~
hard-particle MC p_acc = 0.998933
Rad[0] = 0.0244968
rho_[197] = 0.379764
~~~~~~~~~~~~~~~~~~~~~~~~~~~~~~~~~~~~~~~
hard-particle MC p_acc = 0.99845
Rad[0] = 0.0245214
rho_[198] = 0.380528
~~~~~~~~~~~~~~~~~~~~~~~~~~~~~~~~~~~~~~~
hard-particle MC p_acc = 0.998433
Rad[0] = 0.0245399
rho_[199] = 0.381101
~~~~~~~~~~~~~~~~~~~~~~~~~~~~~~~~~~~~~~~
hard-particle MC p_acc = 0.99835
Rad[0] = 0.0245645
rho_[200] = 0.381867
~~~~~~~~~~~~~~~~~~~~~~~~~~~~~~~~~~~~~~~
hard-particle MC p_acc = 0.99895
Rad[0] = 0.0245659
rho_[201] = 0.38191
~~~~~~~~~~~~~~~~~~~~~~~~~~~~~~~~~~~~~~~
hard-particle MC p_acc = 0.998917
Rad[0] = 0.0246439
rho_[202] = 0.384339
~~~~~~~~~~~~~~~~~~~~~~~~~~~~~~~~~~~~~~~
hard-particle MC p_acc = 0.99775
Rad[0] = 0.0246769
rho_[203] = 0.385369
~~~~~~~~~~~~~~~~~~~~~~~~~~~~~~~~~~~~~~~
hard-particle MC p_acc = 0.998033
Rad[0] = 0.0246909
rho_[204] = 0.385805
~~~~~~~~~~~~~~~~~~~~~~~~~~~~~~~~~~~~~~~
hard-particle MC p_acc = 0.998683
Rad[0] = 0.0247239
rho_[205] = 0.386839
~~~~~~~~~~~~~~~~~~~~~~~~~~~~~~~~~~~~~~~
hard-particle MC p_acc = 0.997183
Rad[0] = 0.0247681
rho_[206] = 0.388222
~~~~~~~~~~~~~~~~~~~~~~~~~~~~~~~~~~~~~~~
hard-particle MC p_acc = 0.998167
Rad[0] = 0.0247821
rho_[207] = 0.388661
~~~~~~~~~~~~~~~~~~~~~~~~~~~~~~~~~~~~~~~
hard-particle MC p_acc = 0.9974
Rad[0] = 0.0247926
rho_[208] = 0.38899
~~~~~~~~~~~~~~~~~~~~~~~~~~~~~~~~~~~~~~~
hard-particle MC p_acc = 0.998017
Rad[0] = 0.024797
rho_[209] = 0.38913
~~~~~~~~~~~~~~~~~~~~~~~~~~~~~~~~~~~~~~~
hard-particle MC p_acc = 0.9986
Rad[0] = 0.0248157
rho_[210] = 0.389716
~~~~~~~~~~~~~~~~~~~~~~~~~~~~~~~~~~~~~~~
hard-particle MC p_acc = 0.997133
Rad[0] = 0.0248406
rho_[211] = 0.390499
~~~~~~~~~~~~~~~~~~~~~~~~~~~~~~~~~~~~~~~
hard-particle MC p_acc = 0.998033
Rad[0] = 0.0248593
rho_[212] = 0.391088
~~~~~~~~~~~~~~~~~~~~~~~~~~~~~~~~~~~~~~~
hard-particle MC p_acc = 0.996233
Rad[0] = 0.0248653
rho_[213] = 0.391275
~~~~~~~~~~~~~~~~~~~~~~~~~~~~~~~~~~~~~~~
hard-particle MC p_acc = 0.997617
Rad[0] = 0.0248986
rho_[214] = 0.392323
~~~~~~~~~~~~~~~~~~~~~~~~~~~~~~~~~~~~~~~
hard-particle MC p_acc = 0.998017
Rad[0] = 0.0249173
rho_[215] = 0.392915
~~~~~~~~~~~~~~~~~~~~~~~~~~~~~~~~~~~~~~~
hard-particle MC p_acc = 0.9965
Rad[0] = 0.0249361
rho_[216] = 0.393507
~~~~~~~~~~~~~~~~~~~~~~~~~~~~~~~~~~~~~~~
hard-particle MC p_acc = 0.997767
Rad[0] = 0.0249502
rho_[217] = 0.393952
~~~~~~~~~~~~~~~~~~~~~~~~~~~~~~~~~~~~~~~
hard-particle MC p_acc = 0.9975
Rad[0] = 0.0250096
rho_[218] = 0.39583
~~~~~~~~~~~~~~~~~~~~~~~~~~~~~~~~~~~~~~~
hard-particle MC p_acc = 0.997683
Rad[0] = 0.0250156
rho_[219] = 0.396019
~~~~~~~~~~~~~~~~~~~~~~~~~~~~~~~~~~~~~~~
hard-particle MC p_acc = 0.997733
Rad[0] = 0.025017
rho_[220] = 0.396064
~~~~~~~~~~~~~~~~~~~~~~~~~~~~~~~~~~~~~~~
hard-particle MC p_acc = 0.997283
Rad[0] = 0.0250765
rho_[221] = 0.397952
~~~~~~~~~~~~~~~~~~~~~~~~~~~~~~~~~~~~~~~
hard-particle MC p_acc = 0.996583
Rad[0] = 0.0250845
rho_[222] = 0.398205
~~~~~~~~~~~~~~~~~~~~~~~~~~~~~~~~~~~~~~~
hard-particle MC p_acc = 0.997883
Rad[0] = 0.0251181
rho_[223] = 0.399273
~~~~~~~~~~~~~~~~~~~~~~~~~~~~~~~~~~~~~~~
hard-particle MC p_acc = 0.9971
Rad[0] = 0.025163
rho_[224] = 0.4007
~~~~~~~~~~~~~~~~~~~~~~~~~~~~~~~~~~~~~~~
hard-particle MC p_acc = 0.996683
Rad[0] = 0.0251882
rho_[225] = 0.401505
~~~~~~~~~~~~~~~~~~~~~~~~~~~~~~~~~~~~~~~
hard-particle MC p_acc = 0.998617
Rad[0] = 0.0252072
rho_[226] = 0.40211
~~~~~~~~~~~~~~~~~~~~~~~~~~~~~~~~~~~~~~~
hard-particle MC p_acc = 0.9975
Rad[0] = 0.0252522
rho_[227] = 0.403548
~~~~~~~~~~~~~~~~~~~~~~~~~~~~~~~~~~~~~~~
hard-particle MC p_acc = 0.998783
Rad[0] = 0.0252713
rho_[228] = 0.404156
~~~~~~~~~~~~~~~~~~~~~~~~~~~~~~~~~~~~~~~
hard-particle MC p_acc = 0.997517
Rad[0] = 0.0252723
rho_[229] = 0.404191
~~~~~~~~~~~~~~~~~~~~~~~~~~~~~~~~~~~~~~~
hard-particle MC p_acc = 0.9975
Rad[0] = 0.0252742
rho_[230] = 0.404252
~~~~~~~~~~~~~~~~~~~~~~~~~~~~~~~~~~~~~~~
hard-particle MC p_acc = 0.99795
Rad[0] = 0.0252823
rho_[231] = 0.404509
~~~~~~~~~~~~~~~~~~~~~~~~~~~~~~~~~~~~~~~
hard-particle MC p_acc = 0.99775
Rad[0] = 0.0253425
rho_[232] = 0.406437
~~~~~~~~~~~~~~~~~~~~~~~~~~~~~~~~~~~~~~~
hard-particle MC p_acc = 0.997567
Rad[0] = 0.025347
rho_[233] = 0.406583
~~~~~~~~~~~~~~~~~~~~~~~~~~~~~~~~~~~~~~~
hard-particle MC p_acc = 0.9992
Rad[0] = 0.0253661
rho_[234] = 0.407195
~~~~~~~~~~~~~~~~~~~~~~~~~~~~~~~~~~~~~~~
hard-particle MC p_acc = 0.998567
Rad[0] = 0.0253852
rho_[235] = 0.407809
~~~~~~~~~~~~~~~~~~~~~~~~~~~~~~~~~~~~~~~
hard-particle MC p_acc = 0.9982
Rad[0] = 0.025396
rho_[236] = 0.408155
~~~~~~~~~~~~~~~~~~~~~~~~~~~~~~~~~~~~~~~
hard-particle MC p_acc = 0.99825
Rad[0] = 0.0254103
rho_[237] = 0.408616
~~~~~~~~~~~~~~~~~~~~~~~~~~~~~~~~~~~~~~~
hard-particle MC p_acc = 0.997833
Rad[0] = 0.0254164
rho_[238] = 0.408811
~~~~~~~~~~~~~~~~~~~~~~~~~~~~~~~~~~~~~~~
hard-particle MC p_acc = 0.99895
Rad[0] = 0.0254769
rho_[239] = 0.41076
~~~~~~~~~~~~~~~~~~~~~~~~~~~~~~~~~~~~~~~
hard-particle MC p_acc = 0.9983
Rad[0] = 0.0254814
rho_[240] = 0.410907
~~~~~~~~~~~~~~~~~~~~~~~~~~~~~~~~~~~~~~~
hard-particle MC p_acc = 0.997033
Rad[0] = 0.025527
rho_[241] = 0.412376
~~~~~~~~~~~~~~~~~~~~~~~~~~~~~~~~~~~~~~~
hard-particle MC p_acc = 0.996783
Rad[0] = 0.0255414
rho_[242] = 0.412842
~~~~~~~~~~~~~~~~~~~~~~~~~~~~~~~~~~~~~~~
hard-particle MC p_acc = 0.997267
Rad[0] = 0.0255606
rho_[243] = 0.413465
~~~~~~~~~~~~~~~~~~~~~~~~~~~~~~~~~~~~~~~
hard-particle MC p_acc = 0.9982
Rad[0] = 0.0255687
rho_[244] = 0.413727
~~~~~~~~~~~~~~~~~~~~~~~~~~~~~~~~~~~~~~~
hard-particle MC p_acc = 0.99905
Rad[0] = 0.0256144
rho_[245] = 0.415206
~~~~~~~~~~~~~~~~~~~~~~~~~~~~~~~~~~~~~~~
hard-particle MC p_acc = 0.998383
Rad[0] = 0.0256152
rho_[246] = 0.415233
~~~~~~~~~~~~~~~~~~~~~~~~~~~~~~~~~~~~~~~
hard-particle MC p_acc = 0.99735
Rad[0] = 0.0256234
rho_[247] = 0.415497
~~~~~~~~~~~~~~~~~~~~~~~~~~~~~~~~~~~~~~~
hard-particle MC p_acc = 0.997367
Rad[0] = 0.0256342
rho_[248] = 0.415849
~~~~~~~~~~~~~~~~~~~~~~~~~~~~~~~~~~~~~~~
hard-particle MC p_acc = 0.997367
Rad[0] = 0.0256403
rho_[249] = 0.416047
~~~~~~~~~~~~~~~~~~~~~~~~~~~~~~~~~~~~~~~
hard-particle MC p_acc = 0.998283
Rad[0] = 0.0256418
rho_[250] = 0.416094
~~~~~~~~~~~~~~~~~~~~~~~~~~~~~~~~~~~~~~~
hard-particle MC p_acc = 0.995683
Rad[0] = 0.0256675
rho_[251] = 0.416931
~~~~~~~~~~~~~~~~~~~~~~~~~~~~~~~~~~~~~~~
hard-particle MC p_acc = 0.9982
Rad[0] = 0.0256869
rho_[252] = 0.417559
~~~~~~~~~~~~~~~~~~~~~~~~~~~~~~~~~~~~~~~
hard-particle MC p_acc = 0.997167
Rad[0] = 0.0257127
rho_[253] = 0.418399
~~~~~~~~~~~~~~~~~~~~~~~~~~~~~~~~~~~~~~~
hard-particle MC p_acc = 0.997833
Rad[0] = 0.0257586
rho_[254] = 0.419894
~~~~~~~~~~~~~~~~~~~~~~~~~~~~~~~~~~~~~~~
hard-particle MC p_acc = 0.997317
Rad[0] = 0.0258046
rho_[255] = 0.421395
~~~~~~~~~~~~~~~~~~~~~~~~~~~~~~~~~~~~~~~
hard-particle MC p_acc = 0.997633
Rad[0] = 0.0258155
rho_[256] = 0.421753
~~~~~~~~~~~~~~~~~~~~~~~~~~~~~~~~~~~~~~~
hard-particle MC p_acc = 0.9979
Rad[0] = 0.0258301
rho_[257] = 0.422229
~~~~~~~~~~~~~~~~~~~~~~~~~~~~~~~~~~~~~~~
hard-particle MC p_acc = 0.997283
Rad[0] = 0.0258496
rho_[258] = 0.422866
~~~~~~~~~~~~~~~~~~~~~~~~~~~~~~~~~~~~~~~
hard-particle MC p_acc = 0.997833
Rad[0] = 0.0258605
rho_[259] = 0.423224
~~~~~~~~~~~~~~~~~~~~~~~~~~~~~~~~~~~~~~~
hard-particle MC p_acc = 0.99695
Rad[0] = 0.0258952
rho_[260] = 0.424359
~~~~~~~~~~~~~~~~~~~~~~~~~~~~~~~~~~~~~~~
hard-particle MC p_acc = 0.99735
Rad[0] = 0.0259212
rho_[261] = 0.425212
~~~~~~~~~~~~~~~~~~~~~~~~~~~~~~~~~~~~~~~
hard-particle MC p_acc = 0.996483
Rad[0] = 0.0259407
rho_[262] = 0.425853
~~~~~~~~~~~~~~~~~~~~~~~~~~~~~~~~~~~~~~~
hard-particle MC p_acc = 0.996667
Rad[0] = 0.025987
rho_[263] = 0.427375
~~~~~~~~~~~~~~~~~~~~~~~~~~~~~~~~~~~~~~~
hard-particle MC p_acc = 0.996083
Rad[0] = 0.0260131
rho_[264] = 0.428234
~~~~~~~~~~~~~~~~~~~~~~~~~~~~~~~~~~~~~~~
hard-particle MC p_acc = 0.998033
Rad[0] = 0.0260151
rho_[265] = 0.428299
~~~~~~~~~~~~~~~~~~~~~~~~~~~~~~~~~~~~~~~
hard-particle MC p_acc = 0.99765
Rad[0] = 0.0260412
rho_[266] = 0.42916
~~~~~~~~~~~~~~~~~~~~~~~~~~~~~~~~~~~~~~~
hard-particle MC p_acc = 0.99835
Rad[0] = 0.026056
rho_[267] = 0.429645
~~~~~~~~~~~~~~~~~~~~~~~~~~~~~~~~~~~~~~~
hard-particle MC p_acc = 0.996717
Rad[0] = 0.0260707
rho_[268] = 0.43013
~~~~~~~~~~~~~~~~~~~~~~~~~~~~~~~~~~~~~~~
hard-particle MC p_acc = 0.997617
Rad[0] = 0.0260854
rho_[269] = 0.430617
~~~~~~~~~~~~~~~~~~~~~~~~~~~~~~~~~~~~~~~
hard-particle MC p_acc = 0.99815
Rad[0] = 0.0261116
rho_[270] = 0.431482
~~~~~~~~~~~~~~~~~~~~~~~~~~~~~~~~~~~~~~~
hard-particle MC p_acc = 0.9978
Rad[0] = 0.0261466
rho_[271] = 0.432639
~~~~~~~~~~~~~~~~~~~~~~~~~~~~~~~~~~~~~~~
hard-particle MC p_acc = 0.998083
Rad[0] = 0.0261549
rho_[272] = 0.432914
~~~~~~~~~~~~~~~~~~~~~~~~~~~~~~~~~~~~~~~
hard-particle MC p_acc = 0.997083
Rad[0] = 0.0261899
rho_[273] = 0.434074
~~~~~~~~~~~~~~~~~~~~~~~~~~~~~~~~~~~~~~~
hard-particle MC p_acc = 0.996467
Rad[0] = 0.0262047
rho_[274] = 0.434565
~~~~~~~~~~~~~~~~~~~~~~~~~~~~~~~~~~~~~~~
hard-particle MC p_acc = 0.998433
Rad[0] = 0.0262158
rho_[275] = 0.434933
~~~~~~~~~~~~~~~~~~~~~~~~~~~~~~~~~~~~~~~
hard-particle MC p_acc = 0.9978
Rad[0] = 0.0262205
rho_[276] = 0.435089
~~~~~~~~~~~~~~~~~~~~~~~~~~~~~~~~~~~~~~~
hard-particle MC p_acc = 0.995933
Rad[0] = 0.0262288
rho_[277] = 0.435365
~~~~~~~~~~~~~~~~~~~~~~~~~~~~~~~~~~~~~~~
hard-particle MC p_acc = 0.997883
Rad[0] = 0.0262372
rho_[278] = 0.435642
~~~~~~~~~~~~~~~~~~~~~~~~~~~~~~~~~~~~~~~
hard-particle MC p_acc = 0.998783
Rad[0] = 0.0262569
rho_[279] = 0.436299
~~~~~~~~~~~~~~~~~~~~~~~~~~~~~~~~~~~~~~~
hard-particle MC p_acc = 0.998133
Rad[0] = 0.0263403
rho_[280] = 0.439074
~~~~~~~~~~~~~~~~~~~~~~~~~~~~~~~~~~~~~~~
hard-particle MC p_acc = 0.997367
Rad[0] = 0.0263515
rho_[281] = 0.439446
~~~~~~~~~~~~~~~~~~~~~~~~~~~~~~~~~~~~~~~
hard-particle MC p_acc = 0.99795
Rad[0] = 0.0263578
rho_[282] = 0.439655
~~~~~~~~~~~~~~~~~~~~~~~~~~~~~~~~~~~~~~~
hard-particle MC p_acc = 0.99605
Rad[0] = 0.0263931
rho_[283] = 0.440834
~~~~~~~~~~~~~~~~~~~~~~~~~~~~~~~~~~~~~~~
hard-particle MC p_acc = 0.99665
Rad[0] = 0.0264042
rho_[284] = 0.441208
~~~~~~~~~~~~~~~~~~~~~~~~~~~~~~~~~~~~~~~
hard-particle MC p_acc = 0.997017
Rad[0] = 0.0264514
rho_[285] = 0.442785
~~~~~~~~~~~~~~~~~~~~~~~~~~~~~~~~~~~~~~~
hard-particle MC p_acc = 0.997117
Rad[0] = 0.0264713
rho_[286] = 0.443452
~~~~~~~~~~~~~~~~~~~~~~~~~~~~~~~~~~~~~~~
hard-particle MC p_acc = 0.99655
Rad[0] = 0.0264761
rho_[287] = 0.443611
~~~~~~~~~~~~~~~~~~~~~~~~~~~~~~~~~~~~~~~
hard-particle MC p_acc = 0.997533
Rad[0] = 0.0264787
rho_[288] = 0.4437
~~~~~~~~~~~~~~~~~~~~~~~~~~~~~~~~~~~~~~~
hard-particle MC p_acc = 0.997767
Rad[0] = 0.0264987
rho_[289] = 0.444369
~~~~~~~~~~~~~~~~~~~~~~~~~~~~~~~~~~~~~~~
hard-particle MC p_acc = 0.997917
Rad[0] = 0.0265136
rho_[290] = 0.444871
~~~~~~~~~~~~~~~~~~~~~~~~~~~~~~~~~~~~~~~
hard-particle MC p_acc = 0.99695
Rad[0] = 0.026561
rho_[291] = 0.446462
~~~~~~~~~~~~~~~~~~~~~~~~~~~~~~~~~~~~~~~
hard-particle MC p_acc = 0.9964
Rad[0] = 0.0265657
rho_[292] = 0.446621
~~~~~~~~~~~~~~~~~~~~~~~~~~~~~~~~~~~~~~~
hard-particle MC p_acc = 0.996233
Rad[0] = 0.0265672
rho_[293] = 0.446672
~~~~~~~~~~~~~~~~~~~~~~~~~~~~~~~~~~~~~~~
hard-particle MC p_acc = 0.99655
Rad[0] = 0.0265757
rho_[294] = 0.446956
~~~~~~~~~~~~~~~~~~~~~~~~~~~~~~~~~~~~~~~
hard-particle MC p_acc = 0.997067
Rad[0] = 0.0265841
rho_[295] = 0.44724
~~~~~~~~~~~~~~~~~~~~~~~~~~~~~~~~~~~~~~~
hard-particle MC p_acc = 0.99605
Rad[0] = 0.0266108
rho_[296] = 0.448139
~~~~~~~~~~~~~~~~~~~~~~~~~~~~~~~~~~~~~~~
hard-particle MC p_acc = 0.996917
Rad[0] = 0.0266376
rho_[297] = 0.44904
~~~~~~~~~~~~~~~~~~~~~~~~~~~~~~~~~~~~~~~
hard-particle MC p_acc = 0.996067
Rad[0] = 0.0266396
rho_[298] = 0.449107
~~~~~~~~~~~~~~~~~~~~~~~~~~~~~~~~~~~~~~~
hard-particle MC p_acc = 0.997267
Rad[0] = 0.0266663
rho_[299] = 0.45001
~~~~~~~~~~~~~~~~~~~~~~~~~~~~~~~~~~~~~~~
hard-particle MC p_acc = 0.998
Rad[0] = 0.0266931
rho_[300] = 0.450915
~~~~~~~~~~~~~~~~~~~~~~~~~~~~~~~~~~~~~~~
hard-particle MC p_acc = 0.996683
Rad[0] = 0.0267408
rho_[301] = 0.452527
~~~~~~~~~~~~~~~~~~~~~~~~~~~~~~~~~~~~~~~
hard-particle MC p_acc = 0.996517
Rad[0] = 0.0267521
rho_[302] = 0.45291
~~~~~~~~~~~~~~~~~~~~~~~~~~~~~~~~~~~~~~~
hard-particle MC p_acc = 0.996267
Rad[0] = 0.0267585
rho_[303] = 0.453126
~~~~~~~~~~~~~~~~~~~~~~~~~~~~~~~~~~~~~~~
hard-particle MC p_acc = 0.996567
Rad[0] = 0.0267736
rho_[304] = 0.453638
~~~~~~~~~~~~~~~~~~~~~~~~~~~~~~~~~~~~~~~
hard-particle MC p_acc = 0.99745
Rad[0] = 0.026785
rho_[305] = 0.454023
~~~~~~~~~~~~~~~~~~~~~~~~~~~~~~~~~~~~~~~
hard-particle MC p_acc = 0.996
Rad[0] = 0.0267898
rho_[306] = 0.454185
~~~~~~~~~~~~~~~~~~~~~~~~~~~~~~~~~~~~~~~
hard-particle MC p_acc = 0.995983
Rad[0] = 0.0268099
rho_[307] = 0.45487
~~~~~~~~~~~~~~~~~~~~~~~~~~~~~~~~~~~~~~~
hard-particle MC p_acc = 0.9965
Rad[0] = 0.0268147
rho_[308] = 0.455033
~~~~~~~~~~~~~~~~~~~~~~~~~~~~~~~~~~~~~~~
hard-particle MC p_acc = 0.994433
Rad[0] = 0.0268417
rho_[309] = 0.455947
~~~~~~~~~~~~~~~~~~~~~~~~~~~~~~~~~~~~~~~
hard-particle MC p_acc = 0.9956
Rad[0] = 0.0268419
rho_[310] = 0.455956
~~~~~~~~~~~~~~~~~~~~~~~~~~~~~~~~~~~~~~~
hard-particle MC p_acc = 0.997533
Rad[0] = 0.0268622
rho_[311] = 0.456644
~~~~~~~~~~~~~~~~~~~~~~~~~~~~~~~~~~~~~~~
hard-particle MC p_acc = 0.99535
Rad[0] = 0.0268981
rho_[312] = 0.457868
~~~~~~~~~~~~~~~~~~~~~~~~~~~~~~~~~~~~~~~
hard-particle MC p_acc = 0.995083
Rad[0] = 0.0269133
rho_[313] = 0.458385
~~~~~~~~~~~~~~~~~~~~~~~~~~~~~~~~~~~~~~~
hard-particle MC p_acc = 0.997433
Rad[0] = 0.0269182
rho_[314] = 0.458549
~~~~~~~~~~~~~~~~~~~~~~~~~~~~~~~~~~~~~~~
hard-particle MC p_acc = 0.996417
Rad[0] = 0.0269334
rho_[315] = 0.459068
~~~~~~~~~~~~~~~~~~~~~~~~~~~~~~~~~~~~~~~
hard-particle MC p_acc = 0.996167
Rad[0] = 0.0269354
rho_[316] = 0.459137
~~~~~~~~~~~~~~~~~~~~~~~~~~~~~~~~~~~~~~~
hard-particle MC p_acc = 0.99595
Rad[0] = 0.0269369
rho_[317] = 0.459189
~~~~~~~~~~~~~~~~~~~~~~~~~~~~~~~~~~~~~~~
hard-particle MC p_acc = 0.997033
Rad[0] = 0.0269384
rho_[318] = 0.459241
~~~~~~~~~~~~~~~~~~~~~~~~~~~~~~~~~~~~~~~
hard-particle MC p_acc = 0.997033
Rad[0] = 0.0269655
rho_[319] = 0.460164
~~~~~~~~~~~~~~~~~~~~~~~~~~~~~~~~~~~~~~~
hard-particle MC p_acc = 0.996483
Rad[0] = 0.0269858
rho_[320] = 0.460857
~~~~~~~~~~~~~~~~~~~~~~~~~~~~~~~~~~~~~~~
hard-particle MC p_acc = 0.995567
Rad[0] = 0.0269865
rho_[321] = 0.460879
~~~~~~~~~~~~~~~~~~~~~~~~~~~~~~~~~~~~~~~
hard-particle MC p_acc = 0.99735
Rad[0] = 0.0269913
rho_[322] = 0.461044
~~~~~~~~~~~~~~~~~~~~~~~~~~~~~~~~~~~~~~~
hard-particle MC p_acc = 0.994217
Rad[0] = 0.0270395
rho_[323] = 0.462692
~~~~~~~~~~~~~~~~~~~~~~~~~~~~~~~~~~~~~~~
hard-particle MC p_acc = 0.997067
Rad[0] = 0.0270509
rho_[324] = 0.463085
~~~~~~~~~~~~~~~~~~~~~~~~~~~~~~~~~~~~~~~
hard-particle MC p_acc = 0.996433
Rad[0] = 0.0271154
rho_[325] = 0.465293
~~~~~~~~~~~~~~~~~~~~~~~~~~~~~~~~~~~~~~~
hard-particle MC p_acc = 0.996
Rad[0] = 0.0271154
rho_[326] = 0.465294
~~~~~~~~~~~~~~~~~~~~~~~~~~~~~~~~~~~~~~~
hard-particle MC p_acc = 0.994583
Rad[0] = 0.0271202
rho_[327] = 0.46546
~~~~~~~~~~~~~~~~~~~~~~~~~~~~~~~~~~~~~~~
hard-particle MC p_acc = 0.994817
Rad[0] = 0.0271206
rho_[328] = 0.465473
~~~~~~~~~~~~~~~~~~~~~~~~~~~~~~~~~~~~~~~
hard-particle MC p_acc = 0.99525
Rad[0] = 0.0271321
rho_[329] = 0.465867
~~~~~~~~~~~~~~~~~~~~~~~~~~~~~~~~~~~~~~~
hard-particle MC p_acc = 0.996
Rad[0] = 0.0271386
rho_[330] = 0.466089
~~~~~~~~~~~~~~~~~~~~~~~~~~~~~~~~~~~~~~~
hard-particle MC p_acc = 0.995933
Rad[0] = 0.0271501
rho_[331] = 0.466485
~~~~~~~~~~~~~~~~~~~~~~~~~~~~~~~~~~~~~~~
hard-particle MC p_acc = 0.996617
Rad[0] = 0.0271565
rho_[332] = 0.466707
~~~~~~~~~~~~~~~~~~~~~~~~~~~~~~~~~~~~~~~
hard-particle MC p_acc = 0.9957
Rad[0] = 0.0271568
rho_[333] = 0.466716
~~~~~~~~~~~~~~~~~~~~~~~~~~~~~~~~~~~~~~~
hard-particle MC p_acc = 0.997417
Rad[0] = 0.0271605
rho_[334] = 0.466842
~~~~~~~~~~~~~~~~~~~~~~~~~~~~~~~~~~~~~~~
hard-particle MC p_acc = 0.996517
Rad[0] = 0.0271625
rho_[335] = 0.466912
~~~~~~~~~~~~~~~~~~~~~~~~~~~~~~~~~~~~~~~
hard-particle MC p_acc = 0.99675
Rad[0] = 0.0271711
rho_[336] = 0.467209
~~~~~~~~~~~~~~~~~~~~~~~~~~~~~~~~~~~~~~~
hard-particle MC p_acc = 0.996717
Rad[0] = 0.027176
rho_[337] = 0.467376
~~~~~~~~~~~~~~~~~~~~~~~~~~~~~~~~~~~~~~~
hard-particle MC p_acc = 0.995417
Rad[0] = 0.0271771
rho_[338] = 0.467416
~~~~~~~~~~~~~~~~~~~~~~~~~~~~~~~~~~~~~~~
hard-particle MC p_acc = 0.996017
Rad[0] = 0.0271887
rho_[339] = 0.467812
~~~~~~~~~~~~~~~~~~~~~~~~~~~~~~~~~~~~~~~
hard-particle MC p_acc = 0.997133
Rad[0] = 0.0271951
rho_[340] = 0.468035
~~~~~~~~~~~~~~~~~~~~~~~~~~~~~~~~~~~~~~~
hard-particle MC p_acc = 0.9975
Rad[0] = 0.0272067
rho_[341] = 0.468432
~~~~~~~~~~~~~~~~~~~~~~~~~~~~~~~~~~~~~~~
hard-particle MC p_acc = 0.997033
Rad[0] = 0.027222
rho_[342] = 0.468961
~~~~~~~~~~~~~~~~~~~~~~~~~~~~~~~~~~~~~~~
hard-particle MC p_acc = 0.9985
Rad[0] = 0.0272229
rho_[343] = 0.468991
~~~~~~~~~~~~~~~~~~~~~~~~~~~~~~~~~~~~~~~
hard-particle MC p_acc = 0.998833
Rad[0] = 0.0272266
rho_[344] = 0.469117
~~~~~~~~~~~~~~~~~~~~~~~~~~~~~~~~~~~~~~~
hard-particle MC p_acc = 0.998183
Rad[0] = 0.0272381
rho_[345] = 0.469515
~~~~~~~~~~~~~~~~~~~~~~~~~~~~~~~~~~~~~~~
hard-particle MC p_acc = 0.99885
Rad[0] = 0.0272496
rho_[346] = 0.469913
~~~~~~~~~~~~~~~~~~~~~~~~~~~~~~~~~~~~~~~
hard-particle MC p_acc = 0.998367
Rad[0] = 0.027265
rho_[347] = 0.470444
~~~~~~~~~~~~~~~~~~~~~~~~~~~~~~~~~~~~~~~
hard-particle MC p_acc = 0.9974
Rad[0] = 0.0272687
rho_[348] = 0.47057
~~~~~~~~~~~~~~~~~~~~~~~~~~~~~~~~~~~~~~~
hard-particle MC p_acc = 0.997867
Rad[0] = 0.0272736
rho_[349] = 0.470738
~~~~~~~~~~~~~~~~~~~~~~~~~~~~~~~~~~~~~~~
hard-particle MC p_acc = 0.996067
Rad[0] = 0.0273223
rho_[350] = 0.472421
~~~~~~~~~~~~~~~~~~~~~~~~~~~~~~~~~~~~~~~
hard-particle MC p_acc = 0.99625
Rad[0] = 0.0273429
rho_[351] = 0.473133
~~~~~~~~~~~~~~~~~~~~~~~~~~~~~~~~~~~~~~~
hard-particle MC p_acc = 0.997367
Rad[0] = 0.0273583
rho_[352] = 0.473668
~~~~~~~~~~~~~~~~~~~~~~~~~~~~~~~~~~~~~~~
hard-particle MC p_acc = 0.9969
Rad[0] = 0.0273738
rho_[353] = 0.474203
~~~~~~~~~~~~~~~~~~~~~~~~~~~~~~~~~~~~~~~
hard-particle MC p_acc = 0.996533
Rad[0] = 0.0273944
rho_[354] = 0.474918
~~~~~~~~~~~~~~~~~~~~~~~~~~~~~~~~~~~~~~~
hard-particle MC p_acc = 0.996433
Rad[0] = 0.0274219
rho_[355] = 0.475873
~~~~~~~~~~~~~~~~~~~~~~~~~~~~~~~~~~~~~~~
hard-particle MC p_acc = 0.995783
Rad[0] = 0.0274226
rho_[356] = 0.475896
~~~~~~~~~~~~~~~~~~~~~~~~~~~~~~~~~~~~~~~
hard-particle MC p_acc = 0.996683
Rad[0] = 0.0274262
rho_[357] = 0.476023
~~~~~~~~~~~~~~~~~~~~~~~~~~~~~~~~~~~~~~~
hard-particle MC p_acc = 0.99635
Rad[0] = 0.0274311
rho_[358] = 0.476193
~~~~~~~~~~~~~~~~~~~~~~~~~~~~~~~~~~~~~~~
hard-particle MC p_acc = 0.996333
Rad[0] = 0.0274466
rho_[359] = 0.476732
~~~~~~~~~~~~~~~~~~~~~~~~~~~~~~~~~~~~~~~
hard-particle MC p_acc = 0.996667
Rad[0] = 0.0274622
rho_[360] = 0.477271
~~~~~~~~~~~~~~~~~~~~~~~~~~~~~~~~~~~~~~~
hard-particle MC p_acc = 0.997183
Rad[0] = 0.0274625
rho_[361] = 0.477283
~~~~~~~~~~~~~~~~~~~~~~~~~~~~~~~~~~~~~~~
hard-particle MC p_acc = 0.99585
Rad[0] = 0.0274742
rho_[362] = 0.477688
~~~~~~~~~~~~~~~~~~~~~~~~~~~~~~~~~~~~~~~
hard-particle MC p_acc = 0.996783
Rad[0] = 0.0274858
rho_[363] = 0.478093
~~~~~~~~~~~~~~~~~~~~~~~~~~~~~~~~~~~~~~~
hard-particle MC p_acc = 0.99645
Rad[0] = 0.027486
rho_[364] = 0.4781
~~~~~~~~~~~~~~~~~~~~~~~~~~~~~~~~~~~~~~~
hard-particle MC p_acc = 0.996067
Rad[0] = 0.0275228
rho_[365] = 0.479382
~~~~~~~~~~~~~~~~~~~~~~~~~~~~~~~~~~~~~~~
hard-particle MC p_acc = 0.996283
Rad[0] = 0.0275277
rho_[366] = 0.479553
~~~~~~~~~~~~~~~~~~~~~~~~~~~~~~~~~~~~~~~
hard-particle MC p_acc = 0.995767
Rad[0] = 0.0275485
rho_[367] = 0.480276
~~~~~~~~~~~~~~~~~~~~~~~~~~~~~~~~~~~~~~~
hard-particle MC p_acc = 0.9958
Rad[0] = 0.0275572
rho_[368] = 0.480581
~~~~~~~~~~~~~~~~~~~~~~~~~~~~~~~~~~~~~~~
hard-particle MC p_acc = 0.996233
Rad[0] = 0.0275689
rho_[369] = 0.480989
~~~~~~~~~~~~~~~~~~~~~~~~~~~~~~~~~~~~~~~
hard-particle MC p_acc = 0.996
Rad[0] = 0.0276181
rho_[370] = 0.482708
~~~~~~~~~~~~~~~~~~~~~~~~~~~~~~~~~~~~~~~
hard-particle MC p_acc = 0.996
Rad[0] = 0.0276247
rho_[371] = 0.482938
~~~~~~~~~~~~~~~~~~~~~~~~~~~~~~~~~~~~~~~
hard-particle MC p_acc = 0.995983
Rad[0] = 0.0276268
rho_[372] = 0.483011
~~~~~~~~~~~~~~~~~~~~~~~~~~~~~~~~~~~~~~~
hard-particle MC p_acc = 0.99525
Rad[0] = 0.0276476
rho_[373] = 0.483739
~~~~~~~~~~~~~~~~~~~~~~~~~~~~~~~~~~~~~~~
hard-particle MC p_acc = 0.9955
Rad[0] = 0.027648
rho_[374] = 0.483752
~~~~~~~~~~~~~~~~~~~~~~~~~~~~~~~~~~~~~~~
hard-particle MC p_acc = 0.995567
Rad[0] = 0.0276597
rho_[375] = 0.484162
~~~~~~~~~~~~~~~~~~~~~~~~~~~~~~~~~~~~~~~
hard-particle MC p_acc = 0.996333
Rad[0] = 0.0276714
rho_[376] = 0.484573
~~~~~~~~~~~~~~~~~~~~~~~~~~~~~~~~~~~~~~~
hard-particle MC p_acc = 0.99605
Rad[0] = 0.0276832
rho_[377] = 0.484984
~~~~~~~~~~~~~~~~~~~~~~~~~~~~~~~~~~~~~~~
hard-particle MC p_acc = 0.9958
Rad[0] = 0.027686
rho_[378] = 0.485081
~~~~~~~~~~~~~~~~~~~~~~~~~~~~~~~~~~~~~~~
hard-particle MC p_acc = 0.995483
Rad[0] = 0.0276875
rho_[379] = 0.485136
~~~~~~~~~~~~~~~~~~~~~~~~~~~~~~~~~~~~~~~
hard-particle MC p_acc = 0.99505
Rad[0] = 0.0277084
rho_[380] = 0.485867
~~~~~~~~~~~~~~~~~~~~~~~~~~~~~~~~~~~~~~~
hard-particle MC p_acc = 0.99615
Rad[0] = 0.027715
rho_[381] = 0.486099
~~~~~~~~~~~~~~~~~~~~~~~~~~~~~~~~~~~~~~~
hard-particle MC p_acc = 0.995383
Rad[0] = 0.0277171
rho_[382] = 0.486172
~~~~~~~~~~~~~~~~~~~~~~~~~~~~~~~~~~~~~~~
hard-particle MC p_acc = 0.995383
Rad[0] = 0.0277327
rho_[383] = 0.486722
~~~~~~~~~~~~~~~~~~~~~~~~~~~~~~~~~~~~~~~
hard-particle MC p_acc = 0.996483
Rad[0] = 0.0277415
rho_[384] = 0.487031
~~~~~~~~~~~~~~~~~~~~~~~~~~~~~~~~~~~~~~~
hard-particle MC p_acc = 0.99505
Rad[0] = 0.0277533
rho_[385] = 0.487444
~~~~~~~~~~~~~~~~~~~~~~~~~~~~~~~~~~~~~~~
hard-particle MC p_acc = 0.995167
Rad[0] = 0.027769
rho_[386] = 0.487995
~~~~~~~~~~~~~~~~~~~~~~~~~~~~~~~~~~~~~~~
hard-particle MC p_acc = 0.995717
Rad[0] = 0.0277756
rho_[387] = 0.488228
~~~~~~~~~~~~~~~~~~~~~~~~~~~~~~~~~~~~~~~
hard-particle MC p_acc = 0.994817
Rad[0] = 0.0277772
rho_[388] = 0.488283
~~~~~~~~~~~~~~~~~~~~~~~~~~~~~~~~~~~~~~~
hard-particle MC p_acc = 0.996633
Rad[0] = 0.0277981
rho_[389] = 0.489019
~~~~~~~~~~~~~~~~~~~~~~~~~~~~~~~~~~~~~~~
hard-particle MC p_acc = 0.997017
Rad[0] = 0.027826
rho_[390] = 0.490002
~~~~~~~~~~~~~~~~~~~~~~~~~~~~~~~~~~~~~~~
hard-particle MC p_acc = 0.9967
Rad[0] = 0.0278298
rho_[391] = 0.490134
~~~~~~~~~~~~~~~~~~~~~~~~~~~~~~~~~~~~~~~
hard-particle MC p_acc = 0.9956
Rad[0] = 0.0278386
rho_[392] = 0.490445
~~~~~~~~~~~~~~~~~~~~~~~~~~~~~~~~~~~~~~~
hard-particle MC p_acc = 0.994533
Rad[0] = 0.0278386
rho_[393] = 0.490446
~~~~~~~~~~~~~~~~~~~~~~~~~~~~~~~~~~~~~~~
hard-particle MC p_acc = 0.995067
Rad[0] = 0.0278436
rho_[394] = 0.490622
~~~~~~~~~~~~~~~~~~~~~~~~~~~~~~~~~~~~~~~
hard-particle MC p_acc = 0.99365
Rad[0] = 0.0278593
rho_[395] = 0.491176
~~~~~~~~~~~~~~~~~~~~~~~~~~~~~~~~~~~~~~~
hard-particle MC p_acc = 0.99435
Rad[0] = 0.0278682
rho_[396] = 0.491488
~~~~~~~~~~~~~~~~~~~~~~~~~~~~~~~~~~~~~~~
hard-particle MC p_acc = 0.994883
Rad[0] = 0.0278685
rho_[397] = 0.491498
~~~~~~~~~~~~~~~~~~~~~~~~~~~~~~~~~~~~~~~
hard-particle MC p_acc = 0.9954
Rad[0] = 0.0278701
rho_[398] = 0.491554
~~~~~~~~~~~~~~~~~~~~~~~~~~~~~~~~~~~~~~~
hard-particle MC p_acc = 0.995717
Rad[0] = 0.0278716
rho_[399] = 0.49161
~~~~~~~~~~~~~~~~~~~~~~~~~~~~~~~~~~~~~~~
hard-particle MC p_acc = 0.9953
Rad[0] = 0.0278744
rho_[400] = 0.491708
~~~~~~~~~~~~~~~~~~~~~~~~~~~~~~~~~~~~~~~
hard-particle MC p_acc = 0.99635
Rad[0] = 0.0278765
rho_[401] = 0.491783
~~~~~~~~~~~~~~~~~~~~~~~~~~~~~~~~~~~~~~~
hard-particle MC p_acc = 0.995017
Rad[0] = 0.0278832
rho_[402] = 0.492017
~~~~~~~~~~~~~~~~~~~~~~~~~~~~~~~~~~~~~~~
hard-particle MC p_acc = 0.993267
Rad[0] = 0.027892
rho_[403] = 0.49233
~~~~~~~~~~~~~~~~~~~~~~~~~~~~~~~~~~~~~~~
hard-particle MC p_acc = 0.9946
Rad[0] = 0.027897
rho_[404] = 0.492506
~~~~~~~~~~~~~~~~~~~~~~~~~~~~~~~~~~~~~~~
hard-particle MC p_acc = 0.9952
Rad[0] = 0.0279037
rho_[405] = 0.492741
~~~~~~~~~~~~~~~~~~~~~~~~~~~~~~~~~~~~~~~
hard-particle MC p_acc = 0.995283
Rad[0] = 0.0279058
rho_[406] = 0.492815
~~~~~~~~~~~~~~~~~~~~~~~~~~~~~~~~~~~~~~~
hard-particle MC p_acc = 0.99615
Rad[0] = 0.0279147
rho_[407] = 0.493128
~~~~~~~~~~~~~~~~~~~~~~~~~~~~~~~~~~~~~~~
hard-particle MC p_acc = 0.9953
Rad[0] = 0.0279184
rho_[408] = 0.493261
~~~~~~~~~~~~~~~~~~~~~~~~~~~~~~~~~~~~~~~
hard-particle MC p_acc = 0.993567
Rad[0] = 0.0279342
rho_[409] = 0.493818
~~~~~~~~~~~~~~~~~~~~~~~~~~~~~~~~~~~~~~~
hard-particle MC p_acc = 0.993833
Rad[0] = 0.0279344
rho_[410] = 0.493826
~~~~~~~~~~~~~~~~~~~~~~~~~~~~~~~~~~~~~~~
hard-particle MC p_acc = 0.994367
Rad[0] = 0.0279353
rho_[411] = 0.493857
~~~~~~~~~~~~~~~~~~~~~~~~~~~~~~~~~~~~~~~
hard-particle MC p_acc = 0.994783
Rad[0] = 0.0279403
rho_[412] = 0.494034
~~~~~~~~~~~~~~~~~~~~~~~~~~~~~~~~~~~~~~~
hard-particle MC p_acc = 0.995633
Rad[0] = 0.0279521
rho_[413] = 0.494453
~~~~~~~~~~~~~~~~~~~~~~~~~~~~~~~~~~~~~~~
hard-particle MC p_acc = 0.9959
Rad[0] = 0.0279679
rho_[414] = 0.495012
~~~~~~~~~~~~~~~~~~~~~~~~~~~~~~~~~~~~~~~
hard-particle MC p_acc = 0.997133
Rad[0] = 0.027989
rho_[415] = 0.495758
~~~~~~~~~~~~~~~~~~~~~~~~~~~~~~~~~~~~~~~
hard-particle MC p_acc = 0.993
Rad[0] = 0.0280265
rho_[416] = 0.497087
~~~~~~~~~~~~~~~~~~~~~~~~~~~~~~~~~~~~~~~
hard-particle MC p_acc = 0.9951
Rad[0] = 0.0280267
rho_[417] = 0.497097
~~~~~~~~~~~~~~~~~~~~~~~~~~~~~~~~~~~~~~~
hard-particle MC p_acc = 0.995883
Rad[0] = 0.0280426
rho_[418] = 0.497659
~~~~~~~~~~~~~~~~~~~~~~~~~~~~~~~~~~~~~~~
hard-particle MC p_acc = 0.995067
Rad[0] = 0.0280476
rho_[419] = 0.497836
~~~~~~~~~~~~~~~~~~~~~~~~~~~~~~~~~~~~~~~
hard-particle MC p_acc = 0.995417
Rad[0] = 0.0280497
rho_[420] = 0.497912
~~~~~~~~~~~~~~~~~~~~~~~~~~~~~~~~~~~~~~~
hard-particle MC p_acc = 0.995483
Rad[0] = 0.0280525
rho_[421] = 0.498012
~~~~~~~~~~~~~~~~~~~~~~~~~~~~~~~~~~~~~~~
hard-particle MC p_acc = 0.99685
Rad[0] = 0.0280592
rho_[422] = 0.498249
~~~~~~~~~~~~~~~~~~~~~~~~~~~~~~~~~~~~~~~
hard-particle MC p_acc = 0.996717
Rad[0] = 0.0280642
rho_[423] = 0.498427
~~~~~~~~~~~~~~~~~~~~~~~~~~~~~~~~~~~~~~~
hard-particle MC p_acc = 0.997
Rad[0] = 0.0280854
rho_[424] = 0.499179
~~~~~~~~~~~~~~~~~~~~~~~~~~~~~~~~~~~~~~~
hard-particle MC p_acc = 0.997033
Rad[0] = 0.0280973
rho_[425] = 0.499602
~~~~~~~~~~~~~~~~~~~~~~~~~~~~~~~~~~~~~~~
hard-particle MC p_acc = 0.997017
Rad[0] = 0.0281132
rho_[426] = 0.500167
~~~~~~~~~~~~~~~~~~~~~~~~~~~~~~~~~~~~~~~
hard-particle MC p_acc = 0.996383
Rad[0] = 0.0281508
rho_[427] = 0.501507
~~~~~~~~~~~~~~~~~~~~~~~~~~~~~~~~~~~~~~~
hard-particle MC p_acc = 0.997383
Rad[0] = 0.028172
rho_[428] = 0.502263
~~~~~~~~~~~~~~~~~~~~~~~~~~~~~~~~~~~~~~~
hard-particle MC p_acc = 0.996433
Rad[0] = 0.0281932
rho_[429] = 0.50302
~~~~~~~~~~~~~~~~~~~~~~~~~~~~~~~~~~~~~~~
hard-particle MC p_acc = 0.997283
Rad[0] = 0.0281948
rho_[430] = 0.503077
~~~~~~~~~~~~~~~~~~~~~~~~~~~~~~~~~~~~~~~
hard-particle MC p_acc = 0.994083
Rad[0] = 0.028262
rho_[431] = 0.505476
~~~~~~~~~~~~~~~~~~~~~~~~~~~~~~~~~~~~~~~
hard-particle MC p_acc = 0.9969
Rad[0] = 0.0282687
rho_[432] = 0.505717
~~~~~~~~~~~~~~~~~~~~~~~~~~~~~~~~~~~~~~~
hard-particle MC p_acc = 0.996983
Rad[0] = 0.0282703
rho_[433] = 0.505774
~~~~~~~~~~~~~~~~~~~~~~~~~~~~~~~~~~~~~~~
hard-particle MC p_acc = 0.996433
Rad[0] = 0.0282987
rho_[434] = 0.506791
~~~~~~~~~~~~~~~~~~~~~~~~~~~~~~~~~~~~~~~
hard-particle MC p_acc = 0.993983
Rad[0] = 0.0283038
rho_[435] = 0.506972
~~~~~~~~~~~~~~~~~~~~~~~~~~~~~~~~~~~~~~~
hard-particle MC p_acc = 0.996733
Rad[0] = 0.0283066
rho_[436] = 0.507074
~~~~~~~~~~~~~~~~~~~~~~~~~~~~~~~~~~~~~~~
hard-particle MC p_acc = 0.994817
Rad[0] = 0.0283226
rho_[437] = 0.507647
~~~~~~~~~~~~~~~~~~~~~~~~~~~~~~~~~~~~~~~
hard-particle MC p_acc = 0.995467
Rad[0] = 0.0283316
rho_[438] = 0.50797
~~~~~~~~~~~~~~~~~~~~~~~~~~~~~~~~~~~~~~~
hard-particle MC p_acc = 0.995017
Rad[0] = 0.0283696
rho_[439] = 0.509332
~~~~~~~~~~~~~~~~~~~~~~~~~~~~~~~~~~~~~~~
hard-particle MC p_acc = 0.992283
Rad[0] = 0.0283856
rho_[440] = 0.509907
~~~~~~~~~~~~~~~~~~~~~~~~~~~~~~~~~~~~~~~
hard-particle MC p_acc = 0.99475
Rad[0] = 0.0283923
rho_[441] = 0.51015
~~~~~~~~~~~~~~~~~~~~~~~~~~~~~~~~~~~~~~~
hard-particle MC p_acc = 0.995917
Rad[0] = 0.0283974
rho_[442] = 0.510333
~~~~~~~~~~~~~~~~~~~~~~~~~~~~~~~~~~~~~~~
hard-particle MC p_acc = 0.99585
Rad[0] = 0.0284042
rho_[443] = 0.510576
~~~~~~~~~~~~~~~~~~~~~~~~~~~~~~~~~~~~~~~
hard-particle MC p_acc = 0.993917
Rad[0] = 0.0284132
rho_[444] = 0.510901
~~~~~~~~~~~~~~~~~~~~~~~~~~~~~~~~~~~~~~~
hard-particle MC p_acc = 0.996017
Rad[0] = 0.02842
rho_[445] = 0.511144
~~~~~~~~~~~~~~~~~~~~~~~~~~~~~~~~~~~~~~~
hard-particle MC p_acc = 0.99495
Rad[0] = 0.0284268
rho_[446] = 0.511388
~~~~~~~~~~~~~~~~~~~~~~~~~~~~~~~~~~~~~~~
hard-particle MC p_acc = 0.99655
Rad[0] = 0.0284319
rho_[447] = 0.511571
~~~~~~~~~~~~~~~~~~~~~~~~~~~~~~~~~~~~~~~
hard-particle MC p_acc = 0.99355
Rad[0] = 0.0284439
rho_[448] = 0.512005
~~~~~~~~~~~~~~~~~~~~~~~~~~~~~~~~~~~~~~~
hard-particle MC p_acc = 0.99465
Rad[0] = 0.0284451
rho_[449] = 0.512048
~~~~~~~~~~~~~~~~~~~~~~~~~~~~~~~~~~~~~~~
hard-particle MC p_acc = 0.99495
Rad[0] = 0.0284519
rho_[450] = 0.512292
~~~~~~~~~~~~~~~~~~~~~~~~~~~~~~~~~~~~~~~
hard-particle MC p_acc = 0.995333
Rad[0] = 0.0284557
rho_[451] = 0.51243
~~~~~~~~~~~~~~~~~~~~~~~~~~~~~~~~~~~~~~~
hard-particle MC p_acc = 0.993917
Rad[0] = 0.0284579
rho_[452] = 0.512507
~~~~~~~~~~~~~~~~~~~~~~~~~~~~~~~~~~~~~~~
hard-particle MC p_acc = 0.993817
Rad[0] = 0.0284739
rho_[453] = 0.513086
~~~~~~~~~~~~~~~~~~~~~~~~~~~~~~~~~~~~~~~
hard-particle MC p_acc = 0.996917
Rad[0] = 0.028483
rho_[454] = 0.513413
~~~~~~~~~~~~~~~~~~~~~~~~~~~~~~~~~~~~~~~
hard-particle MC p_acc = 0.99575
Rad[0] = 0.0284991
rho_[455] = 0.513993
~~~~~~~~~~~~~~~~~~~~~~~~~~~~~~~~~~~~~~~
hard-particle MC p_acc = 0.994467
Rad[0] = 0.0285152
rho_[456] = 0.514574
~~~~~~~~~~~~~~~~~~~~~~~~~~~~~~~~~~~~~~~
hard-particle MC p_acc = 0.995383
Rad[0] = 0.028519
rho_[457] = 0.514712
~~~~~~~~~~~~~~~~~~~~~~~~~~~~~~~~~~~~~~~
hard-particle MC p_acc = 0.99425
Rad[0] = 0.0285476
rho_[458] = 0.515746
~~~~~~~~~~~~~~~~~~~~~~~~~~~~~~~~~~~~~~~
hard-particle MC p_acc = 0.99615
Rad[0] = 0.0285567
rho_[459] = 0.516074
~~~~~~~~~~~~~~~~~~~~~~~~~~~~~~~~~~~~~~~
hard-particle MC p_acc = 0.995917
Rad[0] = 0.0285618
rho_[460] = 0.516259
~~~~~~~~~~~~~~~~~~~~~~~~~~~~~~~~~~~~~~~
hard-particle MC p_acc = 0.996583
Rad[0] = 0.0285647
rho_[461] = 0.516363
~~~~~~~~~~~~~~~~~~~~~~~~~~~~~~~~~~~~~~~
hard-particle MC p_acc = 0.995133
Rad[0] = 0.0285808
rho_[462] = 0.516946
~~~~~~~~~~~~~~~~~~~~~~~~~~~~~~~~~~~~~~~
hard-particle MC p_acc = 0.9939
Rad[0] = 0.0285877
rho_[463] = 0.517193
~~~~~~~~~~~~~~~~~~~~~~~~~~~~~~~~~~~~~~~
hard-particle MC p_acc = 0.9951
Rad[0] = 0.0285898
rho_[464] = 0.517271
~~~~~~~~~~~~~~~~~~~~~~~~~~~~~~~~~~~~~~~
hard-particle MC p_acc = 0.9963
Rad[0] = 0.028592
rho_[465] = 0.517349
~~~~~~~~~~~~~~~~~~~~~~~~~~~~~~~~~~~~~~~
hard-particle MC p_acc = 0.996083
Rad[0] = 0.0286081
rho_[466] = 0.517934
~~~~~~~~~~~~~~~~~~~~~~~~~~~~~~~~~~~~~~~
hard-particle MC p_acc = 0.996117
Rad[0] = 0.0286172
rho_[467] = 0.518263
~~~~~~~~~~~~~~~~~~~~~~~~~~~~~~~~~~~~~~~
hard-particle MC p_acc = 0.996433
Rad[0] = 0.0286211
rho_[468] = 0.518402
~~~~~~~~~~~~~~~~~~~~~~~~~~~~~~~~~~~~~~~
hard-particle MC p_acc = 0.996433
Rad[0] = 0.0286262
rho_[469] = 0.518588
~~~~~~~~~~~~~~~~~~~~~~~~~~~~~~~~~~~~~~~
hard-particle MC p_acc = 0.996917
Rad[0] = 0.0286477
rho_[470] = 0.519369
~~~~~~~~~~~~~~~~~~~~~~~~~~~~~~~~~~~~~~~
hard-particle MC p_acc = 0.99425
Rad[0] = 0.0286546
rho_[471] = 0.519617
~~~~~~~~~~~~~~~~~~~~~~~~~~~~~~~~~~~~~~~
hard-particle MC p_acc = 0.995033
Rad[0] = 0.0286562
rho_[472] = 0.519676
~~~~~~~~~~~~~~~~~~~~~~~~~~~~~~~~~~~~~~~
hard-particle MC p_acc = 0.99605
Rad[0] = 0.02866
rho_[473] = 0.519815
~~~~~~~~~~~~~~~~~~~~~~~~~~~~~~~~~~~~~~~
hard-particle MC p_acc = 0.994467
Rad[0] = 0.0286616
rho_[474] = 0.519874
~~~~~~~~~~~~~~~~~~~~~~~~~~~~~~~~~~~~~~~
hard-particle MC p_acc = 0.993833
Rad[0] = 0.0286626
rho_[475] = 0.519907
~~~~~~~~~~~~~~~~~~~~~~~~~~~~~~~~~~~~~~~
hard-particle MC p_acc = 0.994983
Rad[0] = 0.0286747
rho_[476] = 0.520348
~~~~~~~~~~~~~~~~~~~~~~~~~~~~~~~~~~~~~~~
hard-particle MC p_acc = 0.996633
Rad[0] = 0.0286776
rho_[477] = 0.520452
~~~~~~~~~~~~~~~~~~~~~~~~~~~~~~~~~~~~~~~
hard-particle MC p_acc = 0.9956
Rad[0] = 0.0286798
rho_[478] = 0.520531
~~~~~~~~~~~~~~~~~~~~~~~~~~~~~~~~~~~~~~~
hard-particle MC p_acc = 0.9973
Rad[0] = 0.028696
rho_[479] = 0.521119
~~~~~~~~~~~~~~~~~~~~~~~~~~~~~~~~~~~~~~~
hard-particle MC p_acc = 0.995117
Rad[0] = 0.0287176
rho_[480] = 0.521905
~~~~~~~~~~~~~~~~~~~~~~~~~~~~~~~~~~~~~~~
hard-particle MC p_acc = 0.99585
Rad[0] = 0.0287192
rho_[481] = 0.521964
~~~~~~~~~~~~~~~~~~~~~~~~~~~~~~~~~~~~~~~
hard-particle MC p_acc = 0.996667
Rad[0] = 0.0287314
rho_[482] = 0.522406
~~~~~~~~~~~~~~~~~~~~~~~~~~~~~~~~~~~~~~~
hard-particle MC p_acc = 0.995767
Rad[0] = 0.0287352
rho_[483] = 0.522546
~~~~~~~~~~~~~~~~~~~~~~~~~~~~~~~~~~~~~~~
hard-particle MC p_acc = 0.997033
Rad[0] = 0.0287474
rho_[484] = 0.522989
~~~~~~~~~~~~~~~~~~~~~~~~~~~~~~~~~~~~~~~
hard-particle MC p_acc = 0.996183
Rad[0] = 0.0287503
rho_[485] = 0.523095
~~~~~~~~~~~~~~~~~~~~~~~~~~~~~~~~~~~~~~~
hard-particle MC p_acc = 0.9955
Rad[0] = 0.028751
rho_[486] = 0.52312
~~~~~~~~~~~~~~~~~~~~~~~~~~~~~~~~~~~~~~~
hard-particle MC p_acc = 0.993283
Rad[0] = 0.0287548
rho_[487] = 0.52326
~~~~~~~~~~~~~~~~~~~~~~~~~~~~~~~~~~~~~~~
hard-particle MC p_acc = 0.995283
Rad[0] = 0.028764
rho_[488] = 0.523593
~~~~~~~~~~~~~~~~~~~~~~~~~~~~~~~~~~~~~~~
hard-particle MC p_acc = 0.99465
Rad[0] = 0.0287661
rho_[489] = 0.523672
~~~~~~~~~~~~~~~~~~~~~~~~~~~~~~~~~~~~~~~
hard-particle MC p_acc = 0.995133
Rad[0] = 0.0287824
rho_[490] = 0.524263
~~~~~~~~~~~~~~~~~~~~~~~~~~~~~~~~~~~~~~~
hard-particle MC p_acc = 0.995083
Rad[0] = 0.0287863
rho_[491] = 0.524404
~~~~~~~~~~~~~~~~~~~~~~~~~~~~~~~~~~~~~~~
hard-particle MC p_acc = 0.9952
Rad[0] = 0.0287863
rho_[492] = 0.524405
~~~~~~~~~~~~~~~~~~~~~~~~~~~~~~~~~~~~~~~
hard-particle MC p_acc = 0.993733
Rad[0] = 0.0287932
rho_[493] = 0.524656
~~~~~~~~~~~~~~~~~~~~~~~~~~~~~~~~~~~~~~~
hard-particle MC p_acc = 0.994417
Rad[0] = 0.0287953
rho_[494] = 0.524735
~~~~~~~~~~~~~~~~~~~~~~~~~~~~~~~~~~~~~~~
hard-particle MC p_acc = 0.9951
Rad[0] = 0.0288075
rho_[495] = 0.52518
~~~~~~~~~~~~~~~~~~~~~~~~~~~~~~~~~~~~~~~
hard-particle MC p_acc = 0.996233
Rad[0] = 0.0288197
rho_[496] = 0.525625
~~~~~~~~~~~~~~~~~~~~~~~~~~~~~~~~~~~~~~~
hard-particle MC p_acc = 0.994367
Rad[0] = 0.0288249
rho_[497] = 0.525813
~~~~~~~~~~~~~~~~~~~~~~~~~~~~~~~~~~~~~~~
hard-particle MC p_acc = 0.99545
Rad[0] = 0.0288318
rho_[498] = 0.526063
~~~~~~~~~~~~~~~~~~~~~~~~~~~~~~~~~~~~~~~
hard-particle MC p_acc = 0.996067
Rad[0] = 0.0288339
rho_[499] = 0.526143
~~~~~~~~~~~~~~~~~~~~~~~~~~~~~~~~~~~~~~~
hard-particle MC p_acc = 0.995783
Rad[0] = 0.0288502
rho_[500] = 0.526738
~~~~~~~~~~~~~~~~~~~~~~~~~~~~~~~~~~~~~~~
hard-particle MC p_acc = 0.992633
Rad[0] = 0.0288571
rho_[501] = 0.526989
~~~~~~~~~~~~~~~~~~~~~~~~~~~~~~~~~~~~~~~
hard-particle MC p_acc = 0.99325
Rad[0] = 0.028864
rho_[502] = 0.52724
~~~~~~~~~~~~~~~~~~~~~~~~~~~~~~~~~~~~~~~
hard-particle MC p_acc = 0.996633
Rad[0] = 0.0288679
rho_[503] = 0.527381
~~~~~~~~~~~~~~~~~~~~~~~~~~~~~~~~~~~~~~~
hard-particle MC p_acc = 0.994783
Rad[0] = 0.02887
rho_[504] = 0.527461
~~~~~~~~~~~~~~~~~~~~~~~~~~~~~~~~~~~~~~~
hard-particle MC p_acc = 0.9942
Rad[0] = 0.0288864
rho_[505] = 0.528057
~~~~~~~~~~~~~~~~~~~~~~~~~~~~~~~~~~~~~~~
hard-particle MC p_acc = 0.9954
Rad[0] = 0.0288955
rho_[506] = 0.528393
~~~~~~~~~~~~~~~~~~~~~~~~~~~~~~~~~~~~~~~
hard-particle MC p_acc = 0.995233
Rad[0] = 0.0289173
rho_[507] = 0.529189
~~~~~~~~~~~~~~~~~~~~~~~~~~~~~~~~~~~~~~~
hard-particle MC p_acc = 0.994267
Rad[0] = 0.0289336
rho_[508] = 0.529788
~~~~~~~~~~~~~~~~~~~~~~~~~~~~~~~~~~~~~~~
hard-particle MC p_acc = 0.995217
Rad[0] = 0.0289428
rho_[509] = 0.530124
~~~~~~~~~~~~~~~~~~~~~~~~~~~~~~~~~~~~~~~
hard-particle MC p_acc = 0.995533
Rad[0] = 0.0289551
rho_[510] = 0.530574
~~~~~~~~~~~~~~~~~~~~~~~~~~~~~~~~~~~~~~~
hard-particle MC p_acc = 0.994033
Rad[0] = 0.0289643
rho_[511] = 0.530911
~~~~~~~~~~~~~~~~~~~~~~~~~~~~~~~~~~~~~~~
hard-particle MC p_acc = 0.994083
Rad[0] = 0.0289934
rho_[512] = 0.531978
~~~~~~~~~~~~~~~~~~~~~~~~~~~~~~~~~~~~~~~
hard-particle MC p_acc = 0.995517
Rad[0] = 0.028995
rho_[513] = 0.532038
~~~~~~~~~~~~~~~~~~~~~~~~~~~~~~~~~~~~~~~
hard-particle MC p_acc = 0.995767
Rad[0] = 0.0290114
rho_[514] = 0.53264
~~~~~~~~~~~~~~~~~~~~~~~~~~~~~~~~~~~~~~~
hard-particle MC p_acc = 0.994933
Rad[0] = 0.0290153
rho_[515] = 0.532783
~~~~~~~~~~~~~~~~~~~~~~~~~~~~~~~~~~~~~~~
hard-particle MC p_acc = 0.995233
Rad[0] = 0.0290165
rho_[516] = 0.532828
~~~~~~~~~~~~~~~~~~~~~~~~~~~~~~~~~~~~~~~
hard-particle MC p_acc = 0.994333
Rad[0] = 0.0290172
rho_[517] = 0.532853
~~~~~~~~~~~~~~~~~~~~~~~~~~~~~~~~~~~~~~~
hard-particle MC p_acc = 0.9959
Rad[0] = 0.0290189
rho_[518] = 0.532914
~~~~~~~~~~~~~~~~~~~~~~~~~~~~~~~~~~~~~~~
hard-particle MC p_acc = 0.9944
Rad[0] = 0.029019
rho_[519] = 0.53292
~~~~~~~~~~~~~~~~~~~~~~~~~~~~~~~~~~~~~~~
hard-particle MC p_acc = 0.994867
Rad[0] = 0.0290229
rho_[520] = 0.533063
~~~~~~~~~~~~~~~~~~~~~~~~~~~~~~~~~~~~~~~
hard-particle MC p_acc = 0.996117
Rad[0] = 0.0290246
rho_[521] = 0.533123
~~~~~~~~~~~~~~~~~~~~~~~~~~~~~~~~~~~~~~~
hard-particle MC p_acc = 0.99665
Rad[0] = 0.0290315
rho_[522] = 0.533377
~~~~~~~~~~~~~~~~~~~~~~~~~~~~~~~~~~~~~~~
hard-particle MC p_acc = 0.995483
Rad[0] = 0.0290534
rho_[523] = 0.534181
~~~~~~~~~~~~~~~~~~~~~~~~~~~~~~~~~~~~~~~
hard-particle MC p_acc = 0.99465
Rad[0] = 0.0290556
rho_[524] = 0.534262
~~~~~~~~~~~~~~~~~~~~~~~~~~~~~~~~~~~~~~~
hard-particle MC p_acc = 0.99275
Rad[0] = 0.0290625
rho_[525] = 0.534516
~~~~~~~~~~~~~~~~~~~~~~~~~~~~~~~~~~~~~~~
hard-particle MC p_acc = 0.99395
Rad[0] = 0.0290664
rho_[526] = 0.53466
~~~~~~~~~~~~~~~~~~~~~~~~~~~~~~~~~~~~~~~
hard-particle MC p_acc = 0.994267
Rad[0] = 0.0290716
rho_[527] = 0.534851
~~~~~~~~~~~~~~~~~~~~~~~~~~~~~~~~~~~~~~~
hard-particle MC p_acc = 0.99535
Rad[0] = 0.0290721
rho_[528] = 0.53487
~~~~~~~~~~~~~~~~~~~~~~~~~~~~~~~~~~~~~~~
hard-particle MC p_acc = 0.99675
Rad[0] = 0.029079
rho_[529] = 0.535125
~~~~~~~~~~~~~~~~~~~~~~~~~~~~~~~~~~~~~~~
hard-particle MC p_acc = 0.994483
Rad[0] = 0.0290883
rho_[530] = 0.535465
~~~~~~~~~~~~~~~~~~~~~~~~~~~~~~~~~~~~~~~
hard-particle MC p_acc = 0.9968
Rad[0] = 0.0290886
rho_[531] = 0.535476
~~~~~~~~~~~~~~~~~~~~~~~~~~~~~~~~~~~~~~~
hard-particle MC p_acc = 0.99585
Rad[0] = 0.0290888
rho_[532] = 0.535484
~~~~~~~~~~~~~~~~~~~~~~~~~~~~~~~~~~~~~~~
hard-particle MC p_acc = 0.997167
Rad[0] = 0.0291011
rho_[533] = 0.535938
~~~~~~~~~~~~~~~~~~~~~~~~~~~~~~~~~~~~~~~
hard-particle MC p_acc = 0.9961
Rad[0] = 0.0291176
rho_[534] = 0.536544
~~~~~~~~~~~~~~~~~~~~~~~~~~~~~~~~~~~~~~~
hard-particle MC p_acc = 0.995333
Rad[0] = 0.029134
rho_[535] = 0.537151
~~~~~~~~~~~~~~~~~~~~~~~~~~~~~~~~~~~~~~~
hard-particle MC p_acc = 0.995533
Rad[0] = 0.0291433
rho_[536] = 0.537492
~~~~~~~~~~~~~~~~~~~~~~~~~~~~~~~~~~~~~~~
hard-particle MC p_acc = 0.9967
Rad[0] = 0.0291597
rho_[537] = 0.5381
~~~~~~~~~~~~~~~~~~~~~~~~~~~~~~~~~~~~~~~
hard-particle MC p_acc = 0.996583
Rad[0] = 0.029169
rho_[538] = 0.538442
~~~~~~~~~~~~~~~~~~~~~~~~~~~~~~~~~~~~~~~
hard-particle MC p_acc = 0.995067
Rad[0] = 0.0291855
rho_[539] = 0.53905
~~~~~~~~~~~~~~~~~~~~~~~~~~~~~~~~~~~~~~~
hard-particle MC p_acc = 0.995983
Rad[0] = 0.029202
rho_[540] = 0.53966
~~~~~~~~~~~~~~~~~~~~~~~~~~~~~~~~~~~~~~~
hard-particle MC p_acc = 0.995417
Rad[0] = 0.0292089
rho_[541] = 0.539917
~~~~~~~~~~~~~~~~~~~~~~~~~~~~~~~~~~~~~~~
hard-particle MC p_acc = 0.9953
Rad[0] = 0.0292111
rho_[542] = 0.539999
~~~~~~~~~~~~~~~~~~~~~~~~~~~~~~~~~~~~~~~
hard-particle MC p_acc = 0.996867
Rad[0] = 0.0292164
rho_[543] = 0.540192
~~~~~~~~~~~~~~~~~~~~~~~~~~~~~~~~~~~~~~~
hard-particle MC p_acc = 0.996967
Rad[0] = 0.0292203
rho_[544] = 0.540337
~~~~~~~~~~~~~~~~~~~~~~~~~~~~~~~~~~~~~~~
hard-particle MC p_acc = 0.994917
Rad[0] = 0.0292423
rho_[545] = 0.541151
~~~~~~~~~~~~~~~~~~~~~~~~~~~~~~~~~~~~~~~
hard-particle MC p_acc = 0.99725
Rad[0] = 0.0292516
rho_[546] = 0.541495
~~~~~~~~~~~~~~~~~~~~~~~~~~~~~~~~~~~~~~~
hard-particle MC p_acc = 0.996217
Rad[0] = 0.0292681
rho_[547] = 0.542107
~~~~~~~~~~~~~~~~~~~~~~~~~~~~~~~~~~~~~~~
hard-particle MC p_acc = 0.997283
Rad[0] = 0.0292805
rho_[548] = 0.542567
~~~~~~~~~~~~~~~~~~~~~~~~~~~~~~~~~~~~~~~
hard-particle MC p_acc = 0.994133
Rad[0] = 0.0292929
rho_[549] = 0.543027
~~~~~~~~~~~~~~~~~~~~~~~~~~~~~~~~~~~~~~~
hard-particle MC p_acc = 0.995567
Rad[0] = 0.0292999
rho_[550] = 0.543286
~~~~~~~~~~~~~~~~~~~~~~~~~~~~~~~~~~~~~~~
hard-particle MC p_acc = 0.994583
Rad[0] = 0.0293069
rho_[551] = 0.543545
~~~~~~~~~~~~~~~~~~~~~~~~~~~~~~~~~~~~~~~
hard-particle MC p_acc = 0.996067
Rad[0] = 0.0293108
rho_[552] = 0.54369
~~~~~~~~~~~~~~~~~~~~~~~~~~~~~~~~~~~~~~~
hard-particle MC p_acc = 0.995367
Rad[0] = 0.0293201
rho_[553] = 0.544036
~~~~~~~~~~~~~~~~~~~~~~~~~~~~~~~~~~~~~~~
hard-particle MC p_acc = 0.996833
Rad[0] = 0.0293254
rho_[554] = 0.544231
~~~~~~~~~~~~~~~~~~~~~~~~~~~~~~~~~~~~~~~
hard-particle MC p_acc = 0.99425
Rad[0] = 0.0293324
rho_[555] = 0.54449
~~~~~~~~~~~~~~~~~~~~~~~~~~~~~~~~~~~~~~~
hard-particle MC p_acc = 0.99375
Rad[0] = 0.0293394
rho_[556] = 0.54475
~~~~~~~~~~~~~~~~~~~~~~~~~~~~~~~~~~~~~~~
hard-particle MC p_acc = 0.992683
Rad[0] = 0.0293559
rho_[557] = 0.545366
~~~~~~~~~~~~~~~~~~~~~~~~~~~~~~~~~~~~~~~
hard-particle MC p_acc = 0.994617
Rad[0] = 0.0293629
rho_[558] = 0.545626
~~~~~~~~~~~~~~~~~~~~~~~~~~~~~~~~~~~~~~~
hard-particle MC p_acc = 0.994017
Rad[0] = 0.0293754
rho_[559] = 0.546088
~~~~~~~~~~~~~~~~~~~~~~~~~~~~~~~~~~~~~~~
hard-particle MC p_acc = 0.995617
Rad[0] = 0.0293975
rho_[560] = 0.546911
~~~~~~~~~~~~~~~~~~~~~~~~~~~~~~~~~~~~~~~
hard-particle MC p_acc = 0.992633
Rad[0] = 0.0294141
rho_[561] = 0.54753
~~~~~~~~~~~~~~~~~~~~~~~~~~~~~~~~~~~~~~~
hard-particle MC p_acc = 0.9933
Rad[0] = 0.0294142
rho_[562] = 0.547533
~~~~~~~~~~~~~~~~~~~~~~~~~~~~~~~~~~~~~~~
hard-particle MC p_acc = 0.995067
Rad[0] = 0.0294144
rho_[563] = 0.547541
~~~~~~~~~~~~~~~~~~~~~~~~~~~~~~~~~~~~~~~
hard-particle MC p_acc = 0.99415
Rad[0] = 0.0294215
rho_[564] = 0.547802
~~~~~~~~~~~~~~~~~~~~~~~~~~~~~~~~~~~~~~~
hard-particle MC p_acc = 0.99355
Rad[0] = 0.0294339
rho_[565] = 0.548267
~~~~~~~~~~~~~~~~~~~~~~~~~~~~~~~~~~~~~~~
hard-particle MC p_acc = 0.993217
Rad[0] = 0.0294433
rho_[566] = 0.548615
~~~~~~~~~~~~~~~~~~~~~~~~~~~~~~~~~~~~~~~
hard-particle MC p_acc = 0.995017
Rad[0] = 0.0294462
rho_[567] = 0.548726
~~~~~~~~~~~~~~~~~~~~~~~~~~~~~~~~~~~~~~~
hard-particle MC p_acc = 0.994583
Rad[0] = 0.0294469
rho_[568] = 0.548752
~~~~~~~~~~~~~~~~~~~~~~~~~~~~~~~~~~~~~~~
hard-particle MC p_acc = 0.994817
Rad[0] = 0.0294499
rho_[569] = 0.548862
~~~~~~~~~~~~~~~~~~~~~~~~~~~~~~~~~~~~~~~
hard-particle MC p_acc = 0.996217
Rad[0] = 0.0294521
rho_[570] = 0.548945
~~~~~~~~~~~~~~~~~~~~~~~~~~~~~~~~~~~~~~~
hard-particle MC p_acc = 0.996083
Rad[0] = 0.0294615
rho_[571] = 0.549294
~~~~~~~~~~~~~~~~~~~~~~~~~~~~~~~~~~~~~~~
hard-particle MC p_acc = 0.99535
Rad[0] = 0.0294709
rho_[572] = 0.549643
~~~~~~~~~~~~~~~~~~~~~~~~~~~~~~~~~~~~~~~
hard-particle MC p_acc = 0.99505
Rad[0] = 0.0294802
rho_[573] = 0.549993
~~~~~~~~~~~~~~~~~~~~~~~~~~~~~~~~~~~~~~~
hard-particle MC p_acc = 0.995567
Rad[0] = 0.0294819
rho_[574] = 0.550055
~~~~~~~~~~~~~~~~~~~~~~~~~~~~~~~~~~~~~~~
hard-particle MC p_acc = 0.99475
Rad[0] = 0.0295041
rho_[575] = 0.550884
~~~~~~~~~~~~~~~~~~~~~~~~~~~~~~~~~~~~~~~
hard-particle MC p_acc = 0.99605
Rad[0] = 0.0295263
rho_[576] = 0.551714
~~~~~~~~~~~~~~~~~~~~~~~~~~~~~~~~~~~~~~~
hard-particle MC p_acc = 0.9938
Rad[0] = 0.029556
rho_[577] = 0.552823
~~~~~~~~~~~~~~~~~~~~~~~~~~~~~~~~~~~~~~~
hard-particle MC p_acc = 0.994117
Rad[0] = 0.029563
rho_[578] = 0.553087
~~~~~~~~~~~~~~~~~~~~~~~~~~~~~~~~~~~~~~~
hard-particle MC p_acc = 0.9954
Rad[0] = 0.0295633
rho_[579] = 0.553095
~~~~~~~~~~~~~~~~~~~~~~~~~~~~~~~~~~~~~~~
hard-particle MC p_acc = 0.99515
Rad[0] = 0.0295672
rho_[580] = 0.553244
~~~~~~~~~~~~~~~~~~~~~~~~~~~~~~~~~~~~~~~
hard-particle MC p_acc = 0.995
Rad[0] = 0.0295895
rho_[581] = 0.554078
~~~~~~~~~~~~~~~~~~~~~~~~~~~~~~~~~~~~~~~
hard-particle MC p_acc = 0.99585
Rad[0] = 0.0295989
rho_[582] = 0.55443
~~~~~~~~~~~~~~~~~~~~~~~~~~~~~~~~~~~~~~~
hard-particle MC p_acc = 0.994167
Rad[0] = 0.0296042
rho_[583] = 0.554628
~~~~~~~~~~~~~~~~~~~~~~~~~~~~~~~~~~~~~~~
hard-particle MC p_acc = 0.99555
Rad[0] = 0.0296095
rho_[584] = 0.554827
~~~~~~~~~~~~~~~~~~~~~~~~~~~~~~~~~~~~~~~
hard-particle MC p_acc = 0.996383
Rad[0] = 0.0296165
rho_[585] = 0.555091
~~~~~~~~~~~~~~~~~~~~~~~~~~~~~~~~~~~~~~~
hard-particle MC p_acc = 0.9958
Rad[0] = 0.0296166
rho_[586] = 0.555095
~~~~~~~~~~~~~~~~~~~~~~~~~~~~~~~~~~~~~~~
hard-particle MC p_acc = 0.995267
Rad[0] = 0.0296206
rho_[587] = 0.555244
~~~~~~~~~~~~~~~~~~~~~~~~~~~~~~~~~~~~~~~
hard-particle MC p_acc = 0.99475
Rad[0] = 0.0296277
rho_[588] = 0.555508
~~~~~~~~~~~~~~~~~~~~~~~~~~~~~~~~~~~~~~~
hard-particle MC p_acc = 0.9943
Rad[0] = 0.0296444
rho_[589] = 0.556136
~~~~~~~~~~~~~~~~~~~~~~~~~~~~~~~~~~~~~~~
hard-particle MC p_acc = 0.993617
Rad[0] = 0.029657
rho_[590] = 0.556608
~~~~~~~~~~~~~~~~~~~~~~~~~~~~~~~~~~~~~~~
hard-particle MC p_acc = 0.995583
Rad[0] = 0.0296592
rho_[591] = 0.556692
~~~~~~~~~~~~~~~~~~~~~~~~~~~~~~~~~~~~~~~
hard-particle MC p_acc = 0.994333
Rad[0] = 0.0296645
rho_[592] = 0.556891
~~~~~~~~~~~~~~~~~~~~~~~~~~~~~~~~~~~~~~~
hard-particle MC p_acc = 0.993933
Rad[0] = 0.0296813
rho_[593] = 0.55752
~~~~~~~~~~~~~~~~~~~~~~~~~~~~~~~~~~~~~~~
hard-particle MC p_acc = 0.994617
Rad[0] = 0.0296843
rho_[594] = 0.557632
~~~~~~~~~~~~~~~~~~~~~~~~~~~~~~~~~~~~~~~
hard-particle MC p_acc = 0.994833
Rad[0] = 0.0296848
rho_[595] = 0.557652
~~~~~~~~~~~~~~~~~~~~~~~~~~~~~~~~~~~~~~~
hard-particle MC p_acc = 0.995767
Rad[0] = 0.0297016
rho_[596] = 0.558283
~~~~~~~~~~~~~~~~~~~~~~~~~~~~~~~~~~~~~~~
hard-particle MC p_acc = 0.995233
Rad[0] = 0.0297055
rho_[597] = 0.558432
~~~~~~~~~~~~~~~~~~~~~~~~~~~~~~~~~~~~~~~
hard-particle MC p_acc = 0.994183
Rad[0] = 0.0297279
rho_[598] = 0.559274
~~~~~~~~~~~~~~~~~~~~~~~~~~~~~~~~~~~~~~~
hard-particle MC p_acc = 0.99505
Rad[0] = 0.0297309
rho_[599] = 0.559387
~~~~~~~~~~~~~~~~~~~~~~~~~~~~~~~~~~~~~~~
hard-particle MC p_acc = 0.994233
Rad[0] = 0.0297326
rho_[600] = 0.55945
~~~~~~~~~~~~~~~~~~~~~~~~~~~~~~~~~~~~~~~
hard-particle MC p_acc = 0.99365
Rad[0] = 0.0297397
rho_[601] = 0.559717
~~~~~~~~~~~~~~~~~~~~~~~~~~~~~~~~~~~~~~~
hard-particle MC p_acc = 0.993983
Rad[0] = 0.0297427
rho_[602] = 0.559829
~~~~~~~~~~~~~~~~~~~~~~~~~~~~~~~~~~~~~~~
hard-particle MC p_acc = 0.991183
Rad[0] = 0.0297498
rho_[603] = 0.560096
~~~~~~~~~~~~~~~~~~~~~~~~~~~~~~~~~~~~~~~
hard-particle MC p_acc = 0.992683
Rad[0] = 0.0297551
rho_[604] = 0.560297
~~~~~~~~~~~~~~~~~~~~~~~~~~~~~~~~~~~~~~~
hard-particle MC p_acc = 0.994133
Rad[0] = 0.0297573
rho_[605] = 0.560381
~~~~~~~~~~~~~~~~~~~~~~~~~~~~~~~~~~~~~~~
hard-particle MC p_acc = 0.99465
Rad[0] = 0.029758
rho_[606] = 0.560408
~~~~~~~~~~~~~~~~~~~~~~~~~~~~~~~~~~~~~~~
hard-particle MC p_acc = 0.994733
Rad[0] = 0.0297603
rho_[607] = 0.560492
~~~~~~~~~~~~~~~~~~~~~~~~~~~~~~~~~~~~~~~
hard-particle MC p_acc = 0.99355
Rad[0] = 0.0297625
rho_[608] = 0.560577
~~~~~~~~~~~~~~~~~~~~~~~~~~~~~~~~~~~~~~~
hard-particle MC p_acc = 0.994517
Rad[0] = 0.029772
rho_[609] = 0.560933
~~~~~~~~~~~~~~~~~~~~~~~~~~~~~~~~~~~~~~~
hard-particle MC p_acc = 0.99385
Rad[0] = 0.0297737
rho_[610] = 0.560997
~~~~~~~~~~~~~~~~~~~~~~~~~~~~~~~~~~~~~~~
hard-particle MC p_acc = 0.993733
Rad[0] = 0.0297808
rho_[611] = 0.561264
~~~~~~~~~~~~~~~~~~~~~~~~~~~~~~~~~~~~~~~
hard-particle MC p_acc = 0.9955
Rad[0] = 0.0297861
rho_[612] = 0.561465
~~~~~~~~~~~~~~~~~~~~~~~~~~~~~~~~~~~~~~~
hard-particle MC p_acc = 0.995117
Rad[0] = 0.0297883
rho_[613] = 0.56155
~~~~~~~~~~~~~~~~~~~~~~~~~~~~~~~~~~~~~~~
hard-particle MC p_acc = 0.994383
Rad[0] = 0.0297913
rho_[614] = 0.561663
~~~~~~~~~~~~~~~~~~~~~~~~~~~~~~~~~~~~~~~
hard-particle MC p_acc = 0.994883
Rad[0] = 0.029804
rho_[615] = 0.562139
~~~~~~~~~~~~~~~~~~~~~~~~~~~~~~~~~~~~~~~
hard-particle MC p_acc = 0.993183
Rad[0] = 0.0298044
rho_[616] = 0.562154
~~~~~~~~~~~~~~~~~~~~~~~~~~~~~~~~~~~~~~~
hard-particle MC p_acc = 0.99375
Rad[0] = 0.0298074
rho_[617] = 0.562267
~~~~~~~~~~~~~~~~~~~~~~~~~~~~~~~~~~~~~~~
hard-particle MC p_acc = 0.99485
Rad[0] = 0.02982
rho_[618] = 0.562744
~~~~~~~~~~~~~~~~~~~~~~~~~~~~~~~~~~~~~~~
hard-particle MC p_acc = 0.992967
Rad[0] = 0.0298295
rho_[619] = 0.563101
~~~~~~~~~~~~~~~~~~~~~~~~~~~~~~~~~~~~~~~
hard-particle MC p_acc = 0.995617
Rad[0] = 0.0298307
rho_[620] = 0.563149
~~~~~~~~~~~~~~~~~~~~~~~~~~~~~~~~~~~~~~~
hard-particle MC p_acc = 0.993617
Rad[0] = 0.0298378
rho_[621] = 0.563418
~~~~~~~~~~~~~~~~~~~~~~~~~~~~~~~~~~~~~~~
hard-particle MC p_acc = 0.995467
Rad[0] = 0.0298395
rho_[622] = 0.563481
~~~~~~~~~~~~~~~~~~~~~~~~~~~~~~~~~~~~~~~
hard-particle MC p_acc = 0.9934
Rad[0] = 0.0298418
rho_[623] = 0.563566
~~~~~~~~~~~~~~~~~~~~~~~~~~~~~~~~~~~~~~~
hard-particle MC p_acc = 0.9912
Rad[0] = 0.0298818
rho_[624] = 0.565077
~~~~~~~~~~~~~~~~~~~~~~~~~~~~~~~~~~~~~~~
hard-particle MC p_acc = 0.994683
Rad[0] = 0.0298834
rho_[625] = 0.565141
~~~~~~~~~~~~~~~~~~~~~~~~~~~~~~~~~~~~~~~
hard-particle MC p_acc = 0.993683
Rad[0] = 0.0298888
rho_[626] = 0.565343
~~~~~~~~~~~~~~~~~~~~~~~~~~~~~~~~~~~~~~~
hard-particle MC p_acc = 0.993
Rad[0] = 0.0299015
rho_[627] = 0.565822
~~~~~~~~~~~~~~~~~~~~~~~~~~~~~~~~~~~~~~~
hard-particle MC p_acc = 0.993517
Rad[0] = 0.0299027
rho_[628] = 0.56587
~~~~~~~~~~~~~~~~~~~~~~~~~~~~~~~~~~~~~~~
hard-particle MC p_acc = 0.994283
Rad[0] = 0.0299057
rho_[629] = 0.565984
~~~~~~~~~~~~~~~~~~~~~~~~~~~~~~~~~~~~~~~
hard-particle MC p_acc = 0.995967
Rad[0] = 0.0299097
rho_[630] = 0.566136
~~~~~~~~~~~~~~~~~~~~~~~~~~~~~~~~~~~~~~~
hard-particle MC p_acc = 0.9945
Rad[0] = 0.0299224
rho_[631] = 0.566616
~~~~~~~~~~~~~~~~~~~~~~~~~~~~~~~~~~~~~~~
hard-particle MC p_acc = 0.995067
Rad[0] = 0.029945
rho_[632] = 0.56747
~~~~~~~~~~~~~~~~~~~~~~~~~~~~~~~~~~~~~~~
hard-particle MC p_acc = 0.993467
Rad[0] = 0.029948
rho_[633] = 0.567584
~~~~~~~~~~~~~~~~~~~~~~~~~~~~~~~~~~~~~~~
hard-particle MC p_acc = 0.993533
Rad[0] = 0.029952
rho_[634] = 0.567736
~~~~~~~~~~~~~~~~~~~~~~~~~~~~~~~~~~~~~~~
hard-particle MC p_acc = 0.99325
Rad[0] = 0.0299527
rho_[635] = 0.567763
~~~~~~~~~~~~~~~~~~~~~~~~~~~~~~~~~~~~~~~
hard-particle MC p_acc = 0.9932
Rad[0] = 0.0299567
rho_[636] = 0.567916
~~~~~~~~~~~~~~~~~~~~~~~~~~~~~~~~~~~~~~~
hard-particle MC p_acc = 0.99385
Rad[0] = 0.0299597
rho_[637] = 0.56803
~~~~~~~~~~~~~~~~~~~~~~~~~~~~~~~~~~~~~~~
hard-particle MC p_acc = 0.99445
Rad[0] = 0.0299651
rho_[638] = 0.568233
~~~~~~~~~~~~~~~~~~~~~~~~~~~~~~~~~~~~~~~
hard-particle MC p_acc = 0.994133
Rad[0] = 0.0299704
rho_[639] = 0.568436
~~~~~~~~~~~~~~~~~~~~~~~~~~~~~~~~~~~~~~~
hard-particle MC p_acc = 0.995217
Rad[0] = 0.0299758
rho_[640] = 0.56864
~~~~~~~~~~~~~~~~~~~~~~~~~~~~~~~~~~~~~~~
hard-particle MC p_acc = 0.992583
Rad[0] = 0.0299885
rho_[641] = 0.569122
~~~~~~~~~~~~~~~~~~~~~~~~~~~~~~~~~~~~~~~
hard-particle MC p_acc = 0.994483
Rad[0] = 0.029998
rho_[642] = 0.569483
~~~~~~~~~~~~~~~~~~~~~~~~~~~~~~~~~~~~~~~
hard-particle MC p_acc = 0.993083
Rad[0] = 0.0300021
rho_[643] = 0.569636
~~~~~~~~~~~~~~~~~~~~~~~~~~~~~~~~~~~~~~~
hard-particle MC p_acc = 0.995383
Rad[0] = 0.030019
rho_[644] = 0.57028
~~~~~~~~~~~~~~~~~~~~~~~~~~~~~~~~~~~~~~~
hard-particle MC p_acc = 0.99435
Rad[0] = 0.030022
rho_[645] = 0.570395
~~~~~~~~~~~~~~~~~~~~~~~~~~~~~~~~~~~~~~~
hard-particle MC p_acc = 0.99295
Rad[0] = 0.0300224
rho_[646] = 0.57041
~~~~~~~~~~~~~~~~~~~~~~~~~~~~~~~~~~~~~~~
hard-particle MC p_acc = 0.994383
Rad[0] = 0.030045
rho_[647] = 0.57127
~~~~~~~~~~~~~~~~~~~~~~~~~~~~~~~~~~~~~~~
hard-particle MC p_acc = 0.994467
Rad[0] = 0.0300504
rho_[648] = 0.571474
~~~~~~~~~~~~~~~~~~~~~~~~~~~~~~~~~~~~~~~
hard-particle MC p_acc = 0.994633
Rad[0] = 0.03006
rho_[649] = 0.571838
~~~~~~~~~~~~~~~~~~~~~~~~~~~~~~~~~~~~~~~
hard-particle MC p_acc = 0.994567
Rad[0] = 0.030077
rho_[650] = 0.572484
~~~~~~~~~~~~~~~~~~~~~~~~~~~~~~~~~~~~~~~
hard-particle MC p_acc = 0.993217
Rad[0] = 0.03008
rho_[651] = 0.572599
~~~~~~~~~~~~~~~~~~~~~~~~~~~~~~~~~~~~~~~
hard-particle MC p_acc = 0.9937
Rad[0] = 0.0300809
rho_[652] = 0.572636
~~~~~~~~~~~~~~~~~~~~~~~~~~~~~~~~~~~~~~~
hard-particle MC p_acc = 0.994733
Rad[0] = 0.030085
rho_[653] = 0.572789
~~~~~~~~~~~~~~~~~~~~~~~~~~~~~~~~~~~~~~~
hard-particle MC p_acc = 0.993817
Rad[0] = 0.030089
rho_[654] = 0.572943
~~~~~~~~~~~~~~~~~~~~~~~~~~~~~~~~~~~~~~~
hard-particle MC p_acc = 0.9942
Rad[0] = 0.0300903
rho_[655] = 0.572991
~~~~~~~~~~~~~~~~~~~~~~~~~~~~~~~~~~~~~~~
hard-particle MC p_acc = 0.9958
Rad[0] = 0.0300926
rho_[656] = 0.573078
~~~~~~~~~~~~~~~~~~~~~~~~~~~~~~~~~~~~~~~
hard-particle MC p_acc = 0.99565
Rad[0] = 0.0301053
rho_[657] = 0.573564
~~~~~~~~~~~~~~~~~~~~~~~~~~~~~~~~~~~~~~~
hard-particle MC p_acc = 0.996567
Rad[0] = 0.030128
rho_[658] = 0.574428
~~~~~~~~~~~~~~~~~~~~~~~~~~~~~~~~~~~~~~~
hard-particle MC p_acc = 0.99625
Rad[0] = 0.0301334
rho_[659] = 0.574634
~~~~~~~~~~~~~~~~~~~~~~~~~~~~~~~~~~~~~~~
hard-particle MC p_acc = 0.996267
Rad[0] = 0.0301406
rho_[660] = 0.574908
~~~~~~~~~~~~~~~~~~~~~~~~~~~~~~~~~~~~~~~
hard-particle MC p_acc = 0.995217
Rad[0] = 0.0301413
rho_[661] = 0.574935
~~~~~~~~~~~~~~~~~~~~~~~~~~~~~~~~~~~~~~~
hard-particle MC p_acc = 0.995717
Rad[0] = 0.0301583
rho_[662] = 0.575585
~~~~~~~~~~~~~~~~~~~~~~~~~~~~~~~~~~~~~~~
hard-particle MC p_acc = 0.994583
Rad[0] = 0.0301637
rho_[663] = 0.575791
~~~~~~~~~~~~~~~~~~~~~~~~~~~~~~~~~~~~~~~
hard-particle MC p_acc = 0.993883
Rad[0] = 0.0301709
rho_[664] = 0.576065
~~~~~~~~~~~~~~~~~~~~~~~~~~~~~~~~~~~~~~~
hard-particle MC p_acc = 0.995267
Rad[0] = 0.0301837
rho_[665] = 0.576554
~~~~~~~~~~~~~~~~~~~~~~~~~~~~~~~~~~~~~~~
hard-particle MC p_acc = 0.995367
Rad[0] = 0.0301891
rho_[666] = 0.57676
~~~~~~~~~~~~~~~~~~~~~~~~~~~~~~~~~~~~~~~
hard-particle MC p_acc = 0.9952
Rad[0] = 0.0301921
rho_[667] = 0.576876
~~~~~~~~~~~~~~~~~~~~~~~~~~~~~~~~~~~~~~~
hard-particle MC p_acc = 0.994333
Rad[0] = 0.0302092
rho_[668] = 0.577528
~~~~~~~~~~~~~~~~~~~~~~~~~~~~~~~~~~~~~~~
hard-particle MC p_acc = 0.994983
Rad[0] = 0.0302097
rho_[669] = 0.577549
~~~~~~~~~~~~~~~~~~~~~~~~~~~~~~~~~~~~~~~
hard-particle MC p_acc = 0.99545
Rad[0] = 0.0302225
rho_[670] = 0.578038
~~~~~~~~~~~~~~~~~~~~~~~~~~~~~~~~~~~~~~~
hard-particle MC p_acc = 0.992933
Rad[0] = 0.0302297
rho_[671] = 0.578314
~~~~~~~~~~~~~~~~~~~~~~~~~~~~~~~~~~~~~~~
hard-particle MC p_acc = 0.994633
Rad[0] = 0.0302328
rho_[672] = 0.57843
~~~~~~~~~~~~~~~~~~~~~~~~~~~~~~~~~~~~~~~
hard-particle MC p_acc = 0.993917
Rad[0] = 0.0302498
rho_[673] = 0.579084
~~~~~~~~~~~~~~~~~~~~~~~~~~~~~~~~~~~~~~~
hard-particle MC p_acc = 0.995567
Rad[0] = 0.030257
rho_[674] = 0.57936
~~~~~~~~~~~~~~~~~~~~~~~~~~~~~~~~~~~~~~~
hard-particle MC p_acc = 0.995133
Rad[0] = 0.0302593
rho_[675] = 0.579448
~~~~~~~~~~~~~~~~~~~~~~~~~~~~~~~~~~~~~~~
hard-particle MC p_acc = 0.99455
Rad[0] = 0.0302689
rho_[676] = 0.579816
~~~~~~~~~~~~~~~~~~~~~~~~~~~~~~~~~~~~~~~
hard-particle MC p_acc = 0.993283
Rad[0] = 0.030273
rho_[677] = 0.579972
~~~~~~~~~~~~~~~~~~~~~~~~~~~~~~~~~~~~~~~
hard-particle MC p_acc = 0.99435
Soft-core quenching p_acc = 0.504533
Final energy of stage 678  = 186.226
Rad[0] = 0.0302771
rho_[678] = 0.580127
~~~~~~~~~~~~~~~~~~~~~~~~~~~~~~~~~~~~~~~
hard-particle MC p_acc = 0.988467
Soft-core quenching p_acc = 0.515383
Final energy of stage 679  = 186.047
Rad[0] = 0.0302772
rho_[679] = 0.580131
~~~~~~~~~~~~~~~~~~~~~~~~~~~~~~~~~~~~~~~
hard-particle MC p_acc = 0.984667
Soft-core quenching p_acc = 0.516817
Final energy of stage 680  = 185.915
Rad[0] = 0.0302775
rho_[680] = 0.580142
~~~~~~~~~~~~~~~~~~~~~~~~~~~~~~~~~~~~~~~
hard-particle MC p_acc = 0.98395
Soft-core quenching p_acc = 0.513883
Final energy of stage 681  = 185.812
Rad[0] = 0.0302776
rho_[681] = 0.580146
~~~~~~~~~~~~~~~~~~~~~~~~~~~~~~~~~~~~~~~
hard-particle MC p_acc = 0.980217
Soft-core quenching p_acc = 0.51305
Final energy of stage 682  = 185.733
Rad[0] = 0.0302776
rho_[682] = 0.580149
~~~~~~~~~~~~~~~~~~~~~~~~~~~~~~~~~~~~~~~
hard-particle MC p_acc = 0.9851
Soft-core quenching p_acc = 0.505517
Final energy of stage 683  = 185.674
Rad[0] = 0.0302779
rho_[683] = 0.580158
~~~~~~~~~~~~~~~~~~~~~~~~~~~~~~~~~~~~~~~
hard-particle MC p_acc = 0.98305
Soft-core quenching p_acc = 0.506967
Final energy of stage 684  = 185.631
Rad[0] = 0.0302779
rho_[684] = 0.580159
~~~~~~~~~~~~~~~~~~~~~~~~~~~~~~~~~~~~~~~
hard-particle MC p_acc = 0.979067
Soft-core quenching p_acc = 0.496133
Final energy of stage 685  = 185.598
Rad[0] = 0.030278
rho_[685] = 0.580163
~~~~~~~~~~~~~~~~~~~~~~~~~~~~~~~~~~~~~~~
hard-particle MC p_acc = 0.979817
Soft-core quenching p_acc = 0.492833
Final energy of stage 686  = 185.572
Rad[0] = 0.0302781
rho_[686] = 0.580165
~~~~~~~~~~~~~~~~~~~~~~~~~~~~~~~~~~~~~~~
hard-particle MC p_acc = 0.980383
Soft-core quenching p_acc = 0.476983
Final energy of stage 687  = 185.55
Rad[0] = 0.0302782
rho_[687] = 0.580169
~~~~~~~~~~~~~~~~~~~~~~~~~~~~~~~~~~~~~~~
hard-particle MC p_acc = 0.9838
Soft-core quenching p_acc = 0.47795
Final energy of stage 688  = 185.533
Rad[0] = 0.0302782
rho_[688] = 0.580171
~~~~~~~~~~~~~~~~~~~~~~~~~~~~~~~~~~~~~~~
hard-particle MC p_acc = 0.981817
Soft-core quenching p_acc = 0.4747
Final energy of stage 689  = 185.519
Rad[0] = 0.0302783
rho_[689] = 0.580174
~~~~~~~~~~~~~~~~~~~~~~~~~~~~~~~~~~~~~~~
hard-particle MC p_acc = 0.98205
Soft-core quenching p_acc = 0.470517
Final energy of stage 690  = 185.507
Rad[0] = 0.0302783
rho_[690] = 0.580175
~~~~~~~~~~~~~~~~~~~~~~~~~~~~~~~~~~~~~~~
hard-particle MC p_acc = 0.981267
Soft-core quenching p_acc = 0.4682
Final energy of stage 691  = 185.497
Rad[0] = 0.0302784
rho_[691] = 0.580177
~~~~~~~~~~~~~~~~~~~~~~~~~~~~~~~~~~~~~~~
hard-particle MC p_acc = 0.979633
Soft-core quenching p_acc = 0.46485
Final energy of stage 692  = 185.489
Rad[0] = 0.0302784
rho_[692] = 0.58018
~~~~~~~~~~~~~~~~~~~~~~~~~~~~~~~~~~~~~~~
hard-particle MC p_acc = 0.982133
Soft-core quenching p_acc = 0.45175
Final energy of stage 693  = 185.482
Rad[0] = 0.0302784
rho_[693] = 0.58018
~~~~~~~~~~~~~~~~~~~~~~~~~~~~~~~~~~~~~~~
hard-particle MC p_acc = 0.9828
Soft-core quenching p_acc = 0.459367
Final energy of stage 694  = 185.476
Rad[0] = 0.0302785
rho_[694] = 0.580181
~~~~~~~~~~~~~~~~~~~~~~~~~~~~~~~~~~~~~~~
hard-particle MC p_acc = 0.982067
Soft-core quenching p_acc = 0.454483
Final energy of stage 695  = 185.47
Rad[0] = 0.0302785
rho_[695] = 0.580184
~~~~~~~~~~~~~~~~~~~~~~~~~~~~~~~~~~~~~~~
hard-particle MC p_acc = 0.9804
Soft-core quenching p_acc = 0.442217
Final energy of stage 696  = 185.464
Rad[0] = 0.0302786
rho_[696] = 0.580184
~~~~~~~~~~~~~~~~~~~~~~~~~~~~~~~~~~~~~~~
hard-particle MC p_acc = 0.980767
Soft-core quenching p_acc = 0.441417
Final energy of stage 697  = 185.459
Rad[0] = 0.0302786
rho_[697] = 0.580185
~~~~~~~~~~~~~~~~~~~~~~~~~~~~~~~~~~~~~~~
hard-particle MC p_acc = 0.980583
Soft-core quenching p_acc = 0.440883
Final energy of stage 698  = 185.454
Rad[0] = 0.0302786
rho_[698] = 0.580186
~~~~~~~~~~~~~~~~~~~~~~~~~~~~~~~~~~~~~~~
hard-particle MC p_acc = 0.975933
Soft-core quenching p_acc = 0.436933
Final energy of stage 699  = 185.45
Rad[0] = 0.0302786
rho_[699] = 0.580186
~~~~~~~~~~~~~~~~~~~~~~~~~~~~~~~~~~~~~~~
hard-particle MC p_acc = 0.976067
Soft-core quenching p_acc = 0.431367
Final energy of stage 700  = 185.447
Rad[0] = 0.0302786
rho_[700] = 0.580187
~~~~~~~~~~~~~~~~~~~~~~~~~~~~~~~~~~~~~~~
hard-particle MC p_acc = 0.97825
Soft-core quenching p_acc = 0.419817
Final energy of stage 701  = 185.443
Rad[0] = 0.0302787
rho_[701] = 0.580188
~~~~~~~~~~~~~~~~~~~~~~~~~~~~~~~~~~~~~~~
hard-particle MC p_acc = 0.977917
Soft-core quenching p_acc = 0.42255
Final energy of stage 702  = 185.44
Rad[0] = 0.0302787
rho_[702] = 0.58019
~~~~~~~~~~~~~~~~~~~~~~~~~~~~~~~~~~~~~~~
hard-particle MC p_acc = 0.979367
Soft-core quenching p_acc = 0.425917
Final energy of stage 703  = 185.437
Rad[0] = 0.0302787
rho_[703] = 0.58019
~~~~~~~~~~~~~~~~~~~~~~~~~~~~~~~~~~~~~~~
hard-particle MC p_acc = 0.981083
Soft-core quenching p_acc = 0.42665
Final energy of stage 704  = 185.434
Rad[0] = 0.0302788
rho_[704] = 0.580194
~~~~~~~~~~~~~~~~~~~~~~~~~~~~~~~~~~~~~~~
hard-particle MC p_acc = 0.978733
Soft-core quenching p_acc = 0.4337
Final energy of stage 705  = 185.431
Rad[0] = 0.0302789
rho_[705] = 0.580196
~~~~~~~~~~~~~~~~~~~~~~~~~~~~~~~~~~~~~~~
hard-particle MC p_acc = 0.978567
Soft-core quenching p_acc = 0.43025
Final energy of stage 706  = 185.427
Rad[0] = 0.0302789
rho_[706] = 0.580196
~~~~~~~~~~~~~~~~~~~~~~~~~~~~~~~~~~~~~~~
hard-particle MC p_acc = 0.97905
Soft-core quenching p_acc = 0.433467
Final energy of stage 707  = 185.423
Rad[0] = 0.0302789
rho_[707] = 0.580198
~~~~~~~~~~~~~~~~~~~~~~~~~~~~~~~~~~~~~~~
hard-particle MC p_acc = 0.979033
Soft-core quenching p_acc = 0.42445
Final energy of stage 708  = 185.419
Rad[0] = 0.0302789
rho_[708] = 0.580198
~~~~~~~~~~~~~~~~~~~~~~~~~~~~~~~~~~~~~~~
hard-particle MC p_acc = 0.977183
Soft-core quenching p_acc = 0.42205
Final energy of stage 709  = 185.415
Rad[0] = 0.0302789
rho_[709] = 0.580199
~~~~~~~~~~~~~~~~~~~~~~~~~~~~~~~~~~~~~~~
hard-particle MC p_acc = 0.982017
Soft-core quenching p_acc = 0.412367
Final energy of stage 710  = 185.412
Rad[0] = 0.030279
rho_[710] = 0.580201
~~~~~~~~~~~~~~~~~~~~~~~~~~~~~~~~~~~~~~~
hard-particle MC p_acc = 0.980117
Soft-core quenching p_acc = 0.40415
Final energy of stage 711  = 185.409
Rad[0] = 0.030279
rho_[711] = 0.580203
~~~~~~~~~~~~~~~~~~~~~~~~~~~~~~~~~~~~~~~
hard-particle MC p_acc = 0.981033
Soft-core quenching p_acc = 0.40205
Final energy of stage 712  = 185.405
Rad[0] = 0.0302791
rho_[712] = 0.580204
~~~~~~~~~~~~~~~~~~~~~~~~~~~~~~~~~~~~~~~
hard-particle MC p_acc = 0.982483
Soft-core quenching p_acc = 0.3892
Final energy of stage 713  = 185.402
Rad[0] = 0.0302791
rho_[713] = 0.580206
~~~~~~~~~~~~~~~~~~~~~~~~~~~~~~~~~~~~~~~
hard-particle MC p_acc = 0.978967
Soft-core quenching p_acc = 0.3856
Final energy of stage 714  = 185.399
Rad[0] = 0.0302792
rho_[714] = 0.580207
~~~~~~~~~~~~~~~~~~~~~~~~~~~~~~~~~~~~~~~
hard-particle MC p_acc = 0.97935
Soft-core quenching p_acc = 0.386783
Final energy of stage 715  = 185.396
Rad[0] = 0.0302792
rho_[715] = 0.58021
~~~~~~~~~~~~~~~~~~~~~~~~~~~~~~~~~~~~~~~
hard-particle MC p_acc = 0.979383
Soft-core quenching p_acc = 0.381417
Final energy of stage 716  = 185.394
Rad[0] = 0.0302792
rho_[716] = 0.58021
~~~~~~~~~~~~~~~~~~~~~~~~~~~~~~~~~~~~~~~
hard-particle MC p_acc = 0.97825
Soft-core quenching p_acc = 0.386383
Final energy of stage 717  = 185.391
Rad[0] = 0.0302794
rho_[717] = 0.580215
~~~~~~~~~~~~~~~~~~~~~~~~~~~~~~~~~~~~~~~
hard-particle MC p_acc = 0.980567
Soft-core quenching p_acc = 0.379233
Final energy of stage 718  = 185.389
Rad[0] = 0.0302794
rho_[718] = 0.580216
~~~~~~~~~~~~~~~~~~~~~~~~~~~~~~~~~~~~~~~
hard-particle MC p_acc = 0.982917
Soft-core quenching p_acc = 0.377833
Final energy of stage 719  = 185.386
Rad[0] = 0.0302794
rho_[719] = 0.580217
~~~~~~~~~~~~~~~~~~~~~~~~~~~~~~~~~~~~~~~
hard-particle MC p_acc = 0.981617
Soft-core quenching p_acc = 0.384283
Final energy of stage 720  = 185.384
Rad[0] = 0.0302795
rho_[720] = 0.580219
~~~~~~~~~~~~~~~~~~~~~~~~~~~~~~~~~~~~~~~
hard-particle MC p_acc = 0.982667
Soft-core quenching p_acc = 0.38015
Final energy of stage 721  = 185.381
Rad[0] = 0.0302795
rho_[721] = 0.580219
~~~~~~~~~~~~~~~~~~~~~~~~~~~~~~~~~~~~~~~
hard-particle MC p_acc = 0.981817
Soft-core quenching p_acc = 0.369967
Final energy of stage 722  = 185.379
Rad[0] = 0.0302795
rho_[722] = 0.580221
~~~~~~~~~~~~~~~~~~~~~~~~~~~~~~~~~~~~~~~
hard-particle MC p_acc = 0.9813
Soft-core quenching p_acc = 0.381683
Final energy of stage 723  = 185.376
Rad[0] = 0.0302795
rho_[723] = 0.580222
~~~~~~~~~~~~~~~~~~~~~~~~~~~~~~~~~~~~~~~
hard-particle MC p_acc = 0.979517
Soft-core quenching p_acc = 0.395033
Final energy of stage 724  = 185.374
Rad[0] = 0.0302796
rho_[724] = 0.580222
~~~~~~~~~~~~~~~~~~~~~~~~~~~~~~~~~~~~~~~
hard-particle MC p_acc = 0.980117
Soft-core quenching p_acc = 0.38765
Final energy of stage 725  = 185.372
Rad[0] = 0.0302796
rho_[725] = 0.580223
~~~~~~~~~~~~~~~~~~~~~~~~~~~~~~~~~~~~~~~
hard-particle MC p_acc = 0.98005
Soft-core quenching p_acc = 0.38945
Final energy of stage 726  = 185.37
Rad[0] = 0.0302796
rho_[726] = 0.580223
~~~~~~~~~~~~~~~~~~~~~~~~~~~~~~~~~~~~~~~
hard-particle MC p_acc = 0.981833
Soft-core quenching p_acc = 0.39135
Final energy of stage 727  = 185.368
Rad[0] = 0.0302796
rho_[727] = 0.580223
~~~~~~~~~~~~~~~~~~~~~~~~~~~~~~~~~~~~~~~
hard-particle MC p_acc = 0.9786
Soft-core quenching p_acc = 0.3932
Final energy of stage 728  = 185.365
Rad[0] = 0.0302796
rho_[728] = 0.580224
~~~~~~~~~~~~~~~~~~~~~~~~~~~~~~~~~~~~~~~
hard-particle MC p_acc = 0.9809
Soft-core quenching p_acc = 0.38385
Final energy of stage 729  = 185.363
Rad[0] = 0.0302796
rho_[729] = 0.580226
~~~~~~~~~~~~~~~~~~~~~~~~~~~~~~~~~~~~~~~
hard-particle MC p_acc = 0.98005
Soft-core quenching p_acc = 0.38195
Final energy of stage 730  = 185.362
Rad[0] = 0.0302796
rho_[730] = 0.580226
~~~~~~~~~~~~~~~~~~~~~~~~~~~~~~~~~~~~~~~
hard-particle MC p_acc = 0.978767
Soft-core quenching p_acc = 0.38545
Final energy of stage 731  = 185.36
Rad[0] = 0.0302797
rho_[731] = 0.580226
~~~~~~~~~~~~~~~~~~~~~~~~~~~~~~~~~~~~~~~
hard-particle MC p_acc = 0.979383
Soft-core quenching p_acc = 0.387533
Final energy of stage 732  = 185.358
Rad[0] = 0.0302797
rho_[732] = 0.580226
~~~~~~~~~~~~~~~~~~~~~~~~~~~~~~~~~~~~~~~
hard-particle MC p_acc = 0.97865
Soft-core quenching p_acc = 0.378367
Final energy of stage 733  = 185.356
Rad[0] = 0.0302797
rho_[733] = 0.580227
~~~~~~~~~~~~~~~~~~~~~~~~~~~~~~~~~~~~~~~
hard-particle MC p_acc = 0.982417
Soft-core quenching p_acc = 0.3779
Final energy of stage 734  = 185.354
Rad[0] = 0.0302797
rho_[734] = 0.580227
~~~~~~~~~~~~~~~~~~~~~~~~~~~~~~~~~~~~~~~
hard-particle MC p_acc = 0.979817
Soft-core quenching p_acc = 0.372233
Final energy of stage 735  = 185.353
Rad[0] = 0.0302797
rho_[735] = 0.580229
~~~~~~~~~~~~~~~~~~~~~~~~~~~~~~~~~~~~~~~
hard-particle MC p_acc = 0.9797
Soft-core quenching p_acc = 0.371167
Final energy of stage 736  = 185.351
Rad[0] = 0.0302797
rho_[736] = 0.580229
~~~~~~~~~~~~~~~~~~~~~~~~~~~~~~~~~~~~~~~
hard-particle MC p_acc = 0.9812
Soft-core quenching p_acc = 0.372133
Final energy of stage 737  = 185.349
Rad[0] = 0.0302797
rho_[737] = 0.58023
~~~~~~~~~~~~~~~~~~~~~~~~~~~~~~~~~~~~~~~
hard-particle MC p_acc = 0.975883
Soft-core quenching p_acc = 0.373517
Final energy of stage 738  = 185.348
Rad[0] = 0.0302797
rho_[738] = 0.58023
~~~~~~~~~~~~~~~~~~~~~~~~~~~~~~~~~~~~~~~
hard-particle MC p_acc = 0.97625
Soft-core quenching p_acc = 0.376033
Final energy of stage 739  = 185.346
Rad[0] = 0.0302798
rho_[739] = 0.580231
~~~~~~~~~~~~~~~~~~~~~~~~~~~~~~~~~~~~~~~
hard-particle MC p_acc = 0.980383
Soft-core quenching p_acc = 0.3812
Final energy of stage 740  = 185.344
Rad[0] = 0.0302798
rho_[740] = 0.580232
~~~~~~~~~~~~~~~~~~~~~~~~~~~~~~~~~~~~~~~
hard-particle MC p_acc = 0.979467
Soft-core quenching p_acc = 0.37745
Final energy of stage 741  = 185.342
Rad[0] = 0.0302798
rho_[741] = 0.580232
~~~~~~~~~~~~~~~~~~~~~~~~~~~~~~~~~~~~~~~
hard-particle MC p_acc = 0.979617
Soft-core quenching p_acc = 0.3744
Final energy of stage 742  = 185.341
Rad[0] = 0.0302798
rho_[742] = 0.580233
~~~~~~~~~~~~~~~~~~~~~~~~~~~~~~~~~~~~~~~
hard-particle MC p_acc = 0.97975
Soft-core quenching p_acc = 0.387583
Final energy of stage 743  = 185.339
Rad[0] = 0.0302798
rho_[743] = 0.580234
~~~~~~~~~~~~~~~~~~~~~~~~~~~~~~~~~~~~~~~
hard-particle MC p_acc = 0.980917
Soft-core quenching p_acc = 0.3682
Final energy of stage 744  = 185.337
Rad[0] = 0.0302799
rho_[744] = 0.580235
~~~~~~~~~~~~~~~~~~~~~~~~~~~~~~~~~~~~~~~
hard-particle MC p_acc = 0.98205
Soft-core quenching p_acc = 0.36825
Final energy of stage 745  = 185.336
Rad[0] = 0.0302799
rho_[745] = 0.580236
~~~~~~~~~~~~~~~~~~~~~~~~~~~~~~~~~~~~~~~
hard-particle MC p_acc = 0.97945
Soft-core quenching p_acc = 0.368567
Final energy of stage 746  = 185.334
Rad[0] = 0.0302799
rho_[746] = 0.580237
~~~~~~~~~~~~~~~~~~~~~~~~~~~~~~~~~~~~~~~
hard-particle MC p_acc = 0.980283
Soft-core quenching p_acc = 0.368733
Final energy of stage 747  = 185.333
Rad[0] = 0.03028
rho_[747] = 0.580239
~~~~~~~~~~~~~~~~~~~~~~~~~~~~~~~~~~~~~~~
hard-particle MC p_acc = 0.981233
Soft-core quenching p_acc = 0.3728
Final energy of stage 748  = 185.331
Rad[0] = 0.03028
rho_[748] = 0.580239
~~~~~~~~~~~~~~~~~~~~~~~~~~~~~~~~~~~~~~~
hard-particle MC p_acc = 0.979983
Soft-core quenching p_acc = 0.359283
Final energy of stage 749  = 185.33
Rad[0] = 0.03028
rho_[749] = 0.58024
~~~~~~~~~~~~~~~~~~~~~~~~~~~~~~~~~~~~~~~
hard-particle MC p_acc = 0.980567
Soft-core quenching p_acc = 0.363667
Final energy of stage 750  = 185.328
Rad[0] = 0.03028
rho_[750] = 0.58024
~~~~~~~~~~~~~~~~~~~~~~~~~~~~~~~~~~~~~~~
hard-particle MC p_acc = 0.979717
Soft-core quenching p_acc = 0.35145
Final energy of stage 751  = 185.327
Rad[0] = 0.03028
rho_[751] = 0.580241
~~~~~~~~~~~~~~~~~~~~~~~~~~~~~~~~~~~~~~~
hard-particle MC p_acc = 0.979383
Soft-core quenching p_acc = 0.36185
Final energy of stage 752  = 185.325
Rad[0] = 0.0302801
rho_[752] = 0.580242
~~~~~~~~~~~~~~~~~~~~~~~~~~~~~~~~~~~~~~~
hard-particle MC p_acc = 0.979433
Soft-core quenching p_acc = 0.356217
Final energy of stage 753  = 185.324
Rad[0] = 0.0302801
rho_[753] = 0.580242
~~~~~~~~~~~~~~~~~~~~~~~~~~~~~~~~~~~~~~~
hard-particle MC p_acc = 0.981117
Soft-core quenching p_acc = 0.35845
Final energy of stage 754  = 185.322
Rad[0] = 0.0302801
rho_[754] = 0.580243
~~~~~~~~~~~~~~~~~~~~~~~~~~~~~~~~~~~~~~~
hard-particle MC p_acc = 0.9823
Soft-core quenching p_acc = 0.360517
Final energy of stage 755  = 185.321
Rad[0] = 0.0302801
rho_[755] = 0.580244
~~~~~~~~~~~~~~~~~~~~~~~~~~~~~~~~~~~~~~~
hard-particle MC p_acc = 0.97865
Soft-core quenching p_acc = 0.363683
Final energy of stage 756  = 185.319
Rad[0] = 0.0302801
rho_[756] = 0.580244
~~~~~~~~~~~~~~~~~~~~~~~~~~~~~~~~~~~~~~~
hard-particle MC p_acc = 0.980967
Soft-core quenching p_acc = 0.362583
Final energy of stage 757  = 185.318
Rad[0] = 0.0302801
rho_[757] = 0.580245
~~~~~~~~~~~~~~~~~~~~~~~~~~~~~~~~~~~~~~~
hard-particle MC p_acc = 0.9782
Soft-core quenching p_acc = 0.358667
Final energy of stage 758  = 185.317
Rad[0] = 0.0302801
rho_[758] = 0.580245
~~~~~~~~~~~~~~~~~~~~~~~~~~~~~~~~~~~~~~~
hard-particle MC p_acc = 0.9812
Soft-core quenching p_acc = 0.362433
Final energy of stage 759  = 185.315
Rad[0] = 0.0302802
rho_[759] = 0.580246
~~~~~~~~~~~~~~~~~~~~~~~~~~~~~~~~~~~~~~~
hard-particle MC p_acc = 0.979067
Soft-core quenching p_acc = 0.35435
Final energy of stage 760  = 185.314
Rad[0] = 0.0302802
rho_[760] = 0.580247
~~~~~~~~~~~~~~~~~~~~~~~~~~~~~~~~~~~~~~~
hard-particle MC p_acc = 0.979367
Soft-core quenching p_acc = 0.3603
Final energy of stage 761  = 185.312
Rad[0] = 0.0302802
rho_[761] = 0.580247
~~~~~~~~~~~~~~~~~~~~~~~~~~~~~~~~~~~~~~~
hard-particle MC p_acc = 0.980967
Soft-core quenching p_acc = 0.359283
Final energy of stage 762  = 185.311
Rad[0] = 0.0302803
rho_[762] = 0.58025
~~~~~~~~~~~~~~~~~~~~~~~~~~~~~~~~~~~~~~~
hard-particle MC p_acc = 0.980483
Soft-core quenching p_acc = 0.3568
Final energy of stage 763  = 185.309
Rad[0] = 0.0302803
rho_[763] = 0.580251
~~~~~~~~~~~~~~~~~~~~~~~~~~~~~~~~~~~~~~~
hard-particle MC p_acc = 0.97945
Soft-core quenching p_acc = 0.348367
Final energy of stage 764  = 185.308
Rad[0] = 0.0302803
rho_[764] = 0.580251
~~~~~~~~~~~~~~~~~~~~~~~~~~~~~~~~~~~~~~~
hard-particle MC p_acc = 0.9783
Soft-core quenching p_acc = 0.354
Final energy of stage 765  = 185.306
Rad[0] = 0.0302804
rho_[765] = 0.580253
~~~~~~~~~~~~~~~~~~~~~~~~~~~~~~~~~~~~~~~
hard-particle MC p_acc = 0.976667
Soft-core quenching p_acc = 0.360717
Final energy of stage 766  = 185.305
Rad[0] = 0.0302804
rho_[766] = 0.580254
~~~~~~~~~~~~~~~~~~~~~~~~~~~~~~~~~~~~~~~
hard-particle MC p_acc = 0.9808
Soft-core quenching p_acc = 0.349367
Final energy of stage 767  = 185.304
Rad[0] = 0.0302804
rho_[767] = 0.580254
~~~~~~~~~~~~~~~~~~~~~~~~~~~~~~~~~~~~~~~
hard-particle MC p_acc = 0.980383
Soft-core quenching p_acc = 0.35115
Final energy of stage 768  = 185.302
Rad[0] = 0.0302805
rho_[768] = 0.580257
~~~~~~~~~~~~~~~~~~~~~~~~~~~~~~~~~~~~~~~
hard-particle MC p_acc = 0.979583
Soft-core quenching p_acc = 0.352183
Final energy of stage 769  = 185.301
Rad[0] = 0.0302805
rho_[769] = 0.580257
~~~~~~~~~~~~~~~~~~~~~~~~~~~~~~~~~~~~~~~
hard-particle MC p_acc = 0.982433
Soft-core quenching p_acc = 0.353117
Final energy of stage 770  = 185.299
Rad[0] = 0.0302805
rho_[770] = 0.580257
~~~~~~~~~~~~~~~~~~~~~~~~~~~~~~~~~~~~~~~
hard-particle MC p_acc = 0.9814
Soft-core quenching p_acc = 0.354433
Final energy of stage 771  = 185.297
Rad[0] = 0.0302805
rho_[771] = 0.580258
~~~~~~~~~~~~~~~~~~~~~~~~~~~~~~~~~~~~~~~
hard-particle MC p_acc = 0.97975
Soft-core quenching p_acc = 0.35285
Final energy of stage 772  = 185.296
Rad[0] = 0.0302805
rho_[772] = 0.580258
~~~~~~~~~~~~~~~~~~~~~~~~~~~~~~~~~~~~~~~
hard-particle MC p_acc = 0.980817
Soft-core quenching p_acc = 0.35835
Final energy of stage 773  = 185.295
Rad[0] = 0.0302805
rho_[773] = 0.58026
~~~~~~~~~~~~~~~~~~~~~~~~~~~~~~~~~~~~~~~
hard-particle MC p_acc = 0.981583
Soft-core quenching p_acc = 0.343833
Final energy of stage 774  = 185.293
Rad[0] = 0.0302805
rho_[774] = 0.58026
~~~~~~~~~~~~~~~~~~~~~~~~~~~~~~~~~~~~~~~
hard-particle MC p_acc = 0.979333
Soft-core quenching p_acc = 0.349117
Final energy of stage 775  = 185.292
Rad[0] = 0.0302805
rho_[775] = 0.580261
~~~~~~~~~~~~~~~~~~~~~~~~~~~~~~~~~~~~~~~
hard-particle MC p_acc = 0.979433
Soft-core quenching p_acc = 0.352317
Final energy of stage 776  = 185.29
Rad[0] = 0.0302806
rho_[776] = 0.580261
~~~~~~~~~~~~~~~~~~~~~~~~~~~~~~~~~~~~~~~
hard-particle MC p_acc = 0.981767
Soft-core quenching p_acc = 0.354467
Final energy of stage 777  = 185.289
Rad[0] = 0.0302806
rho_[777] = 0.580261
~~~~~~~~~~~~~~~~~~~~~~~~~~~~~~~~~~~~~~~
hard-particle MC p_acc = 0.981217
Soft-core quenching p_acc = 0.357783
Final energy of stage 778  = 185.288
Rad[0] = 0.0302806
rho_[778] = 0.580263
~~~~~~~~~~~~~~~~~~~~~~~~~~~~~~~~~~~~~~~
hard-particle MC p_acc = 0.980367
rad[0] = 0.0302806
rad[1] = 0.00363368
packing density rho = 0.580264
Printing the final configuration now....
