Start packing
Number of distinct species, n_s = 
Number of growth stages, N_stage = 
Number of relax stages, N_relax = 
~~~~~~~~~~~~~~~~~~~~~~~~~~~~~~~~~~~~~~~~~~~~~
Number of cells for species 0, N_c[0] = 
~~~~~~~~~~~~~~~~~~~~~~~~~~~~~~~~~~~~~~~~~~~~~
Radius of cells for species 0, Rad[0] = 
~~~~~~~~~~~~~~~~~~~~~~~~~~~~~~~~~~~~~~~~~~~~~
Interaction range for species 0, Range[0] = 0.0282095
~~~~~~~~~~~~~~~~~~~~~~~~~~~~~~~~~~~~~~~~~~~~~
Growth rate [Rad -> (1+growth rate)*Rad], growth_rate = 
Trans_mod (in terms of boxlength), trans_mod =
Starting quench density, rho_start = 
Generate (0) or read (1) initial config, flag_config = 
Number of MC moves per particle at each stage, N_MC_particle = 
Length of grid cell, d0_cell = 
Generating initial configurations...
N_c[0] = 200
Reset interaction range for species 0, Range[0] = 0.132971
The total number of cells Ncell = 100
CellList(0,0) =  133  94 
CellList(1,0) =  151  27 
CellList(2,0) =  198  158 
CellList(3,0) =  49  6 
CellList(4,0) =  189  101  62 
CellList(5,0) =  184  138 
CellList(6,0) =  180  66  33 
CellList(7,0) =  195  75  57 
CellList(8,0) =  162  69 
CellList(9,0) =  174  82 
CellList(0,1) =  178 
CellList(1,1) =  80 
CellList(2,1) =  99  95  64 
CellList(3,1) =  164  30 
CellList(4,1) =  104  63 
CellList(5,1) =  70 
CellList(6,1) =  16 
CellList(7,1) =  117 
CellList(8,1) =  167  88  26 
CellList(9,1) =  131  116  76 
CellList(0,2) =  106  54  34 
CellList(1,2) =  181  140 
CellList(2,2) =  190  3 
CellList(3,2) =  136  56  37 
CellList(4,2) =  186 
CellList(5,2) =  191  12 
CellList(6,2) =  74  65 
CellList(7,2) =  194  134  45 
CellList(8,2) =  159 
CellList(9,2) =  73  46 
CellList(0,3) =  192  113  111 
CellList(1,3) =  96 
CellList(2,3) =  120  71 
CellList(3,3) =  183  103 
CellList(4,3) =  139  31  29 
CellList(5,3) =  126 
CellList(6,3) =  53 
CellList(7,3) =  43 
CellList(8,3) =  144  55 
CellList(9,3) =  110  81 
CellList(0,4) =  172  13 
CellList(1,4) =  114  105  36 
CellList(2,4) =  128  59 
CellList(3,4) =  196  160 
CellList(4,4) =  147  132 
CellList(5,4) =  91  10 
CellList(6,4) =  137  79 
CellList(7,4) =  90  60  11 
CellList(8,4) =  123  40 
CellList(9,4) =  112 
CellList(0,5) =  0 
CellList(1,5) =  93  14 
CellList(2,5) =  58  41 
CellList(3,5) =  175  122 
CellList(4,5) =  154  97 
CellList(5,5) =  156  5 
CellList(6,5) =  179  72  22 
CellList(7,5) =  127 
CellList(8,5) =  98 
CellList(9,5) =  163  18  4 
CellList(0,6) =  89 
CellList(1,6) =  152  150 
CellList(2,6) =  146  24 
CellList(3,6) =  20  17 
CellList(4,6) =  7 
CellList(5,6) =  35  9 
CellList(6,6) =  193  109 
CellList(7,6) =  173  166  2 
CellList(8,6) =  145  15 
CellList(9,6) =  182  155 
CellList(0,7) =  102  61  25 
CellList(1,7) =  125  48 
CellList(2,7) =  121 
CellList(3,7) =  115  78  68 
CellList(4,7) =  185  148  21 
CellList(5,7) =  187  153 
CellList(6,7) =  149  119 
CellList(7,7) =  168  67 
CellList(8,7) =  86  84  42 
CellList(9,7) =  143  85 
CellList(0,8) =  47  28 
CellList(1,8) =  170  87 
CellList(2,8) =  165  8 
CellList(3,8) =  142  51 
CellList(4,8) =  171  38 
CellList(5,8) =  176  50 
CellList(6,8) =  177  92  39 
CellList(7,8) =  118  77 
CellList(8,8) =  107 
CellList(9,8) =  129 
CellList(0,9) =  161  141  52 
CellList(1,9) =  44 
CellList(2,9) =  199  130  83 
CellList(3,9) =  108  1 
CellList(4,9) =  188  157 
CellList(5,9) =  197  19 
CellList(6,9) =  23 
CellList(7,9) =  169  124 
CellList(8,9) =  100  32 
CellList(9,9) =  135 
Initial energy of system E_init = 93.2363
hard-particle MC p_acc = 0.998075
Rad[0] = 0.0281364
rho_[0] = 0.497414
~~~~~~~~~~~~~~~~~~~~~~~~~~~~~~~~~~~~~~~
hard-particle MC p_acc = 0.99845
Rad[0] = 0.0281431
rho_[1] = 0.497651
~~~~~~~~~~~~~~~~~~~~~~~~~~~~~~~~~~~~~~~
hard-particle MC p_acc = 0.99745
Rad[0] = 0.0281934
rho_[2] = 0.49943
~~~~~~~~~~~~~~~~~~~~~~~~~~~~~~~~~~~~~~~
hard-particle MC p_acc = 0.998675
Rad[0] = 0.0281972
rho_[3] = 0.499564
~~~~~~~~~~~~~~~~~~~~~~~~~~~~~~~~~~~~~~~
hard-particle MC p_acc = 0.997925
Rad[0] = 0.0282131
rho_[4] = 0.500129
~~~~~~~~~~~~~~~~~~~~~~~~~~~~~~~~~~~~~~~
hard-particle MC p_acc = 0.997275
Rad[0] = 0.0282509
rho_[5] = 0.501469
~~~~~~~~~~~~~~~~~~~~~~~~~~~~~~~~~~~~~~~
hard-particle MC p_acc = 0.997325
Rad[0] = 0.0282887
rho_[6] = 0.502814
~~~~~~~~~~~~~~~~~~~~~~~~~~~~~~~~~~~~~~~
hard-particle MC p_acc = 0.99815
Rad[0] = 0.0283172
rho_[7] = 0.503824
~~~~~~~~~~~~~~~~~~~~~~~~~~~~~~~~~~~~~~~
hard-particle MC p_acc = 0.997675
Rad[0] = 0.0283239
rho_[8] = 0.504064
~~~~~~~~~~~~~~~~~~~~~~~~~~~~~~~~~~~~~~~
hard-particle MC p_acc = 0.998175
Rad[0] = 0.0283248
rho_[9] = 0.504097
~~~~~~~~~~~~~~~~~~~~~~~~~~~~~~~~~~~~~~~
hard-particle MC p_acc = 0.998
Rad[0] = 0.0283533
rho_[10] = 0.50511
~~~~~~~~~~~~~~~~~~~~~~~~~~~~~~~~~~~~~~~
hard-particle MC p_acc = 0.997525
Rad[0] = 0.0283746
rho_[11] = 0.505871
~~~~~~~~~~~~~~~~~~~~~~~~~~~~~~~~~~~~~~~
hard-particle MC p_acc = 0.997225
Rad[0] = 0.0283768
rho_[12] = 0.505948
~~~~~~~~~~~~~~~~~~~~~~~~~~~~~~~~~~~~~~~
hard-particle MC p_acc = 0.996875
Rad[0] = 0.0283888
rho_[13] = 0.506376
~~~~~~~~~~~~~~~~~~~~~~~~~~~~~~~~~~~~~~~
hard-particle MC p_acc = 0.99755
Rad[0] = 0.0283909
rho_[14] = 0.506453
~~~~~~~~~~~~~~~~~~~~~~~~~~~~~~~~~~~~~~~
hard-particle MC p_acc = 0.9961
Rad[0] = 0.0284194
rho_[15] = 0.507471
~~~~~~~~~~~~~~~~~~~~~~~~~~~~~~~~~~~~~~~
hard-particle MC p_acc = 0.998225
Rad[0] = 0.0284223
rho_[16] = 0.507573
~~~~~~~~~~~~~~~~~~~~~~~~~~~~~~~~~~~~~~~
hard-particle MC p_acc = 0.995575
Rad[0] = 0.0284509
rho_[17] = 0.508593
~~~~~~~~~~~~~~~~~~~~~~~~~~~~~~~~~~~~~~~
hard-particle MC p_acc = 0.997375
Rad[0] = 0.0284537
rho_[18] = 0.508695
~~~~~~~~~~~~~~~~~~~~~~~~~~~~~~~~~~~~~~~
hard-particle MC p_acc = 0.99755
Rad[0] = 0.0285045
rho_[19] = 0.510514
~~~~~~~~~~~~~~~~~~~~~~~~~~~~~~~~~~~~~~~
hard-particle MC p_acc = 0.996875
Rad[0] = 0.0285166
rho_[20] = 0.510947
~~~~~~~~~~~~~~~~~~~~~~~~~~~~~~~~~~~~~~~
hard-particle MC p_acc = 0.996125
Rad[0] = 0.0285257
rho_[21] = 0.511272
~~~~~~~~~~~~~~~~~~~~~~~~~~~~~~~~~~~~~~~
hard-particle MC p_acc = 0.99735
Rad[0] = 0.0285418
rho_[22] = 0.51185
~~~~~~~~~~~~~~~~~~~~~~~~~~~~~~~~~~~~~~~
hard-particle MC p_acc = 0.993825
Rad[0] = 0.0285419
rho_[23] = 0.511853
~~~~~~~~~~~~~~~~~~~~~~~~~~~~~~~~~~~~~~~
hard-particle MC p_acc = 0.99435
Rad[0] = 0.028558
rho_[24] = 0.512431
~~~~~~~~~~~~~~~~~~~~~~~~~~~~~~~~~~~~~~~
hard-particle MC p_acc = 0.993725
Rad[0] = 0.0285741
rho_[25] = 0.513011
~~~~~~~~~~~~~~~~~~~~~~~~~~~~~~~~~~~~~~~
hard-particle MC p_acc = 0.99515
Rad[0] = 0.0285793
rho_[26] = 0.513194
~~~~~~~~~~~~~~~~~~~~~~~~~~~~~~~~~~~~~~~
hard-particle MC p_acc = 0.99555
Rad[0] = 0.0285831
rho_[27] = 0.513332
~~~~~~~~~~~~~~~~~~~~~~~~~~~~~~~~~~~~~~~
hard-particle MC p_acc = 0.994325
Rad[0] = 0.0285922
rho_[28] = 0.513658
~~~~~~~~~~~~~~~~~~~~~~~~~~~~~~~~~~~~~~~
hard-particle MC p_acc = 0.9954
Rad[0] = 0.0286013
rho_[29] = 0.513985
~~~~~~~~~~~~~~~~~~~~~~~~~~~~~~~~~~~~~~~
hard-particle MC p_acc = 0.995725
Rad[0] = 0.0286081
rho_[30] = 0.51423
~~~~~~~~~~~~~~~~~~~~~~~~~~~~~~~~~~~~~~~
hard-particle MC p_acc = 0.9961
Rad[0] = 0.028611
rho_[31] = 0.514333
~~~~~~~~~~~~~~~~~~~~~~~~~~~~~~~~~~~~~~~
hard-particle MC p_acc = 0.99705
Rad[0] = 0.0286178
rho_[32] = 0.514578
~~~~~~~~~~~~~~~~~~~~~~~~~~~~~~~~~~~~~~~
hard-particle MC p_acc = 0.99505
Rad[0] = 0.028619
rho_[33] = 0.514622
~~~~~~~~~~~~~~~~~~~~~~~~~~~~~~~~~~~~~~~
hard-particle MC p_acc = 0.994025
Rad[0] = 0.0286352
rho_[34] = 0.515204
~~~~~~~~~~~~~~~~~~~~~~~~~~~~~~~~~~~~~~~
hard-particle MC p_acc = 0.996425
Rad[0] = 0.0286403
rho_[35] = 0.515388
~~~~~~~~~~~~~~~~~~~~~~~~~~~~~~~~~~~~~~~
hard-particle MC p_acc = 0.99545
Rad[0] = 0.0286454
rho_[36] = 0.515572
~~~~~~~~~~~~~~~~~~~~~~~~~~~~~~~~~~~~~~~
hard-particle MC p_acc = 0.99575
Rad[0] = 0.0286522
rho_[37] = 0.515818
~~~~~~~~~~~~~~~~~~~~~~~~~~~~~~~~~~~~~~~
hard-particle MC p_acc = 0.9947
Rad[0] = 0.0286561
rho_[38] = 0.515957
~~~~~~~~~~~~~~~~~~~~~~~~~~~~~~~~~~~~~~~
hard-particle MC p_acc = 0.99355
Rad[0] = 0.0286599
rho_[39] = 0.516095
~~~~~~~~~~~~~~~~~~~~~~~~~~~~~~~~~~~~~~~
hard-particle MC p_acc = 0.99495
Rad[0] = 0.028669
rho_[40] = 0.516423
~~~~~~~~~~~~~~~~~~~~~~~~~~~~~~~~~~~~~~~
hard-particle MC p_acc = 0.9945
Rad[0] = 0.0286906
rho_[41] = 0.517201
~~~~~~~~~~~~~~~~~~~~~~~~~~~~~~~~~~~~~~~
hard-particle MC p_acc = 0.994475
Rad[0] = 0.0287122
rho_[42] = 0.517981
~~~~~~~~~~~~~~~~~~~~~~~~~~~~~~~~~~~~~~~
hard-particle MC p_acc = 0.995775
Rad[0] = 0.0287174
rho_[43] = 0.518166
~~~~~~~~~~~~~~~~~~~~~~~~~~~~~~~~~~~~~~~
hard-particle MC p_acc = 0.9957
Rad[0] = 0.0287336
rho_[44] = 0.518752
~~~~~~~~~~~~~~~~~~~~~~~~~~~~~~~~~~~~~~~
hard-particle MC p_acc = 0.996825
Rad[0] = 0.0287498
rho_[45] = 0.519338
~~~~~~~~~~~~~~~~~~~~~~~~~~~~~~~~~~~~~~~
hard-particle MC p_acc = 0.995
Rad[0] = 0.028752
rho_[46] = 0.519417
~~~~~~~~~~~~~~~~~~~~~~~~~~~~~~~~~~~~~~~
hard-particle MC p_acc = 0.995525
Rad[0] = 0.0287611
rho_[47] = 0.519747
~~~~~~~~~~~~~~~~~~~~~~~~~~~~~~~~~~~~~~~
hard-particle MC p_acc = 0.9951
Rad[0] = 0.0287774
rho_[48] = 0.520335
~~~~~~~~~~~~~~~~~~~~~~~~~~~~~~~~~~~~~~~
hard-particle MC p_acc = 0.99115
Rad[0] = 0.0288159
rho_[49] = 0.521729
~~~~~~~~~~~~~~~~~~~~~~~~~~~~~~~~~~~~~~~
hard-particle MC p_acc = 0.994
Rad[0] = 0.0288228
rho_[50] = 0.521978
~~~~~~~~~~~~~~~~~~~~~~~~~~~~~~~~~~~~~~~
hard-particle MC p_acc = 0.994775
Rad[0] = 0.0288391
rho_[51] = 0.522568
~~~~~~~~~~~~~~~~~~~~~~~~~~~~~~~~~~~~~~~
hard-particle MC p_acc = 0.9957
Rad[0] = 0.0288513
rho_[52] = 0.523011
~~~~~~~~~~~~~~~~~~~~~~~~~~~~~~~~~~~~~~~
hard-particle MC p_acc = 0.99385
Rad[0] = 0.0288605
rho_[53] = 0.523344
~~~~~~~~~~~~~~~~~~~~~~~~~~~~~~~~~~~~~~~
hard-particle MC p_acc = 0.995475
Rad[0] = 0.0288991
rho_[54] = 0.524746
~~~~~~~~~~~~~~~~~~~~~~~~~~~~~~~~~~~~~~~
hard-particle MC p_acc = 0.99275
Rad[0] = 0.0289083
rho_[55] = 0.52508
~~~~~~~~~~~~~~~~~~~~~~~~~~~~~~~~~~~~~~~
hard-particle MC p_acc = 0.99585
Rad[0] = 0.0289135
rho_[56] = 0.525268
~~~~~~~~~~~~~~~~~~~~~~~~~~~~~~~~~~~~~~~
hard-particle MC p_acc = 0.996425
Rad[0] = 0.0289257
rho_[57] = 0.525713
~~~~~~~~~~~~~~~~~~~~~~~~~~~~~~~~~~~~~~~
hard-particle MC p_acc = 0.9953
Rad[0] = 0.0289421
rho_[58] = 0.526307
~~~~~~~~~~~~~~~~~~~~~~~~~~~~~~~~~~~~~~~
hard-particle MC p_acc = 0.9948
Rad[0] = 0.0289443
rho_[59] = 0.526387
~~~~~~~~~~~~~~~~~~~~~~~~~~~~~~~~~~~~~~~
hard-particle MC p_acc = 0.9945
Rad[0] = 0.0289512
rho_[60] = 0.526638
~~~~~~~~~~~~~~~~~~~~~~~~~~~~~~~~~~~~~~~
hard-particle MC p_acc = 0.995675
Rad[0] = 0.0289563
rho_[61] = 0.526826
~~~~~~~~~~~~~~~~~~~~~~~~~~~~~~~~~~~~~~~
hard-particle MC p_acc = 0.994825
Rad[0] = 0.0289632
rho_[62] = 0.527077
~~~~~~~~~~~~~~~~~~~~~~~~~~~~~~~~~~~~~~~
hard-particle MC p_acc = 0.9931
Rad[0] = 0.0289923
rho_[63] = 0.528137
~~~~~~~~~~~~~~~~~~~~~~~~~~~~~~~~~~~~~~~
hard-particle MC p_acc = 0.9928
Rad[0] = 0.0289945
rho_[64] = 0.528216
~~~~~~~~~~~~~~~~~~~~~~~~~~~~~~~~~~~~~~~
hard-particle MC p_acc = 0.9935
Rad[0] = 0.0289974
rho_[65] = 0.528323
~~~~~~~~~~~~~~~~~~~~~~~~~~~~~~~~~~~~~~~
hard-particle MC p_acc = 0.992875
Rad[0] = 0.0290044
rho_[66] = 0.528575
~~~~~~~~~~~~~~~~~~~~~~~~~~~~~~~~~~~~~~~
hard-particle MC p_acc = 0.994025
Rad[0] = 0.0290262
rho_[67] = 0.529371
~~~~~~~~~~~~~~~~~~~~~~~~~~~~~~~~~~~~~~~
hard-particle MC p_acc = 0.99605
Rad[0] = 0.0290301
rho_[68] = 0.529513
~~~~~~~~~~~~~~~~~~~~~~~~~~~~~~~~~~~~~~~
hard-particle MC p_acc = 0.99195
Rad[0] = 0.0290313
rho_[69] = 0.529558
~~~~~~~~~~~~~~~~~~~~~~~~~~~~~~~~~~~~~~~
hard-particle MC p_acc = 0.9943
Rad[0] = 0.0290343
rho_[70] = 0.529665
~~~~~~~~~~~~~~~~~~~~~~~~~~~~~~~~~~~~~~~
hard-particle MC p_acc = 0.997025
Rad[0] = 0.0290359
rho_[71] = 0.529725
~~~~~~~~~~~~~~~~~~~~~~~~~~~~~~~~~~~~~~~
hard-particle MC p_acc = 0.99375
Rad[0] = 0.0290482
rho_[72] = 0.530174
~~~~~~~~~~~~~~~~~~~~~~~~~~~~~~~~~~~~~~~
hard-particle MC p_acc = 0.99375
Rad[0] = 0.0290551
rho_[73] = 0.530427
~~~~~~~~~~~~~~~~~~~~~~~~~~~~~~~~~~~~~~~
hard-particle MC p_acc = 0.993725
Rad[0] = 0.029056
rho_[74] = 0.53046
~~~~~~~~~~~~~~~~~~~~~~~~~~~~~~~~~~~~~~~
hard-particle MC p_acc = 0.995075
Rad[0] = 0.0290573
rho_[75] = 0.530505
~~~~~~~~~~~~~~~~~~~~~~~~~~~~~~~~~~~~~~~
hard-particle MC p_acc = 0.9948
Rad[0] = 0.0290582
rho_[76] = 0.530539
~~~~~~~~~~~~~~~~~~~~~~~~~~~~~~~~~~~~~~~
hard-particle MC p_acc = 0.994775
Rad[0] = 0.0290674
rho_[77] = 0.530876
~~~~~~~~~~~~~~~~~~~~~~~~~~~~~~~~~~~~~~~
hard-particle MC p_acc = 0.994625
Rad[0] = 0.0290713
rho_[78] = 0.531019
~~~~~~~~~~~~~~~~~~~~~~~~~~~~~~~~~~~~~~~
hard-particle MC p_acc = 0.9951
Rad[0] = 0.0290719
rho_[79] = 0.531038
~~~~~~~~~~~~~~~~~~~~~~~~~~~~~~~~~~~~~~~
hard-particle MC p_acc = 0.994825
Rad[0] = 0.0290771
rho_[80] = 0.531228
~~~~~~~~~~~~~~~~~~~~~~~~~~~~~~~~~~~~~~~
hard-particle MC p_acc = 0.994575
Rad[0] = 0.0291063
rho_[81] = 0.532296
~~~~~~~~~~~~~~~~~~~~~~~~~~~~~~~~~~~~~~~
hard-particle MC p_acc = 0.99495
Rad[0] = 0.0291132
rho_[82] = 0.532549
~~~~~~~~~~~~~~~~~~~~~~~~~~~~~~~~~~~~~~~
hard-particle MC p_acc = 0.9936
Rad[0] = 0.0291225
rho_[83] = 0.532888
~~~~~~~~~~~~~~~~~~~~~~~~~~~~~~~~~~~~~~~
hard-particle MC p_acc = 0.995425
Rad[0] = 0.0291237
rho_[84] = 0.532933
~~~~~~~~~~~~~~~~~~~~~~~~~~~~~~~~~~~~~~~
hard-particle MC p_acc = 0.99695
Rad[0] = 0.029136
rho_[85] = 0.533385
~~~~~~~~~~~~~~~~~~~~~~~~~~~~~~~~~~~~~~~
hard-particle MC p_acc = 0.994375
Rad[0] = 0.029143
rho_[86] = 0.533639
~~~~~~~~~~~~~~~~~~~~~~~~~~~~~~~~~~~~~~~
hard-particle MC p_acc = 0.9921
Rad[0] = 0.0291482
rho_[87] = 0.53383
~~~~~~~~~~~~~~~~~~~~~~~~~~~~~~~~~~~~~~~
hard-particle MC p_acc = 0.991725
Rad[0] = 0.0291551
rho_[88] = 0.534085
~~~~~~~~~~~~~~~~~~~~~~~~~~~~~~~~~~~~~~~
hard-particle MC p_acc = 0.992025
Rad[0] = 0.0291604
rho_[89] = 0.534276
~~~~~~~~~~~~~~~~~~~~~~~~~~~~~~~~~~~~~~~
hard-particle MC p_acc = 0.994475
Rad[0] = 0.0291616
rho_[90] = 0.534321
~~~~~~~~~~~~~~~~~~~~~~~~~~~~~~~~~~~~~~~
hard-particle MC p_acc = 0.993975
Rad[0] = 0.0291645
rho_[91] = 0.534428
~~~~~~~~~~~~~~~~~~~~~~~~~~~~~~~~~~~~~~~
hard-particle MC p_acc = 0.991025
Rad[0] = 0.029165
rho_[92] = 0.534448
~~~~~~~~~~~~~~~~~~~~~~~~~~~~~~~~~~~~~~~
hard-particle MC p_acc = 0.9934
Rad[0] = 0.029172
rho_[93] = 0.534702
~~~~~~~~~~~~~~~~~~~~~~~~~~~~~~~~~~~~~~~
hard-particle MC p_acc = 0.994775
Rad[0] = 0.0291885
rho_[94] = 0.535307
~~~~~~~~~~~~~~~~~~~~~~~~~~~~~~~~~~~~~~~
hard-particle MC p_acc = 0.991975
Rad[0] = 0.0292178
rho_[95] = 0.536383
~~~~~~~~~~~~~~~~~~~~~~~~~~~~~~~~~~~~~~~
hard-particle MC p_acc = 0.98915
Rad[0] = 0.0292179
rho_[96] = 0.536387
~~~~~~~~~~~~~~~~~~~~~~~~~~~~~~~~~~~~~~~
hard-particle MC p_acc = 0.9901
Rad[0] = 0.0292209
rho_[97] = 0.536495
~~~~~~~~~~~~~~~~~~~~~~~~~~~~~~~~~~~~~~~
hard-particle MC p_acc = 0.99425
Rad[0] = 0.0292213
rho_[98] = 0.53651
~~~~~~~~~~~~~~~~~~~~~~~~~~~~~~~~~~~~~~~
hard-particle MC p_acc = 0.99425
Rad[0] = 0.0292378
rho_[99] = 0.537116
~~~~~~~~~~~~~~~~~~~~~~~~~~~~~~~~~~~~~~~
hard-particle MC p_acc = 0.99165
Rad[0] = 0.02924
rho_[100] = 0.537197
~~~~~~~~~~~~~~~~~~~~~~~~~~~~~~~~~~~~~~~
hard-particle MC p_acc = 0.99505
Rad[0] = 0.0292565
rho_[101] = 0.537804
~~~~~~~~~~~~~~~~~~~~~~~~~~~~~~~~~~~~~~~
hard-particle MC p_acc = 0.992325
Rad[0] = 0.029273
rho_[102] = 0.538412
~~~~~~~~~~~~~~~~~~~~~~~~~~~~~~~~~~~~~~~
hard-particle MC p_acc = 0.992875
Rad[0] = 0.0292743
rho_[103] = 0.538458
~~~~~~~~~~~~~~~~~~~~~~~~~~~~~~~~~~~~~~~
hard-particle MC p_acc = 0.994475
Rad[0] = 0.0292782
rho_[104] = 0.538602
~~~~~~~~~~~~~~~~~~~~~~~~~~~~~~~~~~~~~~~
hard-particle MC p_acc = 0.992925
Rad[0] = 0.0292834
rho_[105] = 0.538795
~~~~~~~~~~~~~~~~~~~~~~~~~~~~~~~~~~~~~~~
hard-particle MC p_acc = 0.995275
Rad[0] = 0.0292847
rho_[106] = 0.538841
~~~~~~~~~~~~~~~~~~~~~~~~~~~~~~~~~~~~~~~
hard-particle MC p_acc = 0.9957
Rad[0] = 0.0293141
rho_[107] = 0.539924
~~~~~~~~~~~~~~~~~~~~~~~~~~~~~~~~~~~~~~~
hard-particle MC p_acc = 0.994
Rad[0] = 0.0293362
rho_[108] = 0.540738
~~~~~~~~~~~~~~~~~~~~~~~~~~~~~~~~~~~~~~~
hard-particle MC p_acc = 0.993
Rad[0] = 0.0293432
rho_[109] = 0.540996
~~~~~~~~~~~~~~~~~~~~~~~~~~~~~~~~~~~~~~~
hard-particle MC p_acc = 0.993175
Rad[0] = 0.0293502
rho_[110] = 0.541254
~~~~~~~~~~~~~~~~~~~~~~~~~~~~~~~~~~~~~~~
hard-particle MC p_acc = 0.994025
Rad[0] = 0.0293541
rho_[111] = 0.541399
~~~~~~~~~~~~~~~~~~~~~~~~~~~~~~~~~~~~~~~
hard-particle MC p_acc = 0.993275
Rad[0] = 0.0293634
rho_[112] = 0.541743
~~~~~~~~~~~~~~~~~~~~~~~~~~~~~~~~~~~~~~~
hard-particle MC p_acc = 0.99035
Rad[0] = 0.0293664
rho_[113] = 0.541852
~~~~~~~~~~~~~~~~~~~~~~~~~~~~~~~~~~~~~~~
hard-particle MC p_acc = 0.993225
Rad[0] = 0.0293673
rho_[114] = 0.541886
~~~~~~~~~~~~~~~~~~~~~~~~~~~~~~~~~~~~~~~
hard-particle MC p_acc = 0.993925
Rad[0] = 0.0293839
rho_[115] = 0.542499
~~~~~~~~~~~~~~~~~~~~~~~~~~~~~~~~~~~~~~~
hard-particle MC p_acc = 0.99425
Rad[0] = 0.0293869
rho_[116] = 0.542608
~~~~~~~~~~~~~~~~~~~~~~~~~~~~~~~~~~~~~~~
hard-particle MC p_acc = 0.9917
Rad[0] = 0.0293878
rho_[117] = 0.542643
~~~~~~~~~~~~~~~~~~~~~~~~~~~~~~~~~~~~~~~
hard-particle MC p_acc = 0.99505
Rad[0] = 0.0293917
rho_[118] = 0.542788
~~~~~~~~~~~~~~~~~~~~~~~~~~~~~~~~~~~~~~~
hard-particle MC p_acc = 0.99255
Rad[0] = 0.0294011
rho_[119] = 0.543133
~~~~~~~~~~~~~~~~~~~~~~~~~~~~~~~~~~~~~~~
hard-particle MC p_acc = 0.993725
Rad[0] = 0.0294177
rho_[120] = 0.543747
~~~~~~~~~~~~~~~~~~~~~~~~~~~~~~~~~~~~~~~
hard-particle MC p_acc = 0.990875
Rad[0] = 0.0294216
rho_[121] = 0.543893
~~~~~~~~~~~~~~~~~~~~~~~~~~~~~~~~~~~~~~~
hard-particle MC p_acc = 0.993
Rad[0] = 0.0294222
rho_[122] = 0.543912
~~~~~~~~~~~~~~~~~~~~~~~~~~~~~~~~~~~~~~~
hard-particle MC p_acc = 0.994775
Rad[0] = 0.0294261
rho_[123] = 0.544058
~~~~~~~~~~~~~~~~~~~~~~~~~~~~~~~~~~~~~~~
hard-particle MC p_acc = 0.989475
Rad[0] = 0.0294557
rho_[124] = 0.545152
~~~~~~~~~~~~~~~~~~~~~~~~~~~~~~~~~~~~~~~
hard-particle MC p_acc = 0.990975
Rad[0] = 0.0294557
rho_[125] = 0.545152
~~~~~~~~~~~~~~~~~~~~~~~~~~~~~~~~~~~~~~~
hard-particle MC p_acc = 0.991325
Rad[0] = 0.0294557
rho_[126] = 0.545155
~~~~~~~~~~~~~~~~~~~~~~~~~~~~~~~~~~~~~~~
hard-particle MC p_acc = 0.9916
Rad[0] = 0.0294682
rho_[127] = 0.545617
~~~~~~~~~~~~~~~~~~~~~~~~~~~~~~~~~~~~~~~
hard-particle MC p_acc = 0.996275
Rad[0] = 0.0294722
rho_[128] = 0.545763
~~~~~~~~~~~~~~~~~~~~~~~~~~~~~~~~~~~~~~~
hard-particle MC p_acc = 0.993025
Rad[0] = 0.0294792
rho_[129] = 0.546024
~~~~~~~~~~~~~~~~~~~~~~~~~~~~~~~~~~~~~~~
hard-particle MC p_acc = 0.994775
Rad[0] = 0.0294862
rho_[130] = 0.546284
~~~~~~~~~~~~~~~~~~~~~~~~~~~~~~~~~~~~~~~
hard-particle MC p_acc = 0.99415
Rad[0] = 0.0294933
rho_[131] = 0.546544
~~~~~~~~~~~~~~~~~~~~~~~~~~~~~~~~~~~~~~~
hard-particle MC p_acc = 0.995
Rad[0] = 0.0294955
rho_[132] = 0.546627
~~~~~~~~~~~~~~~~~~~~~~~~~~~~~~~~~~~~~~~
hard-particle MC p_acc = 0.995075
Rad[0] = 0.0295177
rho_[133] = 0.547451
~~~~~~~~~~~~~~~~~~~~~~~~~~~~~~~~~~~~~~~
hard-particle MC p_acc = 0.994325
Rad[0] = 0.0295247
rho_[134] = 0.547712
~~~~~~~~~~~~~~~~~~~~~~~~~~~~~~~~~~~~~~~
hard-particle MC p_acc = 0.993975
Rad[0] = 0.0295254
rho_[135] = 0.547738
~~~~~~~~~~~~~~~~~~~~~~~~~~~~~~~~~~~~~~~
hard-particle MC p_acc = 0.993325
Rad[0] = 0.0295307
rho_[136] = 0.547934
~~~~~~~~~~~~~~~~~~~~~~~~~~~~~~~~~~~~~~~
hard-particle MC p_acc = 0.99385
Rad[0] = 0.0295337
rho_[137] = 0.548044
~~~~~~~~~~~~~~~~~~~~~~~~~~~~~~~~~~~~~~~
hard-particle MC p_acc = 0.9928
Rad[0] = 0.0295407
rho_[138] = 0.548305
~~~~~~~~~~~~~~~~~~~~~~~~~~~~~~~~~~~~~~~
hard-particle MC p_acc = 0.991525
Rad[0] = 0.0295414
rho_[139] = 0.548332
~~~~~~~~~~~~~~~~~~~~~~~~~~~~~~~~~~~~~~~
hard-particle MC p_acc = 0.99225
Rad[0] = 0.0295437
rho_[140] = 0.548414
~~~~~~~~~~~~~~~~~~~~~~~~~~~~~~~~~~~~~~~
hard-particle MC p_acc = 0.995675
Rad[0] = 0.0295446
rho_[141] = 0.548449
~~~~~~~~~~~~~~~~~~~~~~~~~~~~~~~~~~~~~~~
hard-particle MC p_acc = 0.994375
Rad[0] = 0.0295476
rho_[142] = 0.548559
~~~~~~~~~~~~~~~~~~~~~~~~~~~~~~~~~~~~~~~
hard-particle MC p_acc = 0.99235
Rad[0] = 0.0295872
rho_[143] = 0.55003
~~~~~~~~~~~~~~~~~~~~~~~~~~~~~~~~~~~~~~~
hard-particle MC p_acc = 0.99265
Rad[0] = 0.0295966
rho_[144] = 0.55038
~~~~~~~~~~~~~~~~~~~~~~~~~~~~~~~~~~~~~~~
hard-particle MC p_acc = 0.99585
Rad[0] = 0.0296005
rho_[145] = 0.550527
~~~~~~~~~~~~~~~~~~~~~~~~~~~~~~~~~~~~~~~
hard-particle MC p_acc = 0.994375
Rad[0] = 0.0296076
rho_[146] = 0.55079
~~~~~~~~~~~~~~~~~~~~~~~~~~~~~~~~~~~~~~~
hard-particle MC p_acc = 0.99425
Rad[0] = 0.0296116
rho_[147] = 0.550937
~~~~~~~~~~~~~~~~~~~~~~~~~~~~~~~~~~~~~~~
hard-particle MC p_acc = 0.995525
Rad[0] = 0.0296132
rho_[148] = 0.551
~~~~~~~~~~~~~~~~~~~~~~~~~~~~~~~~~~~~~~~
hard-particle MC p_acc = 0.994275
Rad[0] = 0.0296203
rho_[149] = 0.551262
~~~~~~~~~~~~~~~~~~~~~~~~~~~~~~~~~~~~~~~
hard-particle MC p_acc = 0.996575
Rad[0] = 0.0296273
rho_[150] = 0.551525
~~~~~~~~~~~~~~~~~~~~~~~~~~~~~~~~~~~~~~~
hard-particle MC p_acc = 0.993225
Rad[0] = 0.0296313
rho_[151] = 0.551673
~~~~~~~~~~~~~~~~~~~~~~~~~~~~~~~~~~~~~~~
hard-particle MC p_acc = 0.992425
Rad[0] = 0.0296407
rho_[152] = 0.552024
~~~~~~~~~~~~~~~~~~~~~~~~~~~~~~~~~~~~~~~
hard-particle MC p_acc = 0.993075
Rad[0] = 0.0296502
rho_[153] = 0.552375
~~~~~~~~~~~~~~~~~~~~~~~~~~~~~~~~~~~~~~~
hard-particle MC p_acc = 0.9909
Rad[0] = 0.0296572
rho_[154] = 0.552638
~~~~~~~~~~~~~~~~~~~~~~~~~~~~~~~~~~~~~~~
hard-particle MC p_acc = 0.995525
Rad[0] = 0.0296698
rho_[155] = 0.553107
~~~~~~~~~~~~~~~~~~~~~~~~~~~~~~~~~~~~~~~
hard-particle MC p_acc = 0.995175
Rad[0] = 0.0296996
rho_[156] = 0.554219
~~~~~~~~~~~~~~~~~~~~~~~~~~~~~~~~~~~~~~~
hard-particle MC p_acc = 0.99325
Rad[0] = 0.0297049
rho_[157] = 0.554417
~~~~~~~~~~~~~~~~~~~~~~~~~~~~~~~~~~~~~~~
hard-particle MC p_acc = 0.9925
Rad[0] = 0.0297102
rho_[158] = 0.554615
~~~~~~~~~~~~~~~~~~~~~~~~~~~~~~~~~~~~~~~
hard-particle MC p_acc = 0.9935
Rad[0] = 0.0297155
rho_[159] = 0.554813
~~~~~~~~~~~~~~~~~~~~~~~~~~~~~~~~~~~~~~~
hard-particle MC p_acc = 0.9924
Rad[0] = 0.0297226
rho_[160] = 0.555078
~~~~~~~~~~~~~~~~~~~~~~~~~~~~~~~~~~~~~~~
hard-particle MC p_acc = 0.99445
Rad[0] = 0.029745
rho_[161] = 0.555915
~~~~~~~~~~~~~~~~~~~~~~~~~~~~~~~~~~~~~~~
hard-particle MC p_acc = 0.993675
Rad[0] = 0.0297545
rho_[162] = 0.556268
~~~~~~~~~~~~~~~~~~~~~~~~~~~~~~~~~~~~~~~
hard-particle MC p_acc = 0.99415
Rad[0] = 0.0297575
rho_[163] = 0.55638
~~~~~~~~~~~~~~~~~~~~~~~~~~~~~~~~~~~~~~~
hard-particle MC p_acc = 0.994075
Rad[0] = 0.0297597
rho_[164] = 0.556464
~~~~~~~~~~~~~~~~~~~~~~~~~~~~~~~~~~~~~~~
hard-particle MC p_acc = 0.99235
Rad[0] = 0.0297668
rho_[165] = 0.556729
~~~~~~~~~~~~~~~~~~~~~~~~~~~~~~~~~~~~~~~
hard-particle MC p_acc = 0.992
Rad[0] = 0.0297675
rho_[166] = 0.556756
~~~~~~~~~~~~~~~~~~~~~~~~~~~~~~~~~~~~~~~
hard-particle MC p_acc = 0.989925
Rad[0] = 0.0297697
rho_[167] = 0.55684
~~~~~~~~~~~~~~~~~~~~~~~~~~~~~~~~~~~~~~~
hard-particle MC p_acc = 0.9946
Rad[0] = 0.0297714
rho_[168] = 0.556903
~~~~~~~~~~~~~~~~~~~~~~~~~~~~~~~~~~~~~~~
hard-particle MC p_acc = 0.994625
Rad[0] = 0.0297809
rho_[169] = 0.557257
~~~~~~~~~~~~~~~~~~~~~~~~~~~~~~~~~~~~~~~
hard-particle MC p_acc = 0.993975
Rad[0] = 0.0297862
rho_[170] = 0.557456
~~~~~~~~~~~~~~~~~~~~~~~~~~~~~~~~~~~~~~~
hard-particle MC p_acc = 0.992675
Rad[0] = 0.0297885
rho_[171] = 0.55754
~~~~~~~~~~~~~~~~~~~~~~~~~~~~~~~~~~~~~~~
hard-particle MC p_acc = 0.991775
Rad[0] = 0.0298011
rho_[172] = 0.558013
~~~~~~~~~~~~~~~~~~~~~~~~~~~~~~~~~~~~~~~
hard-particle MC p_acc = 0.992425
Rad[0] = 0.0298082
rho_[173] = 0.558279
~~~~~~~~~~~~~~~~~~~~~~~~~~~~~~~~~~~~~~~
hard-particle MC p_acc = 0.994925
Rad[0] = 0.029825
rho_[174] = 0.55891
~~~~~~~~~~~~~~~~~~~~~~~~~~~~~~~~~~~~~~~
hard-particle MC p_acc = 0.9933
Rad[0] = 0.0298475
rho_[175] = 0.559752
~~~~~~~~~~~~~~~~~~~~~~~~~~~~~~~~~~~~~~~
hard-particle MC p_acc = 0.989
Rad[0] = 0.0298528
rho_[176] = 0.559953
~~~~~~~~~~~~~~~~~~~~~~~~~~~~~~~~~~~~~~~
hard-particle MC p_acc = 0.993675
Rad[0] = 0.0298582
rho_[177] = 0.560153
~~~~~~~~~~~~~~~~~~~~~~~~~~~~~~~~~~~~~~~
hard-particle MC p_acc = 0.993575
Rad[0] = 0.0298653
rho_[178] = 0.56042
~~~~~~~~~~~~~~~~~~~~~~~~~~~~~~~~~~~~~~~
hard-particle MC p_acc = 0.99215
Rad[0] = 0.0298878
rho_[179] = 0.561265
~~~~~~~~~~~~~~~~~~~~~~~~~~~~~~~~~~~~~~~
hard-particle MC p_acc = 0.9948
Rad[0] = 0.0299103
rho_[180] = 0.562111
~~~~~~~~~~~~~~~~~~~~~~~~~~~~~~~~~~~~~~~
hard-particle MC p_acc = 0.995225
Rad[0] = 0.0299157
rho_[181] = 0.562312
~~~~~~~~~~~~~~~~~~~~~~~~~~~~~~~~~~~~~~~
hard-particle MC p_acc = 0.99495
Rad[0] = 0.0299252
rho_[182] = 0.562669
~~~~~~~~~~~~~~~~~~~~~~~~~~~~~~~~~~~~~~~
hard-particle MC p_acc = 0.9942
Rad[0] = 0.0299305
rho_[183] = 0.56287
~~~~~~~~~~~~~~~~~~~~~~~~~~~~~~~~~~~~~~~
hard-particle MC p_acc = 0.994375
Rad[0] = 0.0299377
rho_[184] = 0.563139
~~~~~~~~~~~~~~~~~~~~~~~~~~~~~~~~~~~~~~~
hard-particle MC p_acc = 0.9938
Rad[0] = 0.0299546
rho_[185] = 0.563775
~~~~~~~~~~~~~~~~~~~~~~~~~~~~~~~~~~~~~~~
hard-particle MC p_acc = 0.993825
Rad[0] = 0.0299576
rho_[186] = 0.563889
~~~~~~~~~~~~~~~~~~~~~~~~~~~~~~~~~~~~~~~
hard-particle MC p_acc = 0.995625
Rad[0] = 0.0299703
rho_[187] = 0.564367
~~~~~~~~~~~~~~~~~~~~~~~~~~~~~~~~~~~~~~~
hard-particle MC p_acc = 0.99505
Rad[0] = 0.0299716
rho_[188] = 0.564415
~~~~~~~~~~~~~~~~~~~~~~~~~~~~~~~~~~~~~~~
hard-particle MC p_acc = 0.99505
Rad[0] = 0.0299843
rho_[189] = 0.564893
~~~~~~~~~~~~~~~~~~~~~~~~~~~~~~~~~~~~~~~
hard-particle MC p_acc = 0.993925
Rad[0] = 0.0300068
rho_[190] = 0.565745
~~~~~~~~~~~~~~~~~~~~~~~~~~~~~~~~~~~~~~~
hard-particle MC p_acc = 0.9943
Rad[0] = 0.0300081
rho_[191] = 0.565793
~~~~~~~~~~~~~~~~~~~~~~~~~~~~~~~~~~~~~~~
hard-particle MC p_acc = 0.994025
Rad[0] = 0.0300307
rho_[192] = 0.566646
~~~~~~~~~~~~~~~~~~~~~~~~~~~~~~~~~~~~~~~
hard-particle MC p_acc = 0.9962
Rad[0] = 0.0300361
rho_[193] = 0.566848
~~~~~~~~~~~~~~~~~~~~~~~~~~~~~~~~~~~~~~~
hard-particle MC p_acc = 0.99155
Rad[0] = 0.0300587
rho_[194] = 0.567703
~~~~~~~~~~~~~~~~~~~~~~~~~~~~~~~~~~~~~~~
hard-particle MC p_acc = 0.9924
Rad[0] = 0.0300617
rho_[195] = 0.567817
~~~~~~~~~~~~~~~~~~~~~~~~~~~~~~~~~~~~~~~
hard-particle MC p_acc = 0.9932
Rad[0] = 0.0300634
rho_[196] = 0.567881
~~~~~~~~~~~~~~~~~~~~~~~~~~~~~~~~~~~~~~~
hard-particle MC p_acc = 0.99345
Rad[0] = 0.030073
rho_[197] = 0.568242
~~~~~~~~~~~~~~~~~~~~~~~~~~~~~~~~~~~~~~~
hard-particle MC p_acc = 0.991825
Rad[0] = 0.0300747
rho_[198] = 0.568306
~~~~~~~~~~~~~~~~~~~~~~~~~~~~~~~~~~~~~~~
hard-particle MC p_acc = 0.990925
Rad[0] = 0.0300764
rho_[199] = 0.568371
~~~~~~~~~~~~~~~~~~~~~~~~~~~~~~~~~~~~~~~
hard-particle MC p_acc = 0.99415
Rad[0] = 0.0300771
rho_[200] = 0.568398
~~~~~~~~~~~~~~~~~~~~~~~~~~~~~~~~~~~~~~~
hard-particle MC p_acc = 0.9911
Rad[0] = 0.0300812
rho_[201] = 0.56855
~~~~~~~~~~~~~~~~~~~~~~~~~~~~~~~~~~~~~~~
hard-particle MC p_acc = 0.993725
Rad[0] = 0.0300883
rho_[202] = 0.568821
~~~~~~~~~~~~~~~~~~~~~~~~~~~~~~~~~~~~~~~
hard-particle MC p_acc = 0.992075
Rad[0] = 0.0300955
rho_[203] = 0.569093
~~~~~~~~~~~~~~~~~~~~~~~~~~~~~~~~~~~~~~~
hard-particle MC p_acc = 0.993175
Rad[0] = 0.0301051
rho_[204] = 0.569454
~~~~~~~~~~~~~~~~~~~~~~~~~~~~~~~~~~~~~~~
hard-particle MC p_acc = 0.992525
Rad[0] = 0.0301068
rho_[205] = 0.569519
~~~~~~~~~~~~~~~~~~~~~~~~~~~~~~~~~~~~~~~
hard-particle MC p_acc = 0.992375
Rad[0] = 0.0301238
rho_[206] = 0.570163
~~~~~~~~~~~~~~~~~~~~~~~~~~~~~~~~~~~~~~~
hard-particle MC p_acc = 0.9924
Rad[0] = 0.0301278
rho_[207] = 0.570316
~~~~~~~~~~~~~~~~~~~~~~~~~~~~~~~~~~~~~~~
hard-particle MC p_acc = 0.993075
Rad[0] = 0.0301406
rho_[208] = 0.570799
~~~~~~~~~~~~~~~~~~~~~~~~~~~~~~~~~~~~~~~
hard-particle MC p_acc = 0.992025
Rad[0] = 0.0301478
rho_[209] = 0.571071
~~~~~~~~~~~~~~~~~~~~~~~~~~~~~~~~~~~~~~~
hard-particle MC p_acc = 0.99175
Rad[0] = 0.0301483
rho_[210] = 0.571092
~~~~~~~~~~~~~~~~~~~~~~~~~~~~~~~~~~~~~~~
hard-particle MC p_acc = 0.990575
Rad[0] = 0.0301537
rho_[211] = 0.571296
~~~~~~~~~~~~~~~~~~~~~~~~~~~~~~~~~~~~~~~
hard-particle MC p_acc = 0.993475
Rad[0] = 0.0301567
rho_[212] = 0.571411
~~~~~~~~~~~~~~~~~~~~~~~~~~~~~~~~~~~~~~~
hard-particle MC p_acc = 0.993425
Rad[0] = 0.0301608
rho_[213] = 0.571564
~~~~~~~~~~~~~~~~~~~~~~~~~~~~~~~~~~~~~~~
hard-particle MC p_acc = 0.994225
Rad[0] = 0.0301736
rho_[214] = 0.572049
~~~~~~~~~~~~~~~~~~~~~~~~~~~~~~~~~~~~~~~
hard-particle MC p_acc = 0.99375
Rad[0] = 0.0301808
rho_[215] = 0.572321
~~~~~~~~~~~~~~~~~~~~~~~~~~~~~~~~~~~~~~~
hard-particle MC p_acc = 0.9912
Rad[0] = 0.0302035
rho_[216] = 0.573184
~~~~~~~~~~~~~~~~~~~~~~~~~~~~~~~~~~~~~~~
hard-particle MC p_acc = 0.992975
Rad[0] = 0.0302206
rho_[217] = 0.573832
~~~~~~~~~~~~~~~~~~~~~~~~~~~~~~~~~~~~~~~
hard-particle MC p_acc = 0.990375
Rad[0] = 0.0302228
rho_[218] = 0.573919
~~~~~~~~~~~~~~~~~~~~~~~~~~~~~~~~~~~~~~~
hard-particle MC p_acc = 0.992175
Rad[0] = 0.0302251
rho_[219] = 0.574005
~~~~~~~~~~~~~~~~~~~~~~~~~~~~~~~~~~~~~~~
hard-particle MC p_acc = 0.993275
Rad[0] = 0.0302305
rho_[220] = 0.57421
~~~~~~~~~~~~~~~~~~~~~~~~~~~~~~~~~~~~~~~
hard-particle MC p_acc = 0.993325
Rad[0] = 0.0302315
rho_[221] = 0.574247
~~~~~~~~~~~~~~~~~~~~~~~~~~~~~~~~~~~~~~~
hard-particle MC p_acc = 0.993225
Rad[0] = 0.0302443
rho_[222] = 0.574734
~~~~~~~~~~~~~~~~~~~~~~~~~~~~~~~~~~~~~~~
hard-particle MC p_acc = 0.993725
Rad[0] = 0.0302497
rho_[223] = 0.574939
~~~~~~~~~~~~~~~~~~~~~~~~~~~~~~~~~~~~~~~
hard-particle MC p_acc = 0.9928
Rad[0] = 0.0302625
rho_[224] = 0.575427
~~~~~~~~~~~~~~~~~~~~~~~~~~~~~~~~~~~~~~~
hard-particle MC p_acc = 0.991725
Rad[0] = 0.0302666
rho_[225] = 0.575581
~~~~~~~~~~~~~~~~~~~~~~~~~~~~~~~~~~~~~~~
hard-particle MC p_acc = 0.993375
Rad[0] = 0.0302837
rho_[226] = 0.576232
~~~~~~~~~~~~~~~~~~~~~~~~~~~~~~~~~~~~~~~
hard-particle MC p_acc = 0.9896
Rad[0] = 0.0303065
rho_[227] = 0.5771
~~~~~~~~~~~~~~~~~~~~~~~~~~~~~~~~~~~~~~~
hard-particle MC p_acc = 0.99235
Rad[0] = 0.0303119
rho_[228] = 0.577307
~~~~~~~~~~~~~~~~~~~~~~~~~~~~~~~~~~~~~~~
hard-particle MC p_acc = 0.993675
Rad[0] = 0.030316
rho_[229] = 0.577461
~~~~~~~~~~~~~~~~~~~~~~~~~~~~~~~~~~~~~~~
hard-particle MC p_acc = 0.994725
Rad[0] = 0.0303256
rho_[230] = 0.577829
~~~~~~~~~~~~~~~~~~~~~~~~~~~~~~~~~~~~~~~
hard-particle MC p_acc = 0.9943
Rad[0] = 0.0303297
rho_[231] = 0.577983
~~~~~~~~~~~~~~~~~~~~~~~~~~~~~~~~~~~~~~~
hard-particle MC p_acc = 0.99535
Rad[0] = 0.0303425
rho_[232] = 0.578473
~~~~~~~~~~~~~~~~~~~~~~~~~~~~~~~~~~~~~~~
hard-particle MC p_acc = 0.990275
Rad[0] = 0.0303466
rho_[233] = 0.578629
~~~~~~~~~~~~~~~~~~~~~~~~~~~~~~~~~~~~~~~
hard-particle MC p_acc = 0.990975
Rad[0] = 0.0303497
rho_[234] = 0.578745
~~~~~~~~~~~~~~~~~~~~~~~~~~~~~~~~~~~~~~~
hard-particle MC p_acc = 0.995175
Rad[0] = 0.0303668
rho_[235] = 0.579399
~~~~~~~~~~~~~~~~~~~~~~~~~~~~~~~~~~~~~~~
hard-particle MC p_acc = 0.9935
Soft-core quenching p_acc = 0.49925
Final energy of stage 236  = 93.1147
Rad[0] = 0.0303973
rho_[236] = 0.580564
~~~~~~~~~~~~~~~~~~~~~~~~~~~~~~~~~~~~~~~
hard-particle MC p_acc = 0.995925
Soft-core quenching p_acc = 0.49985
Final energy of stage 237  = 93.0319
Rad[0] = 0.0304014
rho_[237] = 0.58072
~~~~~~~~~~~~~~~~~~~~~~~~~~~~~~~~~~~~~~~
hard-particle MC p_acc = 0.997475
Soft-core quenching p_acc = 0.5
Final energy of stage 238  = 92.9763
Rad[0] = 0.0304016
rho_[238] = 0.580728
~~~~~~~~~~~~~~~~~~~~~~~~~~~~~~~~~~~~~~~
hard-particle MC p_acc = 0.9938
Soft-core quenching p_acc = 0.49655
Final energy of stage 239  = 92.9423
Rad[0] = 0.030402
rho_[239] = 0.580744
~~~~~~~~~~~~~~~~~~~~~~~~~~~~~~~~~~~~~~~
hard-particle MC p_acc = 0.99385
Soft-core quenching p_acc = 0.49315
Final energy of stage 240  = 92.923
Rad[0] = 0.030403
rho_[240] = 0.580781
~~~~~~~~~~~~~~~~~~~~~~~~~~~~~~~~~~~~~~~
hard-particle MC p_acc = 0.991775
Soft-core quenching p_acc = 0.479775
Final energy of stage 241  = 92.9115
Rad[0] = 0.0304053
rho_[241] = 0.580868
~~~~~~~~~~~~~~~~~~~~~~~~~~~~~~~~~~~~~~~
hard-particle MC p_acc = 0.99215
Soft-core quenching p_acc = 0.4794
Final energy of stage 242  = 92.9038
Rad[0] = 0.0304062
rho_[242] = 0.580905
~~~~~~~~~~~~~~~~~~~~~~~~~~~~~~~~~~~~~~~
hard-particle MC p_acc = 0.994525
Soft-core quenching p_acc = 0.4635
Final energy of stage 243  = 92.8976
Rad[0] = 0.030407
rho_[243] = 0.580933
~~~~~~~~~~~~~~~~~~~~~~~~~~~~~~~~~~~~~~~
hard-particle MC p_acc = 0.99545
Soft-core quenching p_acc = 0.45725
Final energy of stage 244  = 92.8922
Rad[0] = 0.0304071
rho_[244] = 0.580938
~~~~~~~~~~~~~~~~~~~~~~~~~~~~~~~~~~~~~~~
hard-particle MC p_acc = 0.99705
Soft-core quenching p_acc = 0.446375
Final energy of stage 245  = 92.8877
Rad[0] = 0.0304076
rho_[245] = 0.580959
~~~~~~~~~~~~~~~~~~~~~~~~~~~~~~~~~~~~~~~
hard-particle MC p_acc = 0.998675
Soft-core quenching p_acc = 0.434525
Final energy of stage 246  = 92.8836
Rad[0] = 0.0304082
rho_[246] = 0.58098
~~~~~~~~~~~~~~~~~~~~~~~~~~~~~~~~~~~~~~~
hard-particle MC p_acc = 0.995125
Soft-core quenching p_acc = 0.4237
Final energy of stage 247  = 92.8802
Rad[0] = 0.0304082
rho_[247] = 0.580981
~~~~~~~~~~~~~~~~~~~~~~~~~~~~~~~~~~~~~~~
hard-particle MC p_acc = 0.99565
Soft-core quenching p_acc = 0.416275
Final energy of stage 248  = 92.8773
Rad[0] = 0.0304084
rho_[248] = 0.580987
~~~~~~~~~~~~~~~~~~~~~~~~~~~~~~~~~~~~~~~
hard-particle MC p_acc = 0.99795
Soft-core quenching p_acc = 0.408275
Final energy of stage 249  = 92.8748
Rad[0] = 0.0304088
rho_[249] = 0.581003
~~~~~~~~~~~~~~~~~~~~~~~~~~~~~~~~~~~~~~~
hard-particle MC p_acc = 0.9978
Soft-core quenching p_acc = 0.398075
Final energy of stage 250  = 92.8726
Rad[0] = 0.030409
rho_[250] = 0.581009
~~~~~~~~~~~~~~~~~~~~~~~~~~~~~~~~~~~~~~~
hard-particle MC p_acc = 0.9978
Soft-core quenching p_acc = 0.393225
Final energy of stage 251  = 92.8708
Rad[0] = 0.0304093
rho_[251] = 0.581021
~~~~~~~~~~~~~~~~~~~~~~~~~~~~~~~~~~~~~~~
hard-particle MC p_acc = 0.9978
Soft-core quenching p_acc = 0.393975
Final energy of stage 252  = 92.8692
Rad[0] = 0.0304093
rho_[252] = 0.581023
~~~~~~~~~~~~~~~~~~~~~~~~~~~~~~~~~~~~~~~
hard-particle MC p_acc = 0.996475
Soft-core quenching p_acc = 0.37165
Final energy of stage 253  = 92.8677
Rad[0] = 0.0304095
rho_[253] = 0.58103
~~~~~~~~~~~~~~~~~~~~~~~~~~~~~~~~~~~~~~~
hard-particle MC p_acc = 0.9988
Soft-core quenching p_acc = 0.35925
Final energy of stage 254  = 92.8665
Rad[0] = 0.0304099
rho_[254] = 0.581045
~~~~~~~~~~~~~~~~~~~~~~~~~~~~~~~~~~~~~~~
hard-particle MC p_acc = 0.997825
Soft-core quenching p_acc = 0.366375
Final energy of stage 255  = 92.8652
Rad[0] = 0.0304104
rho_[255] = 0.581066
~~~~~~~~~~~~~~~~~~~~~~~~~~~~~~~~~~~~~~~
hard-particle MC p_acc = 0.99695
Soft-core quenching p_acc = 0.365925
Final energy of stage 256  = 92.864
Rad[0] = 0.0304105
rho_[256] = 0.581068
~~~~~~~~~~~~~~~~~~~~~~~~~~~~~~~~~~~~~~~
hard-particle MC p_acc = 0.998225
Soft-core quenching p_acc = 0.369025
Final energy of stage 257  = 92.8627
Rad[0] = 0.0304109
rho_[257] = 0.581083
~~~~~~~~~~~~~~~~~~~~~~~~~~~~~~~~~~~~~~~
hard-particle MC p_acc = 0.996625
Soft-core quenching p_acc = 0.3594
Final energy of stage 258  = 92.8614
Rad[0] = 0.0304116
rho_[258] = 0.581111
~~~~~~~~~~~~~~~~~~~~~~~~~~~~~~~~~~~~~~~
hard-particle MC p_acc = 0.9973
Soft-core quenching p_acc = 0.360275
Final energy of stage 259  = 92.8602
Rad[0] = 0.0304119
rho_[259] = 0.58112
~~~~~~~~~~~~~~~~~~~~~~~~~~~~~~~~~~~~~~~
hard-particle MC p_acc = 0.997525
Soft-core quenching p_acc = 0.354875
Final energy of stage 260  = 92.8589
Rad[0] = 0.0304128
rho_[260] = 0.581157
~~~~~~~~~~~~~~~~~~~~~~~~~~~~~~~~~~~~~~~
hard-particle MC p_acc = 0.996725
Soft-core quenching p_acc = 0.3447
Final energy of stage 261  = 92.8578
Rad[0] = 0.0304141
rho_[261] = 0.581206
~~~~~~~~~~~~~~~~~~~~~~~~~~~~~~~~~~~~~~~
hard-particle MC p_acc = 0.997025
Soft-core quenching p_acc = 0.333375
Final energy of stage 262  = 92.8568
Rad[0] = 0.0304142
rho_[262] = 0.581208
~~~~~~~~~~~~~~~~~~~~~~~~~~~~~~~~~~~~~~~
hard-particle MC p_acc = 0.99605
Soft-core quenching p_acc = 0.322025
Final energy of stage 263  = 92.8559
Rad[0] = 0.0304143
rho_[263] = 0.581211
~~~~~~~~~~~~~~~~~~~~~~~~~~~~~~~~~~~~~~~
hard-particle MC p_acc = 0.9977
Soft-core quenching p_acc = 0.32635
Final energy of stage 264  = 92.8551
Rad[0] = 0.0304148
rho_[264] = 0.581232
~~~~~~~~~~~~~~~~~~~~~~~~~~~~~~~~~~~~~~~
hard-particle MC p_acc = 0.996925
Soft-core quenching p_acc = 0.314
Final energy of stage 265  = 92.8544
Rad[0] = 0.0304151
rho_[265] = 0.581244
~~~~~~~~~~~~~~~~~~~~~~~~~~~~~~~~~~~~~~~
hard-particle MC p_acc = 0.998325
Soft-core quenching p_acc = 0.31175
Final energy of stage 266  = 92.8536
Rad[0] = 0.0304192
rho_[266] = 0.5814
~~~~~~~~~~~~~~~~~~~~~~~~~~~~~~~~~~~~~~~
hard-particle MC p_acc = 0.9982
Soft-core quenching p_acc = 0.30325
Final energy of stage 267  = 92.8529
Rad[0] = 0.0304199
rho_[267] = 0.581427
~~~~~~~~~~~~~~~~~~~~~~~~~~~~~~~~~~~~~~~
hard-particle MC p_acc = 0.99735
Soft-core quenching p_acc = 0.332525
Final energy of stage 268  = 92.8519
Rad[0] = 0.0304216
rho_[268] = 0.581493
~~~~~~~~~~~~~~~~~~~~~~~~~~~~~~~~~~~~~~~
hard-particle MC p_acc = 0.996975
Soft-core quenching p_acc = 0.324525
Final energy of stage 269  = 92.8511
Rad[0] = 0.0304219
rho_[269] = 0.581505
~~~~~~~~~~~~~~~~~~~~~~~~~~~~~~~~~~~~~~~
hard-particle MC p_acc = 0.997625
Soft-core quenching p_acc = 0.330475
Final energy of stage 270  = 92.8502
Rad[0] = 0.0304237
rho_[270] = 0.581571
~~~~~~~~~~~~~~~~~~~~~~~~~~~~~~~~~~~~~~~
hard-particle MC p_acc = 0.9977
Soft-core quenching p_acc = 0.3232
Final energy of stage 271  = 92.8494
Rad[0] = 0.0304241
rho_[271] = 0.581586
~~~~~~~~~~~~~~~~~~~~~~~~~~~~~~~~~~~~~~~
hard-particle MC p_acc = 0.99795
Soft-core quenching p_acc = 0.3061
Final energy of stage 272  = 92.8487
Rad[0] = 0.0304258
rho_[272] = 0.581652
~~~~~~~~~~~~~~~~~~~~~~~~~~~~~~~~~~~~~~~
hard-particle MC p_acc = 0.9965
Soft-core quenching p_acc = 0.302775
Final energy of stage 273  = 92.848
Rad[0] = 0.030426
rho_[273] = 0.581661
~~~~~~~~~~~~~~~~~~~~~~~~~~~~~~~~~~~~~~~
hard-particle MC p_acc = 0.996225
Soft-core quenching p_acc = 0.3095
Final energy of stage 274  = 92.8472
Rad[0] = 0.0304266
rho_[274] = 0.581682
~~~~~~~~~~~~~~~~~~~~~~~~~~~~~~~~~~~~~~~
hard-particle MC p_acc = 0.996625
Soft-core quenching p_acc = 0.31365
Final energy of stage 275  = 92.8465
Rad[0] = 0.0304289
rho_[275] = 0.58177
~~~~~~~~~~~~~~~~~~~~~~~~~~~~~~~~~~~~~~~
hard-particle MC p_acc = 0.99675
Soft-core quenching p_acc = 0.313275
Final energy of stage 276  = 92.8458
Rad[0] = 0.0304296
rho_[276] = 0.581797
~~~~~~~~~~~~~~~~~~~~~~~~~~~~~~~~~~~~~~~
hard-particle MC p_acc = 0.99805
Soft-core quenching p_acc = 0.3184
Final energy of stage 277  = 92.845
Rad[0] = 0.03043
rho_[277] = 0.581813
~~~~~~~~~~~~~~~~~~~~~~~~~~~~~~~~~~~~~~~
hard-particle MC p_acc = 0.9972
Soft-core quenching p_acc = 0.31805
Final energy of stage 278  = 92.8443
Rad[0] = 0.030431
rho_[278] = 0.58185
~~~~~~~~~~~~~~~~~~~~~~~~~~~~~~~~~~~~~~~
hard-particle MC p_acc = 0.99715
Soft-core quenching p_acc = 0.327875
Final energy of stage 279  = 92.8435
Rad[0] = 0.0304315
rho_[279] = 0.581871
~~~~~~~~~~~~~~~~~~~~~~~~~~~~~~~~~~~~~~~
hard-particle MC p_acc = 0.994225
Soft-core quenching p_acc = 0.3384
Final energy of stage 280  = 92.8425
Rad[0] = 0.0304319
rho_[280] = 0.581886
~~~~~~~~~~~~~~~~~~~~~~~~~~~~~~~~~~~~~~~
hard-particle MC p_acc = 0.99745
Soft-core quenching p_acc = 0.339575
Final energy of stage 281  = 92.8414
Rad[0] = 0.0304325
rho_[281] = 0.581907
~~~~~~~~~~~~~~~~~~~~~~~~~~~~~~~~~~~~~~~
hard-particle MC p_acc = 0.9981
Soft-core quenching p_acc = 0.33725
Final energy of stage 282  = 92.8404
Rad[0] = 0.0304332
rho_[282] = 0.581935
~~~~~~~~~~~~~~~~~~~~~~~~~~~~~~~~~~~~~~~
hard-particle MC p_acc = 0.996025
Soft-core quenching p_acc = 0.34385
Final energy of stage 283  = 92.8395
Rad[0] = 0.0304349
rho_[283] = 0.582001
~~~~~~~~~~~~~~~~~~~~~~~~~~~~~~~~~~~~~~~
hard-particle MC p_acc = 0.996775
Soft-core quenching p_acc = 0.339525
Final energy of stage 284  = 92.8385
Rad[0] = 0.0304351
rho_[284] = 0.582007
~~~~~~~~~~~~~~~~~~~~~~~~~~~~~~~~~~~~~~~
hard-particle MC p_acc = 0.996825
Soft-core quenching p_acc = 0.327375
Final energy of stage 285  = 92.8376
Rad[0] = 0.0304358
rho_[285] = 0.582035
~~~~~~~~~~~~~~~~~~~~~~~~~~~~~~~~~~~~~~~
hard-particle MC p_acc = 0.9971
Soft-core quenching p_acc = 0.319625
Final energy of stage 286  = 92.8368
Rad[0] = 0.0304362
rho_[286] = 0.582051
~~~~~~~~~~~~~~~~~~~~~~~~~~~~~~~~~~~~~~~
hard-particle MC p_acc = 0.99595
Soft-core quenching p_acc = 0.31525
Final energy of stage 287  = 92.8358
Rad[0] = 0.0304372
rho_[287] = 0.582088
~~~~~~~~~~~~~~~~~~~~~~~~~~~~~~~~~~~~~~~
hard-particle MC p_acc = 0.99685
Soft-core quenching p_acc = 0.295075
Final energy of stage 288  = 92.835
Rad[0] = 0.0304372
rho_[288] = 0.58209
~~~~~~~~~~~~~~~~~~~~~~~~~~~~~~~~~~~~~~~
hard-particle MC p_acc = 0.99655
Soft-core quenching p_acc = 0.30375
Final energy of stage 289  = 92.8343
Rad[0] = 0.0304382
rho_[289] = 0.582127
~~~~~~~~~~~~~~~~~~~~~~~~~~~~~~~~~~~~~~~
hard-particle MC p_acc = 0.995975
Soft-core quenching p_acc = 0.2889
Final energy of stage 290  = 92.8336
Rad[0] = 0.0304382
rho_[290] = 0.582129
~~~~~~~~~~~~~~~~~~~~~~~~~~~~~~~~~~~~~~~
hard-particle MC p_acc = 0.996475
Soft-core quenching p_acc = 0.28435
Final energy of stage 291  = 92.8329
Rad[0] = 0.0304385
rho_[291] = 0.58214
~~~~~~~~~~~~~~~~~~~~~~~~~~~~~~~~~~~~~~~
hard-particle MC p_acc = 0.996925
Soft-core quenching p_acc = 0.2832
Final energy of stage 292  = 92.8323
Rad[0] = 0.030439
rho_[292] = 0.582156
~~~~~~~~~~~~~~~~~~~~~~~~~~~~~~~~~~~~~~~
hard-particle MC p_acc = 0.9974
Soft-core quenching p_acc = 0.301025
Final energy of stage 293  = 92.8316
Rad[0] = 0.0304392
rho_[293] = 0.582165
~~~~~~~~~~~~~~~~~~~~~~~~~~~~~~~~~~~~~~~
hard-particle MC p_acc = 0.996125
Soft-core quenching p_acc = 0.3043
Final energy of stage 294  = 92.8308
Rad[0] = 0.0304395
rho_[294] = 0.582176
~~~~~~~~~~~~~~~~~~~~~~~~~~~~~~~~~~~~~~~
hard-particle MC p_acc = 0.99625
Soft-core quenching p_acc = 0.303675
Final energy of stage 295  = 92.8301
Rad[0] = 0.0304399
rho_[295] = 0.582192
~~~~~~~~~~~~~~~~~~~~~~~~~~~~~~~~~~~~~~~
hard-particle MC p_acc = 0.997875
Soft-core quenching p_acc = 0.309275
Final energy of stage 296  = 92.8294
Rad[0] = 0.03044
rho_[296] = 0.582196
~~~~~~~~~~~~~~~~~~~~~~~~~~~~~~~~~~~~~~~
hard-particle MC p_acc = 0.99815
Soft-core quenching p_acc = 0.310925
Final energy of stage 297  = 92.8287
Rad[0] = 0.03044
rho_[297] = 0.582197
~~~~~~~~~~~~~~~~~~~~~~~~~~~~~~~~~~~~~~~
hard-particle MC p_acc = 0.99725
Soft-core quenching p_acc = 0.2903
Final energy of stage 298  = 92.828
Rad[0] = 0.03044
rho_[298] = 0.582198
~~~~~~~~~~~~~~~~~~~~~~~~~~~~~~~~~~~~~~~
hard-particle MC p_acc = 0.9975
Soft-core quenching p_acc = 0.27345
Final energy of stage 299  = 92.8272
Rad[0] = 0.0304405
rho_[299] = 0.582213
~~~~~~~~~~~~~~~~~~~~~~~~~~~~~~~~~~~~~~~
hard-particle MC p_acc = 0.99885
Soft-core quenching p_acc = 0.26095
Final energy of stage 300  = 92.8266
Rad[0] = 0.0304412
rho_[300] = 0.582241
~~~~~~~~~~~~~~~~~~~~~~~~~~~~~~~~~~~~~~~
hard-particle MC p_acc = 0.9969
Soft-core quenching p_acc = 0.264575
Final energy of stage 301  = 92.826
Rad[0] = 0.0304421
rho_[301] = 0.582278
~~~~~~~~~~~~~~~~~~~~~~~~~~~~~~~~~~~~~~~
hard-particle MC p_acc = 0.997725
Soft-core quenching p_acc = 0.2541
Final energy of stage 302  = 92.8254
Rad[0] = 0.0304424
rho_[302] = 0.582287
~~~~~~~~~~~~~~~~~~~~~~~~~~~~~~~~~~~~~~~
hard-particle MC p_acc = 0.9957
Soft-core quenching p_acc = 0.25535
Final energy of stage 303  = 92.8248
Rad[0] = 0.0304424
rho_[303] = 0.58229
~~~~~~~~~~~~~~~~~~~~~~~~~~~~~~~~~~~~~~~
hard-particle MC p_acc = 0.99635
Soft-core quenching p_acc = 0.252
Final energy of stage 304  = 92.8242
Rad[0] = 0.0304425
rho_[304] = 0.582292
~~~~~~~~~~~~~~~~~~~~~~~~~~~~~~~~~~~~~~~
hard-particle MC p_acc = 0.996025
Soft-core quenching p_acc = 0.247
Final energy of stage 305  = 92.8237
Rad[0] = 0.0304438
rho_[305] = 0.582341
~~~~~~~~~~~~~~~~~~~~~~~~~~~~~~~~~~~~~~~
hard-particle MC p_acc = 0.99775
Soft-core quenching p_acc = 0.2444
Final energy of stage 306  = 92.8231
Rad[0] = 0.030444
rho_[306] = 0.582348
~~~~~~~~~~~~~~~~~~~~~~~~~~~~~~~~~~~~~~~
hard-particle MC p_acc = 0.998225
Soft-core quenching p_acc = 0.2427
Final energy of stage 307  = 92.8226
Rad[0] = 0.0304441
rho_[307] = 0.582353
~~~~~~~~~~~~~~~~~~~~~~~~~~~~~~~~~~~~~~~
hard-particle MC p_acc = 0.99845
Soft-core quenching p_acc = 0.227425
Final energy of stage 308  = 92.822
Rad[0] = 0.0304448
rho_[308] = 0.58238
~~~~~~~~~~~~~~~~~~~~~~~~~~~~~~~~~~~~~~~
hard-particle MC p_acc = 0.997525
Soft-core quenching p_acc = 0.2112
Final energy of stage 309  = 92.8215
Rad[0] = 0.0304451
rho_[309] = 0.582389
~~~~~~~~~~~~~~~~~~~~~~~~~~~~~~~~~~~~~~~
hard-particle MC p_acc = 0.997225
Soft-core quenching p_acc = 0.2185
Final energy of stage 310  = 92.821
Rad[0] = 0.0304455
rho_[310] = 0.582405
~~~~~~~~~~~~~~~~~~~~~~~~~~~~~~~~~~~~~~~
hard-particle MC p_acc = 0.997875
Soft-core quenching p_acc = 0.21815
Final energy of stage 311  = 92.8204
Rad[0] = 0.0304455
rho_[311] = 0.582407
~~~~~~~~~~~~~~~~~~~~~~~~~~~~~~~~~~~~~~~
hard-particle MC p_acc = 0.998775
Soft-core quenching p_acc = 0.22305
Final energy of stage 312  = 92.8199
Rad[0] = 0.0304457
rho_[312] = 0.582414
~~~~~~~~~~~~~~~~~~~~~~~~~~~~~~~~~~~~~~~
hard-particle MC p_acc = 0.997575
Soft-core quenching p_acc = 0.20605
Final energy of stage 313  = 92.8194
Rad[0] = 0.0304459
rho_[313] = 0.582422
~~~~~~~~~~~~~~~~~~~~~~~~~~~~~~~~~~~~~~~
hard-particle MC p_acc = 0.997425
Soft-core quenching p_acc = 0.219325
Final energy of stage 314  = 92.8188
Rad[0] = 0.0304463
rho_[314] = 0.582438
~~~~~~~~~~~~~~~~~~~~~~~~~~~~~~~~~~~~~~~
hard-particle MC p_acc = 0.997225
Soft-core quenching p_acc = 0.195825
Final energy of stage 315  = 92.8183
Rad[0] = 0.0304465
rho_[315] = 0.582443
~~~~~~~~~~~~~~~~~~~~~~~~~~~~~~~~~~~~~~~
hard-particle MC p_acc = 0.997425
Soft-core quenching p_acc = 0.201225
Final energy of stage 316  = 92.8179
Rad[0] = 0.0304467
rho_[316] = 0.582452
~~~~~~~~~~~~~~~~~~~~~~~~~~~~~~~~~~~~~~~
hard-particle MC p_acc = 0.998125
Soft-core quenching p_acc = 0.206325
Final energy of stage 317  = 92.8173
Rad[0] = 0.0304468
rho_[317] = 0.582455
~~~~~~~~~~~~~~~~~~~~~~~~~~~~~~~~~~~~~~~
hard-particle MC p_acc = 0.998225
Soft-core quenching p_acc = 0.219225
Final energy of stage 318  = 92.8167
Rad[0] = 0.0304468
rho_[318] = 0.582457
~~~~~~~~~~~~~~~~~~~~~~~~~~~~~~~~~~~~~~~
hard-particle MC p_acc = 0.996875
Soft-core quenching p_acc = 0.2055
Final energy of stage 319  = 92.8162
Rad[0] = 0.0304468
rho_[319] = 0.582458
~~~~~~~~~~~~~~~~~~~~~~~~~~~~~~~~~~~~~~~
hard-particle MC p_acc = 0.996875
Soft-core quenching p_acc = 0.2016
Final energy of stage 320  = 92.8158
Rad[0] = 0.030447
rho_[320] = 0.582463
~~~~~~~~~~~~~~~~~~~~~~~~~~~~~~~~~~~~~~~
hard-particle MC p_acc = 0.997775
Soft-core quenching p_acc = 0.200725
Final energy of stage 321  = 92.8153
Rad[0] = 0.0304472
rho_[321] = 0.582472
~~~~~~~~~~~~~~~~~~~~~~~~~~~~~~~~~~~~~~~
hard-particle MC p_acc = 0.997125
Soft-core quenching p_acc = 0.2125
Final energy of stage 322  = 92.8147
Rad[0] = 0.0304473
rho_[322] = 0.582474
~~~~~~~~~~~~~~~~~~~~~~~~~~~~~~~~~~~~~~~
hard-particle MC p_acc = 0.9982
Soft-core quenching p_acc = 0.218825
Final energy of stage 323  = 92.8142
Rad[0] = 0.0304473
rho_[323] = 0.582477
~~~~~~~~~~~~~~~~~~~~~~~~~~~~~~~~~~~~~~~
hard-particle MC p_acc = 0.997025
Soft-core quenching p_acc = 0.2239
Final energy of stage 324  = 92.8137
Rad[0] = 0.0304476
rho_[324] = 0.582488
~~~~~~~~~~~~~~~~~~~~~~~~~~~~~~~~~~~~~~~
hard-particle MC p_acc = 0.996225
Soft-core quenching p_acc = 0.24135
Final energy of stage 325  = 92.8131
Rad[0] = 0.0304477
rho_[325] = 0.582489
~~~~~~~~~~~~~~~~~~~~~~~~~~~~~~~~~~~~~~~
hard-particle MC p_acc = 0.99795
Soft-core quenching p_acc = 0.2611
Final energy of stage 326  = 92.8124
Rad[0] = 0.0304479
rho_[326] = 0.582498
~~~~~~~~~~~~~~~~~~~~~~~~~~~~~~~~~~~~~~~
hard-particle MC p_acc = 0.997775
Soft-core quenching p_acc = 0.27235
Final energy of stage 327  = 92.8118
Rad[0] = 0.0304481
rho_[327] = 0.582505
~~~~~~~~~~~~~~~~~~~~~~~~~~~~~~~~~~~~~~~
hard-particle MC p_acc = 0.99795
Soft-core quenching p_acc = 0.265775
Final energy of stage 328  = 92.8113
Rad[0] = 0.0304482
rho_[328] = 0.582511
~~~~~~~~~~~~~~~~~~~~~~~~~~~~~~~~~~~~~~~
hard-particle MC p_acc = 0.997475
Soft-core quenching p_acc = 0.2784
Final energy of stage 329  = 92.8107
Rad[0] = 0.0304483
rho_[329] = 0.582515
~~~~~~~~~~~~~~~~~~~~~~~~~~~~~~~~~~~~~~~
hard-particle MC p_acc = 0.99755
Soft-core quenching p_acc = 0.271075
Final energy of stage 330  = 92.8101
Rad[0] = 0.0304483
rho_[330] = 0.582515
~~~~~~~~~~~~~~~~~~~~~~~~~~~~~~~~~~~~~~~
hard-particle MC p_acc = 0.9971
Soft-core quenching p_acc = 0.275725
Final energy of stage 331  = 92.8095
Rad[0] = 0.0304485
rho_[331] = 0.582522
~~~~~~~~~~~~~~~~~~~~~~~~~~~~~~~~~~~~~~~
hard-particle MC p_acc = 0.995375
Soft-core quenching p_acc = 0.266525
Final energy of stage 332  = 92.8089
Rad[0] = 0.0304486
rho_[332] = 0.582525
~~~~~~~~~~~~~~~~~~~~~~~~~~~~~~~~~~~~~~~
hard-particle MC p_acc = 0.997
Soft-core quenching p_acc = 0.26955
Final energy of stage 333  = 92.8083
Rad[0] = 0.0304487
rho_[333] = 0.58253
~~~~~~~~~~~~~~~~~~~~~~~~~~~~~~~~~~~~~~~
hard-particle MC p_acc = 0.9977
Soft-core quenching p_acc = 0.28295
Final energy of stage 334  = 92.8077
Rad[0] = 0.030449
rho_[334] = 0.582539
~~~~~~~~~~~~~~~~~~~~~~~~~~~~~~~~~~~~~~~
hard-particle MC p_acc = 0.99645
Soft-core quenching p_acc = 0.281425
Final energy of stage 335  = 92.807
Rad[0] = 0.0304507
rho_[335] = 0.582605
~~~~~~~~~~~~~~~~~~~~~~~~~~~~~~~~~~~~~~~
hard-particle MC p_acc = 0.996125
Soft-core quenching p_acc = 0.30675
Final energy of stage 336  = 92.8064
Rad[0] = 0.0304511
rho_[336] = 0.582621
~~~~~~~~~~~~~~~~~~~~~~~~~~~~~~~~~~~~~~~
hard-particle MC p_acc = 0.997825
rad[0] = 0.0304512
packing density rho = 0.582624
Printing the final configuration now....
