Start packing
Number of distinct species, n_s = 
Number of growth stages, N_stage = 
Number of relax stages, N_relax = 
~~~~~~~~~~~~~~~~~~~~~~~~~~~~~~~~~~~~~~~~~~~~~
Number of cells for species 0, N_c[0] = 
~~~~~~~~~~~~~~~~~~~~~~~~~~~~~~~~~~~~~~~~~~~~~
Radius of cells for species 0, Rad[0] = 
~~~~~~~~~~~~~~~~~~~~~~~~~~~~~~~~~~~~~~~~~~~~~
Interaction range for species 0, Range[0] = 0.0282095
~~~~~~~~~~~~~~~~~~~~~~~~~~~~~~~~~~~~~~~~~~~~~
Growth rate [Rad -> (1+growth rate)*Rad], growth_rate = 
Trans_mod (in terms of boxlength), trans_mod =
Starting quench density, rho_start = 
Generate (0) or read (1) initial config, flag_config = 
Number of MC moves per particle at each stage, N_MC_particle = 
Length of grid cell, d0_cell = 
Generating initial configurations...
N_c[0] = 200
Reset interaction range for species 0, Range[0] = 0.132971
The total number of cells Ncell = 100
CellList(0,0) =  179  52 
CellList(1,0) =  178  44 
CellList(2,0) =  29 
CellList(3,0) =  156  94 
CellList(4,0) =  98  23 
CellList(5,0) =  139 
CellList(6,0) =  141  113  36 
CellList(7,0) =  110  40  21 
CellList(8,0) =  161  140 
CellList(9,0) =  73  61  38 
CellList(0,1) =  50 
CellList(1,1) =  124  84  7 
CellList(2,1) =  199  187  148  135 
CellList(3,1) =  106 
CellList(4,1) =  164  69 
CellList(5,1) =  129  93 
CellList(6,1) =  83  78 
CellList(7,1) =  75  39 
CellList(8,1) =  181  144  0 
CellList(9,1) =  180  147 
CellList(0,2) =  157  90  59 
CellList(1,2) =  184  133  37 
CellList(2,2) =  81 
CellList(3,2) =  190  42  10 
CellList(4,2) =  118 
CellList(5,2) =  191  48 
CellList(6,2) =  167  57 
CellList(7,2) =  6 
CellList(8,2) =  31 
CellList(9,2) =  120  32 
CellList(0,3) =  101 
CellList(1,3) =  95 
CellList(2,3) =  109  26 
CellList(3,3) =  77  3 
CellList(4,3) =  125  79  11 
CellList(5,3) =  30 
CellList(6,3) =  186  87 
CellList(7,3) =  163  111 
CellList(8,3) =  126  33  12 
CellList(9,3) =  132  34  2 
CellList(0,4) =  70  20 
CellList(1,4) =  153  24 
CellList(2,4) =  130  100 
CellList(3,4) =  196  128 
CellList(4,4) =  159  137 
CellList(5,4) =  195  53  9 
CellList(6,4) =  168  86 
CellList(7,4) =  145 
CellList(8,4) =  170  143  64 
CellList(9,4) =  183  122 
CellList(0,5) =  107  55 
CellList(1,5) =  154  74  54 
CellList(2,5) =  177 
CellList(3,5) =  193  134  51 
CellList(4,5) =  112  4 
CellList(5,5) =  155  152 
CellList(6,5) =  158  82 
CellList(7,5) =  114  66 
CellList(8,5) =  175  80 
CellList(9,5) =  63 
CellList(0,6) =  150  60 
CellList(1,6) =  198  119  104 
CellList(2,6) =  182  17 
CellList(3,6) =  160  25 
CellList(4,6) =  115  85 
CellList(5,6) =  172  13 
CellList(6,6) =  123  103 
CellList(7,6) =  88 
CellList(8,6) =  162  117  45 
CellList(9,6) =  28 
CellList(0,7) =  58 
CellList(1,7) =  174  72 
CellList(2,7) =  131  46 
CellList(3,7) =  71 
CellList(4,7) =  166  127  89 
CellList(5,7) =  146 
CellList(6,7) =  192  149  16 
CellList(7,7) =  68 
CellList(8,7) =  165  151 
CellList(9,7) =  92  47 
CellList(0,8) =  194  121  22 
CellList(1,8) =  136  8 
CellList(2,8) =  176  108  65 
CellList(3,8) =  188  19 
CellList(4,8) =  173  67  49 
CellList(5,8) =  189 
CellList(6,8) =  35  18 
CellList(7,8) =  116  96 
CellList(8,8) =  105  91  56 
CellList(9,8) =  62 
CellList(0,9) =  97  14 
CellList(1,9) =  1 
CellList(2,9) =  169  15 
CellList(3,9) =  171  99 
CellList(4,9) =  5 
CellList(5,9) =  76  43 
CellList(6,9) =  197  138  27 
CellList(7,9) =  102 
CellList(8,9) =  142 
CellList(9,9) =  185  41 
Initial energy of system E_init = 93.016
hard-particle MC p_acc = 1
Rad[0] = 0.0275056
rho_[0] = 0.475361
~~~~~~~~~~~~~~~~~~~~~~~~~~~~~~~~~~~~~~~
hard-particle MC p_acc = 0.998275
Rad[0] = 0.0278736
rho_[1] = 0.488165
~~~~~~~~~~~~~~~~~~~~~~~~~~~~~~~~~~~~~~~
hard-particle MC p_acc = 0.998825
Rad[0] = 0.0278946
rho_[2] = 0.488901
~~~~~~~~~~~~~~~~~~~~~~~~~~~~~~~~~~~~~~~
hard-particle MC p_acc = 0.9973
Rad[0] = 0.0279832
rho_[3] = 0.492011
~~~~~~~~~~~~~~~~~~~~~~~~~~~~~~~~~~~~~~~
hard-particle MC p_acc = 0.997625
Rad[0] = 0.0280113
rho_[4] = 0.493
~~~~~~~~~~~~~~~~~~~~~~~~~~~~~~~~~~~~~~~
hard-particle MC p_acc = 0.996575
Rad[0] = 0.0280141
rho_[5] = 0.493099
~~~~~~~~~~~~~~~~~~~~~~~~~~~~~~~~~~~~~~~
hard-particle MC p_acc = 0.99615
Rad[0] = 0.028023
rho_[6] = 0.493412
~~~~~~~~~~~~~~~~~~~~~~~~~~~~~~~~~~~~~~~
hard-particle MC p_acc = 0.99835
Rad[0] = 0.0280389
rho_[7] = 0.49397
~~~~~~~~~~~~~~~~~~~~~~~~~~~~~~~~~~~~~~~
hard-particle MC p_acc = 0.995575
Rad[0] = 0.0280478
rho_[8] = 0.494284
~~~~~~~~~~~~~~~~~~~~~~~~~~~~~~~~~~~~~~~
hard-particle MC p_acc = 0.9979
Rad[0] = 0.0280636
rho_[9] = 0.494843
~~~~~~~~~~~~~~~~~~~~~~~~~~~~~~~~~~~~~~~
hard-particle MC p_acc = 0.9961
Rad[0] = 0.0281012
rho_[10] = 0.496169
~~~~~~~~~~~~~~~~~~~~~~~~~~~~~~~~~~~~~~~
hard-particle MC p_acc = 0.99605
Rad[0] = 0.0281101
rho_[11] = 0.496485
~~~~~~~~~~~~~~~~~~~~~~~~~~~~~~~~~~~~~~~
hard-particle MC p_acc = 0.9945
Rad[0] = 0.0281123
rho_[12] = 0.49656
~~~~~~~~~~~~~~~~~~~~~~~~~~~~~~~~~~~~~~~
hard-particle MC p_acc = 0.996525
Rad[0] = 0.0281144
rho_[13] = 0.496634
~~~~~~~~~~~~~~~~~~~~~~~~~~~~~~~~~~~~~~~
hard-particle MC p_acc = 0.99715
Rad[0] = 0.0281646
rho_[14] = 0.49841
~~~~~~~~~~~~~~~~~~~~~~~~~~~~~~~~~~~~~~~
hard-particle MC p_acc = 0.996375
Rad[0] = 0.0281735
rho_[15] = 0.498727
~~~~~~~~~~~~~~~~~~~~~~~~~~~~~~~~~~~~~~~
hard-particle MC p_acc = 0.997725
Rad[0] = 0.0281895
rho_[16] = 0.49929
~~~~~~~~~~~~~~~~~~~~~~~~~~~~~~~~~~~~~~~
hard-particle MC p_acc = 0.996375
Rad[0] = 0.028279
rho_[17] = 0.502466
~~~~~~~~~~~~~~~~~~~~~~~~~~~~~~~~~~~~~~~
hard-particle MC p_acc = 0.995275
Rad[0] = 0.0282827
rho_[18] = 0.502601
~~~~~~~~~~~~~~~~~~~~~~~~~~~~~~~~~~~~~~~
hard-particle MC p_acc = 0.99595
Rad[0] = 0.0283333
rho_[19] = 0.504397
~~~~~~~~~~~~~~~~~~~~~~~~~~~~~~~~~~~~~~~
hard-particle MC p_acc = 0.996925
Rad[0] = 0.0283342
rho_[20] = 0.504429
~~~~~~~~~~~~~~~~~~~~~~~~~~~~~~~~~~~~~~~
hard-particle MC p_acc = 0.997375
Rad[0] = 0.0283363
rho_[21] = 0.504505
~~~~~~~~~~~~~~~~~~~~~~~~~~~~~~~~~~~~~~~
hard-particle MC p_acc = 0.9982
Rad[0] = 0.0283648
rho_[22] = 0.50552
~~~~~~~~~~~~~~~~~~~~~~~~~~~~~~~~~~~~~~~
hard-particle MC p_acc = 0.997125
Rad[0] = 0.0283932
rho_[23] = 0.506536
~~~~~~~~~~~~~~~~~~~~~~~~~~~~~~~~~~~~~~~
hard-particle MC p_acc = 0.997
Rad[0] = 0.0284313
rho_[24] = 0.507893
~~~~~~~~~~~~~~~~~~~~~~~~~~~~~~~~~~~~~~~
hard-particle MC p_acc = 0.997125
Rad[0] = 0.028432
rho_[25] = 0.507918
~~~~~~~~~~~~~~~~~~~~~~~~~~~~~~~~~~~~~~~
hard-particle MC p_acc = 0.998175
Rad[0] = 0.0284387
rho_[26] = 0.50816
~~~~~~~~~~~~~~~~~~~~~~~~~~~~~~~~~~~~~~~
hard-particle MC p_acc = 0.996475
Rad[0] = 0.0284673
rho_[27] = 0.509181
~~~~~~~~~~~~~~~~~~~~~~~~~~~~~~~~~~~~~~~
hard-particle MC p_acc = 0.996825
Rad[0] = 0.0284959
rho_[28] = 0.510205
~~~~~~~~~~~~~~~~~~~~~~~~~~~~~~~~~~~~~~~
hard-particle MC p_acc = 0.996
Rad[0] = 0.028505
rho_[29] = 0.510529
~~~~~~~~~~~~~~~~~~~~~~~~~~~~~~~~~~~~~~~
hard-particle MC p_acc = 0.99625
Rad[0] = 0.0285088
rho_[30] = 0.510666
~~~~~~~~~~~~~~~~~~~~~~~~~~~~~~~~~~~~~~~
hard-particle MC p_acc = 0.996175
Rad[0] = 0.0285303
rho_[31] = 0.511436
~~~~~~~~~~~~~~~~~~~~~~~~~~~~~~~~~~~~~~~
hard-particle MC p_acc = 0.997925
Rad[0] = 0.0285324
rho_[32] = 0.511513
~~~~~~~~~~~~~~~~~~~~~~~~~~~~~~~~~~~~~~~
hard-particle MC p_acc = 0.995775
Rad[0] = 0.0285485
rho_[33] = 0.512091
~~~~~~~~~~~~~~~~~~~~~~~~~~~~~~~~~~~~~~~
hard-particle MC p_acc = 0.996775
Rad[0] = 0.0285489
rho_[34] = 0.512105
~~~~~~~~~~~~~~~~~~~~~~~~~~~~~~~~~~~~~~~
hard-particle MC p_acc = 0.9958
Rad[0] = 0.0285776
rho_[35] = 0.513134
~~~~~~~~~~~~~~~~~~~~~~~~~~~~~~~~~~~~~~~
hard-particle MC p_acc = 0.997025
Rad[0] = 0.0285814
rho_[36] = 0.513272
~~~~~~~~~~~~~~~~~~~~~~~~~~~~~~~~~~~~~~~
hard-particle MC p_acc = 0.99635
Rad[0] = 0.0285823
rho_[37] = 0.513305
~~~~~~~~~~~~~~~~~~~~~~~~~~~~~~~~~~~~~~~
hard-particle MC p_acc = 0.9945
Rad[0] = 0.0285914
rho_[38] = 0.513631
~~~~~~~~~~~~~~~~~~~~~~~~~~~~~~~~~~~~~~~
hard-particle MC p_acc = 0.9954
Rad[0] = 0.0285965
rho_[39] = 0.513815
~~~~~~~~~~~~~~~~~~~~~~~~~~~~~~~~~~~~~~~
hard-particle MC p_acc = 0.994625
Rad[0] = 0.0286127
rho_[40] = 0.514395
~~~~~~~~~~~~~~~~~~~~~~~~~~~~~~~~~~~~~~~
hard-particle MC p_acc = 0.994875
Rad[0] = 0.0286165
rho_[41] = 0.514533
~~~~~~~~~~~~~~~~~~~~~~~~~~~~~~~~~~~~~~~
hard-particle MC p_acc = 0.996075
Rad[0] = 0.0286327
rho_[42] = 0.515115
~~~~~~~~~~~~~~~~~~~~~~~~~~~~~~~~~~~~~~~
hard-particle MC p_acc = 0.993825
Rad[0] = 0.0286489
rho_[43] = 0.515697
~~~~~~~~~~~~~~~~~~~~~~~~~~~~~~~~~~~~~~~
hard-particle MC p_acc = 0.9956
Rad[0] = 0.0286557
rho_[44] = 0.515943
~~~~~~~~~~~~~~~~~~~~~~~~~~~~~~~~~~~~~~~
hard-particle MC p_acc = 0.99505
Rad[0] = 0.0286648
rho_[45] = 0.516271
~~~~~~~~~~~~~~~~~~~~~~~~~~~~~~~~~~~~~~~
hard-particle MC p_acc = 0.990025
Rad[0] = 0.028681
rho_[46] = 0.516855
~~~~~~~~~~~~~~~~~~~~~~~~~~~~~~~~~~~~~~~
hard-particle MC p_acc = 0.995375
Rad[0] = 0.0287098
rho_[47] = 0.517894
~~~~~~~~~~~~~~~~~~~~~~~~~~~~~~~~~~~~~~~
hard-particle MC p_acc = 0.996625
Rad[0] = 0.0287149
rho_[48] = 0.518079
~~~~~~~~~~~~~~~~~~~~~~~~~~~~~~~~~~~~~~~
hard-particle MC p_acc = 0.997525
Rad[0] = 0.0287366
rho_[49] = 0.51886
~~~~~~~~~~~~~~~~~~~~~~~~~~~~~~~~~~~~~~~
hard-particle MC p_acc = 0.9958
Rad[0] = 0.0287417
rho_[50] = 0.519045
~~~~~~~~~~~~~~~~~~~~~~~~~~~~~~~~~~~~~~~
hard-particle MC p_acc = 0.994825
Rad[0] = 0.0287456
rho_[51] = 0.519185
~~~~~~~~~~~~~~~~~~~~~~~~~~~~~~~~~~~~~~~
hard-particle MC p_acc = 0.9951
Rad[0] = 0.0287672
rho_[52] = 0.519967
~~~~~~~~~~~~~~~~~~~~~~~~~~~~~~~~~~~~~~~
hard-particle MC p_acc = 0.995
Rad[0] = 0.0287764
rho_[53] = 0.520298
~~~~~~~~~~~~~~~~~~~~~~~~~~~~~~~~~~~~~~~
hard-particle MC p_acc = 0.993875
Rad[0] = 0.0287886
rho_[54] = 0.520739
~~~~~~~~~~~~~~~~~~~~~~~~~~~~~~~~~~~~~~~
hard-particle MC p_acc = 0.9956
Rad[0] = 0.0287937
rho_[55] = 0.520925
~~~~~~~~~~~~~~~~~~~~~~~~~~~~~~~~~~~~~~~
hard-particle MC p_acc = 0.994
Rad[0] = 0.0288006
rho_[56] = 0.521173
~~~~~~~~~~~~~~~~~~~~~~~~~~~~~~~~~~~~~~~
hard-particle MC p_acc = 0.9956
Rad[0] = 0.0288392
rho_[57] = 0.522571
~~~~~~~~~~~~~~~~~~~~~~~~~~~~~~~~~~~~~~~
hard-particle MC p_acc = 0.99615
Rad[0] = 0.028843
rho_[58] = 0.522711
~~~~~~~~~~~~~~~~~~~~~~~~~~~~~~~~~~~~~~~
hard-particle MC p_acc = 0.9959
Rad[0] = 0.0288817
rho_[59] = 0.524112
~~~~~~~~~~~~~~~~~~~~~~~~~~~~~~~~~~~~~~~
hard-particle MC p_acc = 0.9957
Rad[0] = 0.0289107
rho_[60] = 0.525165
~~~~~~~~~~~~~~~~~~~~~~~~~~~~~~~~~~~~~~~
hard-particle MC p_acc = 0.996475
Rad[0] = 0.0289145
rho_[61] = 0.525306
~~~~~~~~~~~~~~~~~~~~~~~~~~~~~~~~~~~~~~~
hard-particle MC p_acc = 0.996275
Rad[0] = 0.0289436
rho_[62] = 0.526362
~~~~~~~~~~~~~~~~~~~~~~~~~~~~~~~~~~~~~~~
hard-particle MC p_acc = 0.995425
Rad[0] = 0.0289528
rho_[63] = 0.526697
~~~~~~~~~~~~~~~~~~~~~~~~~~~~~~~~~~~~~~~
hard-particle MC p_acc = 0.9954
Rad[0] = 0.028955
rho_[64] = 0.526776
~~~~~~~~~~~~~~~~~~~~~~~~~~~~~~~~~~~~~~~
hard-particle MC p_acc = 0.994725
Rad[0] = 0.0289768
rho_[65] = 0.52757
~~~~~~~~~~~~~~~~~~~~~~~~~~~~~~~~~~~~~~~
hard-particle MC p_acc = 0.995475
Rad[0] = 0.028982
rho_[66] = 0.527759
~~~~~~~~~~~~~~~~~~~~~~~~~~~~~~~~~~~~~~~
hard-particle MC p_acc = 0.99525
Rad[0] = 0.0289849
rho_[67] = 0.527865
~~~~~~~~~~~~~~~~~~~~~~~~~~~~~~~~~~~~~~~
hard-particle MC p_acc = 0.996075
Rad[0] = 0.0289941
rho_[68] = 0.528201
~~~~~~~~~~~~~~~~~~~~~~~~~~~~~~~~~~~~~~~
hard-particle MC p_acc = 0.995525
Rad[0] = 0.0289993
rho_[69] = 0.528389
~~~~~~~~~~~~~~~~~~~~~~~~~~~~~~~~~~~~~~~
hard-particle MC p_acc = 0.997925
Rad[0] = 0.0290284
rho_[70] = 0.529452
~~~~~~~~~~~~~~~~~~~~~~~~~~~~~~~~~~~~~~~
hard-particle MC p_acc = 0.997175
Rad[0] = 0.0290975
rho_[71] = 0.531976
~~~~~~~~~~~~~~~~~~~~~~~~~~~~~~~~~~~~~~~
hard-particle MC p_acc = 0.994975
Rad[0] = 0.029114
rho_[72] = 0.532577
~~~~~~~~~~~~~~~~~~~~~~~~~~~~~~~~~~~~~~~
hard-particle MC p_acc = 0.9968
Rad[0] = 0.0291359
rho_[73] = 0.53338
~~~~~~~~~~~~~~~~~~~~~~~~~~~~~~~~~~~~~~~
hard-particle MC p_acc = 0.995475
Rad[0] = 0.0291428
rho_[74] = 0.533634
~~~~~~~~~~~~~~~~~~~~~~~~~~~~~~~~~~~~~~~
hard-particle MC p_acc = 0.997625
Rad[0] = 0.0291498
rho_[75] = 0.533889
~~~~~~~~~~~~~~~~~~~~~~~~~~~~~~~~~~~~~~~
hard-particle MC p_acc = 0.993975
Rad[0] = 0.0291503
rho_[76] = 0.533908
~~~~~~~~~~~~~~~~~~~~~~~~~~~~~~~~~~~~~~~
hard-particle MC p_acc = 0.994325
Rad[0] = 0.0291516
rho_[77] = 0.533953
~~~~~~~~~~~~~~~~~~~~~~~~~~~~~~~~~~~~~~~
hard-particle MC p_acc = 0.993325
Rad[0] = 0.0291532
rho_[78] = 0.534014
~~~~~~~~~~~~~~~~~~~~~~~~~~~~~~~~~~~~~~~
hard-particle MC p_acc = 0.99555
Rad[0] = 0.0291625
rho_[79] = 0.534353
~~~~~~~~~~~~~~~~~~~~~~~~~~~~~~~~~~~~~~~
hard-particle MC p_acc = 0.9956
Rad[0] = 0.0291677
rho_[80] = 0.534544
~~~~~~~~~~~~~~~~~~~~~~~~~~~~~~~~~~~~~~~
hard-particle MC p_acc = 0.996
Rad[0] = 0.0291842
rho_[81] = 0.535148
~~~~~~~~~~~~~~~~~~~~~~~~~~~~~~~~~~~~~~~
hard-particle MC p_acc = 0.994525
Rad[0] = 0.0291934
rho_[82] = 0.535489
~~~~~~~~~~~~~~~~~~~~~~~~~~~~~~~~~~~~~~~
hard-particle MC p_acc = 0.9956
Rad[0] = 0.0292027
rho_[83] = 0.535829
~~~~~~~~~~~~~~~~~~~~~~~~~~~~~~~~~~~~~~~
hard-particle MC p_acc = 0.9946
Rad[0] = 0.0292036
rho_[84] = 0.535863
~~~~~~~~~~~~~~~~~~~~~~~~~~~~~~~~~~~~~~~
hard-particle MC p_acc = 0.9954
Rad[0] = 0.0292053
rho_[85] = 0.535924
~~~~~~~~~~~~~~~~~~~~~~~~~~~~~~~~~~~~~~~
hard-particle MC p_acc = 0.997
Rad[0] = 0.0292092
rho_[86] = 0.536068
~~~~~~~~~~~~~~~~~~~~~~~~~~~~~~~~~~~~~~~
hard-particle MC p_acc = 0.997175
Rad[0] = 0.0292312
rho_[87] = 0.536876
~~~~~~~~~~~~~~~~~~~~~~~~~~~~~~~~~~~~~~~
hard-particle MC p_acc = 0.994125
Rad[0] = 0.0292325
rho_[88] = 0.536921
~~~~~~~~~~~~~~~~~~~~~~~~~~~~~~~~~~~~~~~
hard-particle MC p_acc = 0.994975
Rad[0] = 0.0292394
rho_[89] = 0.537177
~~~~~~~~~~~~~~~~~~~~~~~~~~~~~~~~~~~~~~~
hard-particle MC p_acc = 0.9955
Rad[0] = 0.0292487
rho_[90] = 0.537519
~~~~~~~~~~~~~~~~~~~~~~~~~~~~~~~~~~~~~~~
hard-particle MC p_acc = 0.9941
Rad[0] = 0.029258
rho_[91] = 0.537861
~~~~~~~~~~~~~~~~~~~~~~~~~~~~~~~~~~~~~~~
hard-particle MC p_acc = 0.994475
Rad[0] = 0.0292581
rho_[92] = 0.537865
~~~~~~~~~~~~~~~~~~~~~~~~~~~~~~~~~~~~~~~
hard-particle MC p_acc = 0.99475
Rad[0] = 0.0292875
rho_[93] = 0.538946
~~~~~~~~~~~~~~~~~~~~~~~~~~~~~~~~~~~~~~~
hard-particle MC p_acc = 0.9954
Rad[0] = 0.0292968
rho_[94] = 0.539289
~~~~~~~~~~~~~~~~~~~~~~~~~~~~~~~~~~~~~~~
hard-particle MC p_acc = 0.99375
Rad[0] = 0.0293021
rho_[95] = 0.539482
~~~~~~~~~~~~~~~~~~~~~~~~~~~~~~~~~~~~~~~
hard-particle MC p_acc = 0.99315
Rad[0] = 0.0293028
rho_[96] = 0.539507
~~~~~~~~~~~~~~~~~~~~~~~~~~~~~~~~~~~~~~~
hard-particle MC p_acc = 0.99375
Rad[0] = 0.029304
rho_[97] = 0.539553
~~~~~~~~~~~~~~~~~~~~~~~~~~~~~~~~~~~~~~~
hard-particle MC p_acc = 0.995225
Rad[0] = 0.029311
rho_[98] = 0.539811
~~~~~~~~~~~~~~~~~~~~~~~~~~~~~~~~~~~~~~~
hard-particle MC p_acc = 0.9964
Rad[0] = 0.0293203
rho_[99] = 0.540154
~~~~~~~~~~~~~~~~~~~~~~~~~~~~~~~~~~~~~~~
hard-particle MC p_acc = 0.99755
Rad[0] = 0.0293233
rho_[100] = 0.540262
~~~~~~~~~~~~~~~~~~~~~~~~~~~~~~~~~~~~~~~
hard-particle MC p_acc = 0.9946
Rad[0] = 0.0293357
rho_[101] = 0.54072
~~~~~~~~~~~~~~~~~~~~~~~~~~~~~~~~~~~~~~~
hard-particle MC p_acc = 0.995575
Rad[0] = 0.0293374
rho_[102] = 0.540782
~~~~~~~~~~~~~~~~~~~~~~~~~~~~~~~~~~~~~~~
hard-particle MC p_acc = 0.995825
Rad[0] = 0.0293396
rho_[103] = 0.540863
~~~~~~~~~~~~~~~~~~~~~~~~~~~~~~~~~~~~~~~
hard-particle MC p_acc = 0.99225
Rad[0] = 0.0293617
rho_[104] = 0.541678
~~~~~~~~~~~~~~~~~~~~~~~~~~~~~~~~~~~~~~~
hard-particle MC p_acc = 0.993
Rad[0] = 0.0293741
rho_[105] = 0.542138
~~~~~~~~~~~~~~~~~~~~~~~~~~~~~~~~~~~~~~~
hard-particle MC p_acc = 0.993075
Rad[0] = 0.0293763
rho_[106] = 0.542219
~~~~~~~~~~~~~~~~~~~~~~~~~~~~~~~~~~~~~~~
hard-particle MC p_acc = 0.99555
Rad[0] = 0.0293929
rho_[107] = 0.542832
~~~~~~~~~~~~~~~~~~~~~~~~~~~~~~~~~~~~~~~
hard-particle MC p_acc = 0.993025
Rad[0] = 0.0293959
rho_[108] = 0.542942
~~~~~~~~~~~~~~~~~~~~~~~~~~~~~~~~~~~~~~~
hard-particle MC p_acc = 0.995375
Rad[0] = 0.0294052
rho_[109] = 0.543287
~~~~~~~~~~~~~~~~~~~~~~~~~~~~~~~~~~~~~~~
hard-particle MC p_acc = 0.996075
Rad[0] = 0.0294752
rho_[110] = 0.545877
~~~~~~~~~~~~~~~~~~~~~~~~~~~~~~~~~~~~~~~
hard-particle MC p_acc = 0.993575
Rad[0] = 0.0294919
rho_[111] = 0.546494
~~~~~~~~~~~~~~~~~~~~~~~~~~~~~~~~~~~~~~~
hard-particle MC p_acc = 0.992825
Rad[0] = 0.0295141
rho_[112] = 0.547318
~~~~~~~~~~~~~~~~~~~~~~~~~~~~~~~~~~~~~~~
hard-particle MC p_acc = 0.99265
Rad[0] = 0.0295163
rho_[113] = 0.5474
~~~~~~~~~~~~~~~~~~~~~~~~~~~~~~~~~~~~~~~
hard-particle MC p_acc = 0.994375
Rad[0] = 0.0295186
rho_[114] = 0.547483
~~~~~~~~~~~~~~~~~~~~~~~~~~~~~~~~~~~~~~~
hard-particle MC p_acc = 0.99495
Rad[0] = 0.0295239
rho_[115] = 0.547679
~~~~~~~~~~~~~~~~~~~~~~~~~~~~~~~~~~~~~~~
hard-particle MC p_acc = 0.9962
Rad[0] = 0.0295405
rho_[116] = 0.548298
~~~~~~~~~~~~~~~~~~~~~~~~~~~~~~~~~~~~~~~
hard-particle MC p_acc = 0.99415
Rad[0] = 0.0295499
rho_[117] = 0.548646
~~~~~~~~~~~~~~~~~~~~~~~~~~~~~~~~~~~~~~~
hard-particle MC p_acc = 0.99495
Rad[0] = 0.0295539
rho_[118] = 0.548794
~~~~~~~~~~~~~~~~~~~~~~~~~~~~~~~~~~~~~~~
hard-particle MC p_acc = 0.9949
Rad[0] = 0.0295609
rho_[119] = 0.549055
~~~~~~~~~~~~~~~~~~~~~~~~~~~~~~~~~~~~~~~
hard-particle MC p_acc = 0.9961
Rad[0] = 0.0295735
rho_[120] = 0.549521
~~~~~~~~~~~~~~~~~~~~~~~~~~~~~~~~~~~~~~~
hard-particle MC p_acc = 0.994925
Rad[0] = 0.0295787
rho_[121] = 0.549717
~~~~~~~~~~~~~~~~~~~~~~~~~~~~~~~~~~~~~~~
hard-particle MC p_acc = 0.9948
Rad[0] = 0.0296184
rho_[122] = 0.551191
~~~~~~~~~~~~~~~~~~~~~~~~~~~~~~~~~~~~~~~
hard-particle MC p_acc = 0.9951
Rad[0] = 0.0296213
rho_[123] = 0.551302
~~~~~~~~~~~~~~~~~~~~~~~~~~~~~~~~~~~~~~~
hard-particle MC p_acc = 0.993475
Rad[0] = 0.0296223
rho_[124] = 0.551337
~~~~~~~~~~~~~~~~~~~~~~~~~~~~~~~~~~~~~~~
hard-particle MC p_acc = 0.994475
Rad[0] = 0.0296293
rho_[125] = 0.5516
~~~~~~~~~~~~~~~~~~~~~~~~~~~~~~~~~~~~~~~
hard-particle MC p_acc = 0.99495
Rad[0] = 0.0296364
rho_[126] = 0.551863
~~~~~~~~~~~~~~~~~~~~~~~~~~~~~~~~~~~~~~~
hard-particle MC p_acc = 0.995075
Rad[0] = 0.0296368
rho_[127] = 0.551877
~~~~~~~~~~~~~~~~~~~~~~~~~~~~~~~~~~~~~~~
hard-particle MC p_acc = 0.99515
Rad[0] = 0.0296897
rho_[128] = 0.55385
~~~~~~~~~~~~~~~~~~~~~~~~~~~~~~~~~~~~~~~
hard-particle MC p_acc = 0.993575
Rad[0] = 0.0296968
rho_[129] = 0.554114
~~~~~~~~~~~~~~~~~~~~~~~~~~~~~~~~~~~~~~~
hard-particle MC p_acc = 0.995025
Rad[0] = 0.0297021
rho_[130] = 0.554313
~~~~~~~~~~~~~~~~~~~~~~~~~~~~~~~~~~~~~~~
hard-particle MC p_acc = 0.995525
Rad[0] = 0.0297028
rho_[131] = 0.554339
~~~~~~~~~~~~~~~~~~~~~~~~~~~~~~~~~~~~~~~
hard-particle MC p_acc = 0.996375
Rad[0] = 0.0297154
rho_[132] = 0.554809
~~~~~~~~~~~~~~~~~~~~~~~~~~~~~~~~~~~~~~~
hard-particle MC p_acc = 0.996925
Rad[0] = 0.0297207
rho_[133] = 0.555007
~~~~~~~~~~~~~~~~~~~~~~~~~~~~~~~~~~~~~~~
hard-particle MC p_acc = 0.99605
Rad[0] = 0.029723
rho_[134] = 0.555091
~~~~~~~~~~~~~~~~~~~~~~~~~~~~~~~~~~~~~~~
hard-particle MC p_acc = 0.994125
Rad[0] = 0.0297234
rho_[135] = 0.555106
~~~~~~~~~~~~~~~~~~~~~~~~~~~~~~~~~~~~~~~
hard-particle MC p_acc = 0.99435
Rad[0] = 0.0297328
rho_[136] = 0.555459
~~~~~~~~~~~~~~~~~~~~~~~~~~~~~~~~~~~~~~~
hard-particle MC p_acc = 0.993425
Rad[0] = 0.0297552
rho_[137] = 0.556296
~~~~~~~~~~~~~~~~~~~~~~~~~~~~~~~~~~~~~~~
hard-particle MC p_acc = 0.99445
Rad[0] = 0.0297605
rho_[138] = 0.556495
~~~~~~~~~~~~~~~~~~~~~~~~~~~~~~~~~~~~~~~
hard-particle MC p_acc = 0.99275
Rad[0] = 0.0297774
rho_[139] = 0.557124
~~~~~~~~~~~~~~~~~~~~~~~~~~~~~~~~~~~~~~~
hard-particle MC p_acc = 0.992625
Rad[0] = 0.0297844
rho_[140] = 0.55739
~~~~~~~~~~~~~~~~~~~~~~~~~~~~~~~~~~~~~~~
hard-particle MC p_acc = 0.99605
Rad[0] = 0.0297857
rho_[141] = 0.557437
~~~~~~~~~~~~~~~~~~~~~~~~~~~~~~~~~~~~~~~
hard-particle MC p_acc = 0.9938
Rad[0] = 0.0297897
rho_[142] = 0.557587
~~~~~~~~~~~~~~~~~~~~~~~~~~~~~~~~~~~~~~~
hard-particle MC p_acc = 0.9907
Rad[0] = 0.0298065
rho_[143] = 0.558217
~~~~~~~~~~~~~~~~~~~~~~~~~~~~~~~~~~~~~~~
hard-particle MC p_acc = 0.991025
Rad[0] = 0.0298075
rho_[144] = 0.558252
~~~~~~~~~~~~~~~~~~~~~~~~~~~~~~~~~~~~~~~
hard-particle MC p_acc = 0.9925
Rad[0] = 0.0298128
rho_[145] = 0.558452
~~~~~~~~~~~~~~~~~~~~~~~~~~~~~~~~~~~~~~~
hard-particle MC p_acc = 0.9935
Rad[0] = 0.0298168
rho_[146] = 0.558602
~~~~~~~~~~~~~~~~~~~~~~~~~~~~~~~~~~~~~~~
hard-particle MC p_acc = 0.994075
Rad[0] = 0.0298295
rho_[147] = 0.559075
~~~~~~~~~~~~~~~~~~~~~~~~~~~~~~~~~~~~~~~
hard-particle MC p_acc = 0.9913
Rad[0] = 0.0298463
rho_[148] = 0.559707
~~~~~~~~~~~~~~~~~~~~~~~~~~~~~~~~~~~~~~~
hard-particle MC p_acc = 0.9915
Rad[0] = 0.0298476
rho_[149] = 0.559755
~~~~~~~~~~~~~~~~~~~~~~~~~~~~~~~~~~~~~~~
hard-particle MC p_acc = 0.99265
Rad[0] = 0.0298483
rho_[150] = 0.559782
~~~~~~~~~~~~~~~~~~~~~~~~~~~~~~~~~~~~~~~
hard-particle MC p_acc = 0.9953
Rad[0] = 0.0298492
rho_[151] = 0.559817
~~~~~~~~~~~~~~~~~~~~~~~~~~~~~~~~~~~~~~~
hard-particle MC p_acc = 0.99335
Rad[0] = 0.0298792
rho_[152] = 0.560942
~~~~~~~~~~~~~~~~~~~~~~~~~~~~~~~~~~~~~~~
hard-particle MC p_acc = 0.994
Rad[0] = 0.0298805
rho_[153] = 0.56099
~~~~~~~~~~~~~~~~~~~~~~~~~~~~~~~~~~~~~~~
hard-particle MC p_acc = 0.993375
Rad[0] = 0.0298876
rho_[154] = 0.561258
~~~~~~~~~~~~~~~~~~~~~~~~~~~~~~~~~~~~~~~
hard-particle MC p_acc = 0.99315
Rad[0] = 0.0298971
rho_[155] = 0.561614
~~~~~~~~~~~~~~~~~~~~~~~~~~~~~~~~~~~~~~~
hard-particle MC p_acc = 0.994025
Rad[0] = 0.029914
rho_[156] = 0.562249
~~~~~~~~~~~~~~~~~~~~~~~~~~~~~~~~~~~~~~~
hard-particle MC p_acc = 0.99315
Rad[0] = 0.0299365
rho_[157] = 0.563097
~~~~~~~~~~~~~~~~~~~~~~~~~~~~~~~~~~~~~~~
hard-particle MC p_acc = 0.99445
Rad[0] = 0.0299437
rho_[158] = 0.563365
~~~~~~~~~~~~~~~~~~~~~~~~~~~~~~~~~~~~~~~
hard-particle MC p_acc = 0.993125
Rad[0] = 0.0299564
rho_[159] = 0.563843
~~~~~~~~~~~~~~~~~~~~~~~~~~~~~~~~~~~~~~~
hard-particle MC p_acc = 0.993525
Rad[0] = 0.0299659
rho_[160] = 0.564201
~~~~~~~~~~~~~~~~~~~~~~~~~~~~~~~~~~~~~~~
hard-particle MC p_acc = 0.991875
Rad[0] = 0.0299786
rho_[161] = 0.56468
~~~~~~~~~~~~~~~~~~~~~~~~~~~~~~~~~~~~~~~
hard-particle MC p_acc = 0.9935
Rad[0] = 0.0299839
rho_[162] = 0.564882
~~~~~~~~~~~~~~~~~~~~~~~~~~~~~~~~~~~~~~~
hard-particle MC p_acc = 0.99445
Rad[0] = 0.029987
rho_[163] = 0.564995
~~~~~~~~~~~~~~~~~~~~~~~~~~~~~~~~~~~~~~~
hard-particle MC p_acc = 0.993275
Rad[0] = 0.0300039
rho_[164] = 0.565634
~~~~~~~~~~~~~~~~~~~~~~~~~~~~~~~~~~~~~~~
hard-particle MC p_acc = 0.9939
Rad[0] = 0.0300166
rho_[165] = 0.566113
~~~~~~~~~~~~~~~~~~~~~~~~~~~~~~~~~~~~~~~
hard-particle MC p_acc = 0.9941
Rad[0] = 0.0300262
rho_[166] = 0.566473
~~~~~~~~~~~~~~~~~~~~~~~~~~~~~~~~~~~~~~~
hard-particle MC p_acc = 0.98985
Rad[0] = 0.0300292
rho_[167] = 0.566587
~~~~~~~~~~~~~~~~~~~~~~~~~~~~~~~~~~~~~~~
hard-particle MC p_acc = 0.993075
Rad[0] = 0.0300314
rho_[168] = 0.566673
~~~~~~~~~~~~~~~~~~~~~~~~~~~~~~~~~~~~~~~
hard-particle MC p_acc = 0.992175
Rad[0] = 0.0300345
rho_[169] = 0.566787
~~~~~~~~~~~~~~~~~~~~~~~~~~~~~~~~~~~~~~~
hard-particle MC p_acc = 0.99465
Rad[0] = 0.0300385
rho_[170] = 0.566939
~~~~~~~~~~~~~~~~~~~~~~~~~~~~~~~~~~~~~~~
hard-particle MC p_acc = 0.99345
Rad[0] = 0.0300402
rho_[171] = 0.567003
~~~~~~~~~~~~~~~~~~~~~~~~~~~~~~~~~~~~~~~
hard-particle MC p_acc = 0.994225
Rad[0] = 0.0300442
rho_[172] = 0.567155
~~~~~~~~~~~~~~~~~~~~~~~~~~~~~~~~~~~~~~~
hard-particle MC p_acc = 0.9941
Rad[0] = 0.0300669
rho_[173] = 0.56801
~~~~~~~~~~~~~~~~~~~~~~~~~~~~~~~~~~~~~~~
hard-particle MC p_acc = 0.9972
Rad[0] = 0.0300678
rho_[174] = 0.568046
~~~~~~~~~~~~~~~~~~~~~~~~~~~~~~~~~~~~~~~
hard-particle MC p_acc = 0.992725
Rad[0] = 0.0300848
rho_[175] = 0.568688
~~~~~~~~~~~~~~~~~~~~~~~~~~~~~~~~~~~~~~~
hard-particle MC p_acc = 0.993275
Rad[0] = 0.0300975
rho_[176] = 0.56917
~~~~~~~~~~~~~~~~~~~~~~~~~~~~~~~~~~~~~~~
hard-particle MC p_acc = 0.99155
Rad[0] = 0.0301047
rho_[177] = 0.569442
~~~~~~~~~~~~~~~~~~~~~~~~~~~~~~~~~~~~~~~
hard-particle MC p_acc = 0.99705
Rad[0] = 0.0301088
rho_[178] = 0.569594
~~~~~~~~~~~~~~~~~~~~~~~~~~~~~~~~~~~~~~~
hard-particle MC p_acc = 0.995425
Rad[0] = 0.030139
rho_[179] = 0.570739
~~~~~~~~~~~~~~~~~~~~~~~~~~~~~~~~~~~~~~~
hard-particle MC p_acc = 0.9935
Rad[0] = 0.0301397
rho_[180] = 0.570766
~~~~~~~~~~~~~~~~~~~~~~~~~~~~~~~~~~~~~~~
hard-particle MC p_acc = 0.99205
Rad[0] = 0.0301568
rho_[181] = 0.571412
~~~~~~~~~~~~~~~~~~~~~~~~~~~~~~~~~~~~~~~
hard-particle MC p_acc = 0.99365
Rad[0] = 0.0301621
rho_[182] = 0.571616
~~~~~~~~~~~~~~~~~~~~~~~~~~~~~~~~~~~~~~~
hard-particle MC p_acc = 0.993425
Rad[0] = 0.0301792
rho_[183] = 0.572262
~~~~~~~~~~~~~~~~~~~~~~~~~~~~~~~~~~~~~~~
hard-particle MC p_acc = 0.989775
Rad[0] = 0.0301962
rho_[184] = 0.572909
~~~~~~~~~~~~~~~~~~~~~~~~~~~~~~~~~~~~~~~
hard-particle MC p_acc = 0.99515
Rad[0] = 0.0302016
rho_[185] = 0.573114
~~~~~~~~~~~~~~~~~~~~~~~~~~~~~~~~~~~~~~~
hard-particle MC p_acc = 0.994675
Rad[0] = 0.030207
rho_[186] = 0.573319
~~~~~~~~~~~~~~~~~~~~~~~~~~~~~~~~~~~~~~~
hard-particle MC p_acc = 0.9929
Rad[0] = 0.0302093
rho_[187] = 0.573405
~~~~~~~~~~~~~~~~~~~~~~~~~~~~~~~~~~~~~~~
hard-particle MC p_acc = 0.9949
Rad[0] = 0.0302099
rho_[188] = 0.573426
~~~~~~~~~~~~~~~~~~~~~~~~~~~~~~~~~~~~~~~
hard-particle MC p_acc = 0.994525
Rad[0] = 0.0302227
rho_[189] = 0.573912
~~~~~~~~~~~~~~~~~~~~~~~~~~~~~~~~~~~~~~~
hard-particle MC p_acc = 0.991175
Rad[0] = 0.0302323
rho_[190] = 0.574277
~~~~~~~~~~~~~~~~~~~~~~~~~~~~~~~~~~~~~~~
hard-particle MC p_acc = 0.994725
Rad[0] = 0.0302363
rho_[191] = 0.574431
~~~~~~~~~~~~~~~~~~~~~~~~~~~~~~~~~~~~~~~
hard-particle MC p_acc = 0.990975
Rad[0] = 0.0302404
rho_[192] = 0.574585
~~~~~~~~~~~~~~~~~~~~~~~~~~~~~~~~~~~~~~~
hard-particle MC p_acc = 0.992575
Rad[0] = 0.03025
rho_[193] = 0.57495
~~~~~~~~~~~~~~~~~~~~~~~~~~~~~~~~~~~~~~~
hard-particle MC p_acc = 0.989
Rad[0] = 0.0302572
rho_[194] = 0.575224
~~~~~~~~~~~~~~~~~~~~~~~~~~~~~~~~~~~~~~~
hard-particle MC p_acc = 0.99045
Rad[0] = 0.0302579
rho_[195] = 0.575252
~~~~~~~~~~~~~~~~~~~~~~~~~~~~~~~~~~~~~~~
hard-particle MC p_acc = 0.991025
Rad[0] = 0.0302633
rho_[196] = 0.575458
~~~~~~~~~~~~~~~~~~~~~~~~~~~~~~~~~~~~~~~
hard-particle MC p_acc = 0.990925
Rad[0] = 0.0302656
rho_[197] = 0.575544
~~~~~~~~~~~~~~~~~~~~~~~~~~~~~~~~~~~~~~~
hard-particle MC p_acc = 0.9904
Rad[0] = 0.0302728
rho_[198] = 0.575819
~~~~~~~~~~~~~~~~~~~~~~~~~~~~~~~~~~~~~~~
hard-particle MC p_acc = 0.991375
Rad[0] = 0.0302759
rho_[199] = 0.575935
~~~~~~~~~~~~~~~~~~~~~~~~~~~~~~~~~~~~~~~
hard-particle MC p_acc = 0.9938
Rad[0] = 0.0302813
rho_[200] = 0.576141
~~~~~~~~~~~~~~~~~~~~~~~~~~~~~~~~~~~~~~~
hard-particle MC p_acc = 0.993575
Rad[0] = 0.0302826
rho_[201] = 0.576189
~~~~~~~~~~~~~~~~~~~~~~~~~~~~~~~~~~~~~~~
hard-particle MC p_acc = 0.992825
Rad[0] = 0.0302922
rho_[202] = 0.576556
~~~~~~~~~~~~~~~~~~~~~~~~~~~~~~~~~~~~~~~
hard-particle MC p_acc = 0.99425
Rad[0] = 0.030305
rho_[203] = 0.577045
~~~~~~~~~~~~~~~~~~~~~~~~~~~~~~~~~~~~~~~
hard-particle MC p_acc = 0.991225
Rad[0] = 0.0303222
rho_[204] = 0.577697
~~~~~~~~~~~~~~~~~~~~~~~~~~~~~~~~~~~~~~~
hard-particle MC p_acc = 0.993075
Rad[0] = 0.0303262
rho_[205] = 0.577852
~~~~~~~~~~~~~~~~~~~~~~~~~~~~~~~~~~~~~~~
hard-particle MC p_acc = 0.993275
Rad[0] = 0.0303285
rho_[206] = 0.577939
~~~~~~~~~~~~~~~~~~~~~~~~~~~~~~~~~~~~~~~
hard-particle MC p_acc = 0.99145
Rad[0] = 0.0303298
rho_[207] = 0.577988
~~~~~~~~~~~~~~~~~~~~~~~~~~~~~~~~~~~~~~~
hard-particle MC p_acc = 0.991125
Rad[0] = 0.0303302
rho_[208] = 0.578004
~~~~~~~~~~~~~~~~~~~~~~~~~~~~~~~~~~~~~~~
hard-particle MC p_acc = 0.99575
Rad[0] = 0.0303374
rho_[209] = 0.578279
~~~~~~~~~~~~~~~~~~~~~~~~~~~~~~~~~~~~~~~
hard-particle MC p_acc = 0.99465
Rad[0] = 0.0303415
rho_[210] = 0.578434
~~~~~~~~~~~~~~~~~~~~~~~~~~~~~~~~~~~~~~~
hard-particle MC p_acc = 0.994225
Rad[0] = 0.0303544
rho_[211] = 0.578925
~~~~~~~~~~~~~~~~~~~~~~~~~~~~~~~~~~~~~~~
hard-particle MC p_acc = 0.99475
Rad[0] = 0.0303551
rho_[212] = 0.578952
~~~~~~~~~~~~~~~~~~~~~~~~~~~~~~~~~~~~~~~
hard-particle MC p_acc = 0.9947
Rad[0] = 0.030378
rho_[213] = 0.579825
~~~~~~~~~~~~~~~~~~~~~~~~~~~~~~~~~~~~~~~
hard-particle MC p_acc = 0.994325
Soft-core quenching p_acc = 0.50205
Final energy of stage 214  = 92.9085
Rad[0] = 0.0303876
rho_[214] = 0.580194
~~~~~~~~~~~~~~~~~~~~~~~~~~~~~~~~~~~~~~~
hard-particle MC p_acc = 0.993075
Soft-core quenching p_acc = 0.5079
Final energy of stage 215  = 92.8391
Rad[0] = 0.0303877
rho_[215] = 0.580196
~~~~~~~~~~~~~~~~~~~~~~~~~~~~~~~~~~~~~~~
hard-particle MC p_acc = 0.98985
Soft-core quenching p_acc = 0.50305
Final energy of stage 216  = 92.7974
Rad[0] = 0.030388
rho_[216] = 0.580207
~~~~~~~~~~~~~~~~~~~~~~~~~~~~~~~~~~~~~~~
hard-particle MC p_acc = 0.9901
Soft-core quenching p_acc = 0.499525
Final energy of stage 217  = 92.7746
Rad[0] = 0.0303889
rho_[217] = 0.580244
~~~~~~~~~~~~~~~~~~~~~~~~~~~~~~~~~~~~~~~
hard-particle MC p_acc = 0.989975
Soft-core quenching p_acc = 0.488375
Final energy of stage 218  = 92.7624
Rad[0] = 0.0303912
rho_[218] = 0.580332
~~~~~~~~~~~~~~~~~~~~~~~~~~~~~~~~~~~~~~~
hard-particle MC p_acc = 0.994625
Soft-core quenching p_acc = 0.47255
Final energy of stage 219  = 92.7553
Rad[0] = 0.0303916
rho_[219] = 0.580347
~~~~~~~~~~~~~~~~~~~~~~~~~~~~~~~~~~~~~~~
hard-particle MC p_acc = 0.994925
Soft-core quenching p_acc = 0.456175
Final energy of stage 220  = 92.7498
Rad[0] = 0.0303934
rho_[220] = 0.580413
~~~~~~~~~~~~~~~~~~~~~~~~~~~~~~~~~~~~~~~
hard-particle MC p_acc = 0.995375
Soft-core quenching p_acc = 0.450225
Final energy of stage 221  = 92.7451
Rad[0] = 0.0303934
rho_[221] = 0.580414
~~~~~~~~~~~~~~~~~~~~~~~~~~~~~~~~~~~~~~~
hard-particle MC p_acc = 0.994
Soft-core quenching p_acc = 0.44345
Final energy of stage 222  = 92.741
Rad[0] = 0.0303935
rho_[222] = 0.580417
~~~~~~~~~~~~~~~~~~~~~~~~~~~~~~~~~~~~~~~
hard-particle MC p_acc = 0.9958
Soft-core quenching p_acc = 0.4363
Final energy of stage 223  = 92.7374
Rad[0] = 0.0303938
rho_[223] = 0.580429
~~~~~~~~~~~~~~~~~~~~~~~~~~~~~~~~~~~~~~~
hard-particle MC p_acc = 0.994625
Soft-core quenching p_acc = 0.43845
Final energy of stage 224  = 92.734
Rad[0] = 0.0303938
rho_[224] = 0.58043
~~~~~~~~~~~~~~~~~~~~~~~~~~~~~~~~~~~~~~~
hard-particle MC p_acc = 0.995175
Soft-core quenching p_acc = 0.43135
Final energy of stage 225  = 92.7307
Rad[0] = 0.0303939
rho_[225] = 0.580433
~~~~~~~~~~~~~~~~~~~~~~~~~~~~~~~~~~~~~~~
hard-particle MC p_acc = 0.995675
Soft-core quenching p_acc = 0.420475
Final energy of stage 226  = 92.7277
Rad[0] = 0.0303939
rho_[226] = 0.580433
~~~~~~~~~~~~~~~~~~~~~~~~~~~~~~~~~~~~~~~
hard-particle MC p_acc = 0.997375
Soft-core quenching p_acc = 0.418025
Final energy of stage 227  = 92.7249
Rad[0] = 0.0303952
rho_[227] = 0.580483
~~~~~~~~~~~~~~~~~~~~~~~~~~~~~~~~~~~~~~~
hard-particle MC p_acc = 0.997225
Soft-core quenching p_acc = 0.405325
Final energy of stage 228  = 92.7222
Rad[0] = 0.0303953
rho_[228] = 0.580486
~~~~~~~~~~~~~~~~~~~~~~~~~~~~~~~~~~~~~~~
hard-particle MC p_acc = 0.995875
Soft-core quenching p_acc = 0.400775
Final energy of stage 229  = 92.7197
Rad[0] = 0.0303956
rho_[229] = 0.580498
~~~~~~~~~~~~~~~~~~~~~~~~~~~~~~~~~~~~~~~
hard-particle MC p_acc = 0.9951
Soft-core quenching p_acc = 0.39795
Final energy of stage 230  = 92.7173
Rad[0] = 0.0303957
rho_[230] = 0.580503
~~~~~~~~~~~~~~~~~~~~~~~~~~~~~~~~~~~~~~~
hard-particle MC p_acc = 0.9963
Soft-core quenching p_acc = 0.400075
Final energy of stage 231  = 92.7151
Rad[0] = 0.0303957
rho_[231] = 0.580504
~~~~~~~~~~~~~~~~~~~~~~~~~~~~~~~~~~~~~~~
hard-particle MC p_acc = 0.99535
Soft-core quenching p_acc = 0.383975
Final energy of stage 232  = 92.7132
Rad[0] = 0.0303959
rho_[232] = 0.580508
~~~~~~~~~~~~~~~~~~~~~~~~~~~~~~~~~~~~~~~
hard-particle MC p_acc = 0.99515
Soft-core quenching p_acc = 0.37065
Final energy of stage 233  = 92.7116
Rad[0] = 0.0303962
rho_[233] = 0.58052
~~~~~~~~~~~~~~~~~~~~~~~~~~~~~~~~~~~~~~~
hard-particle MC p_acc = 0.995225
Soft-core quenching p_acc = 0.35475
Final energy of stage 234  = 92.7104
Rad[0] = 0.0303965
rho_[234] = 0.580532
~~~~~~~~~~~~~~~~~~~~~~~~~~~~~~~~~~~~~~~
hard-particle MC p_acc = 0.99555
Soft-core quenching p_acc = 0.35625
Final energy of stage 235  = 92.7092
Rad[0] = 0.0303966
rho_[235] = 0.580536
~~~~~~~~~~~~~~~~~~~~~~~~~~~~~~~~~~~~~~~
hard-particle MC p_acc = 0.99645
Soft-core quenching p_acc = 0.355375
Final energy of stage 236  = 92.708
Rad[0] = 0.030397
rho_[236] = 0.580551
~~~~~~~~~~~~~~~~~~~~~~~~~~~~~~~~~~~~~~~
hard-particle MC p_acc = 0.995025
Soft-core quenching p_acc = 0.353075
Final energy of stage 237  = 92.7068
Rad[0] = 0.0303977
rho_[237] = 0.580579
~~~~~~~~~~~~~~~~~~~~~~~~~~~~~~~~~~~~~~~
hard-particle MC p_acc = 0.994375
Soft-core quenching p_acc = 0.35155
Final energy of stage 238  = 92.7055
Rad[0] = 0.030398
rho_[238] = 0.580591
~~~~~~~~~~~~~~~~~~~~~~~~~~~~~~~~~~~~~~~
hard-particle MC p_acc = 0.995725
Soft-core quenching p_acc = 0.35905
Final energy of stage 239  = 92.7042
Rad[0] = 0.0303982
rho_[239] = 0.580599
~~~~~~~~~~~~~~~~~~~~~~~~~~~~~~~~~~~~~~~
hard-particle MC p_acc = 0.9977
Soft-core quenching p_acc = 0.34875
Final energy of stage 240  = 92.703
Rad[0] = 0.0303988
rho_[240] = 0.58062
~~~~~~~~~~~~~~~~~~~~~~~~~~~~~~~~~~~~~~~
hard-particle MC p_acc = 0.9956
Soft-core quenching p_acc = 0.326975
Final energy of stage 241  = 92.702
Rad[0] = 0.0303989
rho_[241] = 0.580625
~~~~~~~~~~~~~~~~~~~~~~~~~~~~~~~~~~~~~~~
hard-particle MC p_acc = 0.996575
Soft-core quenching p_acc = 0.33965
Final energy of stage 242  = 92.7009
Rad[0] = 0.030399
rho_[242] = 0.580628
~~~~~~~~~~~~~~~~~~~~~~~~~~~~~~~~~~~~~~~
hard-particle MC p_acc = 0.995225
Soft-core quenching p_acc = 0.329975
Final energy of stage 243  = 92.6998
Rad[0] = 0.0303995
rho_[243] = 0.580649
~~~~~~~~~~~~~~~~~~~~~~~~~~~~~~~~~~~~~~~
hard-particle MC p_acc = 0.995825
Soft-core quenching p_acc = 0.324175
Final energy of stage 244  = 92.6988
Rad[0] = 0.0303998
rho_[244] = 0.580657
~~~~~~~~~~~~~~~~~~~~~~~~~~~~~~~~~~~~~~~
hard-particle MC p_acc = 0.9965
Soft-core quenching p_acc = 0.30495
Final energy of stage 245  = 92.6978
Rad[0] = 0.0304005
rho_[245] = 0.580685
~~~~~~~~~~~~~~~~~~~~~~~~~~~~~~~~~~~~~~~
hard-particle MC p_acc = 0.99775
Soft-core quenching p_acc = 0.311025
Final energy of stage 246  = 92.697
Rad[0] = 0.0304008
rho_[246] = 0.580697
~~~~~~~~~~~~~~~~~~~~~~~~~~~~~~~~~~~~~~~
hard-particle MC p_acc = 0.9964
Soft-core quenching p_acc = 0.317575
Final energy of stage 247  = 92.6962
Rad[0] = 0.0304013
rho_[247] = 0.580718
~~~~~~~~~~~~~~~~~~~~~~~~~~~~~~~~~~~~~~~
hard-particle MC p_acc = 0.995525
Soft-core quenching p_acc = 0.3208
Final energy of stage 248  = 92.6955
Rad[0] = 0.0304014
rho_[248] = 0.580721
~~~~~~~~~~~~~~~~~~~~~~~~~~~~~~~~~~~~~~~
hard-particle MC p_acc = 0.9973
Soft-core quenching p_acc = 0.339975
Final energy of stage 249  = 92.6945
Rad[0] = 0.0304021
rho_[249] = 0.580749
~~~~~~~~~~~~~~~~~~~~~~~~~~~~~~~~~~~~~~~
hard-particle MC p_acc = 0.994875
Soft-core quenching p_acc = 0.35335
Final energy of stage 250  = 92.6934
Rad[0] = 0.0304031
rho_[250] = 0.580786
~~~~~~~~~~~~~~~~~~~~~~~~~~~~~~~~~~~~~~~
hard-particle MC p_acc = 0.99715
Soft-core quenching p_acc = 0.351425
Final energy of stage 251  = 92.6922
Rad[0] = 0.0304033
rho_[251] = 0.580795
~~~~~~~~~~~~~~~~~~~~~~~~~~~~~~~~~~~~~~~
hard-particle MC p_acc = 0.998375
Soft-core quenching p_acc = 0.352975
Final energy of stage 252  = 92.691
Rad[0] = 0.0304056
rho_[252] = 0.580882
~~~~~~~~~~~~~~~~~~~~~~~~~~~~~~~~~~~~~~~
hard-particle MC p_acc = 0.997975
Soft-core quenching p_acc = 0.344225
Final energy of stage 253  = 92.6898
Rad[0] = 0.0304064
rho_[253] = 0.58091
~~~~~~~~~~~~~~~~~~~~~~~~~~~~~~~~~~~~~~~
hard-particle MC p_acc = 0.997675
Soft-core quenching p_acc = 0.343225
Final energy of stage 254  = 92.6886
Rad[0] = 0.0304081
rho_[254] = 0.580976
~~~~~~~~~~~~~~~~~~~~~~~~~~~~~~~~~~~~~~~
hard-particle MC p_acc = 0.99695
Soft-core quenching p_acc = 0.3475
Final energy of stage 255  = 92.6873
Rad[0] = 0.0304091
rho_[255] = 0.581013
~~~~~~~~~~~~~~~~~~~~~~~~~~~~~~~~~~~~~~~
hard-particle MC p_acc = 0.997425
Soft-core quenching p_acc = 0.3471
Final energy of stage 256  = 92.6863
Rad[0] = 0.0304096
rho_[256] = 0.581034
~~~~~~~~~~~~~~~~~~~~~~~~~~~~~~~~~~~~~~~
hard-particle MC p_acc = 0.995625
Soft-core quenching p_acc = 0.33885
Final energy of stage 257  = 92.6854
Rad[0] = 0.0304109
rho_[257] = 0.581083
~~~~~~~~~~~~~~~~~~~~~~~~~~~~~~~~~~~~~~~
hard-particle MC p_acc = 0.99845
Soft-core quenching p_acc = 0.338425
Final energy of stage 258  = 92.6845
Rad[0] = 0.0304116
rho_[258] = 0.581111
~~~~~~~~~~~~~~~~~~~~~~~~~~~~~~~~~~~~~~~
hard-particle MC p_acc = 0.9967
Soft-core quenching p_acc = 0.332475
Final energy of stage 259  = 92.6836
Rad[0] = 0.0304122
rho_[259] = 0.581131
~~~~~~~~~~~~~~~~~~~~~~~~~~~~~~~~~~~~~~~
hard-particle MC p_acc = 0.998525
Soft-core quenching p_acc = 0.31475
Final energy of stage 260  = 92.6828
Rad[0] = 0.0304122
rho_[260] = 0.581132
~~~~~~~~~~~~~~~~~~~~~~~~~~~~~~~~~~~~~~~
hard-particle MC p_acc = 0.9976
Soft-core quenching p_acc = 0.30625
Final energy of stage 261  = 92.682
Rad[0] = 0.0304163
rho_[261] = 0.581288
~~~~~~~~~~~~~~~~~~~~~~~~~~~~~~~~~~~~~~~
hard-particle MC p_acc = 0.996225
Soft-core quenching p_acc = 0.295325
Final energy of stage 262  = 92.6813
Rad[0] = 0.0304163
rho_[262] = 0.581289
~~~~~~~~~~~~~~~~~~~~~~~~~~~~~~~~~~~~~~~
hard-particle MC p_acc = 0.996225
Soft-core quenching p_acc = 0.292475
Final energy of stage 263  = 92.6805
Rad[0] = 0.0304164
rho_[263] = 0.581294
~~~~~~~~~~~~~~~~~~~~~~~~~~~~~~~~~~~~~~~
hard-particle MC p_acc = 0.995975
Soft-core quenching p_acc = 0.28245
Final energy of stage 264  = 92.6799
Rad[0] = 0.0304171
rho_[264] = 0.581322
~~~~~~~~~~~~~~~~~~~~~~~~~~~~~~~~~~~~~~~
hard-particle MC p_acc = 0.997075
Soft-core quenching p_acc = 0.27065
Final energy of stage 265  = 92.6792
Rad[0] = 0.0304175
rho_[265] = 0.581337
~~~~~~~~~~~~~~~~~~~~~~~~~~~~~~~~~~~~~~~
hard-particle MC p_acc = 0.996125
Soft-core quenching p_acc = 0.26095
Final energy of stage 266  = 92.6786
Rad[0] = 0.0304176
rho_[266] = 0.581339
~~~~~~~~~~~~~~~~~~~~~~~~~~~~~~~~~~~~~~~
hard-particle MC p_acc = 0.995675
Soft-core quenching p_acc = 0.23895
Final energy of stage 267  = 92.6781
Rad[0] = 0.0304176
rho_[267] = 0.58134
~~~~~~~~~~~~~~~~~~~~~~~~~~~~~~~~~~~~~~~
hard-particle MC p_acc = 0.9956
Soft-core quenching p_acc = 0.248325
Final energy of stage 268  = 92.6775
Rad[0] = 0.0304176
rho_[268] = 0.581341
~~~~~~~~~~~~~~~~~~~~~~~~~~~~~~~~~~~~~~~
hard-particle MC p_acc = 0.996775
Soft-core quenching p_acc = 0.243825
Final energy of stage 269  = 92.6769
Rad[0] = 0.0304177
rho_[269] = 0.581344
~~~~~~~~~~~~~~~~~~~~~~~~~~~~~~~~~~~~~~~
hard-particle MC p_acc = 0.9963
Soft-core quenching p_acc = 0.2392
Final energy of stage 270  = 92.6763
Rad[0] = 0.0304177
rho_[270] = 0.581344
~~~~~~~~~~~~~~~~~~~~~~~~~~~~~~~~~~~~~~~
hard-particle MC p_acc = 0.993675
Soft-core quenching p_acc = 0.2224
Final energy of stage 271  = 92.6759
Rad[0] = 0.0304178
rho_[271] = 0.581346
~~~~~~~~~~~~~~~~~~~~~~~~~~~~~~~~~~~~~~~
hard-particle MC p_acc = 0.99725
Soft-core quenching p_acc = 0.231475
Final energy of stage 272  = 92.6753
Rad[0] = 0.0304179
rho_[272] = 0.581353
~~~~~~~~~~~~~~~~~~~~~~~~~~~~~~~~~~~~~~~
hard-particle MC p_acc = 0.9971
Soft-core quenching p_acc = 0.218775
Final energy of stage 273  = 92.6747
Rad[0] = 0.0304179
rho_[273] = 0.581353
~~~~~~~~~~~~~~~~~~~~~~~~~~~~~~~~~~~~~~~
hard-particle MC p_acc = 0.995925
Soft-core quenching p_acc = 0.227525
Final energy of stage 274  = 92.6741
Rad[0] = 0.030418
rho_[274] = 0.581356
~~~~~~~~~~~~~~~~~~~~~~~~~~~~~~~~~~~~~~~
hard-particle MC p_acc = 0.997375
Soft-core quenching p_acc = 0.2223
Final energy of stage 275  = 92.6735
Rad[0] = 0.0304182
rho_[275] = 0.581361
~~~~~~~~~~~~~~~~~~~~~~~~~~~~~~~~~~~~~~~
hard-particle MC p_acc = 0.997075
Soft-core quenching p_acc = 0.212975
Final energy of stage 276  = 92.6729
Rad[0] = 0.0304183
rho_[276] = 0.581368
~~~~~~~~~~~~~~~~~~~~~~~~~~~~~~~~~~~~~~~
hard-particle MC p_acc = 0.994725
Soft-core quenching p_acc = 0.209175
Final energy of stage 277  = 92.6724
Rad[0] = 0.0304185
rho_[277] = 0.581373
~~~~~~~~~~~~~~~~~~~~~~~~~~~~~~~~~~~~~~~
hard-particle MC p_acc = 0.996275
Soft-core quenching p_acc = 0.208875
Final energy of stage 278  = 92.672
Rad[0] = 0.0304185
rho_[278] = 0.581376
~~~~~~~~~~~~~~~~~~~~~~~~~~~~~~~~~~~~~~~
hard-particle MC p_acc = 0.996825
Soft-core quenching p_acc = 0.214675
Final energy of stage 279  = 92.6715
Rad[0] = 0.0304186
rho_[279] = 0.581376
~~~~~~~~~~~~~~~~~~~~~~~~~~~~~~~~~~~~~~~
hard-particle MC p_acc = 0.99495
Soft-core quenching p_acc = 0.22235
Final energy of stage 280  = 92.671
Rad[0] = 0.0304187
rho_[280] = 0.581383
~~~~~~~~~~~~~~~~~~~~~~~~~~~~~~~~~~~~~~~
hard-particle MC p_acc = 0.99445
Soft-core quenching p_acc = 0.2216
Final energy of stage 281  = 92.6704
Rad[0] = 0.0304187
rho_[281] = 0.581383
~~~~~~~~~~~~~~~~~~~~~~~~~~~~~~~~~~~~~~~
hard-particle MC p_acc = 0.997325
Soft-core quenching p_acc = 0.217825
Final energy of stage 282  = 92.6698
Rad[0] = 0.030419
rho_[282] = 0.581392
~~~~~~~~~~~~~~~~~~~~~~~~~~~~~~~~~~~~~~~
hard-particle MC p_acc = 0.994
Soft-core quenching p_acc = 0.222175
Final energy of stage 283  = 92.6693
Rad[0] = 0.030419
rho_[283] = 0.581393
~~~~~~~~~~~~~~~~~~~~~~~~~~~~~~~~~~~~~~~
hard-particle MC p_acc = 0.99445
Soft-core quenching p_acc = 0.213625
Final energy of stage 284  = 92.6687
Rad[0] = 0.0304191
rho_[284] = 0.581395
~~~~~~~~~~~~~~~~~~~~~~~~~~~~~~~~~~~~~~~
hard-particle MC p_acc = 0.995025
Soft-core quenching p_acc = 0.226625
Final energy of stage 285  = 92.6681
Rad[0] = 0.0304191
rho_[285] = 0.581397
~~~~~~~~~~~~~~~~~~~~~~~~~~~~~~~~~~~~~~~
hard-particle MC p_acc = 0.995575
Soft-core quenching p_acc = 0.205225
Final energy of stage 286  = 92.6677
Rad[0] = 0.0304192
rho_[286] = 0.581401
~~~~~~~~~~~~~~~~~~~~~~~~~~~~~~~~~~~~~~~
hard-particle MC p_acc = 0.995625
Soft-core quenching p_acc = 0.211375
Final energy of stage 287  = 92.6671
Rad[0] = 0.0304192
rho_[287] = 0.581401
~~~~~~~~~~~~~~~~~~~~~~~~~~~~~~~~~~~~~~~
hard-particle MC p_acc = 0.99635
Soft-core quenching p_acc = 0.2188
Final energy of stage 288  = 92.6665
Rad[0] = 0.0304193
rho_[288] = 0.581405
~~~~~~~~~~~~~~~~~~~~~~~~~~~~~~~~~~~~~~~
hard-particle MC p_acc = 0.99305
Soft-core quenching p_acc = 0.2098
Final energy of stage 289  = 92.666
Rad[0] = 0.0304197
rho_[289] = 0.581421
~~~~~~~~~~~~~~~~~~~~~~~~~~~~~~~~~~~~~~~
hard-particle MC p_acc = 0.996275
Soft-core quenching p_acc = 0.211125
Final energy of stage 290  = 92.6655
Rad[0] = 0.0304198
rho_[290] = 0.581422
~~~~~~~~~~~~~~~~~~~~~~~~~~~~~~~~~~~~~~~
hard-particle MC p_acc = 0.995175
Soft-core quenching p_acc = 0.2155
Final energy of stage 291  = 92.6649
Rad[0] = 0.0304201
rho_[291] = 0.581434
~~~~~~~~~~~~~~~~~~~~~~~~~~~~~~~~~~~~~~~
hard-particle MC p_acc = 0.99575
Soft-core quenching p_acc = 0.21535
Final energy of stage 292  = 92.6643
Rad[0] = 0.0304201
rho_[292] = 0.581434
~~~~~~~~~~~~~~~~~~~~~~~~~~~~~~~~~~~~~~~
hard-particle MC p_acc = 0.995375
Soft-core quenching p_acc = 0.213525
Final energy of stage 293  = 92.6637
Rad[0] = 0.0304201
rho_[293] = 0.581434
~~~~~~~~~~~~~~~~~~~~~~~~~~~~~~~~~~~~~~~
hard-particle MC p_acc = 0.995625
Soft-core quenching p_acc = 0.21155
Final energy of stage 294  = 92.6632
Rad[0] = 0.0304201
rho_[294] = 0.581435
~~~~~~~~~~~~~~~~~~~~~~~~~~~~~~~~~~~~~~~
hard-particle MC p_acc = 0.99645
Soft-core quenching p_acc = 0.224675
Final energy of stage 295  = 92.6626
Rad[0] = 0.0304201
rho_[295] = 0.581435
~~~~~~~~~~~~~~~~~~~~~~~~~~~~~~~~~~~~~~~
hard-particle MC p_acc = 0.9959
Soft-core quenching p_acc = 0.2094
Final energy of stage 296  = 92.6621
Rad[0] = 0.0304202
rho_[296] = 0.581439
~~~~~~~~~~~~~~~~~~~~~~~~~~~~~~~~~~~~~~~
hard-particle MC p_acc = 0.99705
Soft-core quenching p_acc = 0.2172
Final energy of stage 297  = 92.6615
Rad[0] = 0.0304202
rho_[297] = 0.58144
~~~~~~~~~~~~~~~~~~~~~~~~~~~~~~~~~~~~~~~
hard-particle MC p_acc = 0.997025
Soft-core quenching p_acc = 0.20915
Final energy of stage 298  = 92.661
Rad[0] = 0.0304203
rho_[298] = 0.581443
~~~~~~~~~~~~~~~~~~~~~~~~~~~~~~~~~~~~~~~
hard-particle MC p_acc = 0.99535
Soft-core quenching p_acc = 0.21395
Final energy of stage 299  = 92.6604
Rad[0] = 0.0304203
rho_[299] = 0.581444
~~~~~~~~~~~~~~~~~~~~~~~~~~~~~~~~~~~~~~~
hard-particle MC p_acc = 0.994575
Soft-core quenching p_acc = 0.206475
Final energy of stage 300  = 92.6599
Rad[0] = 0.0304205
rho_[300] = 0.58145
~~~~~~~~~~~~~~~~~~~~~~~~~~~~~~~~~~~~~~~
hard-particle MC p_acc = 0.996075
Soft-core quenching p_acc = 0.223125
Final energy of stage 301  = 92.6593
Rad[0] = 0.0304207
rho_[301] = 0.581459
~~~~~~~~~~~~~~~~~~~~~~~~~~~~~~~~~~~~~~~
hard-particle MC p_acc = 0.995175
Soft-core quenching p_acc = 0.2096
Final energy of stage 302  = 92.6587
Rad[0] = 0.0304208
rho_[302] = 0.581461
~~~~~~~~~~~~~~~~~~~~~~~~~~~~~~~~~~~~~~~
hard-particle MC p_acc = 0.998075
Soft-core quenching p_acc = 0.22255
Final energy of stage 303  = 92.6581
Rad[0] = 0.0304211
rho_[303] = 0.581473
~~~~~~~~~~~~~~~~~~~~~~~~~~~~~~~~~~~~~~~
hard-particle MC p_acc = 0.995725
Soft-core quenching p_acc = 0.23575
Final energy of stage 304  = 92.6575
Rad[0] = 0.0304211
rho_[304] = 0.581474
~~~~~~~~~~~~~~~~~~~~~~~~~~~~~~~~~~~~~~~
hard-particle MC p_acc = 0.995175
Soft-core quenching p_acc = 0.241925
Final energy of stage 305  = 92.6569
Rad[0] = 0.0304212
rho_[305] = 0.581476
~~~~~~~~~~~~~~~~~~~~~~~~~~~~~~~~~~~~~~~
hard-particle MC p_acc = 0.995475
Soft-core quenching p_acc = 0.2671
Final energy of stage 306  = 92.6562
Rad[0] = 0.0304212
rho_[306] = 0.581477
~~~~~~~~~~~~~~~~~~~~~~~~~~~~~~~~~~~~~~~
hard-particle MC p_acc = 0.995025
Soft-core quenching p_acc = 0.2624
Final energy of stage 307  = 92.6557
Rad[0] = 0.0304214
rho_[307] = 0.581483
~~~~~~~~~~~~~~~~~~~~~~~~~~~~~~~~~~~~~~~
hard-particle MC p_acc = 0.99335
Soft-core quenching p_acc = 0.262675
Final energy of stage 308  = 92.6551
Rad[0] = 0.0304215
rho_[308] = 0.581488
~~~~~~~~~~~~~~~~~~~~~~~~~~~~~~~~~~~~~~~
hard-particle MC p_acc = 0.994425
Soft-core quenching p_acc = 0.277025
Final energy of stage 309  = 92.6545
Rad[0] = 0.0304219
rho_[309] = 0.581504
~~~~~~~~~~~~~~~~~~~~~~~~~~~~~~~~~~~~~~~
hard-particle MC p_acc = 0.995575
Soft-core quenching p_acc = 0.27635
Final energy of stage 310  = 92.6538
Rad[0] = 0.030422
rho_[310] = 0.581508
~~~~~~~~~~~~~~~~~~~~~~~~~~~~~~~~~~~~~~~
hard-particle MC p_acc = 0.9955
Soft-core quenching p_acc = 0.276325
Final energy of stage 311  = 92.6532
Rad[0] = 0.0304225
rho_[311] = 0.581528
~~~~~~~~~~~~~~~~~~~~~~~~~~~~~~~~~~~~~~~
hard-particle MC p_acc = 0.995625
Soft-core quenching p_acc = 0.2653
Final energy of stage 312  = 92.6526
Rad[0] = 0.0304228
rho_[312] = 0.581537
~~~~~~~~~~~~~~~~~~~~~~~~~~~~~~~~~~~~~~~
hard-particle MC p_acc = 0.99325
Soft-core quenching p_acc = 0.25835
Final energy of stage 313  = 92.6521
Rad[0] = 0.0304229
rho_[313] = 0.581542
~~~~~~~~~~~~~~~~~~~~~~~~~~~~~~~~~~~~~~~
hard-particle MC p_acc = 0.9968
Soft-core quenching p_acc = 0.256025
Final energy of stage 314  = 92.6515
Rad[0] = 0.0304231
rho_[314] = 0.581549
~~~~~~~~~~~~~~~~~~~~~~~~~~~~~~~~~~~~~~~
hard-particle MC p_acc = 0.997425
rad[0] = 0.0304236
packing density rho = 0.58157
Printing the final configuration now....
