Start packing
Number of distinct species, n_s = 
Number of growth stages, N_stage = 
Number of relax stages, N_relax = 
~~~~~~~~~~~~~~~~~~~~~~~~~~~~~~~~~~~~~~~~~~~~~
Number of cells for species 0, N_c[0] = 
~~~~~~~~~~~~~~~~~~~~~~~~~~~~~~~~~~~~~~~~~~~~~
Radius of cells for species 0, Rad[0] = 
~~~~~~~~~~~~~~~~~~~~~~~~~~~~~~~~~~~~~~~~~~~~~
Interaction range for species 0, Range[0] = 0.0282095
~~~~~~~~~~~~~~~~~~~~~~~~~~~~~~~~~~~~~~~~~~~~~
Growth rate [Rad -> (1+growth rate)*Rad], growth_rate = 
Trans_mod (in terms of boxlength), trans_mod =
Starting quench density, rho_start = 
Generate (0) or read (1) initial config, flag_config = 
Number of MC moves per particle at each stage, N_MC_particle = 
Length of grid cell, d0_cell = 
Generating initial configurations...
N_c[0] = 200
Reset interaction range for species 0, Range[0] = 0.132971
The total number of cells Ncell = 100
CellList(0,0) =  124  56 
CellList(1,0) =  171  2 
CellList(2,0) =  136 
CellList(3,0) =  49 
CellList(4,0) =  134  44 
CellList(5,0) =  138  63 
CellList(6,0) =  188  109  68 
CellList(7,0) =  30 
CellList(8,0) =  178  105  11 
CellList(9,0) =  184  22 
CellList(0,1) =  126 
CellList(1,1) =  141  113  16 
CellList(2,1) =  174  133  13 
CellList(3,1) =  104  61 
CellList(4,1) =  177  74  26 
CellList(5,1) =  165  8 
CellList(6,1) =  197  155  34 
CellList(7,1) =  85 
CellList(8,1) =  96  37 
CellList(9,1) =  92  40 
CellList(0,2) =  159  5 
CellList(1,2) =  9 
CellList(2,2) =  135 
CellList(3,2) =  116  103 
CellList(4,2) =  186  154 
CellList(5,2) =  98 
CellList(6,2) =  106  43 
CellList(7,2) =  157  110 
CellList(8,2) =  196  57 
CellList(9,2) =  83  53 
CellList(0,3) =  41 
CellList(1,3) =  131  65  14 
CellList(2,3) =  191  62 
CellList(3,3) =  195  147 
CellList(4,3) =  97  84 
CellList(5,3) =  146  112 
CellList(6,3) =  64 
CellList(7,3) =  183  51  28 
CellList(8,3) =  121 
CellList(9,3) =  173  38 
CellList(0,4) =  151 
CellList(1,4) =  73 
CellList(2,4) =  88  67 
CellList(3,4) =  139  55  50 
CellList(4,4) =  169  102 
CellList(5,4) =  164  75  39 
CellList(6,4) =  170  33 
CellList(7,4) =  122  94 
CellList(8,4) =  76  23 
CellList(9,4) =  123  29 
CellList(0,5) =  144  101  80 
CellList(1,5) =  179 
CellList(2,5) =  129  89 
CellList(3,5) =  162  10 
CellList(4,5) =  189  125 
CellList(5,5) =  194  137 
CellList(6,5) =  190  7 
CellList(7,5) =  149  128 
CellList(8,5) =  168  167 
CellList(9,5) =  18  6 
CellList(0,6) =  163  3 
CellList(1,6) =  156  91  31 
CellList(2,6) =  180 
CellList(3,6) =  127  100 
CellList(4,6) =  140  36 
CellList(5,6) =  150  117  60 
CellList(6,6) =  90  52 
CellList(7,6) =  114  82  20 
CellList(8,6) =  130  58 
CellList(9,6) =  108  24 
CellList(0,7) =  87  1 
CellList(1,7) =  81 
CellList(2,7) =  111  93 
CellList(3,7) =  72  17  4 
CellList(4,7) =  199  54 
CellList(5,7) =  21 
CellList(6,7) =  115 
CellList(7,7) =  187  35 
CellList(8,7) =  46  0 
CellList(9,7) =  143  120  99 
CellList(0,8) =  158  78 
CellList(1,8) =  86  59 
CellList(2,8) =  198  132 
CellList(3,8) =  192  145  32 
CellList(4,8) =  77  47 
CellList(5,8) =  148 
CellList(6,8) =  45  15 
CellList(7,8) =  181  95 
CellList(8,8) =  172  118 
CellList(9,8) =  160 
CellList(0,9) =  79  66 
CellList(1,9) =  185  176  119 
CellList(2,9) =  193  152 
CellList(3,9) =  175  27 
CellList(4,9) =  142  19 
CellList(5,9) =  166  107  70 
CellList(6,9) =  71 
CellList(7,9) =  161  153  25 
CellList(8,9) =  182  69  48 
CellList(9,9) =  42  12 
Initial energy of system E_init = 93.0486
hard-particle MC p_acc = 1
Rad[0] = 0.0272072
rho_[0] = 0.465102
~~~~~~~~~~~~~~~~~~~~~~~~~~~~~~~~~~~~~~~
hard-particle MC p_acc = 0.99965
Rad[0] = 0.0272277
rho_[1] = 0.465803
~~~~~~~~~~~~~~~~~~~~~~~~~~~~~~~~~~~~~~~
hard-particle MC p_acc = 0.99955
Rad[0] = 0.0273814
rho_[2] = 0.471076
~~~~~~~~~~~~~~~~~~~~~~~~~~~~~~~~~~~~~~~
hard-particle MC p_acc = 0.998825
Rad[0] = 0.027393
rho_[3] = 0.471476
~~~~~~~~~~~~~~~~~~~~~~~~~~~~~~~~~~~~~~~
hard-particle MC p_acc = 0.99875
Rad[0] = 0.0274582
rho_[4] = 0.473724
~~~~~~~~~~~~~~~~~~~~~~~~~~~~~~~~~~~~~~~
hard-particle MC p_acc = 0.9986
Rad[0] = 0.0274789
rho_[5] = 0.474438
~~~~~~~~~~~~~~~~~~~~~~~~~~~~~~~~~~~~~~~
hard-particle MC p_acc = 0.999525
Rad[0] = 0.027528
rho_[6] = 0.476134
~~~~~~~~~~~~~~~~~~~~~~~~~~~~~~~~~~~~~~~
hard-particle MC p_acc = 0.99925
Rad[0] = 0.0275935
rho_[7] = 0.478404
~~~~~~~~~~~~~~~~~~~~~~~~~~~~~~~~~~~~~~~
hard-particle MC p_acc = 0.99815
Rad[0] = 0.0276592
rho_[8] = 0.480685
~~~~~~~~~~~~~~~~~~~~~~~~~~~~~~~~~~~~~~~
hard-particle MC p_acc = 0.997425
Rad[0] = 0.0276642
rho_[9] = 0.480857
~~~~~~~~~~~~~~~~~~~~~~~~~~~~~~~~~~~~~~~
hard-particle MC p_acc = 0.99905
Rad[0] = 0.0276679
rho_[10] = 0.480986
~~~~~~~~~~~~~~~~~~~~~~~~~~~~~~~~~~~~~~~
hard-particle MC p_acc = 0.997325
Rad[0] = 0.0277173
rho_[11] = 0.482705
~~~~~~~~~~~~~~~~~~~~~~~~~~~~~~~~~~~~~~~
hard-particle MC p_acc = 0.99835
Rad[0] = 0.0277177
rho_[12] = 0.482718
~~~~~~~~~~~~~~~~~~~~~~~~~~~~~~~~~~~~~~~
hard-particle MC p_acc = 0.99835
Rad[0] = 0.0277455
rho_[13] = 0.483688
~~~~~~~~~~~~~~~~~~~~~~~~~~~~~~~~~~~~~~~
hard-particle MC p_acc = 0.998475
Rad[0] = 0.027863
rho_[14] = 0.487792
~~~~~~~~~~~~~~~~~~~~~~~~~~~~~~~~~~~~~~~
hard-particle MC p_acc = 0.996675
Rad[0] = 0.0279003
rho_[15] = 0.4891
~~~~~~~~~~~~~~~~~~~~~~~~~~~~~~~~~~~~~~~
hard-particle MC p_acc = 0.99665
Rad[0] = 0.0279031
rho_[16] = 0.489198
~~~~~~~~~~~~~~~~~~~~~~~~~~~~~~~~~~~~~~~
hard-particle MC p_acc = 0.99845
Rad[0] = 0.0279695
rho_[17] = 0.49153
~~~~~~~~~~~~~~~~~~~~~~~~~~~~~~~~~~~~~~~
hard-particle MC p_acc = 0.998325
Rad[0] = 0.0279784
rho_[18] = 0.491843
~~~~~~~~~~~~~~~~~~~~~~~~~~~~~~~~~~~~~~~
hard-particle MC p_acc = 0.996575
Rad[0] = 0.0280672
rho_[19] = 0.494971
~~~~~~~~~~~~~~~~~~~~~~~~~~~~~~~~~~~~~~~
hard-particle MC p_acc = 0.996825
Rad[0] = 0.0281174
rho_[20] = 0.49674
~~~~~~~~~~~~~~~~~~~~~~~~~~~~~~~~~~~~~~~
hard-particle MC p_acc = 0.99875
Rad[0] = 0.0281263
rho_[21] = 0.497056
~~~~~~~~~~~~~~~~~~~~~~~~~~~~~~~~~~~~~~~
hard-particle MC p_acc = 0.9962
Rad[0] = 0.0281313
rho_[22] = 0.497234
~~~~~~~~~~~~~~~~~~~~~~~~~~~~~~~~~~~~~~~
hard-particle MC p_acc = 0.9977
Rad[0] = 0.0281351
rho_[23] = 0.497367
~~~~~~~~~~~~~~~~~~~~~~~~~~~~~~~~~~~~~~~
hard-particle MC p_acc = 0.99775
Rad[0] = 0.0281634
rho_[24] = 0.498367
~~~~~~~~~~~~~~~~~~~~~~~~~~~~~~~~~~~~~~~
hard-particle MC p_acc = 0.997575
Rad[0] = 0.0281753
rho_[25] = 0.498789
~~~~~~~~~~~~~~~~~~~~~~~~~~~~~~~~~~~~~~~
hard-particle MC p_acc = 0.995875
Rad[0] = 0.0282036
rho_[26] = 0.499792
~~~~~~~~~~~~~~~~~~~~~~~~~~~~~~~~~~~~~~~
hard-particle MC p_acc = 0.9953
Rad[0] = 0.0282064
rho_[27] = 0.499892
~~~~~~~~~~~~~~~~~~~~~~~~~~~~~~~~~~~~~~~
hard-particle MC p_acc = 0.996925
Rad[0] = 0.0282102
rho_[28] = 0.500027
~~~~~~~~~~~~~~~~~~~~~~~~~~~~~~~~~~~~~~~
hard-particle MC p_acc = 0.994725
Rad[0] = 0.0282606
rho_[29] = 0.501814
~~~~~~~~~~~~~~~~~~~~~~~~~~~~~~~~~~~~~~~
hard-particle MC p_acc = 0.9956
Rad[0] = 0.0282644
rho_[30] = 0.501949
~~~~~~~~~~~~~~~~~~~~~~~~~~~~~~~~~~~~~~~
hard-particle MC p_acc = 0.996575
Rad[0] = 0.0282734
rho_[31] = 0.502268
~~~~~~~~~~~~~~~~~~~~~~~~~~~~~~~~~~~~~~~
hard-particle MC p_acc = 0.998025
Rad[0] = 0.0282738
rho_[32] = 0.502281
~~~~~~~~~~~~~~~~~~~~~~~~~~~~~~~~~~~~~~~
hard-particle MC p_acc = 0.997575
Rad[0] = 0.0282897
rho_[33] = 0.502849
~~~~~~~~~~~~~~~~~~~~~~~~~~~~~~~~~~~~~~~
hard-particle MC p_acc = 0.997975
Rad[0] = 0.0282987
rho_[34] = 0.503169
~~~~~~~~~~~~~~~~~~~~~~~~~~~~~~~~~~~~~~~
hard-particle MC p_acc = 0.9977
Rad[0] = 0.0283107
rho_[35] = 0.503595
~~~~~~~~~~~~~~~~~~~~~~~~~~~~~~~~~~~~~~~
hard-particle MC p_acc = 0.99675
Rad[0] = 0.0283486
rho_[36] = 0.504945
~~~~~~~~~~~~~~~~~~~~~~~~~~~~~~~~~~~~~~~
hard-particle MC p_acc = 0.997275
Rad[0] = 0.0283993
rho_[37] = 0.50675
~~~~~~~~~~~~~~~~~~~~~~~~~~~~~~~~~~~~~~~
hard-particle MC p_acc = 0.9975
Rad[0] = 0.0284031
rho_[38] = 0.506886
~~~~~~~~~~~~~~~~~~~~~~~~~~~~~~~~~~~~~~~
hard-particle MC p_acc = 0.997425
Rad[0] = 0.0284098
rho_[39] = 0.507128
~~~~~~~~~~~~~~~~~~~~~~~~~~~~~~~~~~~~~~~
hard-particle MC p_acc = 0.997725
Rad[0] = 0.0284606
rho_[40] = 0.508941
~~~~~~~~~~~~~~~~~~~~~~~~~~~~~~~~~~~~~~~
hard-particle MC p_acc = 0.9977
Rad[0] = 0.0284987
rho_[41] = 0.510305
~~~~~~~~~~~~~~~~~~~~~~~~~~~~~~~~~~~~~~~
hard-particle MC p_acc = 0.996675
Rad[0] = 0.0285108
rho_[42] = 0.510738
~~~~~~~~~~~~~~~~~~~~~~~~~~~~~~~~~~~~~~~
hard-particle MC p_acc = 0.998
Rad[0] = 0.0285269
rho_[43] = 0.511315
~~~~~~~~~~~~~~~~~~~~~~~~~~~~~~~~~~~~~~~
hard-particle MC p_acc = 0.99795
Rad[0] = 0.0285484
rho_[44] = 0.512086
~~~~~~~~~~~~~~~~~~~~~~~~~~~~~~~~~~~~~~~
hard-particle MC p_acc = 0.99475
Rad[0] = 0.0285552
rho_[45] = 0.51233
~~~~~~~~~~~~~~~~~~~~~~~~~~~~~~~~~~~~~~~
hard-particle MC p_acc = 0.994775
Rad[0] = 0.0285603
rho_[46] = 0.512513
~~~~~~~~~~~~~~~~~~~~~~~~~~~~~~~~~~~~~~~
hard-particle MC p_acc = 0.996325
Rad[0] = 0.0285612
rho_[47] = 0.512546
~~~~~~~~~~~~~~~~~~~~~~~~~~~~~~~~~~~~~~~
hard-particle MC p_acc = 0.994725
Rad[0] = 0.0285628
rho_[48] = 0.512604
~~~~~~~~~~~~~~~~~~~~~~~~~~~~~~~~~~~~~~~
hard-particle MC p_acc = 0.99725
Rad[0] = 0.0285696
rho_[49] = 0.512848
~~~~~~~~~~~~~~~~~~~~~~~~~~~~~~~~~~~~~~~
hard-particle MC p_acc = 0.996725
Rad[0] = 0.0285858
rho_[50] = 0.513428
~~~~~~~~~~~~~~~~~~~~~~~~~~~~~~~~~~~~~~~
hard-particle MC p_acc = 0.995425
Rad[0] = 0.0285886
rho_[51] = 0.513531
~~~~~~~~~~~~~~~~~~~~~~~~~~~~~~~~~~~~~~~
hard-particle MC p_acc = 0.9953
Rad[0] = 0.0285977
rho_[52] = 0.513858
~~~~~~~~~~~~~~~~~~~~~~~~~~~~~~~~~~~~~~~
hard-particle MC p_acc = 0.996225
Rad[0] = 0.028636
rho_[53] = 0.515235
~~~~~~~~~~~~~~~~~~~~~~~~~~~~~~~~~~~~~~~
hard-particle MC p_acc = 0.994525
Rad[0] = 0.0286744
rho_[54] = 0.516616
~~~~~~~~~~~~~~~~~~~~~~~~~~~~~~~~~~~~~~~
hard-particle MC p_acc = 0.996475
Rad[0] = 0.0287128
rho_[55] = 0.518001
~~~~~~~~~~~~~~~~~~~~~~~~~~~~~~~~~~~~~~~
hard-particle MC p_acc = 0.997825
Rad[0] = 0.028729
rho_[56] = 0.518586
~~~~~~~~~~~~~~~~~~~~~~~~~~~~~~~~~~~~~~~
hard-particle MC p_acc = 0.995975
Rad[0] = 0.0287675
rho_[57] = 0.519977
~~~~~~~~~~~~~~~~~~~~~~~~~~~~~~~~~~~~~~~
hard-particle MC p_acc = 0.99715
Rad[0] = 0.0287743
rho_[58] = 0.520224
~~~~~~~~~~~~~~~~~~~~~~~~~~~~~~~~~~~~~~~
hard-particle MC p_acc = 0.9967
Rad[0] = 0.0287756
rho_[59] = 0.520269
~~~~~~~~~~~~~~~~~~~~~~~~~~~~~~~~~~~~~~~
hard-particle MC p_acc = 0.995925
Rad[0] = 0.0287972
rho_[60] = 0.521053
~~~~~~~~~~~~~~~~~~~~~~~~~~~~~~~~~~~~~~~
hard-particle MC p_acc = 0.9945
Rad[0] = 0.0287989
rho_[61] = 0.521112
~~~~~~~~~~~~~~~~~~~~~~~~~~~~~~~~~~~~~~~
hard-particle MC p_acc = 0.9968
Rad[0] = 0.028804
rho_[62] = 0.521298
~~~~~~~~~~~~~~~~~~~~~~~~~~~~~~~~~~~~~~~
hard-particle MC p_acc = 0.9953
Rad[0] = 0.028833
rho_[63] = 0.522346
~~~~~~~~~~~~~~~~~~~~~~~~~~~~~~~~~~~~~~~
hard-particle MC p_acc = 0.99625
Rad[0] = 0.0288493
rho_[64] = 0.522936
~~~~~~~~~~~~~~~~~~~~~~~~~~~~~~~~~~~~~~~
hard-particle MC p_acc = 0.994525
Rad[0] = 0.0288584
rho_[65] = 0.523269
~~~~~~~~~~~~~~~~~~~~~~~~~~~~~~~~~~~~~~~
hard-particle MC p_acc = 0.995375
Rad[0] = 0.0288623
rho_[66] = 0.523409
~~~~~~~~~~~~~~~~~~~~~~~~~~~~~~~~~~~~~~~
hard-particle MC p_acc = 0.994525
Rad[0] = 0.0288692
rho_[67] = 0.523659
~~~~~~~~~~~~~~~~~~~~~~~~~~~~~~~~~~~~~~~
hard-particle MC p_acc = 0.995
Rad[0] = 0.0288783
rho_[68] = 0.523992
~~~~~~~~~~~~~~~~~~~~~~~~~~~~~~~~~~~~~~~
hard-particle MC p_acc = 0.995175
Rad[0] = 0.028879
rho_[69] = 0.524017
~~~~~~~~~~~~~~~~~~~~~~~~~~~~~~~~~~~~~~~
hard-particle MC p_acc = 0.993925
Rad[0] = 0.0288793
rho_[70] = 0.524025
~~~~~~~~~~~~~~~~~~~~~~~~~~~~~~~~~~~~~~~
hard-particle MC p_acc = 0.993425
Rad[0] = 0.028901
rho_[71] = 0.524815
~~~~~~~~~~~~~~~~~~~~~~~~~~~~~~~~~~~~~~~
hard-particle MC p_acc = 0.992825
Rad[0] = 0.0289062
rho_[72] = 0.525002
~~~~~~~~~~~~~~~~~~~~~~~~~~~~~~~~~~~~~~~
hard-particle MC p_acc = 0.9953
Rad[0] = 0.0289091
rho_[73] = 0.525108
~~~~~~~~~~~~~~~~~~~~~~~~~~~~~~~~~~~~~~~
hard-particle MC p_acc = 0.995525
Rad[0] = 0.0289381
rho_[74] = 0.526163
~~~~~~~~~~~~~~~~~~~~~~~~~~~~~~~~~~~~~~~
hard-particle MC p_acc = 0.9966
Rad[0] = 0.0289385
rho_[75] = 0.526177
~~~~~~~~~~~~~~~~~~~~~~~~~~~~~~~~~~~~~~~
hard-particle MC p_acc = 0.997825
Rad[0] = 0.0289603
rho_[76] = 0.526971
~~~~~~~~~~~~~~~~~~~~~~~~~~~~~~~~~~~~~~~
hard-particle MC p_acc = 0.996575
Rad[0] = 0.0289695
rho_[77] = 0.527306
~~~~~~~~~~~~~~~~~~~~~~~~~~~~~~~~~~~~~~~
hard-particle MC p_acc = 0.994475
Rad[0] = 0.0289787
rho_[78] = 0.527641
~~~~~~~~~~~~~~~~~~~~~~~~~~~~~~~~~~~~~~~
hard-particle MC p_acc = 0.9949
Rad[0] = 0.0289951
rho_[79] = 0.528237
~~~~~~~~~~~~~~~~~~~~~~~~~~~~~~~~~~~~~~~
hard-particle MC p_acc = 0.9925
Rad[0] = 0.0290169
rho_[80] = 0.529034
~~~~~~~~~~~~~~~~~~~~~~~~~~~~~~~~~~~~~~~
hard-particle MC p_acc = 0.99305
Rad[0] = 0.0290182
rho_[81] = 0.529078
~~~~~~~~~~~~~~~~~~~~~~~~~~~~~~~~~~~~~~~
hard-particle MC p_acc = 0.9918
Rad[0] = 0.0290204
rho_[82] = 0.529158
~~~~~~~~~~~~~~~~~~~~~~~~~~~~~~~~~~~~~~~
hard-particle MC p_acc = 0.9948
Rad[0] = 0.0290273
rho_[83] = 0.529411
~~~~~~~~~~~~~~~~~~~~~~~~~~~~~~~~~~~~~~~
hard-particle MC p_acc = 0.9939
Rad[0] = 0.0290342
rho_[84] = 0.529663
~~~~~~~~~~~~~~~~~~~~~~~~~~~~~~~~~~~~~~~
hard-particle MC p_acc = 0.99385
Rad[0] = 0.0290381
rho_[85] = 0.529805
~~~~~~~~~~~~~~~~~~~~~~~~~~~~~~~~~~~~~~~
hard-particle MC p_acc = 0.9917
Rad[0] = 0.02906
rho_[86] = 0.530604
~~~~~~~~~~~~~~~~~~~~~~~~~~~~~~~~~~~~~~~
hard-particle MC p_acc = 0.9956
Rad[0] = 0.0290669
rho_[87] = 0.530857
~~~~~~~~~~~~~~~~~~~~~~~~~~~~~~~~~~~~~~~
hard-particle MC p_acc = 0.9946
Rad[0] = 0.0290698
rho_[88] = 0.530963
~~~~~~~~~~~~~~~~~~~~~~~~~~~~~~~~~~~~~~~
hard-particle MC p_acc = 0.995825
Rad[0] = 0.0290715
rho_[89] = 0.531024
~~~~~~~~~~~~~~~~~~~~~~~~~~~~~~~~~~~~~~~
hard-particle MC p_acc = 0.9966
Rad[0] = 0.0290754
rho_[90] = 0.531166
~~~~~~~~~~~~~~~~~~~~~~~~~~~~~~~~~~~~~~~
hard-particle MC p_acc = 0.993375
Rad[0] = 0.0290918
rho_[91] = 0.531766
~~~~~~~~~~~~~~~~~~~~~~~~~~~~~~~~~~~~~~~
hard-particle MC p_acc = 0.9958
Rad[0] = 0.029101
rho_[92] = 0.532104
~~~~~~~~~~~~~~~~~~~~~~~~~~~~~~~~~~~~~~~
hard-particle MC p_acc = 0.99785
Rad[0] = 0.0291062
rho_[93] = 0.532295
~~~~~~~~~~~~~~~~~~~~~~~~~~~~~~~~~~~~~~~
hard-particle MC p_acc = 0.994175
Rad[0] = 0.0291227
rho_[94] = 0.532896
~~~~~~~~~~~~~~~~~~~~~~~~~~~~~~~~~~~~~~~
hard-particle MC p_acc = 0.9961
Rad[0] = 0.0291519
rho_[95] = 0.533968
~~~~~~~~~~~~~~~~~~~~~~~~~~~~~~~~~~~~~~~
hard-particle MC p_acc = 0.996
Rad[0] = 0.0291559
rho_[96] = 0.534111
~~~~~~~~~~~~~~~~~~~~~~~~~~~~~~~~~~~~~~~
hard-particle MC p_acc = 0.9943
Rad[0] = 0.0291682
rho_[97] = 0.534564
~~~~~~~~~~~~~~~~~~~~~~~~~~~~~~~~~~~~~~~
hard-particle MC p_acc = 0.9936
Rad[0] = 0.0291752
rho_[98] = 0.534819
~~~~~~~~~~~~~~~~~~~~~~~~~~~~~~~~~~~~~~~
hard-particle MC p_acc = 0.992475
Rad[0] = 0.0292142
rho_[99] = 0.536252
~~~~~~~~~~~~~~~~~~~~~~~~~~~~~~~~~~~~~~~
hard-particle MC p_acc = 0.992075
Rad[0] = 0.0292362
rho_[100] = 0.53706
~~~~~~~~~~~~~~~~~~~~~~~~~~~~~~~~~~~~~~~
hard-particle MC p_acc = 0.9913
Rad[0] = 0.0292392
rho_[101] = 0.537168
~~~~~~~~~~~~~~~~~~~~~~~~~~~~~~~~~~~~~~~
hard-particle MC p_acc = 0.9927
Rad[0] = 0.0292485
rho_[102] = 0.53751
~~~~~~~~~~~~~~~~~~~~~~~~~~~~~~~~~~~~~~~
hard-particle MC p_acc = 0.993975
Rad[0] = 0.0292489
rho_[103] = 0.537524
~~~~~~~~~~~~~~~~~~~~~~~~~~~~~~~~~~~~~~~
hard-particle MC p_acc = 0.994975
Rad[0] = 0.0292709
rho_[104] = 0.538335
~~~~~~~~~~~~~~~~~~~~~~~~~~~~~~~~~~~~~~~
hard-particle MC p_acc = 0.99395
Rad[0] = 0.0292731
rho_[105] = 0.538416
~~~~~~~~~~~~~~~~~~~~~~~~~~~~~~~~~~~~~~~
hard-particle MC p_acc = 0.995975
Rad[0] = 0.0292753
rho_[106] = 0.538497
~~~~~~~~~~~~~~~~~~~~~~~~~~~~~~~~~~~~~~~
hard-particle MC p_acc = 0.99665
Rad[0] = 0.0293047
rho_[107] = 0.539579
~~~~~~~~~~~~~~~~~~~~~~~~~~~~~~~~~~~~~~~
hard-particle MC p_acc = 0.9958
Rad[0] = 0.0293213
rho_[108] = 0.540189
~~~~~~~~~~~~~~~~~~~~~~~~~~~~~~~~~~~~~~~
hard-particle MC p_acc = 0.993125
Rad[0] = 0.0293337
rho_[109] = 0.540647
~~~~~~~~~~~~~~~~~~~~~~~~~~~~~~~~~~~~~~~
hard-particle MC p_acc = 0.993775
Rad[0] = 0.0293377
rho_[110] = 0.540792
~~~~~~~~~~~~~~~~~~~~~~~~~~~~~~~~~~~~~~~
hard-particle MC p_acc = 0.99755
Rad[0] = 0.0293399
rho_[111] = 0.540874
~~~~~~~~~~~~~~~~~~~~~~~~~~~~~~~~~~~~~~~
hard-particle MC p_acc = 0.995325
Rad[0] = 0.0293469
rho_[112] = 0.541132
~~~~~~~~~~~~~~~~~~~~~~~~~~~~~~~~~~~~~~~
hard-particle MC p_acc = 0.9936
Rad[0] = 0.0293562
rho_[113] = 0.541476
~~~~~~~~~~~~~~~~~~~~~~~~~~~~~~~~~~~~~~~
hard-particle MC p_acc = 0.990325
Rad[0] = 0.0293584
rho_[114] = 0.541558
~~~~~~~~~~~~~~~~~~~~~~~~~~~~~~~~~~~~~~~
hard-particle MC p_acc = 0.992325
Rad[0] = 0.0293623
rho_[115] = 0.541703
~~~~~~~~~~~~~~~~~~~~~~~~~~~~~~~~~~~~~~~
hard-particle MC p_acc = 0.98815
Rad[0] = 0.0293653
rho_[116] = 0.541812
~~~~~~~~~~~~~~~~~~~~~~~~~~~~~~~~~~~~~~~
hard-particle MC p_acc = 0.9921
Rad[0] = 0.029367
rho_[117] = 0.541873
~~~~~~~~~~~~~~~~~~~~~~~~~~~~~~~~~~~~~~~
hard-particle MC p_acc = 0.992425
Rad[0] = 0.0293692
rho_[118] = 0.541955
~~~~~~~~~~~~~~~~~~~~~~~~~~~~~~~~~~~~~~~
hard-particle MC p_acc = 0.992625
Rad[0] = 0.0293721
rho_[119] = 0.542064
~~~~~~~~~~~~~~~~~~~~~~~~~~~~~~~~~~~~~~~
hard-particle MC p_acc = 0.991425
Rad[0] = 0.0293751
rho_[120] = 0.542173
~~~~~~~~~~~~~~~~~~~~~~~~~~~~~~~~~~~~~~~
hard-particle MC p_acc = 0.990875
Rad[0] = 0.0293753
rho_[121] = 0.542181
~~~~~~~~~~~~~~~~~~~~~~~~~~~~~~~~~~~~~~~
hard-particle MC p_acc = 0.994925
Rad[0] = 0.0293792
rho_[122] = 0.542326
~~~~~~~~~~~~~~~~~~~~~~~~~~~~~~~~~~~~~~~
hard-particle MC p_acc = 0.995475
Rad[0] = 0.0293862
rho_[123] = 0.542585
~~~~~~~~~~~~~~~~~~~~~~~~~~~~~~~~~~~~~~~
hard-particle MC p_acc = 0.9967
Rad[0] = 0.0293869
rho_[124] = 0.542611
~~~~~~~~~~~~~~~~~~~~~~~~~~~~~~~~~~~~~~~
hard-particle MC p_acc = 0.996375
Rad[0] = 0.0293963
rho_[125] = 0.542956
~~~~~~~~~~~~~~~~~~~~~~~~~~~~~~~~~~~~~~~
hard-particle MC p_acc = 0.993175
Rad[0] = 0.0294087
rho_[126] = 0.543416
~~~~~~~~~~~~~~~~~~~~~~~~~~~~~~~~~~~~~~~
hard-particle MC p_acc = 0.99325
Rad[0] = 0.0294254
rho_[127] = 0.54403
~~~~~~~~~~~~~~~~~~~~~~~~~~~~~~~~~~~~~~~
hard-particle MC p_acc = 0.99095
Rad[0] = 0.0294259
rho_[128] = 0.54405
~~~~~~~~~~~~~~~~~~~~~~~~~~~~~~~~~~~~~~~
hard-particle MC p_acc = 0.991825
Rad[0] = 0.0294329
rho_[129] = 0.544309
~~~~~~~~~~~~~~~~~~~~~~~~~~~~~~~~~~~~~~~
hard-particle MC p_acc = 0.996625
Rad[0] = 0.0294341
rho_[130] = 0.544356
~~~~~~~~~~~~~~~~~~~~~~~~~~~~~~~~~~~~~~~
hard-particle MC p_acc = 0.99415
Rad[0] = 0.0294736
rho_[131] = 0.545815
~~~~~~~~~~~~~~~~~~~~~~~~~~~~~~~~~~~~~~~
hard-particle MC p_acc = 0.992525
Rad[0] = 0.0294829
rho_[132] = 0.546162
~~~~~~~~~~~~~~~~~~~~~~~~~~~~~~~~~~~~~~~
hard-particle MC p_acc = 0.99435
Rad[0] = 0.02949
rho_[133] = 0.546422
~~~~~~~~~~~~~~~~~~~~~~~~~~~~~~~~~~~~~~~
hard-particle MC p_acc = 0.9962
Rad[0] = 0.0294993
rho_[134] = 0.54677
~~~~~~~~~~~~~~~~~~~~~~~~~~~~~~~~~~~~~~~
hard-particle MC p_acc = 0.99445
Rad[0] = 0.0295064
rho_[135] = 0.54703
~~~~~~~~~~~~~~~~~~~~~~~~~~~~~~~~~~~~~~~
hard-particle MC p_acc = 0.99425
Rad[0] = 0.0295157
rho_[136] = 0.547378
~~~~~~~~~~~~~~~~~~~~~~~~~~~~~~~~~~~~~~~
hard-particle MC p_acc = 0.9942
Rad[0] = 0.029521
rho_[137] = 0.547574
~~~~~~~~~~~~~~~~~~~~~~~~~~~~~~~~~~~~~~~
hard-particle MC p_acc = 0.992325
Rad[0] = 0.0295507
rho_[138] = 0.548674
~~~~~~~~~~~~~~~~~~~~~~~~~~~~~~~~~~~~~~~
hard-particle MC p_acc = 0.992425
Rad[0] = 0.0295512
rho_[139] = 0.548694
~~~~~~~~~~~~~~~~~~~~~~~~~~~~~~~~~~~~~~~
hard-particle MC p_acc = 0.993025
Rad[0] = 0.0295606
rho_[140] = 0.549043
~~~~~~~~~~~~~~~~~~~~~~~~~~~~~~~~~~~~~~~
hard-particle MC p_acc = 0.990025
Rad[0] = 0.0295829
rho_[141] = 0.549871
~~~~~~~~~~~~~~~~~~~~~~~~~~~~~~~~~~~~~~~
hard-particle MC p_acc = 0.989875
Rad[0] = 0.0295845
rho_[142] = 0.549933
~~~~~~~~~~~~~~~~~~~~~~~~~~~~~~~~~~~~~~~
hard-particle MC p_acc = 0.99285
Rad[0] = 0.0296013
rho_[143] = 0.550554
~~~~~~~~~~~~~~~~~~~~~~~~~~~~~~~~~~~~~~~
hard-particle MC p_acc = 0.991875
Rad[0] = 0.0296083
rho_[144] = 0.550817
~~~~~~~~~~~~~~~~~~~~~~~~~~~~~~~~~~~~~~~
hard-particle MC p_acc = 0.992975
Rad[0] = 0.0296306
rho_[145] = 0.551647
~~~~~~~~~~~~~~~~~~~~~~~~~~~~~~~~~~~~~~~
hard-particle MC p_acc = 0.99285
Rad[0] = 0.0296377
rho_[146] = 0.55191
~~~~~~~~~~~~~~~~~~~~~~~~~~~~~~~~~~~~~~~
hard-particle MC p_acc = 0.99215
Rad[0] = 0.0296399
rho_[147] = 0.551993
~~~~~~~~~~~~~~~~~~~~~~~~~~~~~~~~~~~~~~~
hard-particle MC p_acc = 0.9938
Rad[0] = 0.0296401
rho_[148] = 0.552
~~~~~~~~~~~~~~~~~~~~~~~~~~~~~~~~~~~~~~~
hard-particle MC p_acc = 0.9918
Rad[0] = 0.0296418
rho_[149] = 0.552062
~~~~~~~~~~~~~~~~~~~~~~~~~~~~~~~~~~~~~~~
hard-particle MC p_acc = 0.99245
Rad[0] = 0.0296488
rho_[150] = 0.552325
~~~~~~~~~~~~~~~~~~~~~~~~~~~~~~~~~~~~~~~
hard-particle MC p_acc = 0.99275
Rad[0] = 0.0296528
rho_[151] = 0.552474
~~~~~~~~~~~~~~~~~~~~~~~~~~~~~~~~~~~~~~~
hard-particle MC p_acc = 0.9911
Rad[0] = 0.0296654
rho_[152] = 0.552942
~~~~~~~~~~~~~~~~~~~~~~~~~~~~~~~~~~~~~~~
hard-particle MC p_acc = 0.9941
Rad[0] = 0.0296663
rho_[153] = 0.552977
~~~~~~~~~~~~~~~~~~~~~~~~~~~~~~~~~~~~~~~
hard-particle MC p_acc = 0.992875
Rad[0] = 0.029668
rho_[154] = 0.55304
~~~~~~~~~~~~~~~~~~~~~~~~~~~~~~~~~~~~~~~
hard-particle MC p_acc = 0.994375
Rad[0] = 0.0296751
rho_[155] = 0.553303
~~~~~~~~~~~~~~~~~~~~~~~~~~~~~~~~~~~~~~~
hard-particle MC p_acc = 0.993675
Rad[0] = 0.0296804
rho_[156] = 0.553501
~~~~~~~~~~~~~~~~~~~~~~~~~~~~~~~~~~~~~~~
hard-particle MC p_acc = 0.991875
Rad[0] = 0.0296874
rho_[157] = 0.553765
~~~~~~~~~~~~~~~~~~~~~~~~~~~~~~~~~~~~~~~
hard-particle MC p_acc = 0.99055
Rad[0] = 0.0296884
rho_[158] = 0.5538
~~~~~~~~~~~~~~~~~~~~~~~~~~~~~~~~~~~~~~~
hard-particle MC p_acc = 0.992925
Rad[0] = 0.0296924
rho_[159] = 0.553949
~~~~~~~~~~~~~~~~~~~~~~~~~~~~~~~~~~~~~~~
hard-particle MC p_acc = 0.992025
Rad[0] = 0.0296933
rho_[160] = 0.553984
~~~~~~~~~~~~~~~~~~~~~~~~~~~~~~~~~~~~~~~
hard-particle MC p_acc = 0.992825
Rad[0] = 0.0296956
rho_[161] = 0.554068
~~~~~~~~~~~~~~~~~~~~~~~~~~~~~~~~~~~~~~~
hard-particle MC p_acc = 0.9947
Rad[0] = 0.0297009
rho_[162] = 0.554266
~~~~~~~~~~~~~~~~~~~~~~~~~~~~~~~~~~~~~~~
hard-particle MC p_acc = 0.9919
Rad[0] = 0.0297232
rho_[163] = 0.555101
~~~~~~~~~~~~~~~~~~~~~~~~~~~~~~~~~~~~~~~
hard-particle MC p_acc = 0.99175
Rad[0] = 0.0297255
rho_[164] = 0.555185
~~~~~~~~~~~~~~~~~~~~~~~~~~~~~~~~~~~~~~~
hard-particle MC p_acc = 0.993025
Rad[0] = 0.0297553
rho_[165] = 0.556301
~~~~~~~~~~~~~~~~~~~~~~~~~~~~~~~~~~~~~~~
hard-particle MC p_acc = 0.994075
Rad[0] = 0.0297576
rho_[166] = 0.556385
~~~~~~~~~~~~~~~~~~~~~~~~~~~~~~~~~~~~~~~
hard-particle MC p_acc = 0.99595
Rad[0] = 0.02978
rho_[167] = 0.557224
~~~~~~~~~~~~~~~~~~~~~~~~~~~~~~~~~~~~~~~
hard-particle MC p_acc = 0.9952
Rad[0] = 0.0297871
rho_[168] = 0.557489
~~~~~~~~~~~~~~~~~~~~~~~~~~~~~~~~~~~~~~~
hard-particle MC p_acc = 0.99095
Rad[0] = 0.029858
rho_[169] = 0.560147
~~~~~~~~~~~~~~~~~~~~~~~~~~~~~~~~~~~~~~~
hard-particle MC p_acc = 0.9925
Rad[0] = 0.029861
rho_[170] = 0.56026
~~~~~~~~~~~~~~~~~~~~~~~~~~~~~~~~~~~~~~~
hard-particle MC p_acc = 0.9932
Rad[0] = 0.0298737
rho_[171] = 0.560735
~~~~~~~~~~~~~~~~~~~~~~~~~~~~~~~~~~~~~~~
hard-particle MC p_acc = 0.99265
Rad[0] = 0.0298754
rho_[172] = 0.560798
~~~~~~~~~~~~~~~~~~~~~~~~~~~~~~~~~~~~~~~
hard-particle MC p_acc = 0.994325
Rad[0] = 0.0298807
rho_[173] = 0.560999
~~~~~~~~~~~~~~~~~~~~~~~~~~~~~~~~~~~~~~~
hard-particle MC p_acc = 0.993125
Rad[0] = 0.0298861
rho_[174] = 0.5612
~~~~~~~~~~~~~~~~~~~~~~~~~~~~~~~~~~~~~~~
hard-particle MC p_acc = 0.993875
Rad[0] = 0.0298862
rho_[175] = 0.561203
~~~~~~~~~~~~~~~~~~~~~~~~~~~~~~~~~~~~~~~
hard-particle MC p_acc = 0.99305
Rad[0] = 0.0298871
rho_[176] = 0.561239
~~~~~~~~~~~~~~~~~~~~~~~~~~~~~~~~~~~~~~~
hard-particle MC p_acc = 0.9951
Rad[0] = 0.0298911
rho_[177] = 0.561389
~~~~~~~~~~~~~~~~~~~~~~~~~~~~~~~~~~~~~~~
hard-particle MC p_acc = 0.993975
Rad[0] = 0.0298965
rho_[178] = 0.56159
~~~~~~~~~~~~~~~~~~~~~~~~~~~~~~~~~~~~~~~
hard-particle MC p_acc = 0.993625
Rad[0] = 0.0299036
rho_[179] = 0.561858
~~~~~~~~~~~~~~~~~~~~~~~~~~~~~~~~~~~~~~~
hard-particle MC p_acc = 0.994525
Rad[0] = 0.0299163
rho_[180] = 0.562334
~~~~~~~~~~~~~~~~~~~~~~~~~~~~~~~~~~~~~~~
hard-particle MC p_acc = 0.989575
Rad[0] = 0.0299203
rho_[181] = 0.562485
~~~~~~~~~~~~~~~~~~~~~~~~~~~~~~~~~~~~~~~
hard-particle MC p_acc = 0.990175
Rad[0] = 0.0299298
rho_[182] = 0.562843
~~~~~~~~~~~~~~~~~~~~~~~~~~~~~~~~~~~~~~~
hard-particle MC p_acc = 0.9928
Rad[0] = 0.0299351
rho_[183] = 0.563044
~~~~~~~~~~~~~~~~~~~~~~~~~~~~~~~~~~~~~~~
hard-particle MC p_acc = 0.993575
Rad[0] = 0.0299577
rho_[184] = 0.563893
~~~~~~~~~~~~~~~~~~~~~~~~~~~~~~~~~~~~~~~
hard-particle MC p_acc = 0.9945
Rad[0] = 0.0299599
rho_[185] = 0.563978
~~~~~~~~~~~~~~~~~~~~~~~~~~~~~~~~~~~~~~~
hard-particle MC p_acc = 0.9917
Rad[0] = 0.0299695
rho_[186] = 0.564336
~~~~~~~~~~~~~~~~~~~~~~~~~~~~~~~~~~~~~~~
hard-particle MC p_acc = 0.99275
Rad[0] = 0.0299766
rho_[187] = 0.564605
~~~~~~~~~~~~~~~~~~~~~~~~~~~~~~~~~~~~~~~
hard-particle MC p_acc = 0.994425
Rad[0] = 0.0299936
rho_[188] = 0.565244
~~~~~~~~~~~~~~~~~~~~~~~~~~~~~~~~~~~~~~~
hard-particle MC p_acc = 0.992525
Rad[0] = 0.0299966
rho_[189] = 0.565357
~~~~~~~~~~~~~~~~~~~~~~~~~~~~~~~~~~~~~~~
hard-particle MC p_acc = 0.992425
Rad[0] = 0.0299978
rho_[190] = 0.565405
~~~~~~~~~~~~~~~~~~~~~~~~~~~~~~~~~~~~~~~
hard-particle MC p_acc = 0.9895
Rad[0] = 0.0299991
rho_[191] = 0.565453
~~~~~~~~~~~~~~~~~~~~~~~~~~~~~~~~~~~~~~~
hard-particle MC p_acc = 0.993875
Rad[0] = 0.0300001
rho_[192] = 0.565489
~~~~~~~~~~~~~~~~~~~~~~~~~~~~~~~~~~~~~~~
hard-particle MC p_acc = 0.9918
Rad[0] = 0.0300096
rho_[193] = 0.565849
~~~~~~~~~~~~~~~~~~~~~~~~~~~~~~~~~~~~~~~
hard-particle MC p_acc = 0.99495
Rad[0] = 0.0300126
rho_[194] = 0.565963
~~~~~~~~~~~~~~~~~~~~~~~~~~~~~~~~~~~~~~~
hard-particle MC p_acc = 0.992475
Rad[0] = 0.0300149
rho_[195] = 0.566048
~~~~~~~~~~~~~~~~~~~~~~~~~~~~~~~~~~~~~~~
hard-particle MC p_acc = 0.993275
Rad[0] = 0.0300189
rho_[196] = 0.5662
~~~~~~~~~~~~~~~~~~~~~~~~~~~~~~~~~~~~~~~
hard-particle MC p_acc = 0.99265
Rad[0] = 0.0300284
rho_[197] = 0.56656
~~~~~~~~~~~~~~~~~~~~~~~~~~~~~~~~~~~~~~~
hard-particle MC p_acc = 0.994125
Rad[0] = 0.0300315
rho_[198] = 0.566674
~~~~~~~~~~~~~~~~~~~~~~~~~~~~~~~~~~~~~~~
hard-particle MC p_acc = 0.993075
Rad[0] = 0.0300386
rho_[199] = 0.566944
~~~~~~~~~~~~~~~~~~~~~~~~~~~~~~~~~~~~~~~
hard-particle MC p_acc = 0.993725
Rad[0] = 0.0300388
rho_[200] = 0.56695
~~~~~~~~~~~~~~~~~~~~~~~~~~~~~~~~~~~~~~~
hard-particle MC p_acc = 0.991775
Rad[0] = 0.0300442
rho_[201] = 0.567153
~~~~~~~~~~~~~~~~~~~~~~~~~~~~~~~~~~~~~~~
hard-particle MC p_acc = 0.992525
Rad[0] = 0.0300743
rho_[202] = 0.568293
~~~~~~~~~~~~~~~~~~~~~~~~~~~~~~~~~~~~~~~
hard-particle MC p_acc = 0.990675
Rad[0] = 0.0300753
rho_[203] = 0.568329
~~~~~~~~~~~~~~~~~~~~~~~~~~~~~~~~~~~~~~~
hard-particle MC p_acc = 0.98965
Rad[0] = 0.0300825
rho_[204] = 0.5686
~~~~~~~~~~~~~~~~~~~~~~~~~~~~~~~~~~~~~~~
hard-particle MC p_acc = 0.989325
Rad[0] = 0.0300834
rho_[205] = 0.568636
~~~~~~~~~~~~~~~~~~~~~~~~~~~~~~~~~~~~~~~
hard-particle MC p_acc = 0.99365
Rad[0] = 0.0300875
rho_[206] = 0.568789
~~~~~~~~~~~~~~~~~~~~~~~~~~~~~~~~~~~~~~~
hard-particle MC p_acc = 0.992275
Rad[0] = 0.0300882
rho_[207] = 0.568816
~~~~~~~~~~~~~~~~~~~~~~~~~~~~~~~~~~~~~~~
hard-particle MC p_acc = 0.9931
Rad[0] = 0.0301184
rho_[208] = 0.569959
~~~~~~~~~~~~~~~~~~~~~~~~~~~~~~~~~~~~~~~
hard-particle MC p_acc = 0.99225
Rad[0] = 0.0301238
rho_[209] = 0.570163
~~~~~~~~~~~~~~~~~~~~~~~~~~~~~~~~~~~~~~~
hard-particle MC p_acc = 0.994375
Rad[0] = 0.0301334
rho_[210] = 0.570526
~~~~~~~~~~~~~~~~~~~~~~~~~~~~~~~~~~~~~~~
hard-particle MC p_acc = 0.993675
Rad[0] = 0.0301406
rho_[211] = 0.570798
~~~~~~~~~~~~~~~~~~~~~~~~~~~~~~~~~~~~~~~
hard-particle MC p_acc = 0.991375
Rad[0] = 0.0301501
rho_[212] = 0.571161
~~~~~~~~~~~~~~~~~~~~~~~~~~~~~~~~~~~~~~~
hard-particle MC p_acc = 0.98865
Rad[0] = 0.0301532
rho_[213] = 0.571276
~~~~~~~~~~~~~~~~~~~~~~~~~~~~~~~~~~~~~~~
hard-particle MC p_acc = 0.989125
Rad[0] = 0.0301536
rho_[214] = 0.571291
~~~~~~~~~~~~~~~~~~~~~~~~~~~~~~~~~~~~~~~
hard-particle MC p_acc = 0.992125
Rad[0] = 0.0301566
rho_[215] = 0.571406
~~~~~~~~~~~~~~~~~~~~~~~~~~~~~~~~~~~~~~~
hard-particle MC p_acc = 0.9936
Rad[0] = 0.0301638
rho_[216] = 0.571678
~~~~~~~~~~~~~~~~~~~~~~~~~~~~~~~~~~~~~~~
hard-particle MC p_acc = 0.99265
Rad[0] = 0.0301668
rho_[217] = 0.571793
~~~~~~~~~~~~~~~~~~~~~~~~~~~~~~~~~~~~~~~
hard-particle MC p_acc = 0.989475
Rad[0] = 0.0301895
rho_[218] = 0.572655
~~~~~~~~~~~~~~~~~~~~~~~~~~~~~~~~~~~~~~~
hard-particle MC p_acc = 0.99225
Rad[0] = 0.0301905
rho_[219] = 0.572692
~~~~~~~~~~~~~~~~~~~~~~~~~~~~~~~~~~~~~~~
hard-particle MC p_acc = 0.989625
Rad[0] = 0.0302033
rho_[220] = 0.573177
~~~~~~~~~~~~~~~~~~~~~~~~~~~~~~~~~~~~~~~
hard-particle MC p_acc = 0.991025
Rad[0] = 0.0302074
rho_[221] = 0.573331
~~~~~~~~~~~~~~~~~~~~~~~~~~~~~~~~~~~~~~~
hard-particle MC p_acc = 0.99525
Rad[0] = 0.0302114
rho_[222] = 0.573485
~~~~~~~~~~~~~~~~~~~~~~~~~~~~~~~~~~~~~~~
hard-particle MC p_acc = 0.9927
Rad[0] = 0.0302186
rho_[223] = 0.573758
~~~~~~~~~~~~~~~~~~~~~~~~~~~~~~~~~~~~~~~
hard-particle MC p_acc = 0.993025
Rad[0] = 0.0302188
rho_[224] = 0.573767
~~~~~~~~~~~~~~~~~~~~~~~~~~~~~~~~~~~~~~~
hard-particle MC p_acc = 0.994225
Rad[0] = 0.0302416
rho_[225] = 0.574632
~~~~~~~~~~~~~~~~~~~~~~~~~~~~~~~~~~~~~~~
hard-particle MC p_acc = 0.993175
Rad[0] = 0.0302512
rho_[226] = 0.574997
~~~~~~~~~~~~~~~~~~~~~~~~~~~~~~~~~~~~~~~
hard-particle MC p_acc = 0.993575
Rad[0] = 0.0302608
rho_[227] = 0.575362
~~~~~~~~~~~~~~~~~~~~~~~~~~~~~~~~~~~~~~~
hard-particle MC p_acc = 0.992425
Rad[0] = 0.0302704
rho_[228] = 0.575728
~~~~~~~~~~~~~~~~~~~~~~~~~~~~~~~~~~~~~~~
hard-particle MC p_acc = 0.99455
Rad[0] = 0.0302759
rho_[229] = 0.575934
~~~~~~~~~~~~~~~~~~~~~~~~~~~~~~~~~~~~~~~
hard-particle MC p_acc = 0.992425
Rad[0] = 0.0302789
rho_[230] = 0.57605
~~~~~~~~~~~~~~~~~~~~~~~~~~~~~~~~~~~~~~~
hard-particle MC p_acc = 0.9887
Rad[0] = 0.0302819
rho_[231] = 0.576166
~~~~~~~~~~~~~~~~~~~~~~~~~~~~~~~~~~~~~~~
hard-particle MC p_acc = 0.990675
Rad[0] = 0.0302837
rho_[232] = 0.576231
~~~~~~~~~~~~~~~~~~~~~~~~~~~~~~~~~~~~~~~
hard-particle MC p_acc = 0.993
Rad[0] = 0.0302877
rho_[233] = 0.576386
~~~~~~~~~~~~~~~~~~~~~~~~~~~~~~~~~~~~~~~
hard-particle MC p_acc = 0.995775
Rad[0] = 0.0302894
rho_[234] = 0.576451
~~~~~~~~~~~~~~~~~~~~~~~~~~~~~~~~~~~~~~~
hard-particle MC p_acc = 0.992525
Rad[0] = 0.0302967
rho_[235] = 0.576726
~~~~~~~~~~~~~~~~~~~~~~~~~~~~~~~~~~~~~~~
hard-particle MC p_acc = 0.993925
Rad[0] = 0.0303063
rho_[236] = 0.577092
~~~~~~~~~~~~~~~~~~~~~~~~~~~~~~~~~~~~~~~
hard-particle MC p_acc = 0.995625
Rad[0] = 0.0303159
rho_[237] = 0.577459
~~~~~~~~~~~~~~~~~~~~~~~~~~~~~~~~~~~~~~~
hard-particle MC p_acc = 0.9949
Rad[0] = 0.0303176
rho_[238] = 0.577525
~~~~~~~~~~~~~~~~~~~~~~~~~~~~~~~~~~~~~~~
hard-particle MC p_acc = 0.995075
Rad[0] = 0.0303249
rho_[239] = 0.5778
~~~~~~~~~~~~~~~~~~~~~~~~~~~~~~~~~~~~~~~
hard-particle MC p_acc = 0.995
Rad[0] = 0.0303266
rho_[240] = 0.577865
~~~~~~~~~~~~~~~~~~~~~~~~~~~~~~~~~~~~~~~
hard-particle MC p_acc = 0.995275
Rad[0] = 0.0303306
rho_[241] = 0.57802
~~~~~~~~~~~~~~~~~~~~~~~~~~~~~~~~~~~~~~~
hard-particle MC p_acc = 0.9944
Rad[0] = 0.0303535
rho_[242] = 0.578892
~~~~~~~~~~~~~~~~~~~~~~~~~~~~~~~~~~~~~~~
hard-particle MC p_acc = 0.995775
Rad[0] = 0.0303706
rho_[243] = 0.579546
~~~~~~~~~~~~~~~~~~~~~~~~~~~~~~~~~~~~~~~
hard-particle MC p_acc = 0.993575
Rad[0] = 0.0303803
rho_[244] = 0.579914
~~~~~~~~~~~~~~~~~~~~~~~~~~~~~~~~~~~~~~~
hard-particle MC p_acc = 0.9948
Soft-core quenching p_acc = 0.5078
Final energy of stage 245  = 92.9357
Rad[0] = 0.0303932
rho_[245] = 0.580406
~~~~~~~~~~~~~~~~~~~~~~~~~~~~~~~~~~~~~~~
hard-particle MC p_acc = 0.993875
Soft-core quenching p_acc = 0.509475
Final energy of stage 246  = 92.8573
Rad[0] = 0.0303932
rho_[246] = 0.580407
~~~~~~~~~~~~~~~~~~~~~~~~~~~~~~~~~~~~~~~
hard-particle MC p_acc = 0.9917
Soft-core quenching p_acc = 0.506275
Final energy of stage 247  = 92.8095
Rad[0] = 0.0303935
rho_[247] = 0.580419
~~~~~~~~~~~~~~~~~~~~~~~~~~~~~~~~~~~~~~~
hard-particle MC p_acc = 0.988175
Soft-core quenching p_acc = 0.4982
Final energy of stage 248  = 92.7819
Rad[0] = 0.0303945
rho_[248] = 0.580456
~~~~~~~~~~~~~~~~~~~~~~~~~~~~~~~~~~~~~~~
hard-particle MC p_acc = 0.993675
Soft-core quenching p_acc = 0.48665
Final energy of stage 249  = 92.7661
Rad[0] = 0.0303946
rho_[249] = 0.580462
~~~~~~~~~~~~~~~~~~~~~~~~~~~~~~~~~~~~~~~
hard-particle MC p_acc = 0.9936
Soft-core quenching p_acc = 0.475775
Final energy of stage 250  = 92.7561
Rad[0] = 0.0303956
rho_[250] = 0.580499
~~~~~~~~~~~~~~~~~~~~~~~~~~~~~~~~~~~~~~~
hard-particle MC p_acc = 0.994875
Soft-core quenching p_acc = 0.460825
Final energy of stage 251  = 92.7491
Rad[0] = 0.0303963
rho_[251] = 0.580527
~~~~~~~~~~~~~~~~~~~~~~~~~~~~~~~~~~~~~~~
hard-particle MC p_acc = 0.995125
Soft-core quenching p_acc = 0.453075
Final energy of stage 252  = 92.7433
Rad[0] = 0.0303973
rho_[252] = 0.580564
~~~~~~~~~~~~~~~~~~~~~~~~~~~~~~~~~~~~~~~
hard-particle MC p_acc = 0.997375
Soft-core quenching p_acc = 0.44105
Final energy of stage 253  = 92.7386
Rad[0] = 0.0303976
rho_[253] = 0.580576
~~~~~~~~~~~~~~~~~~~~~~~~~~~~~~~~~~~~~~~
hard-particle MC p_acc = 0.996225
Soft-core quenching p_acc = 0.43655
Final energy of stage 254  = 92.7345
Rad[0] = 0.0303993
rho_[254] = 0.580641
~~~~~~~~~~~~~~~~~~~~~~~~~~~~~~~~~~~~~~~
hard-particle MC p_acc = 0.995225
Soft-core quenching p_acc = 0.432375
Final energy of stage 255  = 92.731
Rad[0] = 0.0303999
rho_[255] = 0.580662
~~~~~~~~~~~~~~~~~~~~~~~~~~~~~~~~~~~~~~~
hard-particle MC p_acc = 0.9961
Soft-core quenching p_acc = 0.421575
Final energy of stage 256  = 92.7278
Rad[0] = 0.0304004
rho_[256] = 0.580683
~~~~~~~~~~~~~~~~~~~~~~~~~~~~~~~~~~~~~~~
hard-particle MC p_acc = 0.9976
Soft-core quenching p_acc = 0.41635
Final energy of stage 257  = 92.7251
Rad[0] = 0.0304008
rho_[257] = 0.580698
~~~~~~~~~~~~~~~~~~~~~~~~~~~~~~~~~~~~~~~
hard-particle MC p_acc = 0.9966
Soft-core quenching p_acc = 0.401775
Final energy of stage 258  = 92.7227
Rad[0] = 0.0304021
rho_[258] = 0.580748
~~~~~~~~~~~~~~~~~~~~~~~~~~~~~~~~~~~~~~~
hard-particle MC p_acc = 0.996475
Soft-core quenching p_acc = 0.40015
Final energy of stage 259  = 92.7206
Rad[0] = 0.0304025
rho_[259] = 0.580763
~~~~~~~~~~~~~~~~~~~~~~~~~~~~~~~~~~~~~~~
hard-particle MC p_acc = 0.9977
Soft-core quenching p_acc = 0.402175
Final energy of stage 260  = 92.7185
Rad[0] = 0.0304028
rho_[260] = 0.580775
~~~~~~~~~~~~~~~~~~~~~~~~~~~~~~~~~~~~~~~
hard-particle MC p_acc = 0.99885
Soft-core quenching p_acc = 0.399125
Final energy of stage 261  = 92.7163
Rad[0] = 0.0304051
rho_[261] = 0.580863
~~~~~~~~~~~~~~~~~~~~~~~~~~~~~~~~~~~~~~~
hard-particle MC p_acc = 0.99885
Soft-core quenching p_acc = 0.39965
Final energy of stage 262  = 92.7141
Rad[0] = 0.0304054
rho_[262] = 0.580871
~~~~~~~~~~~~~~~~~~~~~~~~~~~~~~~~~~~~~~~
hard-particle MC p_acc = 0.9979
Soft-core quenching p_acc = 0.39525
Final energy of stage 263  = 92.7121
Rad[0] = 0.0304182
rho_[263] = 0.581364
~~~~~~~~~~~~~~~~~~~~~~~~~~~~~~~~~~~~~~~
hard-particle MC p_acc = 0.9967
Soft-core quenching p_acc = 0.382675
Final energy of stage 264  = 92.7103
Rad[0] = 0.0304185
rho_[264] = 0.581376
~~~~~~~~~~~~~~~~~~~~~~~~~~~~~~~~~~~~~~~
hard-particle MC p_acc = 0.998075
Soft-core quenching p_acc = 0.384025
Final energy of stage 265  = 92.7086
Rad[0] = 0.0304258
rho_[265] = 0.581653
~~~~~~~~~~~~~~~~~~~~~~~~~~~~~~~~~~~~~~~
hard-particle MC p_acc = 0.99795
Soft-core quenching p_acc = 0.385575
Final energy of stage 266  = 92.7069
Rad[0] = 0.0304258
rho_[266] = 0.581654
~~~~~~~~~~~~~~~~~~~~~~~~~~~~~~~~~~~~~~~
hard-particle MC p_acc = 0.99625
Soft-core quenching p_acc = 0.3759
Final energy of stage 267  = 92.7054
Rad[0] = 0.0304266
rho_[267] = 0.581682
~~~~~~~~~~~~~~~~~~~~~~~~~~~~~~~~~~~~~~~
hard-particle MC p_acc = 0.9961
Soft-core quenching p_acc = 0.3566
Final energy of stage 268  = 92.7042
Rad[0] = 0.0304288
rho_[268] = 0.581769
~~~~~~~~~~~~~~~~~~~~~~~~~~~~~~~~~~~~~~~
hard-particle MC p_acc = 0.99775
Soft-core quenching p_acc = 0.3465
Final energy of stage 269  = 92.7031
Rad[0] = 0.0304296
rho_[269] = 0.581797
~~~~~~~~~~~~~~~~~~~~~~~~~~~~~~~~~~~~~~~
hard-particle MC p_acc = 0.9959
Soft-core quenching p_acc = 0.3328
Final energy of stage 270  = 92.702
Rad[0] = 0.03043
rho_[270] = 0.581813
~~~~~~~~~~~~~~~~~~~~~~~~~~~~~~~~~~~~~~~
hard-particle MC p_acc = 0.9983
Soft-core quenching p_acc = 0.328425
Final energy of stage 271  = 92.701
Rad[0] = 0.0304313
rho_[271] = 0.581862
~~~~~~~~~~~~~~~~~~~~~~~~~~~~~~~~~~~~~~~
hard-particle MC p_acc = 0.996825
Soft-core quenching p_acc = 0.311725
Final energy of stage 272  = 92.7001
Rad[0] = 0.0304314
rho_[272] = 0.581867
~~~~~~~~~~~~~~~~~~~~~~~~~~~~~~~~~~~~~~~
hard-particle MC p_acc = 0.997225
Soft-core quenching p_acc = 0.302575
Final energy of stage 273  = 92.6994
Rad[0] = 0.0304331
rho_[273] = 0.581933
~~~~~~~~~~~~~~~~~~~~~~~~~~~~~~~~~~~~~~~
hard-particle MC p_acc = 0.997325
Soft-core quenching p_acc = 0.297
Final energy of stage 274  = 92.6987
Rad[0] = 0.0304333
rho_[274] = 0.581938
~~~~~~~~~~~~~~~~~~~~~~~~~~~~~~~~~~~~~~~
hard-particle MC p_acc = 0.9978
Soft-core quenching p_acc = 0.282425
Final energy of stage 275  = 92.6981
Rad[0] = 0.0304342
rho_[275] = 0.581975
~~~~~~~~~~~~~~~~~~~~~~~~~~~~~~~~~~~~~~~
hard-particle MC p_acc = 0.9967
Soft-core quenching p_acc = 0.294775
Final energy of stage 276  = 92.6973
Rad[0] = 0.0304373
rho_[276] = 0.582092
~~~~~~~~~~~~~~~~~~~~~~~~~~~~~~~~~~~~~~~
hard-particle MC p_acc = 0.998975
Soft-core quenching p_acc = 0.291425
Final energy of stage 277  = 92.6967
Rad[0] = 0.0304396
rho_[277] = 0.58218
~~~~~~~~~~~~~~~~~~~~~~~~~~~~~~~~~~~~~~~
hard-particle MC p_acc = 0.998125
Soft-core quenching p_acc = 0.27125
Final energy of stage 278  = 92.6962
Rad[0] = 0.0304401
rho_[278] = 0.582201
~~~~~~~~~~~~~~~~~~~~~~~~~~~~~~~~~~~~~~~
hard-particle MC p_acc = 0.998175
Soft-core quenching p_acc = 0.2608
Final energy of stage 279  = 92.6956
Rad[0] = 0.0304414
rho_[279] = 0.58225
~~~~~~~~~~~~~~~~~~~~~~~~~~~~~~~~~~~~~~~
hard-particle MC p_acc = 0.99565
Soft-core quenching p_acc = 0.258
Final energy of stage 280  = 92.695
Rad[0] = 0.0304414
rho_[280] = 0.58225
~~~~~~~~~~~~~~~~~~~~~~~~~~~~~~~~~~~~~~~
hard-particle MC p_acc = 0.99795
Soft-core quenching p_acc = 0.2621
Final energy of stage 281  = 92.6944
Rad[0] = 0.0304414
rho_[281] = 0.582251
~~~~~~~~~~~~~~~~~~~~~~~~~~~~~~~~~~~~~~~
hard-particle MC p_acc = 0.998575
Soft-core quenching p_acc = 0.2621
Final energy of stage 282  = 92.6938
Rad[0] = 0.0304417
rho_[282] = 0.582259
~~~~~~~~~~~~~~~~~~~~~~~~~~~~~~~~~~~~~~~
hard-particle MC p_acc = 0.999
Soft-core quenching p_acc = 0.2604
Final energy of stage 283  = 92.6932
Rad[0] = 0.0304434
rho_[283] = 0.582325
~~~~~~~~~~~~~~~~~~~~~~~~~~~~~~~~~~~~~~~
hard-particle MC p_acc = 0.9982
Soft-core quenching p_acc = 0.270275
Final energy of stage 284  = 92.6925
Rad[0] = 0.0304438
rho_[284] = 0.582341
~~~~~~~~~~~~~~~~~~~~~~~~~~~~~~~~~~~~~~~
hard-particle MC p_acc = 0.997475
Soft-core quenching p_acc = 0.2814
Final energy of stage 285  = 92.6919
Rad[0] = 0.0304442
rho_[285] = 0.582356
~~~~~~~~~~~~~~~~~~~~~~~~~~~~~~~~~~~~~~~
hard-particle MC p_acc = 0.99795
Soft-core quenching p_acc = 0.298325
Final energy of stage 286  = 92.6912
Rad[0] = 0.0304452
rho_[286] = 0.582394
~~~~~~~~~~~~~~~~~~~~~~~~~~~~~~~~~~~~~~~
hard-particle MC p_acc = 0.997825
Soft-core quenching p_acc = 0.30505
Final energy of stage 287  = 92.6905
Rad[0] = 0.0304457
rho_[287] = 0.582414
~~~~~~~~~~~~~~~~~~~~~~~~~~~~~~~~~~~~~~~
hard-particle MC p_acc = 0.997875
Soft-core quenching p_acc = 0.30855
Final energy of stage 288  = 92.6899
Rad[0] = 0.0304464
rho_[288] = 0.582442
~~~~~~~~~~~~~~~~~~~~~~~~~~~~~~~~~~~~~~~
hard-particle MC p_acc = 0.998375
Soft-core quenching p_acc = 0.30985
Final energy of stage 289  = 92.689
Rad[0] = 0.0304474
rho_[289] = 0.582479
~~~~~~~~~~~~~~~~~~~~~~~~~~~~~~~~~~~~~~~
hard-particle MC p_acc = 0.997975
Soft-core quenching p_acc = 0.30065
Final energy of stage 290  = 92.6883
Rad[0] = 0.0304477
rho_[290] = 0.582491
~~~~~~~~~~~~~~~~~~~~~~~~~~~~~~~~~~~~~~~
hard-particle MC p_acc = 0.997175
Soft-core quenching p_acc = 0.296925
Final energy of stage 291  = 92.6876
Rad[0] = 0.0304487
rho_[291] = 0.582528
~~~~~~~~~~~~~~~~~~~~~~~~~~~~~~~~~~~~~~~
hard-particle MC p_acc = 0.997675
Soft-core quenching p_acc = 0.2883
Final energy of stage 292  = 92.6869
Rad[0] = 0.0304492
rho_[292] = 0.582549
~~~~~~~~~~~~~~~~~~~~~~~~~~~~~~~~~~~~~~~
hard-particle MC p_acc = 0.99775
Soft-core quenching p_acc = 0.286575
Final energy of stage 293  = 92.6862
Rad[0] = 0.0304493
rho_[293] = 0.582551
~~~~~~~~~~~~~~~~~~~~~~~~~~~~~~~~~~~~~~~
hard-particle MC p_acc = 0.997075
Soft-core quenching p_acc = 0.27475
Final energy of stage 294  = 92.6856
Rad[0] = 0.0304494
rho_[294] = 0.582556
~~~~~~~~~~~~~~~~~~~~~~~~~~~~~~~~~~~~~~~
hard-particle MC p_acc = 0.9959
Soft-core quenching p_acc = 0.2896
Final energy of stage 295  = 92.6849
Rad[0] = 0.03045
rho_[295] = 0.582577
~~~~~~~~~~~~~~~~~~~~~~~~~~~~~~~~~~~~~~~
hard-particle MC p_acc = 0.994625
Soft-core quenching p_acc = 0.30365
Final energy of stage 296  = 92.6842
Rad[0] = 0.0304509
rho_[296] = 0.582614
~~~~~~~~~~~~~~~~~~~~~~~~~~~~~~~~~~~~~~~
hard-particle MC p_acc = 0.997675
Soft-core quenching p_acc = 0.305
Final energy of stage 297  = 92.6835
Rad[0] = 0.0304512
rho_[297] = 0.582623
~~~~~~~~~~~~~~~~~~~~~~~~~~~~~~~~~~~~~~~
hard-particle MC p_acc = 0.997875
Soft-core quenching p_acc = 0.312025
Final energy of stage 298  = 92.6828
Rad[0] = 0.0304521
rho_[298] = 0.58266
~~~~~~~~~~~~~~~~~~~~~~~~~~~~~~~~~~~~~~~
hard-particle MC p_acc = 0.996825
Soft-core quenching p_acc = 0.322325
Final energy of stage 299  = 92.682
Rad[0] = 0.0304544
rho_[299] = 0.582748
~~~~~~~~~~~~~~~~~~~~~~~~~~~~~~~~~~~~~~~
hard-particle MC p_acc = 0.997775
Soft-core quenching p_acc = 0.328775
Final energy of stage 300  = 92.6812
Rad[0] = 0.0304567
rho_[300] = 0.582836
~~~~~~~~~~~~~~~~~~~~~~~~~~~~~~~~~~~~~~~
hard-particle MC p_acc = 0.9972
Soft-core quenching p_acc = 0.317775
Final energy of stage 301  = 92.6803
Rad[0] = 0.030458
rho_[301] = 0.582885
~~~~~~~~~~~~~~~~~~~~~~~~~~~~~~~~~~~~~~~
hard-particle MC p_acc = 0.997025
Soft-core quenching p_acc = 0.3215
Final energy of stage 302  = 92.6794
Rad[0] = 0.030459
rho_[302] = 0.582922
~~~~~~~~~~~~~~~~~~~~~~~~~~~~~~~~~~~~~~~
hard-particle MC p_acc = 0.999025
Soft-core quenching p_acc = 0.328825
Final energy of stage 303  = 92.6786
Rad[0] = 0.0304762
rho_[303] = 0.583581
~~~~~~~~~~~~~~~~~~~~~~~~~~~~~~~~~~~~~~~
hard-particle MC p_acc = 0.999075
Soft-core quenching p_acc = 0.3189
Final energy of stage 304  = 92.6777
Rad[0] = 0.0304764
rho_[304] = 0.583588
~~~~~~~~~~~~~~~~~~~~~~~~~~~~~~~~~~~~~~~
hard-particle MC p_acc = 0.998075
Soft-core quenching p_acc = 0.32425
Final energy of stage 305  = 92.677
Rad[0] = 0.0305489
rho_[305] = 0.58637
~~~~~~~~~~~~~~~~~~~~~~~~~~~~~~~~~~~~~~~
hard-particle MC p_acc = 0.998
Soft-core quenching p_acc = 0.317375
Final energy of stage 306  = 92.6761
Rad[0] = 0.0306217
rho_[306] = 0.589166
~~~~~~~~~~~~~~~~~~~~~~~~~~~~~~~~~~~~~~~
hard-particle MC p_acc = 0.99745
Soft-core quenching p_acc = 0.313125
Final energy of stage 307  = 92.6753
Rad[0] = 0.0306524
rho_[307] = 0.59035
~~~~~~~~~~~~~~~~~~~~~~~~~~~~~~~~~~~~~~~
hard-particle MC p_acc = 0.9979
Soft-core quenching p_acc = 0.3091
Final energy of stage 308  = 92.6744
Rad[0] = 0.0306935
rho_[308] = 0.591933
~~~~~~~~~~~~~~~~~~~~~~~~~~~~~~~~~~~~~~~
hard-particle MC p_acc = 0.998425
Soft-core quenching p_acc = 0.318075
Final energy of stage 309  = 92.6735
Rad[0] = 0.0306976
rho_[309] = 0.592091
~~~~~~~~~~~~~~~~~~~~~~~~~~~~~~~~~~~~~~~
hard-particle MC p_acc = 0.9985
Soft-core quenching p_acc = 0.31645
Final energy of stage 310  = 92.6725
Rad[0] = 0.0306983
rho_[310] = 0.59212
~~~~~~~~~~~~~~~~~~~~~~~~~~~~~~~~~~~~~~~
hard-particle MC p_acc = 0.9978
Soft-core quenching p_acc = 0.310525
Final energy of stage 311  = 92.6716
Rad[0] = 0.0307014
rho_[311] = 0.592239
~~~~~~~~~~~~~~~~~~~~~~~~~~~~~~~~~~~~~~~
hard-particle MC p_acc = 0.9984
Soft-core quenching p_acc = 0.30235
Final energy of stage 312  = 92.6708
Rad[0] = 0.0307069
rho_[312] = 0.59245
~~~~~~~~~~~~~~~~~~~~~~~~~~~~~~~~~~~~~~~
hard-particle MC p_acc = 0.99815
Soft-core quenching p_acc = 0.3061
Final energy of stage 313  = 92.67
Rad[0] = 0.0307086
rho_[313] = 0.592517
~~~~~~~~~~~~~~~~~~~~~~~~~~~~~~~~~~~~~~~
hard-particle MC p_acc = 0.9983
Soft-core quenching p_acc = 0.3015
Final energy of stage 314  = 92.6692
Rad[0] = 0.0307092
rho_[314] = 0.592539
~~~~~~~~~~~~~~~~~~~~~~~~~~~~~~~~~~~~~~~
hard-particle MC p_acc = 0.995775
Soft-core quenching p_acc = 0.306825
Final energy of stage 315  = 92.6683
Rad[0] = 0.0307147
rho_[315] = 0.592751
~~~~~~~~~~~~~~~~~~~~~~~~~~~~~~~~~~~~~~~
hard-particle MC p_acc = 0.9988
Soft-core quenching p_acc = 0.302975
Final energy of stage 316  = 92.6674
Rad[0] = 0.030722
rho_[316] = 0.593033
~~~~~~~~~~~~~~~~~~~~~~~~~~~~~~~~~~~~~~~
hard-particle MC p_acc = 0.9981
Soft-core quenching p_acc = 0.30095
Final energy of stage 317  = 92.6666
Rad[0] = 0.0307223
rho_[317] = 0.593045
~~~~~~~~~~~~~~~~~~~~~~~~~~~~~~~~~~~~~~~
hard-particle MC p_acc = 0.998725
Soft-core quenching p_acc = 0.302425
Final energy of stage 318  = 92.6658
Rad[0] = 0.0307224
rho_[318] = 0.593048
~~~~~~~~~~~~~~~~~~~~~~~~~~~~~~~~~~~~~~~
hard-particle MC p_acc = 0.99815
Soft-core quenching p_acc = 0.273325
Final energy of stage 319  = 92.6651
Rad[0] = 0.0307247
rho_[319] = 0.593137
~~~~~~~~~~~~~~~~~~~~~~~~~~~~~~~~~~~~~~~
hard-particle MC p_acc = 0.9982
Soft-core quenching p_acc = 0.25685
Final energy of stage 320  = 92.6644
Rad[0] = 0.0307288
rho_[320] = 0.593297
~~~~~~~~~~~~~~~~~~~~~~~~~~~~~~~~~~~~~~~
hard-particle MC p_acc = 0.99665
Soft-core quenching p_acc = 0.26035
Final energy of stage 321  = 92.6637
Rad[0] = 0.0307306
rho_[321] = 0.593364
~~~~~~~~~~~~~~~~~~~~~~~~~~~~~~~~~~~~~~~
hard-particle MC p_acc = 0.998575
Soft-core quenching p_acc = 0.25705
Final energy of stage 322  = 92.6631
Rad[0] = 0.0307319
rho_[322] = 0.593414
~~~~~~~~~~~~~~~~~~~~~~~~~~~~~~~~~~~~~~~
hard-particle MC p_acc = 0.9986
Soft-core quenching p_acc = 0.252475
Final energy of stage 323  = 92.6625
Rad[0] = 0.0307336
rho_[323] = 0.593481
~~~~~~~~~~~~~~~~~~~~~~~~~~~~~~~~~~~~~~~
hard-particle MC p_acc = 0.998775
Soft-core quenching p_acc = 0.24575
Final energy of stage 324  = 92.662
Rad[0] = 0.0307338
rho_[324] = 0.593488
~~~~~~~~~~~~~~~~~~~~~~~~~~~~~~~~~~~~~~~
hard-particle MC p_acc = 0.9989
Soft-core quenching p_acc = 0.2417
Final energy of stage 325  = 92.6613
Rad[0] = 0.0307361
rho_[325] = 0.593577
~~~~~~~~~~~~~~~~~~~~~~~~~~~~~~~~~~~~~~~
hard-particle MC p_acc = 0.9991
Soft-core quenching p_acc = 0.237
Final energy of stage 326  = 92.6608
Rad[0] = 0.0307374
rho_[326] = 0.593628
~~~~~~~~~~~~~~~~~~~~~~~~~~~~~~~~~~~~~~~
hard-particle MC p_acc = 0.9994
Soft-core quenching p_acc = 0.255225
Final energy of stage 327  = 92.6603
Rad[0] = 0.0307376
rho_[327] = 0.593634
~~~~~~~~~~~~~~~~~~~~~~~~~~~~~~~~~~~~~~~
hard-particle MC p_acc = 0.996825
Soft-core quenching p_acc = 0.2528
Final energy of stage 328  = 92.6598
Rad[0] = 0.0307407
rho_[328] = 0.593754
~~~~~~~~~~~~~~~~~~~~~~~~~~~~~~~~~~~~~~~
hard-particle MC p_acc = 0.9975
Soft-core quenching p_acc = 0.25535
Final energy of stage 329  = 92.6592
Rad[0] = 0.0307408
rho_[329] = 0.593758
~~~~~~~~~~~~~~~~~~~~~~~~~~~~~~~~~~~~~~~
hard-particle MC p_acc = 0.998325
Soft-core quenching p_acc = 0.259
Final energy of stage 330  = 92.6586
Rad[0] = 0.0307409
rho_[330] = 0.593761
~~~~~~~~~~~~~~~~~~~~~~~~~~~~~~~~~~~~~~~
hard-particle MC p_acc = 0.997675
Soft-core quenching p_acc = 0.2695
Final energy of stage 331  = 92.6581
Rad[0] = 0.0307422
rho_[331] = 0.593812
~~~~~~~~~~~~~~~~~~~~~~~~~~~~~~~~~~~~~~~
hard-particle MC p_acc = 0.998275
Soft-core quenching p_acc = 0.2537
Final energy of stage 332  = 92.6576
Rad[0] = 0.0307439
rho_[332] = 0.593879
~~~~~~~~~~~~~~~~~~~~~~~~~~~~~~~~~~~~~~~
hard-particle MC p_acc = 0.99855
Soft-core quenching p_acc = 0.231775
Final energy of stage 333  = 92.6571
Rad[0] = 0.0307442
rho_[333] = 0.593891
~~~~~~~~~~~~~~~~~~~~~~~~~~~~~~~~~~~~~~~
hard-particle MC p_acc = 0.99845
Soft-core quenching p_acc = 0.231725
Final energy of stage 334  = 92.6565
Rad[0] = 0.0307443
rho_[334] = 0.593896
~~~~~~~~~~~~~~~~~~~~~~~~~~~~~~~~~~~~~~~
hard-particle MC p_acc = 0.997925
Soft-core quenching p_acc = 0.2363
Final energy of stage 335  = 92.6559
Rad[0] = 0.0307498
rho_[335] = 0.594108
~~~~~~~~~~~~~~~~~~~~~~~~~~~~~~~~~~~~~~~
hard-particle MC p_acc = 0.9986
Soft-core quenching p_acc = 0.24245
Final energy of stage 336  = 92.6554
Rad[0] = 0.0307504
rho_[336] = 0.59413
~~~~~~~~~~~~~~~~~~~~~~~~~~~~~~~~~~~~~~~
hard-particle MC p_acc = 0.997975
Soft-core quenching p_acc = 0.250025
Final energy of stage 337  = 92.6548
Rad[0] = 0.0307511
rho_[337] = 0.594158
~~~~~~~~~~~~~~~~~~~~~~~~~~~~~~~~~~~~~~~
hard-particle MC p_acc = 0.998825
Soft-core quenching p_acc = 0.23275
Final energy of stage 338  = 92.6543
Rad[0] = 0.0307517
rho_[338] = 0.594179
~~~~~~~~~~~~~~~~~~~~~~~~~~~~~~~~~~~~~~~
hard-particle MC p_acc = 0.996975
Soft-core quenching p_acc = 0.247825
Final energy of stage 339  = 92.6538
Rad[0] = 0.0307524
rho_[339] = 0.594208
~~~~~~~~~~~~~~~~~~~~~~~~~~~~~~~~~~~~~~~
hard-particle MC p_acc = 0.99745
Soft-core quenching p_acc = 0.246625
Final energy of stage 340  = 92.6532
Rad[0] = 0.0307531
rho_[340] = 0.594236
~~~~~~~~~~~~~~~~~~~~~~~~~~~~~~~~~~~~~~~
hard-particle MC p_acc = 0.99585
Soft-core quenching p_acc = 0.2296
Final energy of stage 341  = 92.6527
Rad[0] = 0.0307534
rho_[341] = 0.594245
~~~~~~~~~~~~~~~~~~~~~~~~~~~~~~~~~~~~~~~
hard-particle MC p_acc = 0.998175
Soft-core quenching p_acc = 0.233175
Final energy of stage 342  = 92.6521
Rad[0] = 0.0307575
rho_[342] = 0.594404
~~~~~~~~~~~~~~~~~~~~~~~~~~~~~~~~~~~~~~~
hard-particle MC p_acc = 0.9958
Soft-core quenching p_acc = 0.2226
Final energy of stage 343  = 92.6516
Rad[0] = 0.0307578
rho_[343] = 0.594416
~~~~~~~~~~~~~~~~~~~~~~~~~~~~~~~~~~~~~~~
hard-particle MC p_acc = 0.996525
Soft-core quenching p_acc = 0.226225
Final energy of stage 344  = 92.651
Rad[0] = 0.0307584
rho_[344] = 0.594438
~~~~~~~~~~~~~~~~~~~~~~~~~~~~~~~~~~~~~~~
hard-particle MC p_acc = 0.9963
Soft-core quenching p_acc = 0.199675
Final energy of stage 345  = 92.6506
Rad[0] = 0.0307584
rho_[345] = 0.594438
~~~~~~~~~~~~~~~~~~~~~~~~~~~~~~~~~~~~~~~
hard-particle MC p_acc = 0.9961
rad[0] = 0.0307585
packing density rho = 0.594442
Printing the final configuration now....
