Start packing
Number of distinct species, n_s = 
Number of growth stages, N_stage = 
Number of relax stages, N_relax = 
~~~~~~~~~~~~~~~~~~~~~~~~~~~~~~~~~~~~~~~~~~~~~
Number of cells for species 0, N_c[0] = 
~~~~~~~~~~~~~~~~~~~~~~~~~~~~~~~~~~~~~~~~~~~~~
Radius of cells for species 0, Rad[0] = 
~~~~~~~~~~~~~~~~~~~~~~~~~~~~~~~~~~~~~~~~~~~~~
Interaction range for species 0, Range[0] = 0.0398942
~~~~~~~~~~~~~~~~~~~~~~~~~~~~~~~~~~~~~~~~~~~~~
Growth rate [Rad -> (1+growth rate)*Rad], growth_rate = 
Trans_mod (in terms of boxlength), trans_mod =
Starting quench density, rho_start = 
Generate (0) or read (1) initial config, flag_config = 
Number of MC moves per particle at each stage, N_MC_particle = 
Length of grid cell, d0_cell = 
Generating initial configurations...
N_c[0] = 100
Reset interaction range for species 0, Range[0] = 0.18805
The total number of cells Ncell = 100
CellList(0,0) =  33 
CellList(1,0) =  44 
CellList(2,0) = 
CellList(3,0) =  89  32 
CellList(4,0) = 
CellList(5,0) =  5 
CellList(6,0) =  25 
CellList(7,0) =  93 
CellList(8,0) = 
CellList(9,0) =  84  45 
CellList(0,1) =  48 
CellList(1,1) =  98 
CellList(2,1) =  27 
CellList(3,1) =  15 
CellList(4,1) =  65 
CellList(5,1) =  1 
CellList(6,1) = 
CellList(7,1) =  77  46  12 
CellList(8,1) = 
CellList(9,1) =  21 
CellList(0,2) = 
CellList(1,2) =  29  22 
CellList(2,2) =  6 
CellList(3,2) = 
CellList(4,2) =  69  51 
CellList(5,2) =  63 
CellList(6,2) =  91 
CellList(7,2) = 
CellList(8,2) =  49 
CellList(9,2) =  97 
CellList(0,3) = 
CellList(1,3) = 
CellList(2,3) =  75  70 
CellList(3,3) =  74 
CellList(4,3) =  2 
CellList(5,3) =  61 
CellList(6,3) =  47 
CellList(7,3) =  52 
CellList(8,3) =  62 
CellList(9,3) =  39 
CellList(0,4) =  81  23 
CellList(1,4) =  68 
CellList(2,4) =  35 
CellList(3,4) =  86  28 
CellList(4,4) =  64 
CellList(5,4) =  83 
CellList(6,4) =  76 
CellList(7,4) =  31 
CellList(8,4) =  90 
CellList(9,4) =  36 
CellList(0,5) =  40  7 
CellList(1,5) = 
CellList(2,5) =  57 
CellList(3,5) =  60 
CellList(4,5) = 
CellList(5,5) =  10 
CellList(6,5) =  95 
CellList(7,5) =  14  9 
CellList(8,5) = 
CellList(9,5) =  30 
CellList(0,6) = 
CellList(1,6) =  73 
CellList(2,6) =  92 
CellList(3,6) =  13 
CellList(4,6) =  20 
CellList(5,6) =  88  26 
CellList(6,6) =  37 
CellList(7,6) =  72 
CellList(8,6) =  94  71  0 
CellList(9,6) =  78 
CellList(0,7) =  18 
CellList(1,7) = 
CellList(2,7) =  43 
CellList(3,7) =  99  4 
CellList(4,7) =  66 
CellList(5,7) =  50 
CellList(6,7) =  56 
CellList(7,7) =  85 
CellList(8,7) =  41 
CellList(9,7) =  55 
CellList(0,8) =  59  19 
CellList(1,8) =  67  17 
CellList(2,8) =  96  11 
CellList(3,8) = 
CellList(4,8) =  42 
CellList(5,8) = 
CellList(6,8) =  34 
CellList(7,8) =  79 
CellList(8,8) = 
CellList(9,8) =  24 
CellList(0,9) =  16 
CellList(1,9) =  82 
CellList(2,9) =  3 
CellList(3,9) =  53 
CellList(4,9) =  80 
CellList(5,9) =  54 
CellList(6,9) =  58 
CellList(7,9) =  8 
CellList(8,9) =  38 
CellList(9,9) =  87 
Initial energy of system E_init = 93.0676
hard-particle MC p_acc = 0.99845
Rad[0] = 0.0396923
rho_[0] = 0.49495
~~~~~~~~~~~~~~~~~~~~~~~~~~~~~~~~~~~~~~~
hard-particle MC p_acc = 0.998
Rad[0] = 0.0397222
rho_[1] = 0.495696
~~~~~~~~~~~~~~~~~~~~~~~~~~~~~~~~~~~~~~~
hard-particle MC p_acc = 0.9959
Rad[0] = 0.0397754
rho_[2] = 0.497025
~~~~~~~~~~~~~~~~~~~~~~~~~~~~~~~~~~~~~~~
hard-particle MC p_acc = 0.9962
Rad[0] = 0.039788
rho_[3] = 0.497341
~~~~~~~~~~~~~~~~~~~~~~~~~~~~~~~~~~~~~~~
hard-particle MC p_acc = 0.99745
Rad[0] = 0.039792
rho_[4] = 0.497441
~~~~~~~~~~~~~~~~~~~~~~~~~~~~~~~~~~~~~~~
hard-particle MC p_acc = 0.997
Rad[0] = 0.0398089
rho_[5] = 0.497863
~~~~~~~~~~~~~~~~~~~~~~~~~~~~~~~~~~~~~~~
hard-particle MC p_acc = 0.99855
Rad[0] = 0.0398489
rho_[6] = 0.498863
~~~~~~~~~~~~~~~~~~~~~~~~~~~~~~~~~~~~~~~
hard-particle MC p_acc = 0.9972
Rad[0] = 0.0398889
rho_[7] = 0.499866
~~~~~~~~~~~~~~~~~~~~~~~~~~~~~~~~~~~~~~~
hard-particle MC p_acc = 0.99675
Rad[0] = 0.0399423
rho_[8] = 0.501206
~~~~~~~~~~~~~~~~~~~~~~~~~~~~~~~~~~~~~~~
hard-particle MC p_acc = 0.9961
Rad[0] = 0.0399495
rho_[9] = 0.501385
~~~~~~~~~~~~~~~~~~~~~~~~~~~~~~~~~~~~~~~
hard-particle MC p_acc = 0.9982
Rad[0] = 0.0399896
rho_[10] = 0.502393
~~~~~~~~~~~~~~~~~~~~~~~~~~~~~~~~~~~~~~~
hard-particle MC p_acc = 0.9966
Rad[0] = 0.0401165
rho_[11] = 0.505588
~~~~~~~~~~~~~~~~~~~~~~~~~~~~~~~~~~~~~~~
hard-particle MC p_acc = 0.99385
Rad[0] = 0.0401293
rho_[12] = 0.50591
~~~~~~~~~~~~~~~~~~~~~~~~~~~~~~~~~~~~~~~
hard-particle MC p_acc = 0.99475
Rad[0] = 0.0401365
rho_[13] = 0.506091
~~~~~~~~~~~~~~~~~~~~~~~~~~~~~~~~~~~~~~~
hard-particle MC p_acc = 0.9941
Rad[0] = 0.0401405
rho_[14] = 0.506192
~~~~~~~~~~~~~~~~~~~~~~~~~~~~~~~~~~~~~~~
hard-particle MC p_acc = 0.99305
Rad[0] = 0.0401708
rho_[15] = 0.506955
~~~~~~~~~~~~~~~~~~~~~~~~~~~~~~~~~~~~~~~
hard-particle MC p_acc = 0.99435
Rad[0] = 0.040201
rho_[16] = 0.50772
~~~~~~~~~~~~~~~~~~~~~~~~~~~~~~~~~~~~~~~
hard-particle MC p_acc = 0.99535
Rad[0] = 0.0402033
rho_[17] = 0.507777
~~~~~~~~~~~~~~~~~~~~~~~~~~~~~~~~~~~~~~~
hard-particle MC p_acc = 0.9949
Rad[0] = 0.0402063
rho_[18] = 0.507854
~~~~~~~~~~~~~~~~~~~~~~~~~~~~~~~~~~~~~~~
hard-particle MC p_acc = 0.9927
Rad[0] = 0.0402467
rho_[19] = 0.508874
~~~~~~~~~~~~~~~~~~~~~~~~~~~~~~~~~~~~~~~
hard-particle MC p_acc = 0.9954
Rad[0] = 0.0402871
rho_[20] = 0.509897
~~~~~~~~~~~~~~~~~~~~~~~~~~~~~~~~~~~~~~~
hard-particle MC p_acc = 0.9948
Rad[0] = 0.0402943
rho_[21] = 0.51008
~~~~~~~~~~~~~~~~~~~~~~~~~~~~~~~~~~~~~~~
hard-particle MC p_acc = 0.9946
Rad[0] = 0.0402984
rho_[22] = 0.510182
~~~~~~~~~~~~~~~~~~~~~~~~~~~~~~~~~~~~~~~
hard-particle MC p_acc = 0.997
Rad[0] = 0.0403112
rho_[23] = 0.510507
~~~~~~~~~~~~~~~~~~~~~~~~~~~~~~~~~~~~~~~
hard-particle MC p_acc = 0.99585
Rad[0] = 0.040334
rho_[24] = 0.511084
~~~~~~~~~~~~~~~~~~~~~~~~~~~~~~~~~~~~~~~
hard-particle MC p_acc = 0.9964
Rad[0] = 0.040462
rho_[25] = 0.514334
~~~~~~~~~~~~~~~~~~~~~~~~~~~~~~~~~~~~~~~
hard-particle MC p_acc = 0.9961
Rad[0] = 0.0404651
rho_[26] = 0.514412
~~~~~~~~~~~~~~~~~~~~~~~~~~~~~~~~~~~~~~~
hard-particle MC p_acc = 0.9943
Rad[0] = 0.0404692
rho_[27] = 0.514515
~~~~~~~~~~~~~~~~~~~~~~~~~~~~~~~~~~~~~~~
hard-particle MC p_acc = 0.9948
Rad[0] = 0.0404714
rho_[28] = 0.514573
~~~~~~~~~~~~~~~~~~~~~~~~~~~~~~~~~~~~~~~
hard-particle MC p_acc = 0.987
Rad[0] = 0.0405256
rho_[29] = 0.515953
~~~~~~~~~~~~~~~~~~~~~~~~~~~~~~~~~~~~~~~
hard-particle MC p_acc = 0.9913
Rad[0] = 0.0405279
rho_[30] = 0.516011
~~~~~~~~~~~~~~~~~~~~~~~~~~~~~~~~~~~~~~~
hard-particle MC p_acc = 0.99205
Rad[0] = 0.040531
rho_[31] = 0.516089
~~~~~~~~~~~~~~~~~~~~~~~~~~~~~~~~~~~~~~~
hard-particle MC p_acc = 0.99595
Rad[0] = 0.0405333
rho_[32] = 0.516147
~~~~~~~~~~~~~~~~~~~~~~~~~~~~~~~~~~~~~~~
hard-particle MC p_acc = 0.9934
Rad[0] = 0.040574
rho_[33] = 0.517185
~~~~~~~~~~~~~~~~~~~~~~~~~~~~~~~~~~~~~~~
hard-particle MC p_acc = 0.9949
Rad[0] = 0.0405753
rho_[34] = 0.517218
~~~~~~~~~~~~~~~~~~~~~~~~~~~~~~~~~~~~~~~
hard-particle MC p_acc = 0.99345
Rad[0] = 0.0405925
rho_[35] = 0.517656
~~~~~~~~~~~~~~~~~~~~~~~~~~~~~~~~~~~~~~~
hard-particle MC p_acc = 0.99215
Rad[0] = 0.0406097
rho_[36] = 0.518095
~~~~~~~~~~~~~~~~~~~~~~~~~~~~~~~~~~~~~~~
hard-particle MC p_acc = 0.99195
Rad[0] = 0.0406505
rho_[37] = 0.519136
~~~~~~~~~~~~~~~~~~~~~~~~~~~~~~~~~~~~~~~
hard-particle MC p_acc = 0.9878
Rad[0] = 0.0406559
rho_[38] = 0.519276
~~~~~~~~~~~~~~~~~~~~~~~~~~~~~~~~~~~~~~~
hard-particle MC p_acc = 0.9916
Rad[0] = 0.0406689
rho_[39] = 0.519606
~~~~~~~~~~~~~~~~~~~~~~~~~~~~~~~~~~~~~~~
hard-particle MC p_acc = 0.98715
Rad[0] = 0.040673
rho_[40] = 0.51971
~~~~~~~~~~~~~~~~~~~~~~~~~~~~~~~~~~~~~~~
hard-particle MC p_acc = 0.99055
Rad[0] = 0.0406902
rho_[41] = 0.520151
~~~~~~~~~~~~~~~~~~~~~~~~~~~~~~~~~~~~~~~
hard-particle MC p_acc = 0.9914
Rad[0] = 0.0407208
rho_[42] = 0.520935
~~~~~~~~~~~~~~~~~~~~~~~~~~~~~~~~~~~~~~~
hard-particle MC p_acc = 0.9895
Rad[0] = 0.0407263
rho_[43] = 0.521075
~~~~~~~~~~~~~~~~~~~~~~~~~~~~~~~~~~~~~~~
hard-particle MC p_acc = 0.9953
Rad[0] = 0.0407318
rho_[44] = 0.521214
~~~~~~~~~~~~~~~~~~~~~~~~~~~~~~~~~~~~~~~
hard-particle MC p_acc = 0.9936
Rad[0] = 0.0407548
rho_[45] = 0.521803
~~~~~~~~~~~~~~~~~~~~~~~~~~~~~~~~~~~~~~~
hard-particle MC p_acc = 0.9923
Rad[0] = 0.0407621
rho_[46] = 0.52199
~~~~~~~~~~~~~~~~~~~~~~~~~~~~~~~~~~~~~~~
hard-particle MC p_acc = 0.996
Rad[0] = 0.0407675
rho_[47] = 0.52213
~~~~~~~~~~~~~~~~~~~~~~~~~~~~~~~~~~~~~~~
hard-particle MC p_acc = 0.99265
Rad[0] = 0.0407906
rho_[48] = 0.52272
~~~~~~~~~~~~~~~~~~~~~~~~~~~~~~~~~~~~~~~
hard-particle MC p_acc = 0.99285
Rad[0] = 0.0407979
rho_[49] = 0.522907
~~~~~~~~~~~~~~~~~~~~~~~~~~~~~~~~~~~~~~~
hard-particle MC p_acc = 0.9928
Rad[0] = 0.0408151
rho_[50] = 0.523351
~~~~~~~~~~~~~~~~~~~~~~~~~~~~~~~~~~~~~~~
hard-particle MC p_acc = 0.9961
Rad[0] = 0.0408161
rho_[51] = 0.523375
~~~~~~~~~~~~~~~~~~~~~~~~~~~~~~~~~~~~~~~
hard-particle MC p_acc = 0.99235
Rad[0] = 0.0408202
rho_[52] = 0.523481
~~~~~~~~~~~~~~~~~~~~~~~~~~~~~~~~~~~~~~~
hard-particle MC p_acc = 0.99195
Rad[0] = 0.0408215
rho_[53] = 0.523514
~~~~~~~~~~~~~~~~~~~~~~~~~~~~~~~~~~~~~~~
hard-particle MC p_acc = 0.9919
Rad[0] = 0.0408225
rho_[54] = 0.523539
~~~~~~~~~~~~~~~~~~~~~~~~~~~~~~~~~~~~~~~
hard-particle MC p_acc = 0.9946
Rad[0] = 0.0408533
rho_[55] = 0.524328
~~~~~~~~~~~~~~~~~~~~~~~~~~~~~~~~~~~~~~~
hard-particle MC p_acc = 0.99455
Rad[0] = 0.0408606
rho_[56] = 0.524516
~~~~~~~~~~~~~~~~~~~~~~~~~~~~~~~~~~~~~~~
hard-particle MC p_acc = 0.9919
Rad[0] = 0.0408679
rho_[57] = 0.524703
~~~~~~~~~~~~~~~~~~~~~~~~~~~~~~~~~~~~~~~
hard-particle MC p_acc = 0.99575
Rad[0] = 0.0408852
rho_[58] = 0.525148
~~~~~~~~~~~~~~~~~~~~~~~~~~~~~~~~~~~~~~~
hard-particle MC p_acc = 0.99525
Rad[0] = 0.0408925
rho_[59] = 0.525336
~~~~~~~~~~~~~~~~~~~~~~~~~~~~~~~~~~~~~~~
hard-particle MC p_acc = 0.99565
Rad[0] = 0.0409098
rho_[60] = 0.525781
~~~~~~~~~~~~~~~~~~~~~~~~~~~~~~~~~~~~~~~
hard-particle MC p_acc = 0.9986
Rad[0] = 0.0409228
rho_[61] = 0.526116
~~~~~~~~~~~~~~~~~~~~~~~~~~~~~~~~~~~~~~~
hard-particle MC p_acc = 0.99645
Rad[0] = 0.0409358
rho_[62] = 0.52645
~~~~~~~~~~~~~~~~~~~~~~~~~~~~~~~~~~~~~~~
hard-particle MC p_acc = 0.99055
Rad[0] = 0.0409389
rho_[63] = 0.526529
~~~~~~~~~~~~~~~~~~~~~~~~~~~~~~~~~~~~~~~
hard-particle MC p_acc = 0.9881
Rad[0] = 0.0409563
rho_[64] = 0.526976
~~~~~~~~~~~~~~~~~~~~~~~~~~~~~~~~~~~~~~~
hard-particle MC p_acc = 0.99455
Rad[0] = 0.0409636
rho_[65] = 0.527164
~~~~~~~~~~~~~~~~~~~~~~~~~~~~~~~~~~~~~~~
hard-particle MC p_acc = 0.99195
Rad[0] = 0.0409867
rho_[66] = 0.52776
~~~~~~~~~~~~~~~~~~~~~~~~~~~~~~~~~~~~~~~
hard-particle MC p_acc = 0.9884
Rad[0] = 0.0409941
rho_[67] = 0.527949
~~~~~~~~~~~~~~~~~~~~~~~~~~~~~~~~~~~~~~~
hard-particle MC p_acc = 0.99265
Rad[0] = 0.0409958
rho_[68] = 0.527994
~~~~~~~~~~~~~~~~~~~~~~~~~~~~~~~~~~~~~~~
hard-particle MC p_acc = 0.99225
Rad[0] = 0.0410056
rho_[69] = 0.528245
~~~~~~~~~~~~~~~~~~~~~~~~~~~~~~~~~~~~~~~
hard-particle MC p_acc = 0.99215
Rad[0] = 0.041023
rho_[70] = 0.528693
~~~~~~~~~~~~~~~~~~~~~~~~~~~~~~~~~~~~~~~
hard-particle MC p_acc = 0.99595
Rad[0] = 0.0410303
rho_[71] = 0.528882
~~~~~~~~~~~~~~~~~~~~~~~~~~~~~~~~~~~~~~~
hard-particle MC p_acc = 0.9917
Rad[0] = 0.0411606
rho_[72] = 0.532246
~~~~~~~~~~~~~~~~~~~~~~~~~~~~~~~~~~~~~~~
hard-particle MC p_acc = 0.9871
Rad[0] = 0.0411704
rho_[73] = 0.5325
~~~~~~~~~~~~~~~~~~~~~~~~~~~~~~~~~~~~~~~
hard-particle MC p_acc = 0.99265
Rad[0] = 0.0411802
rho_[74] = 0.532754
~~~~~~~~~~~~~~~~~~~~~~~~~~~~~~~~~~~~~~~
hard-particle MC p_acc = 0.99335
Rad[0] = 0.0411875
rho_[75] = 0.532944
~~~~~~~~~~~~~~~~~~~~~~~~~~~~~~~~~~~~~~~
hard-particle MC p_acc = 0.99065
Rad[0] = 0.0412611
rho_[76] = 0.534849
~~~~~~~~~~~~~~~~~~~~~~~~~~~~~~~~~~~~~~~
hard-particle MC p_acc = 0.99045
Rad[0] = 0.0412666
rho_[77] = 0.534993
~~~~~~~~~~~~~~~~~~~~~~~~~~~~~~~~~~~~~~~
hard-particle MC p_acc = 0.99555
Rad[0] = 0.0412977
rho_[78] = 0.535799
~~~~~~~~~~~~~~~~~~~~~~~~~~~~~~~~~~~~~~~
hard-particle MC p_acc = 0.9957
Rad[0] = 0.0413392
rho_[79] = 0.536876
~~~~~~~~~~~~~~~~~~~~~~~~~~~~~~~~~~~~~~~
hard-particle MC p_acc = 0.9968
Rad[0] = 0.0413626
rho_[80] = 0.537483
~~~~~~~~~~~~~~~~~~~~~~~~~~~~~~~~~~~~~~~
hard-particle MC p_acc = 0.99525
Rad[0] = 0.0413937
rho_[81] = 0.538293
~~~~~~~~~~~~~~~~~~~~~~~~~~~~~~~~~~~~~~~
hard-particle MC p_acc = 0.99465
Rad[0] = 0.0414113
rho_[82] = 0.538749
~~~~~~~~~~~~~~~~~~~~~~~~~~~~~~~~~~~~~~~
hard-particle MC p_acc = 0.99285
Rad[0] = 0.0414187
rho_[83] = 0.538942
~~~~~~~~~~~~~~~~~~~~~~~~~~~~~~~~~~~~~~~
hard-particle MC p_acc = 0.99545
Rad[0] = 0.0414191
rho_[84] = 0.538953
~~~~~~~~~~~~~~~~~~~~~~~~~~~~~~~~~~~~~~~
hard-particle MC p_acc = 0.99275
Rad[0] = 0.0414233
rho_[85] = 0.539061
~~~~~~~~~~~~~~~~~~~~~~~~~~~~~~~~~~~~~~~
hard-particle MC p_acc = 0.9956
Rad[0] = 0.0414408
rho_[86] = 0.539518
~~~~~~~~~~~~~~~~~~~~~~~~~~~~~~~~~~~~~~~
hard-particle MC p_acc = 0.99
Rad[0] = 0.0414482
rho_[87] = 0.539711
~~~~~~~~~~~~~~~~~~~~~~~~~~~~~~~~~~~~~~~
hard-particle MC p_acc = 0.99125
Rad[0] = 0.0414716
rho_[88] = 0.540321
~~~~~~~~~~~~~~~~~~~~~~~~~~~~~~~~~~~~~~~
hard-particle MC p_acc = 0.99255
Rad[0] = 0.041479
rho_[89] = 0.540515
~~~~~~~~~~~~~~~~~~~~~~~~~~~~~~~~~~~~~~~
hard-particle MC p_acc = 0.99265
Rad[0] = 0.0414814
rho_[90] = 0.540576
~~~~~~~~~~~~~~~~~~~~~~~~~~~~~~~~~~~~~~~
hard-particle MC p_acc = 0.9899
Rad[0] = 0.0415048
rho_[91] = 0.541187
~~~~~~~~~~~~~~~~~~~~~~~~~~~~~~~~~~~~~~~
hard-particle MC p_acc = 0.9872
Rad[0] = 0.041508
rho_[92] = 0.541268
~~~~~~~~~~~~~~~~~~~~~~~~~~~~~~~~~~~~~~~
hard-particle MC p_acc = 0.98935
Rad[0] = 0.0415314
rho_[93] = 0.54188
~~~~~~~~~~~~~~~~~~~~~~~~~~~~~~~~~~~~~~~
hard-particle MC p_acc = 0.9956
Rad[0] = 0.041537
rho_[94] = 0.542026
~~~~~~~~~~~~~~~~~~~~~~~~~~~~~~~~~~~~~~~
hard-particle MC p_acc = 0.98895
Rad[0] = 0.0415787
rho_[95] = 0.543115
~~~~~~~~~~~~~~~~~~~~~~~~~~~~~~~~~~~~~~~
hard-particle MC p_acc = 0.99235
Rad[0] = 0.0415861
rho_[96] = 0.543309
~~~~~~~~~~~~~~~~~~~~~~~~~~~~~~~~~~~~~~~
hard-particle MC p_acc = 0.99245
Rad[0] = 0.0415885
rho_[97] = 0.543371
~~~~~~~~~~~~~~~~~~~~~~~~~~~~~~~~~~~~~~~
hard-particle MC p_acc = 0.99035
Rad[0] = 0.041612
rho_[98] = 0.543985
~~~~~~~~~~~~~~~~~~~~~~~~~~~~~~~~~~~~~~~
hard-particle MC p_acc = 0.99565
Rad[0] = 0.0416162
rho_[99] = 0.544095
~~~~~~~~~~~~~~~~~~~~~~~~~~~~~~~~~~~~~~~
hard-particle MC p_acc = 0.99275
Rad[0] = 0.0416338
rho_[100] = 0.544556
~~~~~~~~~~~~~~~~~~~~~~~~~~~~~~~~~~~~~~~
hard-particle MC p_acc = 0.992
Rad[0] = 0.0416471
rho_[101] = 0.544902
~~~~~~~~~~~~~~~~~~~~~~~~~~~~~~~~~~~~~~~
hard-particle MC p_acc = 0.9927
Rad[0] = 0.0416889
rho_[102] = 0.545997
~~~~~~~~~~~~~~~~~~~~~~~~~~~~~~~~~~~~~~~
hard-particle MC p_acc = 0.99415
Rad[0] = 0.0416988
rho_[103] = 0.546258
~~~~~~~~~~~~~~~~~~~~~~~~~~~~~~~~~~~~~~~
hard-particle MC p_acc = 0.99545
Rad[0] = 0.0417121
rho_[104] = 0.546605
~~~~~~~~~~~~~~~~~~~~~~~~~~~~~~~~~~~~~~~
hard-particle MC p_acc = 0.99175
Rad[0] = 0.0417128
rho_[105] = 0.546624
~~~~~~~~~~~~~~~~~~~~~~~~~~~~~~~~~~~~~~~
hard-particle MC p_acc = 0.9947
Rad[0] = 0.0417203
rho_[106] = 0.54682
~~~~~~~~~~~~~~~~~~~~~~~~~~~~~~~~~~~~~~~
hard-particle MC p_acc = 0.9917
Rad[0] = 0.0417259
rho_[107] = 0.546967
~~~~~~~~~~~~~~~~~~~~~~~~~~~~~~~~~~~~~~~
hard-particle MC p_acc = 0.99695
Rad[0] = 0.041729
rho_[108] = 0.547049
~~~~~~~~~~~~~~~~~~~~~~~~~~~~~~~~~~~~~~~
hard-particle MC p_acc = 0.99585
Rad[0] = 0.0417605
rho_[109] = 0.547874
~~~~~~~~~~~~~~~~~~~~~~~~~~~~~~~~~~~~~~~
hard-particle MC p_acc = 0.9866
Rad[0] = 0.0417782
rho_[110] = 0.548338
~~~~~~~~~~~~~~~~~~~~~~~~~~~~~~~~~~~~~~~
hard-particle MC p_acc = 0.98925
Rad[0] = 0.0417805
rho_[111] = 0.5484
~~~~~~~~~~~~~~~~~~~~~~~~~~~~~~~~~~~~~~~
hard-particle MC p_acc = 0.9885
Rad[0] = 0.0417806
rho_[112] = 0.548402
~~~~~~~~~~~~~~~~~~~~~~~~~~~~~~~~~~~~~~~
hard-particle MC p_acc = 0.99285
Rad[0] = 0.041783
rho_[113] = 0.548464
~~~~~~~~~~~~~~~~~~~~~~~~~~~~~~~~~~~~~~~
hard-particle MC p_acc = 0.99405
Rad[0] = 0.0417886
rho_[114] = 0.548611
~~~~~~~~~~~~~~~~~~~~~~~~~~~~~~~~~~~~~~~
hard-particle MC p_acc = 0.9909
Rad[0] = 0.0417909
rho_[115] = 0.548673
~~~~~~~~~~~~~~~~~~~~~~~~~~~~~~~~~~~~~~~
hard-particle MC p_acc = 0.99475
Rad[0] = 0.0417965
rho_[116] = 0.548821
~~~~~~~~~~~~~~~~~~~~~~~~~~~~~~~~~~~~~~~
hard-particle MC p_acc = 0.99295
Rad[0] = 0.0418525
rho_[117] = 0.550292
~~~~~~~~~~~~~~~~~~~~~~~~~~~~~~~~~~~~~~~
hard-particle MC p_acc = 0.9958
Rad[0] = 0.0418702
rho_[118] = 0.550758
~~~~~~~~~~~~~~~~~~~~~~~~~~~~~~~~~~~~~~~
hard-particle MC p_acc = 0.992
Rad[0] = 0.0419018
rho_[119] = 0.551588
~~~~~~~~~~~~~~~~~~~~~~~~~~~~~~~~~~~~~~~
hard-particle MC p_acc = 0.99255
Rad[0] = 0.0419074
rho_[120] = 0.551736
~~~~~~~~~~~~~~~~~~~~~~~~~~~~~~~~~~~~~~~
hard-particle MC p_acc = 0.99315
Rad[0] = 0.0419149
rho_[121] = 0.551934
~~~~~~~~~~~~~~~~~~~~~~~~~~~~~~~~~~~~~~~
hard-particle MC p_acc = 0.9874
Rad[0] = 0.0419205
rho_[122] = 0.552082
~~~~~~~~~~~~~~~~~~~~~~~~~~~~~~~~~~~~~~~
hard-particle MC p_acc = 0.9912
Rad[0] = 0.0419229
rho_[123] = 0.552144
~~~~~~~~~~~~~~~~~~~~~~~~~~~~~~~~~~~~~~~
hard-particle MC p_acc = 0.98745
Rad[0] = 0.0419239
rho_[124] = 0.55217
~~~~~~~~~~~~~~~~~~~~~~~~~~~~~~~~~~~~~~~
hard-particle MC p_acc = 0.99345
Rad[0] = 0.0419372
rho_[125] = 0.552521
~~~~~~~~~~~~~~~~~~~~~~~~~~~~~~~~~~~~~~~
hard-particle MC p_acc = 0.9935
Rad[0] = 0.0419793
rho_[126] = 0.553632
~~~~~~~~~~~~~~~~~~~~~~~~~~~~~~~~~~~~~~~
hard-particle MC p_acc = 0.9928
Rad[0] = 0.0419971
rho_[127] = 0.554101
~~~~~~~~~~~~~~~~~~~~~~~~~~~~~~~~~~~~~~~
hard-particle MC p_acc = 0.98995
Rad[0] = 0.0420028
rho_[128] = 0.55425
~~~~~~~~~~~~~~~~~~~~~~~~~~~~~~~~~~~~~~~
hard-particle MC p_acc = 0.9932
Rad[0] = 0.0420103
rho_[129] = 0.554448
~~~~~~~~~~~~~~~~~~~~~~~~~~~~~~~~~~~~~~~
hard-particle MC p_acc = 0.9933
Rad[0] = 0.0420134
rho_[130] = 0.554532
~~~~~~~~~~~~~~~~~~~~~~~~~~~~~~~~~~~~~~~
hard-particle MC p_acc = 0.99405
Rad[0] = 0.0420451
rho_[131] = 0.555368
~~~~~~~~~~~~~~~~~~~~~~~~~~~~~~~~~~~~~~~
hard-particle MC p_acc = 0.9929
Rad[0] = 0.0420689
rho_[132] = 0.555996
~~~~~~~~~~~~~~~~~~~~~~~~~~~~~~~~~~~~~~~
hard-particle MC p_acc = 0.9912
Rad[0] = 0.0420867
rho_[133] = 0.556467
~~~~~~~~~~~~~~~~~~~~~~~~~~~~~~~~~~~~~~~
hard-particle MC p_acc = 0.9913
Rad[0] = 0.0420885
rho_[134] = 0.556514
~~~~~~~~~~~~~~~~~~~~~~~~~~~~~~~~~~~~~~~
hard-particle MC p_acc = 0.994
Rad[0] = 0.0421202
rho_[135] = 0.557353
~~~~~~~~~~~~~~~~~~~~~~~~~~~~~~~~~~~~~~~
hard-particle MC p_acc = 0.989
Rad[0] = 0.042138
rho_[136] = 0.557825
~~~~~~~~~~~~~~~~~~~~~~~~~~~~~~~~~~~~~~~
hard-particle MC p_acc = 0.98905
Rad[0] = 0.0421481
rho_[137] = 0.558091
~~~~~~~~~~~~~~~~~~~~~~~~~~~~~~~~~~~~~~~
hard-particle MC p_acc = 0.9895
Rad[0] = 0.0421798
rho_[138] = 0.558933
~~~~~~~~~~~~~~~~~~~~~~~~~~~~~~~~~~~~~~~
hard-particle MC p_acc = 0.99045
Rad[0] = 0.0421816
rho_[139] = 0.55898
~~~~~~~~~~~~~~~~~~~~~~~~~~~~~~~~~~~~~~~
hard-particle MC p_acc = 0.9869
Rad[0] = 0.0422134
rho_[140] = 0.559823
~~~~~~~~~~~~~~~~~~~~~~~~~~~~~~~~~~~~~~~
hard-particle MC p_acc = 0.9919
Rad[0] = 0.0422373
rho_[141] = 0.560456
~~~~~~~~~~~~~~~~~~~~~~~~~~~~~~~~~~~~~~~
hard-particle MC p_acc = 0.99275
Rad[0] = 0.0422507
rho_[142] = 0.560812
~~~~~~~~~~~~~~~~~~~~~~~~~~~~~~~~~~~~~~~
hard-particle MC p_acc = 0.9866
Rad[0] = 0.0422508
rho_[143] = 0.560814
~~~~~~~~~~~~~~~~~~~~~~~~~~~~~~~~~~~~~~~
hard-particle MC p_acc = 0.99095
Rad[0] = 0.0422687
rho_[144] = 0.561289
~~~~~~~~~~~~~~~~~~~~~~~~~~~~~~~~~~~~~~~
hard-particle MC p_acc = 0.98805
Rad[0] = 0.042271
rho_[145] = 0.561353
~~~~~~~~~~~~~~~~~~~~~~~~~~~~~~~~~~~~~~~
hard-particle MC p_acc = 0.98725
Rad[0] = 0.0422767
rho_[146] = 0.561503
~~~~~~~~~~~~~~~~~~~~~~~~~~~~~~~~~~~~~~~
hard-particle MC p_acc = 0.9906
Rad[0] = 0.0422775
rho_[147] = 0.561523
~~~~~~~~~~~~~~~~~~~~~~~~~~~~~~~~~~~~~~~
hard-particle MC p_acc = 0.9875
Rad[0] = 0.0422954
rho_[148] = 0.561999
~~~~~~~~~~~~~~~~~~~~~~~~~~~~~~~~~~~~~~~
hard-particle MC p_acc = 0.9889
Rad[0] = 0.0422986
rho_[149] = 0.562084
~~~~~~~~~~~~~~~~~~~~~~~~~~~~~~~~~~~~~~~
hard-particle MC p_acc = 0.99205
Rad[0] = 0.042312
rho_[150] = 0.562442
~~~~~~~~~~~~~~~~~~~~~~~~~~~~~~~~~~~~~~~
hard-particle MC p_acc = 0.9898
Rad[0] = 0.0423134
rho_[151] = 0.562477
~~~~~~~~~~~~~~~~~~~~~~~~~~~~~~~~~~~~~~~
hard-particle MC p_acc = 0.99165
Rad[0] = 0.0423313
rho_[152] = 0.562954
~~~~~~~~~~~~~~~~~~~~~~~~~~~~~~~~~~~~~~~
hard-particle MC p_acc = 0.9933
Rad[0] = 0.0423326
rho_[153] = 0.56299
~~~~~~~~~~~~~~~~~~~~~~~~~~~~~~~~~~~~~~~
hard-particle MC p_acc = 0.9925
Rad[0] = 0.0423383
rho_[154] = 0.563141
~~~~~~~~~~~~~~~~~~~~~~~~~~~~~~~~~~~~~~~
hard-particle MC p_acc = 0.99485
Rad[0] = 0.0423518
rho_[155] = 0.563499
~~~~~~~~~~~~~~~~~~~~~~~~~~~~~~~~~~~~~~~
hard-particle MC p_acc = 0.9913
Rad[0] = 0.0423594
rho_[156] = 0.563701
~~~~~~~~~~~~~~~~~~~~~~~~~~~~~~~~~~~~~~~
hard-particle MC p_acc = 0.993
Rad[0] = 0.0423773
rho_[157] = 0.564178
~~~~~~~~~~~~~~~~~~~~~~~~~~~~~~~~~~~~~~~
hard-particle MC p_acc = 0.9909
Rad[0] = 0.0424199
rho_[158] = 0.565312
~~~~~~~~~~~~~~~~~~~~~~~~~~~~~~~~~~~~~~~
hard-particle MC p_acc = 0.9876
Rad[0] = 0.04243
rho_[159] = 0.565582
~~~~~~~~~~~~~~~~~~~~~~~~~~~~~~~~~~~~~~~
hard-particle MC p_acc = 0.9873
Rad[0] = 0.0424357
rho_[160] = 0.565734
~~~~~~~~~~~~~~~~~~~~~~~~~~~~~~~~~~~~~~~
hard-particle MC p_acc = 0.98355
Rad[0] = 0.0424492
rho_[161] = 0.566093
~~~~~~~~~~~~~~~~~~~~~~~~~~~~~~~~~~~~~~~
hard-particle MC p_acc = 0.98445
Rad[0] = 0.0424627
rho_[162] = 0.566453
~~~~~~~~~~~~~~~~~~~~~~~~~~~~~~~~~~~~~~~
hard-particle MC p_acc = 0.98905
Rad[0] = 0.0424702
rho_[163] = 0.566656
~~~~~~~~~~~~~~~~~~~~~~~~~~~~~~~~~~~~~~~
hard-particle MC p_acc = 0.9884
Rad[0] = 0.0424837
rho_[164] = 0.567016
~~~~~~~~~~~~~~~~~~~~~~~~~~~~~~~~~~~~~~~
hard-particle MC p_acc = 0.98955
Rad[0] = 0.0425017
rho_[165] = 0.567497
~~~~~~~~~~~~~~~~~~~~~~~~~~~~~~~~~~~~~~~
hard-particle MC p_acc = 0.9913
Rad[0] = 0.0425198
rho_[166] = 0.567978
~~~~~~~~~~~~~~~~~~~~~~~~~~~~~~~~~~~~~~~
hard-particle MC p_acc = 0.9915
Rad[0] = 0.0425518
rho_[167] = 0.568834
~~~~~~~~~~~~~~~~~~~~~~~~~~~~~~~~~~~~~~~
hard-particle MC p_acc = 0.9894
Rad[0] = 0.0425698
rho_[168] = 0.569316
~~~~~~~~~~~~~~~~~~~~~~~~~~~~~~~~~~~~~~~
hard-particle MC p_acc = 0.98875
Rad[0] = 0.0426126
rho_[169] = 0.570461
~~~~~~~~~~~~~~~~~~~~~~~~~~~~~~~~~~~~~~~
hard-particle MC p_acc = 0.99085
Rad[0] = 0.0426447
rho_[170] = 0.571321
~~~~~~~~~~~~~~~~~~~~~~~~~~~~~~~~~~~~~~~
hard-particle MC p_acc = 0.9906
Rad[0] = 0.042646
rho_[171] = 0.571357
~~~~~~~~~~~~~~~~~~~~~~~~~~~~~~~~~~~~~~~
hard-particle MC p_acc = 0.9804
Rad[0] = 0.0426493
rho_[172] = 0.571443
~~~~~~~~~~~~~~~~~~~~~~~~~~~~~~~~~~~~~~~
hard-particle MC p_acc = 0.98595
Rad[0] = 0.0426536
rho_[173] = 0.571558
~~~~~~~~~~~~~~~~~~~~~~~~~~~~~~~~~~~~~~~
hard-particle MC p_acc = 0.9861
Rad[0] = 0.0426578
rho_[174] = 0.571673
~~~~~~~~~~~~~~~~~~~~~~~~~~~~~~~~~~~~~~~
hard-particle MC p_acc = 0.9899
Rad[0] = 0.0426592
rho_[175] = 0.571709
~~~~~~~~~~~~~~~~~~~~~~~~~~~~~~~~~~~~~~~
hard-particle MC p_acc = 0.98985
Rad[0] = 0.0426694
rho_[176] = 0.571982
~~~~~~~~~~~~~~~~~~~~~~~~~~~~~~~~~~~~~~~
hard-particle MC p_acc = 0.9933
Rad[0] = 0.0426829
rho_[177] = 0.572346
~~~~~~~~~~~~~~~~~~~~~~~~~~~~~~~~~~~~~~~
hard-particle MC p_acc = 0.9924
Rad[0] = 0.0426906
rho_[178] = 0.57255
~~~~~~~~~~~~~~~~~~~~~~~~~~~~~~~~~~~~~~~
hard-particle MC p_acc = 0.98625
Rad[0] = 0.0427041
rho_[179] = 0.572914
~~~~~~~~~~~~~~~~~~~~~~~~~~~~~~~~~~~~~~~
hard-particle MC p_acc = 0.99355
Rad[0] = 0.0427059
rho_[180] = 0.572963
~~~~~~~~~~~~~~~~~~~~~~~~~~~~~~~~~~~~~~~
hard-particle MC p_acc = 0.98795
Rad[0] = 0.0427092
rho_[181] = 0.573049
~~~~~~~~~~~~~~~~~~~~~~~~~~~~~~~~~~~~~~~
hard-particle MC p_acc = 0.98575
Rad[0] = 0.0427092
rho_[182] = 0.573051
~~~~~~~~~~~~~~~~~~~~~~~~~~~~~~~~~~~~~~~
hard-particle MC p_acc = 0.9907
Rad[0] = 0.0427149
rho_[183] = 0.573204
~~~~~~~~~~~~~~~~~~~~~~~~~~~~~~~~~~~~~~~
hard-particle MC p_acc = 0.9891
Rad[0] = 0.0427207
rho_[184] = 0.573358
~~~~~~~~~~~~~~~~~~~~~~~~~~~~~~~~~~~~~~~
hard-particle MC p_acc = 0.9884
Rad[0] = 0.0427264
rho_[185] = 0.573512
~~~~~~~~~~~~~~~~~~~~~~~~~~~~~~~~~~~~~~~
hard-particle MC p_acc = 0.99045
Rad[0] = 0.0427282
rho_[186] = 0.57356
~~~~~~~~~~~~~~~~~~~~~~~~~~~~~~~~~~~~~~~
hard-particle MC p_acc = 0.9896
Rad[0] = 0.0427292
rho_[187] = 0.573588
~~~~~~~~~~~~~~~~~~~~~~~~~~~~~~~~~~~~~~~
hard-particle MC p_acc = 0.9905
Rad[0] = 0.0427335
rho_[188] = 0.573703
~~~~~~~~~~~~~~~~~~~~~~~~~~~~~~~~~~~~~~~
hard-particle MC p_acc = 0.9913
Rad[0] = 0.0427577
rho_[189] = 0.574352
~~~~~~~~~~~~~~~~~~~~~~~~~~~~~~~~~~~~~~~
hard-particle MC p_acc = 0.993
Rad[0] = 0.042762
rho_[190] = 0.574467
~~~~~~~~~~~~~~~~~~~~~~~~~~~~~~~~~~~~~~~
hard-particle MC p_acc = 0.98975
Rad[0] = 0.0427625
rho_[191] = 0.574483
~~~~~~~~~~~~~~~~~~~~~~~~~~~~~~~~~~~~~~~
hard-particle MC p_acc = 0.99155
Rad[0] = 0.0427761
rho_[192] = 0.574848
~~~~~~~~~~~~~~~~~~~~~~~~~~~~~~~~~~~~~~~
hard-particle MC p_acc = 0.994
Rad[0] = 0.0427772
rho_[193] = 0.574875
~~~~~~~~~~~~~~~~~~~~~~~~~~~~~~~~~~~~~~~
hard-particle MC p_acc = 0.99265
Rad[0] = 0.0427874
rho_[194] = 0.575149
~~~~~~~~~~~~~~~~~~~~~~~~~~~~~~~~~~~~~~~
hard-particle MC p_acc = 0.99
Rad[0] = 0.0428009
rho_[195] = 0.575515
~~~~~~~~~~~~~~~~~~~~~~~~~~~~~~~~~~~~~~~
hard-particle MC p_acc = 0.99405
Rad[0] = 0.0428191
rho_[196] = 0.576003
~~~~~~~~~~~~~~~~~~~~~~~~~~~~~~~~~~~~~~~
hard-particle MC p_acc = 0.99195
Rad[0] = 0.0428215
rho_[197] = 0.576068
~~~~~~~~~~~~~~~~~~~~~~~~~~~~~~~~~~~~~~~
hard-particle MC p_acc = 0.9925
Rad[0] = 0.0428317
rho_[198] = 0.576343
~~~~~~~~~~~~~~~~~~~~~~~~~~~~~~~~~~~~~~~
hard-particle MC p_acc = 0.99085
Rad[0] = 0.0428559
rho_[199] = 0.576994
~~~~~~~~~~~~~~~~~~~~~~~~~~~~~~~~~~~~~~~
hard-particle MC p_acc = 0.9944
Rad[0] = 0.0428592
rho_[200] = 0.577081
~~~~~~~~~~~~~~~~~~~~~~~~~~~~~~~~~~~~~~~
hard-particle MC p_acc = 0.9947
Rad[0] = 0.0428649
rho_[201] = 0.577236
~~~~~~~~~~~~~~~~~~~~~~~~~~~~~~~~~~~~~~~
hard-particle MC p_acc = 0.9918
Rad[0] = 0.0428667
rho_[202] = 0.577285
~~~~~~~~~~~~~~~~~~~~~~~~~~~~~~~~~~~~~~~
hard-particle MC p_acc = 0.99035
Rad[0] = 0.0428909
rho_[203] = 0.577938
~~~~~~~~~~~~~~~~~~~~~~~~~~~~~~~~~~~~~~~
hard-particle MC p_acc = 0.9917
Rad[0] = 0.0429046
rho_[204] = 0.578305
~~~~~~~~~~~~~~~~~~~~~~~~~~~~~~~~~~~~~~~
hard-particle MC p_acc = 0.9924
Rad[0] = 0.0429228
rho_[205] = 0.578795
~~~~~~~~~~~~~~~~~~~~~~~~~~~~~~~~~~~~~~~
hard-particle MC p_acc = 0.9919
Rad[0] = 0.0429364
rho_[206] = 0.579163
~~~~~~~~~~~~~~~~~~~~~~~~~~~~~~~~~~~~~~~
hard-particle MC p_acc = 0.987
Rad[0] = 0.0429466
rho_[207] = 0.579439
~~~~~~~~~~~~~~~~~~~~~~~~~~~~~~~~~~~~~~~
hard-particle MC p_acc = 0.98665
Rad[0] = 0.0429543
rho_[208] = 0.579647
~~~~~~~~~~~~~~~~~~~~~~~~~~~~~~~~~~~~~~~
hard-particle MC p_acc = 0.9845
Soft-core quenching p_acc = 0.5129
Final energy of stage 209  = 92.9822
Rad[0] = 0.0429725
rho_[209] = 0.580138
~~~~~~~~~~~~~~~~~~~~~~~~~~~~~~~~~~~~~~~
hard-particle MC p_acc = 0.98975
Soft-core quenching p_acc = 0.5094
Final energy of stage 210  = 92.9165
Rad[0] = 0.0429768
rho_[210] = 0.580255
~~~~~~~~~~~~~~~~~~~~~~~~~~~~~~~~~~~~~~~
hard-particle MC p_acc = 0.99105
Soft-core quenching p_acc = 0.5118
Final energy of stage 211  = 92.8678
Rad[0] = 0.0429771
rho_[211] = 0.580261
~~~~~~~~~~~~~~~~~~~~~~~~~~~~~~~~~~~~~~~
hard-particle MC p_acc = 0.9888
Soft-core quenching p_acc = 0.50475
Final energy of stage 212  = 92.8343
Rad[0] = 0.0429775
rho_[212] = 0.580273
~~~~~~~~~~~~~~~~~~~~~~~~~~~~~~~~~~~~~~~
hard-particle MC p_acc = 0.98945
Soft-core quenching p_acc = 0.5056
Final energy of stage 213  = 92.8116
Rad[0] = 0.0429781
rho_[213] = 0.580289
~~~~~~~~~~~~~~~~~~~~~~~~~~~~~~~~~~~~~~~
hard-particle MC p_acc = 0.99425
Soft-core quenching p_acc = 0.4933
Final energy of stage 214  = 92.7973
Rad[0] = 0.0429791
rho_[214] = 0.580316
~~~~~~~~~~~~~~~~~~~~~~~~~~~~~~~~~~~~~~~
hard-particle MC p_acc = 0.99455
Soft-core quenching p_acc = 0.48235
Final energy of stage 215  = 92.7879
Rad[0] = 0.0429794
rho_[215] = 0.580323
~~~~~~~~~~~~~~~~~~~~~~~~~~~~~~~~~~~~~~~
hard-particle MC p_acc = 0.99505
Soft-core quenching p_acc = 0.4832
Final energy of stage 216  = 92.7815
Rad[0] = 0.0429795
rho_[216] = 0.580326
~~~~~~~~~~~~~~~~~~~~~~~~~~~~~~~~~~~~~~~
hard-particle MC p_acc = 0.9949
Soft-core quenching p_acc = 0.46385
Final energy of stage 217  = 92.7767
Rad[0] = 0.04298
rho_[217] = 0.580341
~~~~~~~~~~~~~~~~~~~~~~~~~~~~~~~~~~~~~~~
hard-particle MC p_acc = 0.99725
Soft-core quenching p_acc = 0.4567
Final energy of stage 218  = 92.7728
Rad[0] = 0.0429808
rho_[218] = 0.580362
~~~~~~~~~~~~~~~~~~~~~~~~~~~~~~~~~~~~~~~
hard-particle MC p_acc = 0.99345
Soft-core quenching p_acc = 0.4586
Final energy of stage 219  = 92.7695
Rad[0] = 0.0429911
rho_[219] = 0.580639
~~~~~~~~~~~~~~~~~~~~~~~~~~~~~~~~~~~~~~~
hard-particle MC p_acc = 0.9958
Soft-core quenching p_acc = 0.45715
Final energy of stage 220  = 92.7665
Rad[0] = 0.0429935
rho_[220] = 0.580704
~~~~~~~~~~~~~~~~~~~~~~~~~~~~~~~~~~~~~~~
hard-particle MC p_acc = 0.9923
Soft-core quenching p_acc = 0.45275
Final energy of stage 221  = 92.7638
Rad[0] = 0.0429959
rho_[221] = 0.58077
~~~~~~~~~~~~~~~~~~~~~~~~~~~~~~~~~~~~~~~
hard-particle MC p_acc = 0.99735
Soft-core quenching p_acc = 0.4502
Final energy of stage 222  = 92.7615
Rad[0] = 0.0429965
rho_[222] = 0.580786
~~~~~~~~~~~~~~~~~~~~~~~~~~~~~~~~~~~~~~~
hard-particle MC p_acc = 0.9971
Soft-core quenching p_acc = 0.44025
Final energy of stage 223  = 92.7595
Rad[0] = 0.0429973
rho_[223] = 0.580807
~~~~~~~~~~~~~~~~~~~~~~~~~~~~~~~~~~~~~~~
hard-particle MC p_acc = 0.99505
Soft-core quenching p_acc = 0.4257
Final energy of stage 224  = 92.7575
Rad[0] = 0.0430016
rho_[224] = 0.580923
~~~~~~~~~~~~~~~~~~~~~~~~~~~~~~~~~~~~~~~
hard-particle MC p_acc = 0.9938
Soft-core quenching p_acc = 0.44715
Final energy of stage 225  = 92.7554
Rad[0] = 0.0430022
rho_[225] = 0.580939
~~~~~~~~~~~~~~~~~~~~~~~~~~~~~~~~~~~~~~~
hard-particle MC p_acc = 0.99745
Soft-core quenching p_acc = 0.43185
Final energy of stage 226  = 92.7536
Rad[0] = 0.043004
rho_[226] = 0.580988
~~~~~~~~~~~~~~~~~~~~~~~~~~~~~~~~~~~~~~~
hard-particle MC p_acc = 0.9964
Soft-core quenching p_acc = 0.4251
Final energy of stage 227  = 92.7519
Rad[0] = 0.0430043
rho_[227] = 0.580997
~~~~~~~~~~~~~~~~~~~~~~~~~~~~~~~~~~~~~~~
hard-particle MC p_acc = 0.9962
Soft-core quenching p_acc = 0.43445
Final energy of stage 228  = 92.7501
Rad[0] = 0.0430061
rho_[228] = 0.581046
~~~~~~~~~~~~~~~~~~~~~~~~~~~~~~~~~~~~~~~
hard-particle MC p_acc = 0.9944
Soft-core quenching p_acc = 0.434
Final energy of stage 229  = 92.7485
Rad[0] = 0.0430069
rho_[229] = 0.581067
~~~~~~~~~~~~~~~~~~~~~~~~~~~~~~~~~~~~~~~
hard-particle MC p_acc = 0.99675
Soft-core quenching p_acc = 0.4237
Final energy of stage 230  = 92.7468
Rad[0] = 0.0430112
rho_[230] = 0.581184
~~~~~~~~~~~~~~~~~~~~~~~~~~~~~~~~~~~~~~~
hard-particle MC p_acc = 0.9963
Soft-core quenching p_acc = 0.41175
Final energy of stage 231  = 92.7451
Rad[0] = 0.0430145
rho_[231] = 0.581272
~~~~~~~~~~~~~~~~~~~~~~~~~~~~~~~~~~~~~~~
hard-particle MC p_acc = 0.99005
Soft-core quenching p_acc = 0.41795
Final energy of stage 232  = 92.7435
Rad[0] = 0.0430158
rho_[232] = 0.581309
~~~~~~~~~~~~~~~~~~~~~~~~~~~~~~~~~~~~~~~
hard-particle MC p_acc = 0.99725
Soft-core quenching p_acc = 0.41115
Final energy of stage 233  = 92.7418
Rad[0] = 0.043016
rho_[233] = 0.581312
~~~~~~~~~~~~~~~~~~~~~~~~~~~~~~~~~~~~~~~
hard-particle MC p_acc = 0.99355
Soft-core quenching p_acc = 0.4041
Final energy of stage 234  = 92.7404
Rad[0] = 0.0430161
rho_[234] = 0.581315
~~~~~~~~~~~~~~~~~~~~~~~~~~~~~~~~~~~~~~~
hard-particle MC p_acc = 0.9937
Soft-core quenching p_acc = 0.3991
Final energy of stage 235  = 92.7391
Rad[0] = 0.0430179
rho_[235] = 0.581364
~~~~~~~~~~~~~~~~~~~~~~~~~~~~~~~~~~~~~~~
hard-particle MC p_acc = 0.99365
Soft-core quenching p_acc = 0.399
Final energy of stage 236  = 92.7378
Rad[0] = 0.0430182
rho_[236] = 0.581371
~~~~~~~~~~~~~~~~~~~~~~~~~~~~~~~~~~~~~~~
hard-particle MC p_acc = 0.99425
Soft-core quenching p_acc = 0.38715
Final energy of stage 237  = 92.7367
Rad[0] = 0.0430192
rho_[237] = 0.581399
~~~~~~~~~~~~~~~~~~~~~~~~~~~~~~~~~~~~~~~
hard-particle MC p_acc = 0.9973
Soft-core quenching p_acc = 0.386
Final energy of stage 238  = 92.7355
Rad[0] = 0.0430235
rho_[238] = 0.581516
~~~~~~~~~~~~~~~~~~~~~~~~~~~~~~~~~~~~~~~
hard-particle MC p_acc = 0.9973
Soft-core quenching p_acc = 0.3866
Final energy of stage 239  = 92.7342
Rad[0] = 0.0430249
rho_[239] = 0.581553
~~~~~~~~~~~~~~~~~~~~~~~~~~~~~~~~~~~~~~~
hard-particle MC p_acc = 0.99645
Soft-core quenching p_acc = 0.395
Final energy of stage 240  = 92.733
Rad[0] = 0.0430262
rho_[240] = 0.58159
~~~~~~~~~~~~~~~~~~~~~~~~~~~~~~~~~~~~~~~
hard-particle MC p_acc = 0.9968
Soft-core quenching p_acc = 0.40405
Final energy of stage 241  = 92.7317
Rad[0] = 0.0430265
rho_[241] = 0.581596
~~~~~~~~~~~~~~~~~~~~~~~~~~~~~~~~~~~~~~~
hard-particle MC p_acc = 0.9969
Soft-core quenching p_acc = 0.40145
Final energy of stage 242  = 92.7306
Rad[0] = 0.0430269
rho_[242] = 0.581608
~~~~~~~~~~~~~~~~~~~~~~~~~~~~~~~~~~~~~~~
hard-particle MC p_acc = 0.99695
Soft-core quenching p_acc = 0.40345
Final energy of stage 243  = 92.7296
Rad[0] = 0.0430277
rho_[243] = 0.581629
~~~~~~~~~~~~~~~~~~~~~~~~~~~~~~~~~~~~~~~
hard-particle MC p_acc = 0.99485
Soft-core quenching p_acc = 0.391
Final energy of stage 244  = 92.7287
Rad[0] = 0.0430278
rho_[244] = 0.581631
~~~~~~~~~~~~~~~~~~~~~~~~~~~~~~~~~~~~~~~
hard-particle MC p_acc = 0.99785
Soft-core quenching p_acc = 0.3921
Final energy of stage 245  = 92.7279
Rad[0] = 0.0430281
rho_[245] = 0.58164
~~~~~~~~~~~~~~~~~~~~~~~~~~~~~~~~~~~~~~~
hard-particle MC p_acc = 0.9954
Soft-core quenching p_acc = 0.37205
Final energy of stage 246  = 92.7274
Rad[0] = 0.0430295
rho_[246] = 0.581677
~~~~~~~~~~~~~~~~~~~~~~~~~~~~~~~~~~~~~~~
hard-particle MC p_acc = 0.99855
Soft-core quenching p_acc = 0.35315
Final energy of stage 247  = 92.7268
Rad[0] = 0.0430319
rho_[247] = 0.581743
~~~~~~~~~~~~~~~~~~~~~~~~~~~~~~~~~~~~~~~
hard-particle MC p_acc = 0.99765
Soft-core quenching p_acc = 0.33185
Final energy of stage 248  = 92.7263
Rad[0] = 0.0430333
rho_[248] = 0.58178
~~~~~~~~~~~~~~~~~~~~~~~~~~~~~~~~~~~~~~~
hard-particle MC p_acc = 0.9984
Soft-core quenching p_acc = 0.31685
Final energy of stage 249  = 92.7259
Rad[0] = 0.0430346
rho_[249] = 0.581817
~~~~~~~~~~~~~~~~~~~~~~~~~~~~~~~~~~~~~~~
hard-particle MC p_acc = 0.9986
Soft-core quenching p_acc = 0.3129
Final energy of stage 250  = 92.7255
Rad[0] = 0.0430371
rho_[250] = 0.581882
~~~~~~~~~~~~~~~~~~~~~~~~~~~~~~~~~~~~~~~
hard-particle MC p_acc = 0.9984
Soft-core quenching p_acc = 0.3053
Final energy of stage 251  = 92.7251
Rad[0] = 0.0430381
rho_[251] = 0.58191
~~~~~~~~~~~~~~~~~~~~~~~~~~~~~~~~~~~~~~~
hard-particle MC p_acc = 0.9974
Soft-core quenching p_acc = 0.32225
Final energy of stage 252  = 92.7247
Rad[0] = 0.0430413
rho_[252] = 0.581998
~~~~~~~~~~~~~~~~~~~~~~~~~~~~~~~~~~~~~~~
hard-particle MC p_acc = 0.99895
Soft-core quenching p_acc = 0.31675
Final energy of stage 253  = 92.7244
Rad[0] = 0.0430424
rho_[253] = 0.582026
~~~~~~~~~~~~~~~~~~~~~~~~~~~~~~~~~~~~~~~
hard-particle MC p_acc = 0.9993
Soft-core quenching p_acc = 0.32715
Final energy of stage 254  = 92.724
Rad[0] = 0.0430424
rho_[254] = 0.582026
~~~~~~~~~~~~~~~~~~~~~~~~~~~~~~~~~~~~~~~
hard-particle MC p_acc = 0.99805
Soft-core quenching p_acc = 0.31465
Final energy of stage 255  = 92.7236
Rad[0] = 0.0430437
rho_[255] = 0.582063
~~~~~~~~~~~~~~~~~~~~~~~~~~~~~~~~~~~~~~~
hard-particle MC p_acc = 0.997
Soft-core quenching p_acc = 0.3187
Final energy of stage 256  = 92.7232
Rad[0] = 0.0430441
rho_[256] = 0.582072
~~~~~~~~~~~~~~~~~~~~~~~~~~~~~~~~~~~~~~~
hard-particle MC p_acc = 0.99775
Soft-core quenching p_acc = 0.28595
Final energy of stage 257  = 92.723
Rad[0] = 0.0430442
rho_[257] = 0.582077
~~~~~~~~~~~~~~~~~~~~~~~~~~~~~~~~~~~~~~~
hard-particle MC p_acc = 0.99705
Soft-core quenching p_acc = 0.2735
Final energy of stage 258  = 92.7226
Rad[0] = 0.0430447
rho_[258] = 0.582088
~~~~~~~~~~~~~~~~~~~~~~~~~~~~~~~~~~~~~~~
hard-particle MC p_acc = 0.99805
Soft-core quenching p_acc = 0.26405
Final energy of stage 259  = 92.7224
Rad[0] = 0.0430453
rho_[259] = 0.582104
~~~~~~~~~~~~~~~~~~~~~~~~~~~~~~~~~~~~~~~
hard-particle MC p_acc = 0.99655
Soft-core quenching p_acc = 0.26035
Final energy of stage 260  = 92.722
Rad[0] = 0.043046
rho_[260] = 0.582125
~~~~~~~~~~~~~~~~~~~~~~~~~~~~~~~~~~~~~~~
hard-particle MC p_acc = 0.9986
Soft-core quenching p_acc = 0.22285
Final energy of stage 261  = 92.7218
Rad[0] = 0.0430464
rho_[261] = 0.582134
~~~~~~~~~~~~~~~~~~~~~~~~~~~~~~~~~~~~~~~
hard-particle MC p_acc = 0.9972
Soft-core quenching p_acc = 0.2248
Final energy of stage 262  = 92.7216
Rad[0] = 0.0430464
rho_[262] = 0.582136
~~~~~~~~~~~~~~~~~~~~~~~~~~~~~~~~~~~~~~~
hard-particle MC p_acc = 0.99825
Soft-core quenching p_acc = 0.2352
Final energy of stage 263  = 92.7213
Rad[0] = 0.0430472
rho_[263] = 0.582156
~~~~~~~~~~~~~~~~~~~~~~~~~~~~~~~~~~~~~~~
hard-particle MC p_acc = 0.99725
Soft-core quenching p_acc = 0.22105
Final energy of stage 264  = 92.721
Rad[0] = 0.043048
rho_[264] = 0.582177
~~~~~~~~~~~~~~~~~~~~~~~~~~~~~~~~~~~~~~~
hard-particle MC p_acc = 0.9976
Soft-core quenching p_acc = 0.22785
Final energy of stage 265  = 92.7208
Rad[0] = 0.0430498
rho_[265] = 0.582227
~~~~~~~~~~~~~~~~~~~~~~~~~~~~~~~~~~~~~~~
hard-particle MC p_acc = 0.996
Soft-core quenching p_acc = 0.22695
Final energy of stage 266  = 92.7204
Rad[0] = 0.0430504
rho_[266] = 0.582242
~~~~~~~~~~~~~~~~~~~~~~~~~~~~~~~~~~~~~~~
hard-particle MC p_acc = 0.99915
Soft-core quenching p_acc = 0.2283
Final energy of stage 267  = 92.72
Rad[0] = 0.0430508
rho_[267] = 0.582254
~~~~~~~~~~~~~~~~~~~~~~~~~~~~~~~~~~~~~~~
hard-particle MC p_acc = 0.999
Soft-core quenching p_acc = 0.21305
Final energy of stage 268  = 92.7198
Rad[0] = 0.0430512
rho_[268] = 0.582266
~~~~~~~~~~~~~~~~~~~~~~~~~~~~~~~~~~~~~~~
hard-particle MC p_acc = 0.99705
Soft-core quenching p_acc = 0.22075
Final energy of stage 269  = 92.7195
Rad[0] = 0.0430513
rho_[269] = 0.582267
~~~~~~~~~~~~~~~~~~~~~~~~~~~~~~~~~~~~~~~
hard-particle MC p_acc = 0.9978
Soft-core quenching p_acc = 0.226
Final energy of stage 270  = 92.7192
Rad[0] = 0.0430519
rho_[270] = 0.582282
~~~~~~~~~~~~~~~~~~~~~~~~~~~~~~~~~~~~~~~
hard-particle MC p_acc = 0.99935
Soft-core quenching p_acc = 0.23465
Final energy of stage 271  = 92.7188
Rad[0] = 0.0430529
rho_[271] = 0.58231
~~~~~~~~~~~~~~~~~~~~~~~~~~~~~~~~~~~~~~~
hard-particle MC p_acc = 0.99675
Soft-core quenching p_acc = 0.22575
Final energy of stage 272  = 92.7185
Rad[0] = 0.0430531
rho_[272] = 0.582317
~~~~~~~~~~~~~~~~~~~~~~~~~~~~~~~~~~~~~~~
hard-particle MC p_acc = 0.99725
Soft-core quenching p_acc = 0.21075
Final energy of stage 273  = 92.7183
Rad[0] = 0.0430532
rho_[273] = 0.582319
~~~~~~~~~~~~~~~~~~~~~~~~~~~~~~~~~~~~~~~
hard-particle MC p_acc = 0.99855
Soft-core quenching p_acc = 0.21895
Final energy of stage 274  = 92.718
Rad[0] = 0.0430543
rho_[274] = 0.582347
~~~~~~~~~~~~~~~~~~~~~~~~~~~~~~~~~~~~~~~
hard-particle MC p_acc = 0.99925
Soft-core quenching p_acc = 0.22235
Final energy of stage 275  = 92.7176
Rad[0] = 0.0430561
rho_[275] = 0.582397
~~~~~~~~~~~~~~~~~~~~~~~~~~~~~~~~~~~~~~~
hard-particle MC p_acc = 0.99805
Soft-core quenching p_acc = 0.21395
Final energy of stage 276  = 92.7173
Rad[0] = 0.0430563
rho_[276] = 0.582403
~~~~~~~~~~~~~~~~~~~~~~~~~~~~~~~~~~~~~~~
hard-particle MC p_acc = 0.99765
Soft-core quenching p_acc = 0.23815
Final energy of stage 277  = 92.717
Rad[0] = 0.0430565
rho_[277] = 0.582407
~~~~~~~~~~~~~~~~~~~~~~~~~~~~~~~~~~~~~~~
hard-particle MC p_acc = 0.9995
Soft-core quenching p_acc = 0.24215
Final energy of stage 278  = 92.7167
Rad[0] = 0.0430578
rho_[278] = 0.582444
~~~~~~~~~~~~~~~~~~~~~~~~~~~~~~~~~~~~~~~
hard-particle MC p_acc = 0.99855
Soft-core quenching p_acc = 0.2189
Final energy of stage 279  = 92.7165
Rad[0] = 0.0430592
rho_[279] = 0.582481
~~~~~~~~~~~~~~~~~~~~~~~~~~~~~~~~~~~~~~~
hard-particle MC p_acc = 0.9969
Soft-core quenching p_acc = 0.23415
Final energy of stage 280  = 92.7162
Rad[0] = 0.0430592
rho_[280] = 0.582482
~~~~~~~~~~~~~~~~~~~~~~~~~~~~~~~~~~~~~~~
hard-particle MC p_acc = 0.99985
Soft-core quenching p_acc = 0.2267
Final energy of stage 281  = 92.7159
Rad[0] = 0.0430598
rho_[281] = 0.582497
~~~~~~~~~~~~~~~~~~~~~~~~~~~~~~~~~~~~~~~
hard-particle MC p_acc = 0.9979
Soft-core quenching p_acc = 0.2364
Final energy of stage 282  = 92.7155
Rad[0] = 0.04306
rho_[282] = 0.582502
~~~~~~~~~~~~~~~~~~~~~~~~~~~~~~~~~~~~~~~
hard-particle MC p_acc = 0.9976
Soft-core quenching p_acc = 0.23205
Final energy of stage 283  = 92.7153
Rad[0] = 0.043061
rho_[283] = 0.58253
~~~~~~~~~~~~~~~~~~~~~~~~~~~~~~~~~~~~~~~
hard-particle MC p_acc = 0.99565
Soft-core quenching p_acc = 0.24885
Final energy of stage 284  = 92.715
Rad[0] = 0.0430634
rho_[284] = 0.582596
~~~~~~~~~~~~~~~~~~~~~~~~~~~~~~~~~~~~~~~
hard-particle MC p_acc = 0.99835
Soft-core quenching p_acc = 0.2327
Final energy of stage 285  = 92.7148
Rad[0] = 0.043064
rho_[285] = 0.582612
~~~~~~~~~~~~~~~~~~~~~~~~~~~~~~~~~~~~~~~
hard-particle MC p_acc = 0.99835
Soft-core quenching p_acc = 0.2258
Final energy of stage 286  = 92.7145
Rad[0] = 0.0430642
rho_[286] = 0.582615
~~~~~~~~~~~~~~~~~~~~~~~~~~~~~~~~~~~~~~~
hard-particle MC p_acc = 0.9968
Soft-core quenching p_acc = 0.23555
Final energy of stage 287  = 92.7142
Rad[0] = 0.0430649
rho_[287] = 0.582636
~~~~~~~~~~~~~~~~~~~~~~~~~~~~~~~~~~~~~~~
hard-particle MC p_acc = 0.998
Soft-core quenching p_acc = 0.23825
Final energy of stage 288  = 92.7139
Rad[0] = 0.0430693
rho_[288] = 0.582753
~~~~~~~~~~~~~~~~~~~~~~~~~~~~~~~~~~~~~~~
hard-particle MC p_acc = 0.99605
Soft-core quenching p_acc = 0.2458
Final energy of stage 289  = 92.7137
Rad[0] = 0.0430711
rho_[289] = 0.582803
~~~~~~~~~~~~~~~~~~~~~~~~~~~~~~~~~~~~~~~
hard-particle MC p_acc = 0.9991
Soft-core quenching p_acc = 0.29185
Final energy of stage 290  = 92.7134
Rad[0] = 0.0430721
rho_[290] = 0.582831
~~~~~~~~~~~~~~~~~~~~~~~~~~~~~~~~~~~~~~~
hard-particle MC p_acc = 0.99375
Soft-core quenching p_acc = 0.31255
Final energy of stage 291  = 92.7129
Rad[0] = 0.0430765
rho_[291] = 0.582948
~~~~~~~~~~~~~~~~~~~~~~~~~~~~~~~~~~~~~~~
hard-particle MC p_acc = 0.99715
Soft-core quenching p_acc = 0.3239
Final energy of stage 292  = 92.7125
Rad[0] = 0.0430783
rho_[292] = 0.582997
~~~~~~~~~~~~~~~~~~~~~~~~~~~~~~~~~~~~~~~
hard-particle MC p_acc = 0.99855
Soft-core quenching p_acc = 0.3371
Final energy of stage 293  = 92.712
Rad[0] = 0.0430793
rho_[293] = 0.583025
~~~~~~~~~~~~~~~~~~~~~~~~~~~~~~~~~~~~~~~
hard-particle MC p_acc = 0.99815
Soft-core quenching p_acc = 0.32315
Final energy of stage 294  = 92.7115
Rad[0] = 0.043093
rho_[294] = 0.583396
~~~~~~~~~~~~~~~~~~~~~~~~~~~~~~~~~~~~~~~
hard-particle MC p_acc = 0.9983
Soft-core quenching p_acc = 0.31245
Final energy of stage 295  = 92.7111
Rad[0] = 0.0431033
rho_[295] = 0.583674
~~~~~~~~~~~~~~~~~~~~~~~~~~~~~~~~~~~~~~~
hard-particle MC p_acc = 0.998
Soft-core quenching p_acc = 0.27565
Final energy of stage 296  = 92.7108
Rad[0] = 0.0431065
rho_[296] = 0.583762
~~~~~~~~~~~~~~~~~~~~~~~~~~~~~~~~~~~~~~~
hard-particle MC p_acc = 0.99935
Soft-core quenching p_acc = 0.2575
Final energy of stage 297  = 92.7105
Rad[0] = 0.0431068
rho_[297] = 0.583771
~~~~~~~~~~~~~~~~~~~~~~~~~~~~~~~~~~~~~~~
hard-particle MC p_acc = 0.9991
Soft-core quenching p_acc = 0.2502
Final energy of stage 298  = 92.7102
Rad[0] = 0.0431126
rho_[298] = 0.583927
~~~~~~~~~~~~~~~~~~~~~~~~~~~~~~~~~~~~~~~
hard-particle MC p_acc = 0.99805
Soft-core quenching p_acc = 0.22605
Final energy of stage 299  = 92.7099
Rad[0] = 0.043114
rho_[299] = 0.583965
~~~~~~~~~~~~~~~~~~~~~~~~~~~~~~~~~~~~~~~
hard-particle MC p_acc = 0.99815
Soft-core quenching p_acc = 0.23115
Final energy of stage 300  = 92.7096
Rad[0] = 0.0431158
rho_[300] = 0.584014
~~~~~~~~~~~~~~~~~~~~~~~~~~~~~~~~~~~~~~~
hard-particle MC p_acc = 0.9992
Soft-core quenching p_acc = 0.2454
Final energy of stage 301  = 92.7093
Rad[0] = 0.0431159
rho_[301] = 0.584016
~~~~~~~~~~~~~~~~~~~~~~~~~~~~~~~~~~~~~~~
hard-particle MC p_acc = 0.99885
Soft-core quenching p_acc = 0.2575
Final energy of stage 302  = 92.709
Rad[0] = 0.0431159
rho_[302] = 0.584016
~~~~~~~~~~~~~~~~~~~~~~~~~~~~~~~~~~~~~~~
hard-particle MC p_acc = 0.99925
Soft-core quenching p_acc = 0.2526
Final energy of stage 303  = 92.7086
Rad[0] = 0.0431183
rho_[303] = 0.584082
~~~~~~~~~~~~~~~~~~~~~~~~~~~~~~~~~~~~~~~
hard-particle MC p_acc = 0.99875
Soft-core quenching p_acc = 0.2547
Final energy of stage 304  = 92.7084
Rad[0] = 0.0431216
rho_[304] = 0.58417
~~~~~~~~~~~~~~~~~~~~~~~~~~~~~~~~~~~~~~~
hard-particle MC p_acc = 0.99825
Soft-core quenching p_acc = 0.27835
Final energy of stage 305  = 92.7081
Rad[0] = 0.0431353
rho_[305] = 0.584542
~~~~~~~~~~~~~~~~~~~~~~~~~~~~~~~~~~~~~~~
hard-particle MC p_acc = 0.9983
Soft-core quenching p_acc = 0.28535
Final energy of stage 306  = 92.7078
Rad[0] = 0.0431385
rho_[306] = 0.58463
~~~~~~~~~~~~~~~~~~~~~~~~~~~~~~~~~~~~~~~
hard-particle MC p_acc = 0.9985
Soft-core quenching p_acc = 0.2949
Final energy of stage 307  = 92.7075
Rad[0] = 0.0431568
rho_[307] = 0.585125
~~~~~~~~~~~~~~~~~~~~~~~~~~~~~~~~~~~~~~~
hard-particle MC p_acc = 0.99965
Soft-core quenching p_acc = 0.31185
Final energy of stage 308  = 92.7072
Rad[0] = 0.0431705
rho_[308] = 0.585497
~~~~~~~~~~~~~~~~~~~~~~~~~~~~~~~~~~~~~~~
hard-particle MC p_acc = 0.99915
Soft-core quenching p_acc = 0.32315
Final energy of stage 309  = 92.7068
Rad[0] = 0.0431783
rho_[309] = 0.585707
~~~~~~~~~~~~~~~~~~~~~~~~~~~~~~~~~~~~~~~
hard-particle MC p_acc = 0.999
rad[0] = 0.0431801
packing density rho = 0.585756
Printing the final configuration now....
