Start packing
Number of distinct species, n_s = 
Number of growth stages, N_stage = 
Number of relax stages, N_relax = 
~~~~~~~~~~~~~~~~~~~~~~~~~~~~~~~~~~~~~~~~~~~~~
Number of cells for species 0, N_c[0] = 
~~~~~~~~~~~~~~~~~~~~~~~~~~~~~~~~~~~~~~~~~~~~~
Radius of cells for species 0, Rad[0] = 
~~~~~~~~~~~~~~~~~~~~~~~~~~~~~~~~~~~~~~~~~~~~~
Interaction range for species 0, Range[0] = 0.0282095
~~~~~~~~~~~~~~~~~~~~~~~~~~~~~~~~~~~~~~~~~~~~~
Growth rate [Rad -> (1+growth rate)*Rad], growth_rate = 
Trans_mod (in terms of boxlength), trans_mod =
Starting quench density, rho_start = 
Generate (0) or read (1) initial config, flag_config = 
Number of MC moves per particle at each stage, N_MC_particle = 
Length of grid cell, d0_cell = 
Generating initial configurations...
N_c[0] = 200
Reset interaction range for species 0, Range[0] = 0.132971
The total number of cells Ncell = 100
CellList(0,0) =  88  46 
CellList(1,0) =  42  24 
CellList(2,0) =  180  110 
CellList(3,0) =  85  57 
CellList(4,0) =  94  75 
CellList(5,0) =  192  68  51 
CellList(6,0) =  133  120 
CellList(7,0) =  187  40  28 
CellList(8,0) =  153  151  64 
CellList(9,0) =  136 
CellList(0,1) =  179  152  142 
CellList(1,1) =  119  71 
CellList(2,1) =  131 
CellList(3,1) =  147  100  34 
CellList(4,1) =  118 
CellList(5,1) =  156  15 
CellList(6,1) =  84  14 
CellList(7,1) =  143 
CellList(8,1) =  86 
CellList(9,1) =  183  146  69 
CellList(0,2) =  99 
CellList(1,2) =  190  148  39 
CellList(2,2) =  116  9 
CellList(3,2) =  176  80  79 
CellList(4,2) =  106 
CellList(5,2) =  27  10 
CellList(6,2) =  177 
CellList(7,2) =  155  122  18 
CellList(8,2) =  87  29 
CellList(9,2) =  66  63 
CellList(0,3) =  174  158  5 
CellList(1,3) =  114 
CellList(2,3) =  20  13 
CellList(3,3) =  170 
CellList(4,3) =  113  76 
CellList(5,3) =  145  125  1 
CellList(6,3) =  127  22 
CellList(7,3) =  128  108  25 
CellList(8,3) =  3 
CellList(9,3) =  199  134  0 
CellList(0,4) =  194  8 
CellList(1,4) =  167  91  36 
CellList(2,4) =  21 
CellList(3,4) =  172  81 
CellList(4,4) =  189  101 
CellList(5,4) =  89  56 
CellList(6,4) =  90 
CellList(7,4) =  31 
CellList(8,4) =  188  154  73 
CellList(9,4) =  55  52 
CellList(0,5) =  196  96 
CellList(1,5) =  166  95  26 
CellList(2,5) =  150  109 
CellList(3,5) =  129  70 
CellList(4,5) =  186  19 
CellList(5,5) =  193  47  16 
CellList(6,5) =  178  139 
CellList(7,5) =  41  37  2 
CellList(8,5) =  126 
CellList(9,5) =  111 
CellList(0,6) =  124  43 
CellList(1,6) =  175  137 
CellList(2,6) =  59  58 
CellList(3,6) =  54 
CellList(4,6) =  144  45 
CellList(5,6) =  160  102 
CellList(6,6) =  72 
CellList(7,6) =  117  103 
CellList(8,6) =  65  17 
CellList(9,6) =  135  74 
CellList(0,7) =  184  164  138 
CellList(1,7) =  181  105 
CellList(2,7) =  171  6 
CellList(3,7) =  162  157  104 
CellList(4,7) =  107 
CellList(5,7) =  173  35 
CellList(6,7) =  185  83 
CellList(7,7) =  60 
CellList(8,7) =  195  140  132  98 
CellList(9,7) =  62 
CellList(0,8) =  159  149  123 
CellList(1,8) =  82  38 
CellList(2,8) =  77  48 
CellList(3,8) =  4 
CellList(4,8) =  44 
CellList(5,8) =  30 
CellList(6,8) =  93  33  11 
CellList(7,8) =  161  121 
CellList(8,8) =  165  50 
CellList(9,8) =  198  191  53 
CellList(0,9) =  169  61 
CellList(1,9) =  130  92 
CellList(2,9) =  197  78  49 
CellList(3,9) =  115  32 
CellList(4,9) =  97  7 
CellList(5,9) =  67  23 
CellList(6,9) =  168  141 
CellList(7,9) =  163  112 
CellList(8,9) =  12 
CellList(9,9) =  182 
Initial energy of system E_init = 93.0209
hard-particle MC p_acc = 1
Rad[0] = 0.0270981
rho_[0] = 0.46138
~~~~~~~~~~~~~~~~~~~~~~~~~~~~~~~~~~~~~~~
hard-particle MC p_acc = 0.99885
Rad[0] = 0.0277426
rho_[1] = 0.483588
~~~~~~~~~~~~~~~~~~~~~~~~~~~~~~~~~~~~~~~
hard-particle MC p_acc = 0.9984
Rad[0] = 0.0277492
rho_[2] = 0.483818
~~~~~~~~~~~~~~~~~~~~~~~~~~~~~~~~~~~~~~~
hard-particle MC p_acc = 0.99755
Rad[0] = 0.0277508
rho_[3] = 0.483873
~~~~~~~~~~~~~~~~~~~~~~~~~~~~~~~~~~~~~~~
hard-particle MC p_acc = 0.997675
Rad[0] = 0.0277665
rho_[4] = 0.48442
~~~~~~~~~~~~~~~~~~~~~~~~~~~~~~~~~~~~~~~
hard-particle MC p_acc = 0.99785
Rad[0] = 0.0277667
rho_[5] = 0.484427
~~~~~~~~~~~~~~~~~~~~~~~~~~~~~~~~~~~~~~~
hard-particle MC p_acc = 0.998175
Rad[0] = 0.0278039
rho_[6] = 0.485726
~~~~~~~~~~~~~~~~~~~~~~~~~~~~~~~~~~~~~~~
hard-particle MC p_acc = 0.9997
Rad[0] = 0.0279216
rho_[7] = 0.489847
~~~~~~~~~~~~~~~~~~~~~~~~~~~~~~~~~~~~~~~
hard-particle MC p_acc = 0.999425
Rad[0] = 0.0279266
rho_[8] = 0.490022
~~~~~~~~~~~~~~~~~~~~~~~~~~~~~~~~~~~~~~~
hard-particle MC p_acc = 0.99875
Rad[0] = 0.0279424
rho_[9] = 0.490576
~~~~~~~~~~~~~~~~~~~~~~~~~~~~~~~~~~~~~~~
hard-particle MC p_acc = 0.997675
Rad[0] = 0.0279634
rho_[10] = 0.491315
~~~~~~~~~~~~~~~~~~~~~~~~~~~~~~~~~~~~~~~
hard-particle MC p_acc = 0.9973
Rad[0] = 0.0279845
rho_[11] = 0.492056
~~~~~~~~~~~~~~~~~~~~~~~~~~~~~~~~~~~~~~~
hard-particle MC p_acc = 0.996375
Rad[0] = 0.0279866
rho_[12] = 0.49213
~~~~~~~~~~~~~~~~~~~~~~~~~~~~~~~~~~~~~~~
hard-particle MC p_acc = 0.996875
Rad[0] = 0.0279985
rho_[13] = 0.492547
~~~~~~~~~~~~~~~~~~~~~~~~~~~~~~~~~~~~~~~
hard-particle MC p_acc = 0.99815
Rad[0] = 0.0280103
rho_[14] = 0.492965
~~~~~~~~~~~~~~~~~~~~~~~~~~~~~~~~~~~~~~~
hard-particle MC p_acc = 0.9946
Rad[0] = 0.0280478
rho_[15] = 0.494286
~~~~~~~~~~~~~~~~~~~~~~~~~~~~~~~~~~~~~~~
hard-particle MC p_acc = 0.996925
Rad[0] = 0.0280528
rho_[16] = 0.494463
~~~~~~~~~~~~~~~~~~~~~~~~~~~~~~~~~~~~~~~
hard-particle MC p_acc = 0.9975
Rad[0] = 0.028074
rho_[17] = 0.495208
~~~~~~~~~~~~~~~~~~~~~~~~~~~~~~~~~~~~~~~
hard-particle MC p_acc = 0.996675
Rad[0] = 0.0280898
rho_[18] = 0.495768
~~~~~~~~~~~~~~~~~~~~~~~~~~~~~~~~~~~~~~~
hard-particle MC p_acc = 0.9976
Rad[0] = 0.0280901
rho_[19] = 0.495776
~~~~~~~~~~~~~~~~~~~~~~~~~~~~~~~~~~~~~~~
hard-particle MC p_acc = 0.9979
Rad[0] = 0.0281402
rho_[20] = 0.497548
~~~~~~~~~~~~~~~~~~~~~~~~~~~~~~~~~~~~~~~
hard-particle MC p_acc = 0.9976
Rad[0] = 0.0281521
rho_[21] = 0.49797
~~~~~~~~~~~~~~~~~~~~~~~~~~~~~~~~~~~~~~~
hard-particle MC p_acc = 0.998225
Rad[0] = 0.0281734
rho_[22] = 0.49872
~~~~~~~~~~~~~~~~~~~~~~~~~~~~~~~~~~~~~~~
hard-particle MC p_acc = 0.99555
Rad[0] = 0.0282404
rho_[23] = 0.501098
~~~~~~~~~~~~~~~~~~~~~~~~~~~~~~~~~~~~~~~
hard-particle MC p_acc = 0.99555
Rad[0] = 0.0282688
rho_[24] = 0.502105
~~~~~~~~~~~~~~~~~~~~~~~~~~~~~~~~~~~~~~~
hard-particle MC p_acc = 0.995225
Rad[0] = 0.0282778
rho_[25] = 0.502425
~~~~~~~~~~~~~~~~~~~~~~~~~~~~~~~~~~~~~~~
hard-particle MC p_acc = 0.9955
Rad[0] = 0.0282845
rho_[26] = 0.502664
~~~~~~~~~~~~~~~~~~~~~~~~~~~~~~~~~~~~~~~
hard-particle MC p_acc = 0.9966
Rad[0] = 0.0283129
rho_[27] = 0.503675
~~~~~~~~~~~~~~~~~~~~~~~~~~~~~~~~~~~~~~~
hard-particle MC p_acc = 0.995825
Rad[0] = 0.0283289
rho_[28] = 0.504244
~~~~~~~~~~~~~~~~~~~~~~~~~~~~~~~~~~~~~~~
hard-particle MC p_acc = 0.99585
Rad[0] = 0.0283311
rho_[29] = 0.50432
~~~~~~~~~~~~~~~~~~~~~~~~~~~~~~~~~~~~~~~
hard-particle MC p_acc = 0.994425
Rad[0] = 0.0283471
rho_[30] = 0.50489
~~~~~~~~~~~~~~~~~~~~~~~~~~~~~~~~~~~~~~~
hard-particle MC p_acc = 0.997075
Rad[0] = 0.0283561
rho_[31] = 0.505211
~~~~~~~~~~~~~~~~~~~~~~~~~~~~~~~~~~~~~~~
hard-particle MC p_acc = 0.997825
Rad[0] = 0.0283681
rho_[32] = 0.505639
~~~~~~~~~~~~~~~~~~~~~~~~~~~~~~~~~~~~~~~
hard-particle MC p_acc = 0.997925
Rad[0] = 0.0283771
rho_[33] = 0.505961
~~~~~~~~~~~~~~~~~~~~~~~~~~~~~~~~~~~~~~~
hard-particle MC p_acc = 0.99575
Rad[0] = 0.0283985
rho_[34] = 0.506723
~~~~~~~~~~~~~~~~~~~~~~~~~~~~~~~~~~~~~~~
hard-particle MC p_acc = 0.9944
Rad[0] = 0.0284146
rho_[35] = 0.507296
~~~~~~~~~~~~~~~~~~~~~~~~~~~~~~~~~~~~~~~
hard-particle MC p_acc = 0.998075
Rad[0] = 0.0284174
rho_[36] = 0.507398
~~~~~~~~~~~~~~~~~~~~~~~~~~~~~~~~~~~~~~~
hard-particle MC p_acc = 0.9974
Rad[0] = 0.0284555
rho_[37] = 0.508758
~~~~~~~~~~~~~~~~~~~~~~~~~~~~~~~~~~~~~~~
hard-particle MC p_acc = 0.9984
Rad[0] = 0.0284716
rho_[38] = 0.509334
~~~~~~~~~~~~~~~~~~~~~~~~~~~~~~~~~~~~~~~
hard-particle MC p_acc = 0.99635
Rad[0] = 0.0285393
rho_[39] = 0.511762
~~~~~~~~~~~~~~~~~~~~~~~~~~~~~~~~~~~~~~~
hard-particle MC p_acc = 0.9942
Rad[0] = 0.02854
rho_[40] = 0.511786
~~~~~~~~~~~~~~~~~~~~~~~~~~~~~~~~~~~~~~~
hard-particle MC p_acc = 0.99765
Rad[0] = 0.0285468
rho_[41] = 0.51203
~~~~~~~~~~~~~~~~~~~~~~~~~~~~~~~~~~~~~~~
hard-particle MC p_acc = 0.9974
Rad[0] = 0.028563
rho_[42] = 0.512609
~~~~~~~~~~~~~~~~~~~~~~~~~~~~~~~~~~~~~~~
hard-particle MC p_acc = 0.9963
Rad[0] = 0.0286012
rho_[43] = 0.513983
~~~~~~~~~~~~~~~~~~~~~~~~~~~~~~~~~~~~~~~
hard-particle MC p_acc = 0.9973
Rad[0] = 0.0286028
rho_[44] = 0.514041
~~~~~~~~~~~~~~~~~~~~~~~~~~~~~~~~~~~~~~~
hard-particle MC p_acc = 0.9958
Rad[0] = 0.0286539
rho_[45] = 0.515879
~~~~~~~~~~~~~~~~~~~~~~~~~~~~~~~~~~~~~~~
hard-particle MC p_acc = 0.99515
Rad[0] = 0.028663
rho_[46] = 0.516207
~~~~~~~~~~~~~~~~~~~~~~~~~~~~~~~~~~~~~~~
hard-particle MC p_acc = 0.996025
Rad[0] = 0.0286721
rho_[47] = 0.516535
~~~~~~~~~~~~~~~~~~~~~~~~~~~~~~~~~~~~~~~
hard-particle MC p_acc = 0.995425
Rad[0] = 0.0286883
rho_[48] = 0.517119
~~~~~~~~~~~~~~~~~~~~~~~~~~~~~~~~~~~~~~~
hard-particle MC p_acc = 0.99595
Rad[0] = 0.0286975
rho_[49] = 0.517448
~~~~~~~~~~~~~~~~~~~~~~~~~~~~~~~~~~~~~~~
hard-particle MC p_acc = 0.996775
Rad[0] = 0.0286991
rho_[50] = 0.517506
~~~~~~~~~~~~~~~~~~~~~~~~~~~~~~~~~~~~~~~
hard-particle MC p_acc = 0.997675
Rad[0] = 0.0287207
rho_[51] = 0.518286
~~~~~~~~~~~~~~~~~~~~~~~~~~~~~~~~~~~~~~~
hard-particle MC p_acc = 0.995275
Rad[0] = 0.0287496
rho_[52] = 0.519328
~~~~~~~~~~~~~~~~~~~~~~~~~~~~~~~~~~~~~~~
hard-particle MC p_acc = 0.995575
Rad[0] = 0.0287587
rho_[53] = 0.519658
~~~~~~~~~~~~~~~~~~~~~~~~~~~~~~~~~~~~~~~
hard-particle MC p_acc = 0.9928
Rad[0] = 0.0287749
rho_[54] = 0.520246
~~~~~~~~~~~~~~~~~~~~~~~~~~~~~~~~~~~~~~~
hard-particle MC p_acc = 0.994075
Rad[0] = 0.0287841
rho_[55] = 0.520577
~~~~~~~~~~~~~~~~~~~~~~~~~~~~~~~~~~~~~~~
hard-particle MC p_acc = 0.994625
Rad[0] = 0.0288003
rho_[56] = 0.521165
~~~~~~~~~~~~~~~~~~~~~~~~~~~~~~~~~~~~~~~
hard-particle MC p_acc = 0.993625
Rad[0] = 0.028822
rho_[57] = 0.521951
~~~~~~~~~~~~~~~~~~~~~~~~~~~~~~~~~~~~~~~
hard-particle MC p_acc = 0.99245
Rad[0] = 0.0288438
rho_[58] = 0.522737
~~~~~~~~~~~~~~~~~~~~~~~~~~~~~~~~~~~~~~~
hard-particle MC p_acc = 0.994025
Rad[0] = 0.0288447
rho_[59] = 0.522771
~~~~~~~~~~~~~~~~~~~~~~~~~~~~~~~~~~~~~~~
hard-particle MC p_acc = 0.992025
Rad[0] = 0.0288485
rho_[60] = 0.522911
~~~~~~~~~~~~~~~~~~~~~~~~~~~~~~~~~~~~~~~
hard-particle MC p_acc = 0.9949
Rad[0] = 0.0288872
rho_[61] = 0.524313
~~~~~~~~~~~~~~~~~~~~~~~~~~~~~~~~~~~~~~~
hard-particle MC p_acc = 0.99475
Rad[0] = 0.0288964
rho_[62] = 0.524646
~~~~~~~~~~~~~~~~~~~~~~~~~~~~~~~~~~~~~~~
hard-particle MC p_acc = 0.993775
Rad[0] = 0.0288967
rho_[63] = 0.524657
~~~~~~~~~~~~~~~~~~~~~~~~~~~~~~~~~~~~~~~
hard-particle MC p_acc = 0.996825
Rad[0] = 0.0289089
rho_[64] = 0.525101
~~~~~~~~~~~~~~~~~~~~~~~~~~~~~~~~~~~~~~~
hard-particle MC p_acc = 0.995975
Rad[0] = 0.0289141
rho_[65] = 0.525289
~~~~~~~~~~~~~~~~~~~~~~~~~~~~~~~~~~~~~~~
hard-particle MC p_acc = 0.994725
Rad[0] = 0.0289179
rho_[66] = 0.52543
~~~~~~~~~~~~~~~~~~~~~~~~~~~~~~~~~~~~~~~
hard-particle MC p_acc = 0.993775
Rad[0] = 0.0289302
rho_[67] = 0.525875
~~~~~~~~~~~~~~~~~~~~~~~~~~~~~~~~~~~~~~~
hard-particle MC p_acc = 0.99225
Rad[0] = 0.028969
rho_[68] = 0.527285
~~~~~~~~~~~~~~~~~~~~~~~~~~~~~~~~~~~~~~~
hard-particle MC p_acc = 0.992025
Rad[0] = 0.0289853
rho_[69] = 0.527881
~~~~~~~~~~~~~~~~~~~~~~~~~~~~~~~~~~~~~~~
hard-particle MC p_acc = 0.995725
Rad[0] = 0.0290072
rho_[70] = 0.528677
~~~~~~~~~~~~~~~~~~~~~~~~~~~~~~~~~~~~~~~
hard-particle MC p_acc = 0.9932
Rad[0] = 0.0290123
rho_[71] = 0.528866
~~~~~~~~~~~~~~~~~~~~~~~~~~~~~~~~~~~~~~~
hard-particle MC p_acc = 0.991825
Rad[0] = 0.0290193
rho_[72] = 0.529118
~~~~~~~~~~~~~~~~~~~~~~~~~~~~~~~~~~~~~~~
hard-particle MC p_acc = 0.9953
Rad[0] = 0.0290232
rho_[73] = 0.52926
~~~~~~~~~~~~~~~~~~~~~~~~~~~~~~~~~~~~~~~
hard-particle MC p_acc = 0.996125
Rad[0] = 0.0290261
rho_[74] = 0.529366
~~~~~~~~~~~~~~~~~~~~~~~~~~~~~~~~~~~~~~~
hard-particle MC p_acc = 0.99425
Rad[0] = 0.029033
rho_[75] = 0.529619
~~~~~~~~~~~~~~~~~~~~~~~~~~~~~~~~~~~~~~~
hard-particle MC p_acc = 0.995925
Rad[0] = 0.0290549
rho_[76] = 0.530417
~~~~~~~~~~~~~~~~~~~~~~~~~~~~~~~~~~~~~~~
hard-particle MC p_acc = 0.994475
Rad[0] = 0.0290672
rho_[77] = 0.530867
~~~~~~~~~~~~~~~~~~~~~~~~~~~~~~~~~~~~~~~
hard-particle MC p_acc = 0.994625
Rad[0] = 0.0290964
rho_[78] = 0.531934
~~~~~~~~~~~~~~~~~~~~~~~~~~~~~~~~~~~~~~~
hard-particle MC p_acc = 0.994925
Rad[0] = 0.0291353
rho_[79] = 0.53336
~~~~~~~~~~~~~~~~~~~~~~~~~~~~~~~~~~~~~~~
hard-particle MC p_acc = 0.995225
Rad[0] = 0.0291393
rho_[80] = 0.533503
~~~~~~~~~~~~~~~~~~~~~~~~~~~~~~~~~~~~~~~
hard-particle MC p_acc = 0.99575
Rad[0] = 0.0291485
rho_[81] = 0.533842
~~~~~~~~~~~~~~~~~~~~~~~~~~~~~~~~~~~~~~~
hard-particle MC p_acc = 0.9971
Rad[0] = 0.0291537
rho_[82] = 0.534033
~~~~~~~~~~~~~~~~~~~~~~~~~~~~~~~~~~~~~~~
hard-particle MC p_acc = 0.995925
Rad[0] = 0.0291607
rho_[83] = 0.534287
~~~~~~~~~~~~~~~~~~~~~~~~~~~~~~~~~~~~~~~
hard-particle MC p_acc = 0.9957
Rad[0] = 0.029161
rho_[84] = 0.534298
~~~~~~~~~~~~~~~~~~~~~~~~~~~~~~~~~~~~~~~
hard-particle MC p_acc = 0.996975
Rad[0] = 0.0291626
rho_[85] = 0.534359
~~~~~~~~~~~~~~~~~~~~~~~~~~~~~~~~~~~~~~~
hard-particle MC p_acc = 0.9933
Rad[0] = 0.0291665
rho_[86] = 0.534502
~~~~~~~~~~~~~~~~~~~~~~~~~~~~~~~~~~~~~~~
hard-particle MC p_acc = 0.993275
Rad[0] = 0.0291789
rho_[87] = 0.534955
~~~~~~~~~~~~~~~~~~~~~~~~~~~~~~~~~~~~~~~
hard-particle MC p_acc = 0.993475
Rad[0] = 0.0291913
rho_[88] = 0.535409
~~~~~~~~~~~~~~~~~~~~~~~~~~~~~~~~~~~~~~~
hard-particle MC p_acc = 0.99325
Rad[0] = 0.0291935
rho_[89] = 0.535489
~~~~~~~~~~~~~~~~~~~~~~~~~~~~~~~~~~~~~~~
hard-particle MC p_acc = 0.993175
Rad[0] = 0.0291987
rho_[90] = 0.535681
~~~~~~~~~~~~~~~~~~~~~~~~~~~~~~~~~~~~~~~
hard-particle MC p_acc = 0.9937
Rad[0] = 0.0292009
rho_[91] = 0.535762
~~~~~~~~~~~~~~~~~~~~~~~~~~~~~~~~~~~~~~~
hard-particle MC p_acc = 0.9914
Rad[0] = 0.0292174
rho_[92] = 0.536367
~~~~~~~~~~~~~~~~~~~~~~~~~~~~~~~~~~~~~~~
hard-particle MC p_acc = 0.9945
Rad[0] = 0.0292196
rho_[93] = 0.536448
~~~~~~~~~~~~~~~~~~~~~~~~~~~~~~~~~~~~~~~
hard-particle MC p_acc = 0.99365
Rad[0] = 0.0292289
rho_[94] = 0.536789
~~~~~~~~~~~~~~~~~~~~~~~~~~~~~~~~~~~~~~~
hard-particle MC p_acc = 0.99465
Rad[0] = 0.0292328
rho_[95] = 0.536933
~~~~~~~~~~~~~~~~~~~~~~~~~~~~~~~~~~~~~~~
hard-particle MC p_acc = 0.992825
Rad[0] = 0.0292398
rho_[96] = 0.537189
~~~~~~~~~~~~~~~~~~~~~~~~~~~~~~~~~~~~~~~
hard-particle MC p_acc = 0.9911
Rad[0] = 0.0292521
rho_[97] = 0.537645
~~~~~~~~~~~~~~~~~~~~~~~~~~~~~~~~~~~~~~~
hard-particle MC p_acc = 0.9939
Rad[0] = 0.0292591
rho_[98] = 0.537901
~~~~~~~~~~~~~~~~~~~~~~~~~~~~~~~~~~~~~~~
hard-particle MC p_acc = 0.994875
Rad[0] = 0.0292661
rho_[99] = 0.538157
~~~~~~~~~~~~~~~~~~~~~~~~~~~~~~~~~~~~~~~
hard-particle MC p_acc = 0.9933
Rad[0] = 0.029267
rho_[100] = 0.538192
~~~~~~~~~~~~~~~~~~~~~~~~~~~~~~~~~~~~~~~
hard-particle MC p_acc = 0.99435
Rad[0] = 0.0292692
rho_[101] = 0.538273
~~~~~~~~~~~~~~~~~~~~~~~~~~~~~~~~~~~~~~~
hard-particle MC p_acc = 0.992625
Rad[0] = 0.0292816
rho_[102] = 0.538729
~~~~~~~~~~~~~~~~~~~~~~~~~~~~~~~~~~~~~~~
hard-particle MC p_acc = 0.994325
Rad[0] = 0.0292909
rho_[103] = 0.539072
~~~~~~~~~~~~~~~~~~~~~~~~~~~~~~~~~~~~~~~
hard-particle MC p_acc = 0.995625
Rad[0] = 0.0292962
rho_[104] = 0.539265
~~~~~~~~~~~~~~~~~~~~~~~~~~~~~~~~~~~~~~~
hard-particle MC p_acc = 0.994325
Rad[0] = 0.0293086
rho_[105] = 0.539722
~~~~~~~~~~~~~~~~~~~~~~~~~~~~~~~~~~~~~~~
hard-particle MC p_acc = 0.99535
Rad[0] = 0.029321
rho_[106] = 0.540179
~~~~~~~~~~~~~~~~~~~~~~~~~~~~~~~~~~~~~~~
hard-particle MC p_acc = 0.995825
Rad[0] = 0.0293603
rho_[107] = 0.541627
~~~~~~~~~~~~~~~~~~~~~~~~~~~~~~~~~~~~~~~
hard-particle MC p_acc = 0.992925
Rad[0] = 0.0293824
rho_[108] = 0.542444
~~~~~~~~~~~~~~~~~~~~~~~~~~~~~~~~~~~~~~~
hard-particle MC p_acc = 0.9947
Rad[0] = 0.0293863
rho_[109] = 0.542589
~~~~~~~~~~~~~~~~~~~~~~~~~~~~~~~~~~~~~~~
hard-particle MC p_acc = 0.9912
Rad[0] = 0.0293869
rho_[110] = 0.542609
~~~~~~~~~~~~~~~~~~~~~~~~~~~~~~~~~~~~~~~
hard-particle MC p_acc = 0.9934
Rad[0] = 0.029409
rho_[111] = 0.543426
~~~~~~~~~~~~~~~~~~~~~~~~~~~~~~~~~~~~~~~
hard-particle MC p_acc = 0.99465
Rad[0] = 0.0294215
rho_[112] = 0.543887
~~~~~~~~~~~~~~~~~~~~~~~~~~~~~~~~~~~~~~~
hard-particle MC p_acc = 0.994125
Rad[0] = 0.0294267
rho_[113] = 0.544082
~~~~~~~~~~~~~~~~~~~~~~~~~~~~~~~~~~~~~~~
hard-particle MC p_acc = 0.99445
Rad[0] = 0.0294361
rho_[114] = 0.544428
~~~~~~~~~~~~~~~~~~~~~~~~~~~~~~~~~~~~~~~
hard-particle MC p_acc = 0.99205
Rad[0] = 0.029439
rho_[115] = 0.544537
~~~~~~~~~~~~~~~~~~~~~~~~~~~~~~~~~~~~~~~
hard-particle MC p_acc = 0.99205
Rad[0] = 0.029442
rho_[116] = 0.544647
~~~~~~~~~~~~~~~~~~~~~~~~~~~~~~~~~~~~~~~
hard-particle MC p_acc = 0.993375
Rad[0] = 0.0294642
rho_[117] = 0.545468
~~~~~~~~~~~~~~~~~~~~~~~~~~~~~~~~~~~~~~~
hard-particle MC p_acc = 0.991525
Rad[0] = 0.0294736
rho_[118] = 0.545814
~~~~~~~~~~~~~~~~~~~~~~~~~~~~~~~~~~~~~~~
hard-particle MC p_acc = 0.992975
Rad[0] = 0.0294765
rho_[119] = 0.545924
~~~~~~~~~~~~~~~~~~~~~~~~~~~~~~~~~~~~~~~
hard-particle MC p_acc = 0.991975
Rad[0] = 0.0294768
rho_[120] = 0.545935
~~~~~~~~~~~~~~~~~~~~~~~~~~~~~~~~~~~~~~~
hard-particle MC p_acc = 0.992625
Rad[0] = 0.0294838
rho_[121] = 0.546195
~~~~~~~~~~~~~~~~~~~~~~~~~~~~~~~~~~~~~~~
hard-particle MC p_acc = 0.9963
Rad[0] = 0.0294891
rho_[122] = 0.546391
~~~~~~~~~~~~~~~~~~~~~~~~~~~~~~~~~~~~~~~
hard-particle MC p_acc = 0.99455
Rad[0] = 0.0294901
rho_[123] = 0.546425
~~~~~~~~~~~~~~~~~~~~~~~~~~~~~~~~~~~~~~~
hard-particle MC p_acc = 0.993475
Rad[0] = 0.029494
rho_[124] = 0.546572
~~~~~~~~~~~~~~~~~~~~~~~~~~~~~~~~~~~~~~~
hard-particle MC p_acc = 0.994425
Rad[0] = 0.0294993
rho_[125] = 0.546767
~~~~~~~~~~~~~~~~~~~~~~~~~~~~~~~~~~~~~~~
hard-particle MC p_acc = 0.993725
Rad[0] = 0.0295046
rho_[126] = 0.546963
~~~~~~~~~~~~~~~~~~~~~~~~~~~~~~~~~~~~~~~
hard-particle MC p_acc = 0.991425
Rad[0] = 0.0295268
rho_[127] = 0.547787
~~~~~~~~~~~~~~~~~~~~~~~~~~~~~~~~~~~~~~~
hard-particle MC p_acc = 0.994875
Rad[0] = 0.0295307
rho_[128] = 0.547934
~~~~~~~~~~~~~~~~~~~~~~~~~~~~~~~~~~~~~~~
hard-particle MC p_acc = 0.996225
Rad[0] = 0.0295401
rho_[129] = 0.548283
~~~~~~~~~~~~~~~~~~~~~~~~~~~~~~~~~~~~~~~
hard-particle MC p_acc = 0.99345
Rad[0] = 0.0295624
rho_[130] = 0.549109
~~~~~~~~~~~~~~~~~~~~~~~~~~~~~~~~~~~~~~~
hard-particle MC p_acc = 0.99315
Rad[0] = 0.0295646
rho_[131] = 0.549192
~~~~~~~~~~~~~~~~~~~~~~~~~~~~~~~~~~~~~~~
hard-particle MC p_acc = 0.993
Rad[0] = 0.029565
rho_[132] = 0.549207
~~~~~~~~~~~~~~~~~~~~~~~~~~~~~~~~~~~~~~~
hard-particle MC p_acc = 0.992925
Rad[0] = 0.0295655
rho_[133] = 0.549226
~~~~~~~~~~~~~~~~~~~~~~~~~~~~~~~~~~~~~~~
hard-particle MC p_acc = 0.99595
Rad[0] = 0.0295822
rho_[134] = 0.549847
~~~~~~~~~~~~~~~~~~~~~~~~~~~~~~~~~~~~~~~
hard-particle MC p_acc = 0.99565
Rad[0] = 0.0295875
rho_[135] = 0.550044
~~~~~~~~~~~~~~~~~~~~~~~~~~~~~~~~~~~~~~~
hard-particle MC p_acc = 0.99425
Rad[0] = 0.0295915
rho_[136] = 0.550191
~~~~~~~~~~~~~~~~~~~~~~~~~~~~~~~~~~~~~~~
hard-particle MC p_acc = 0.99265
Rad[0] = 0.0296138
rho_[137] = 0.551021
~~~~~~~~~~~~~~~~~~~~~~~~~~~~~~~~~~~~~~~
hard-particle MC p_acc = 0.992125
Rad[0] = 0.0296151
rho_[138] = 0.551068
~~~~~~~~~~~~~~~~~~~~~~~~~~~~~~~~~~~~~~~
hard-particle MC p_acc = 0.99045
Rad[0] = 0.0296203
rho_[139] = 0.551265
~~~~~~~~~~~~~~~~~~~~~~~~~~~~~~~~~~~~~~~
hard-particle MC p_acc = 0.99255
Rad[0] = 0.0296371
rho_[140] = 0.551888
~~~~~~~~~~~~~~~~~~~~~~~~~~~~~~~~~~~~~~~
hard-particle MC p_acc = 0.9925
Rad[0] = 0.0296424
rho_[141] = 0.552085
~~~~~~~~~~~~~~~~~~~~~~~~~~~~~~~~~~~~~~~
hard-particle MC p_acc = 0.9954
Rad[0] = 0.0296464
rho_[142] = 0.552233
~~~~~~~~~~~~~~~~~~~~~~~~~~~~~~~~~~~~~~~
hard-particle MC p_acc = 0.99105
Rad[0] = 0.0296534
rho_[143] = 0.552496
~~~~~~~~~~~~~~~~~~~~~~~~~~~~~~~~~~~~~~~
hard-particle MC p_acc = 0.991575
Rad[0] = 0.0296702
rho_[144] = 0.553121
~~~~~~~~~~~~~~~~~~~~~~~~~~~~~~~~~~~~~~~
hard-particle MC p_acc = 0.993975
Rad[0] = 0.0296711
rho_[145] = 0.553156
~~~~~~~~~~~~~~~~~~~~~~~~~~~~~~~~~~~~~~~
hard-particle MC p_acc = 0.993675
Rad[0] = 0.0296715
rho_[146] = 0.553171
~~~~~~~~~~~~~~~~~~~~~~~~~~~~~~~~~~~~~~~
hard-particle MC p_acc = 0.991525
Rad[0] = 0.0296883
rho_[147] = 0.553796
~~~~~~~~~~~~~~~~~~~~~~~~~~~~~~~~~~~~~~~
hard-particle MC p_acc = 0.9902
Rad[0] = 0.0296895
rho_[148] = 0.553843
~~~~~~~~~~~~~~~~~~~~~~~~~~~~~~~~~~~~~~~
hard-particle MC p_acc = 0.994075
Rad[0] = 0.0296966
rho_[149] = 0.554107
~~~~~~~~~~~~~~~~~~~~~~~~~~~~~~~~~~~~~~~
hard-particle MC p_acc = 0.9947
Rad[0] = 0.0297037
rho_[150] = 0.554372
~~~~~~~~~~~~~~~~~~~~~~~~~~~~~~~~~~~~~~~
hard-particle MC p_acc = 0.99505
Rad[0] = 0.0297077
rho_[151] = 0.55452
~~~~~~~~~~~~~~~~~~~~~~~~~~~~~~~~~~~~~~~
hard-particle MC p_acc = 0.990775
Rad[0] = 0.0297081
rho_[152] = 0.554535
~~~~~~~~~~~~~~~~~~~~~~~~~~~~~~~~~~~~~~~
hard-particle MC p_acc = 0.993725
Rad[0] = 0.0297207
rho_[153] = 0.555005
~~~~~~~~~~~~~~~~~~~~~~~~~~~~~~~~~~~~~~~
hard-particle MC p_acc = 0.993025
Rad[0] = 0.0297211
rho_[154] = 0.55502
~~~~~~~~~~~~~~~~~~~~~~~~~~~~~~~~~~~~~~~
hard-particle MC p_acc = 0.98995
Rad[0] = 0.0297282
rho_[155] = 0.555285
~~~~~~~~~~~~~~~~~~~~~~~~~~~~~~~~~~~~~~~
hard-particle MC p_acc = 0.989075
Rad[0] = 0.0297335
rho_[156] = 0.555483
~~~~~~~~~~~~~~~~~~~~~~~~~~~~~~~~~~~~~~~
hard-particle MC p_acc = 0.99175
Rad[0] = 0.0297365
rho_[157] = 0.555595
~~~~~~~~~~~~~~~~~~~~~~~~~~~~~~~~~~~~~~~
hard-particle MC p_acc = 0.995025
Rad[0] = 0.0297418
rho_[158] = 0.555794
~~~~~~~~~~~~~~~~~~~~~~~~~~~~~~~~~~~~~~~
hard-particle MC p_acc = 0.992625
Rad[0] = 0.0297471
rho_[159] = 0.555993
~~~~~~~~~~~~~~~~~~~~~~~~~~~~~~~~~~~~~~~
hard-particle MC p_acc = 0.99415
Rad[0] = 0.0297501
rho_[160] = 0.556104
~~~~~~~~~~~~~~~~~~~~~~~~~~~~~~~~~~~~~~~
hard-particle MC p_acc = 0.99545
Rad[0] = 0.0297572
rho_[161] = 0.55637
~~~~~~~~~~~~~~~~~~~~~~~~~~~~~~~~~~~~~~~
hard-particle MC p_acc = 0.99525
Rad[0] = 0.0297643
rho_[162] = 0.556635
~~~~~~~~~~~~~~~~~~~~~~~~~~~~~~~~~~~~~~~
hard-particle MC p_acc = 0.996725
Rad[0] = 0.0297683
rho_[163] = 0.556784
~~~~~~~~~~~~~~~~~~~~~~~~~~~~~~~~~~~~~~~
hard-particle MC p_acc = 0.995925
Rad[0] = 0.0297809
rho_[164] = 0.557256
~~~~~~~~~~~~~~~~~~~~~~~~~~~~~~~~~~~~~~~
hard-particle MC p_acc = 0.996225
Rad[0] = 0.0297935
rho_[165] = 0.557729
~~~~~~~~~~~~~~~~~~~~~~~~~~~~~~~~~~~~~~~
hard-particle MC p_acc = 0.99325
Rad[0] = 0.0297975
rho_[166] = 0.557878
~~~~~~~~~~~~~~~~~~~~~~~~~~~~~~~~~~~~~~~
hard-particle MC p_acc = 0.994475
Rad[0] = 0.0297976
rho_[167] = 0.557883
~~~~~~~~~~~~~~~~~~~~~~~~~~~~~~~~~~~~~~~
hard-particle MC p_acc = 0.993425
Rad[0] = 0.0298276
rho_[168] = 0.559004
~~~~~~~~~~~~~~~~~~~~~~~~~~~~~~~~~~~~~~~
hard-particle MC p_acc = 0.995825
Rad[0] = 0.0298329
rho_[169] = 0.559204
~~~~~~~~~~~~~~~~~~~~~~~~~~~~~~~~~~~~~~~
hard-particle MC p_acc = 0.99325
Rad[0] = 0.0298862
rho_[170] = 0.561203
~~~~~~~~~~~~~~~~~~~~~~~~~~~~~~~~~~~~~~~
hard-particle MC p_acc = 0.993325
Rad[0] = 0.0299031
rho_[171] = 0.561838
~~~~~~~~~~~~~~~~~~~~~~~~~~~~~~~~~~~~~~~
hard-particle MC p_acc = 0.993375
Rad[0] = 0.0299199
rho_[172] = 0.562473
~~~~~~~~~~~~~~~~~~~~~~~~~~~~~~~~~~~~~~~
hard-particle MC p_acc = 0.993675
Rad[0] = 0.02995
rho_[173] = 0.563603
~~~~~~~~~~~~~~~~~~~~~~~~~~~~~~~~~~~~~~~
hard-particle MC p_acc = 0.991675
Rad[0] = 0.0299801
rho_[174] = 0.564736
~~~~~~~~~~~~~~~~~~~~~~~~~~~~~~~~~~~~~~~
hard-particle MC p_acc = 0.991825
Rad[0] = 0.0299854
rho_[175] = 0.564938
~~~~~~~~~~~~~~~~~~~~~~~~~~~~~~~~~~~~~~~
hard-particle MC p_acc = 0.993075
Rad[0] = 0.0299867
rho_[176] = 0.564986
~~~~~~~~~~~~~~~~~~~~~~~~~~~~~~~~~~~~~~~
hard-particle MC p_acc = 0.9917
Rad[0] = 0.0299939
rho_[177] = 0.565256
~~~~~~~~~~~~~~~~~~~~~~~~~~~~~~~~~~~~~~~
hard-particle MC p_acc = 0.9917
Rad[0] = 0.0300108
rho_[178] = 0.565894
~~~~~~~~~~~~~~~~~~~~~~~~~~~~~~~~~~~~~~~
hard-particle MC p_acc = 0.989125
Rad[0] = 0.0300204
rho_[179] = 0.566254
~~~~~~~~~~~~~~~~~~~~~~~~~~~~~~~~~~~~~~~
hard-particle MC p_acc = 0.99255
Rad[0] = 0.0300211
rho_[180] = 0.566281
~~~~~~~~~~~~~~~~~~~~~~~~~~~~~~~~~~~~~~~
hard-particle MC p_acc = 0.995225
Rad[0] = 0.0300251
rho_[181] = 0.566433
~~~~~~~~~~~~~~~~~~~~~~~~~~~~~~~~~~~~~~~
hard-particle MC p_acc = 0.9938
Rad[0] = 0.0300787
rho_[182] = 0.568458
~~~~~~~~~~~~~~~~~~~~~~~~~~~~~~~~~~~~~~~
hard-particle MC p_acc = 0.99265
Rad[0] = 0.0300797
rho_[183] = 0.568494
~~~~~~~~~~~~~~~~~~~~~~~~~~~~~~~~~~~~~~~
hard-particle MC p_acc = 0.993475
Rad[0] = 0.0300851
rho_[184] = 0.568698
~~~~~~~~~~~~~~~~~~~~~~~~~~~~~~~~~~~~~~~
hard-particle MC p_acc = 0.995325
Rad[0] = 0.0300946
rho_[185] = 0.569059
~~~~~~~~~~~~~~~~~~~~~~~~~~~~~~~~~~~~~~~
hard-particle MC p_acc = 0.99535
Rad[0] = 0.0301173
rho_[186] = 0.569917
~~~~~~~~~~~~~~~~~~~~~~~~~~~~~~~~~~~~~~~
hard-particle MC p_acc = 0.990875
Rad[0] = 0.03014
rho_[187] = 0.570776
~~~~~~~~~~~~~~~~~~~~~~~~~~~~~~~~~~~~~~~
hard-particle MC p_acc = 0.9935
Rad[0] = 0.0301454
rho_[188] = 0.57098
~~~~~~~~~~~~~~~~~~~~~~~~~~~~~~~~~~~~~~~
hard-particle MC p_acc = 0.99335
Rad[0] = 0.0301471
rho_[189] = 0.571045
~~~~~~~~~~~~~~~~~~~~~~~~~~~~~~~~~~~~~~~
hard-particle MC p_acc = 0.994025
Rad[0] = 0.0301567
rho_[190] = 0.571408
~~~~~~~~~~~~~~~~~~~~~~~~~~~~~~~~~~~~~~~
hard-particle MC p_acc = 0.992225
Rad[0] = 0.030157
rho_[191] = 0.571419
~~~~~~~~~~~~~~~~~~~~~~~~~~~~~~~~~~~~~~~
hard-particle MC p_acc = 0.9929
Rad[0] = 0.030174
rho_[192] = 0.572065
~~~~~~~~~~~~~~~~~~~~~~~~~~~~~~~~~~~~~~~
hard-particle MC p_acc = 0.993625
Rad[0] = 0.0301763
rho_[193] = 0.572151
~~~~~~~~~~~~~~~~~~~~~~~~~~~~~~~~~~~~~~~
hard-particle MC p_acc = 0.990075
Rad[0] = 0.0301817
rho_[194] = 0.572356
~~~~~~~~~~~~~~~~~~~~~~~~~~~~~~~~~~~~~~~
hard-particle MC p_acc = 0.99485
Rad[0] = 0.0301857
rho_[195] = 0.57251
~~~~~~~~~~~~~~~~~~~~~~~~~~~~~~~~~~~~~~~
hard-particle MC p_acc = 0.992525
Rad[0] = 0.0301911
rho_[196] = 0.572714
~~~~~~~~~~~~~~~~~~~~~~~~~~~~~~~~~~~~~~~
hard-particle MC p_acc = 0.99135
Rad[0] = 0.0302007
rho_[197] = 0.573078
~~~~~~~~~~~~~~~~~~~~~~~~~~~~~~~~~~~~~~~
hard-particle MC p_acc = 0.99
Rad[0] = 0.0302014
rho_[198] = 0.573106
~~~~~~~~~~~~~~~~~~~~~~~~~~~~~~~~~~~~~~~
hard-particle MC p_acc = 0.9905
Rad[0] = 0.0302037
rho_[199] = 0.573192
~~~~~~~~~~~~~~~~~~~~~~~~~~~~~~~~~~~~~~~
hard-particle MC p_acc = 0.991575
Rad[0] = 0.0302067
rho_[200] = 0.573308
~~~~~~~~~~~~~~~~~~~~~~~~~~~~~~~~~~~~~~~
hard-particle MC p_acc = 0.99225
Rad[0] = 0.030209
rho_[201] = 0.573394
~~~~~~~~~~~~~~~~~~~~~~~~~~~~~~~~~~~~~~~
hard-particle MC p_acc = 0.993425
Rad[0] = 0.0302261
rho_[202] = 0.574042
~~~~~~~~~~~~~~~~~~~~~~~~~~~~~~~~~~~~~~~
hard-particle MC p_acc = 0.9931
Rad[0] = 0.0302666
rho_[203] = 0.575581
~~~~~~~~~~~~~~~~~~~~~~~~~~~~~~~~~~~~~~~
hard-particle MC p_acc = 0.995475
Rad[0] = 0.0302738
rho_[204] = 0.575855
~~~~~~~~~~~~~~~~~~~~~~~~~~~~~~~~~~~~~~~
hard-particle MC p_acc = 0.992975
Rad[0] = 0.0302748
rho_[205] = 0.575892
~~~~~~~~~~~~~~~~~~~~~~~~~~~~~~~~~~~~~~~
hard-particle MC p_acc = 0.991375
Rad[0] = 0.0302802
rho_[206] = 0.576098
~~~~~~~~~~~~~~~~~~~~~~~~~~~~~~~~~~~~~~~
hard-particle MC p_acc = 0.99235
Rad[0] = 0.0302819
rho_[207] = 0.576163
~~~~~~~~~~~~~~~~~~~~~~~~~~~~~~~~~~~~~~~
hard-particle MC p_acc = 0.994625
Rad[0] = 0.0302873
rho_[208] = 0.576369
~~~~~~~~~~~~~~~~~~~~~~~~~~~~~~~~~~~~~~~
hard-particle MC p_acc = 0.994425
Rad[0] = 0.0302969
rho_[209] = 0.576736
~~~~~~~~~~~~~~~~~~~~~~~~~~~~~~~~~~~~~~~
hard-particle MC p_acc = 0.9925
Rad[0] = 0.0303023
rho_[210] = 0.576942
~~~~~~~~~~~~~~~~~~~~~~~~~~~~~~~~~~~~~~~
hard-particle MC p_acc = 0.993425
Rad[0] = 0.0303252
rho_[211] = 0.577811
~~~~~~~~~~~~~~~~~~~~~~~~~~~~~~~~~~~~~~~
hard-particle MC p_acc = 0.991525
Rad[0] = 0.0303259
rho_[212] = 0.577839
~~~~~~~~~~~~~~~~~~~~~~~~~~~~~~~~~~~~~~~
hard-particle MC p_acc = 0.99155
Rad[0] = 0.0303387
rho_[213] = 0.578329
~~~~~~~~~~~~~~~~~~~~~~~~~~~~~~~~~~~~~~~
hard-particle MC p_acc = 0.991775
Rad[0] = 0.0303484
rho_[214] = 0.578697
~~~~~~~~~~~~~~~~~~~~~~~~~~~~~~~~~~~~~~~
hard-particle MC p_acc = 0.98925
Rad[0] = 0.0303507
rho_[215] = 0.578784
~~~~~~~~~~~~~~~~~~~~~~~~~~~~~~~~~~~~~~~
hard-particle MC p_acc = 0.992925
Rad[0] = 0.0303537
rho_[216] = 0.5789
~~~~~~~~~~~~~~~~~~~~~~~~~~~~~~~~~~~~~~~
hard-particle MC p_acc = 0.990925
Rad[0] = 0.0303591
rho_[217] = 0.579107
~~~~~~~~~~~~~~~~~~~~~~~~~~~~~~~~~~~~~~~
hard-particle MC p_acc = 0.990225
Rad[0] = 0.0303688
rho_[218] = 0.579476
~~~~~~~~~~~~~~~~~~~~~~~~~~~~~~~~~~~~~~~
hard-particle MC p_acc = 0.9893
Rad[0] = 0.0303711
rho_[219] = 0.579563
~~~~~~~~~~~~~~~~~~~~~~~~~~~~~~~~~~~~~~~
hard-particle MC p_acc = 0.9916
Rad[0] = 0.0303752
rho_[220] = 0.579718
~~~~~~~~~~~~~~~~~~~~~~~~~~~~~~~~~~~~~~~
hard-particle MC p_acc = 0.993
Soft-core quenching p_acc = 0.50355
Final energy of stage 221  = 92.9142
Rad[0] = 0.030388
rho_[221] = 0.58021
~~~~~~~~~~~~~~~~~~~~~~~~~~~~~~~~~~~~~~~
hard-particle MC p_acc = 0.9916
Soft-core quenching p_acc = 0.50375
Final energy of stage 222  = 92.8395
Rad[0] = 0.0303893
rho_[222] = 0.580259
~~~~~~~~~~~~~~~~~~~~~~~~~~~~~~~~~~~~~~~
hard-particle MC p_acc = 0.994725
Soft-core quenching p_acc = 0.50055
Final energy of stage 223  = 92.7874
Rad[0] = 0.0303924
rho_[223] = 0.580376
~~~~~~~~~~~~~~~~~~~~~~~~~~~~~~~~~~~~~~~
hard-particle MC p_acc = 0.99145
Soft-core quenching p_acc = 0.49245
Final energy of stage 224  = 92.7538
Rad[0] = 0.0303927
rho_[224] = 0.580387
~~~~~~~~~~~~~~~~~~~~~~~~~~~~~~~~~~~~~~~
hard-particle MC p_acc = 0.99535
Soft-core quenching p_acc = 0.491875
Final energy of stage 225  = 92.7325
Rad[0] = 0.0303937
rho_[225] = 0.580424
~~~~~~~~~~~~~~~~~~~~~~~~~~~~~~~~~~~~~~~
hard-particle MC p_acc = 0.995475
Soft-core quenching p_acc = 0.47255
Final energy of stage 226  = 92.7199
Rad[0] = 0.0303967
rho_[226] = 0.580541
~~~~~~~~~~~~~~~~~~~~~~~~~~~~~~~~~~~~~~~
hard-particle MC p_acc = 0.99655
Soft-core quenching p_acc = 0.467175
Final energy of stage 227  = 92.7116
Rad[0] = 0.030398
rho_[227] = 0.58059
~~~~~~~~~~~~~~~~~~~~~~~~~~~~~~~~~~~~~~~
hard-particle MC p_acc = 0.998475
Soft-core quenching p_acc = 0.46275
Final energy of stage 228  = 92.7055
Rad[0] = 0.030399
rho_[228] = 0.580627
~~~~~~~~~~~~~~~~~~~~~~~~~~~~~~~~~~~~~~~
hard-particle MC p_acc = 0.998275
Soft-core quenching p_acc = 0.45155
Final energy of stage 229  = 92.7008
Rad[0] = 0.0303992
rho_[229] = 0.580636
~~~~~~~~~~~~~~~~~~~~~~~~~~~~~~~~~~~~~~~
hard-particle MC p_acc = 0.99795
Soft-core quenching p_acc = 0.447275
Final energy of stage 230  = 92.697
Rad[0] = 0.0303999
rho_[230] = 0.580664
~~~~~~~~~~~~~~~~~~~~~~~~~~~~~~~~~~~~~~~
hard-particle MC p_acc = 0.99525
Soft-core quenching p_acc = 0.426675
Final energy of stage 231  = 92.6941
Rad[0] = 0.0304001
rho_[231] = 0.580669
~~~~~~~~~~~~~~~~~~~~~~~~~~~~~~~~~~~~~~~
hard-particle MC p_acc = 0.996
Soft-core quenching p_acc = 0.4152
Final energy of stage 232  = 92.6917
Rad[0] = 0.0304006
rho_[232] = 0.58069
~~~~~~~~~~~~~~~~~~~~~~~~~~~~~~~~~~~~~~~
hard-particle MC p_acc = 0.9971
Soft-core quenching p_acc = 0.41085
Final energy of stage 233  = 92.6895
Rad[0] = 0.0304011
rho_[233] = 0.58071
~~~~~~~~~~~~~~~~~~~~~~~~~~~~~~~~~~~~~~~
hard-particle MC p_acc = 0.99625
Soft-core quenching p_acc = 0.3977
Final energy of stage 234  = 92.6876
Rad[0] = 0.0304017
rho_[234] = 0.580731
~~~~~~~~~~~~~~~~~~~~~~~~~~~~~~~~~~~~~~~
hard-particle MC p_acc = 0.996025
Soft-core quenching p_acc = 0.393975
Final energy of stage 235  = 92.6859
Rad[0] = 0.030403
rho_[235] = 0.58078
~~~~~~~~~~~~~~~~~~~~~~~~~~~~~~~~~~~~~~~
hard-particle MC p_acc = 0.9962
Soft-core quenching p_acc = 0.3922
Final energy of stage 236  = 92.6843
Rad[0] = 0.0304039
rho_[236] = 0.580817
~~~~~~~~~~~~~~~~~~~~~~~~~~~~~~~~~~~~~~~
hard-particle MC p_acc = 0.99525
Soft-core quenching p_acc = 0.3914
Final energy of stage 237  = 92.6827
Rad[0] = 0.0304057
rho_[237] = 0.580883
~~~~~~~~~~~~~~~~~~~~~~~~~~~~~~~~~~~~~~~
hard-particle MC p_acc = 0.996075
Soft-core quenching p_acc = 0.3917
Final energy of stage 238  = 92.6811
Rad[0] = 0.0304057
rho_[238] = 0.580883
~~~~~~~~~~~~~~~~~~~~~~~~~~~~~~~~~~~~~~~
hard-particle MC p_acc = 0.99645
Soft-core quenching p_acc = 0.38225
Final energy of stage 239  = 92.6795
Rad[0] = 0.0304057
rho_[239] = 0.580884
~~~~~~~~~~~~~~~~~~~~~~~~~~~~~~~~~~~~~~~
hard-particle MC p_acc = 0.995825
Soft-core quenching p_acc = 0.369075
Final energy of stage 240  = 92.6781
Rad[0] = 0.0304061
rho_[240] = 0.5809
~~~~~~~~~~~~~~~~~~~~~~~~~~~~~~~~~~~~~~~
hard-particle MC p_acc = 0.99595
Soft-core quenching p_acc = 0.36915
Final energy of stage 241  = 92.6766
Rad[0] = 0.0304084
rho_[241] = 0.580988
~~~~~~~~~~~~~~~~~~~~~~~~~~~~~~~~~~~~~~~
hard-particle MC p_acc = 0.996125
Soft-core quenching p_acc = 0.364825
Final energy of stage 242  = 92.6753
Rad[0] = 0.0304088
rho_[242] = 0.581003
~~~~~~~~~~~~~~~~~~~~~~~~~~~~~~~~~~~~~~~
hard-particle MC p_acc = 0.994625
Soft-core quenching p_acc = 0.3719
Final energy of stage 243  = 92.6741
Rad[0] = 0.0304089
rho_[243] = 0.581008
~~~~~~~~~~~~~~~~~~~~~~~~~~~~~~~~~~~~~~~
hard-particle MC p_acc = 0.996075
Soft-core quenching p_acc = 0.355625
Final energy of stage 244  = 92.6729
Rad[0] = 0.0304091
rho_[244] = 0.581015
~~~~~~~~~~~~~~~~~~~~~~~~~~~~~~~~~~~~~~~
hard-particle MC p_acc = 0.996175
Soft-core quenching p_acc = 0.362225
Final energy of stage 245  = 92.6717
Rad[0] = 0.0304092
rho_[245] = 0.581017
~~~~~~~~~~~~~~~~~~~~~~~~~~~~~~~~~~~~~~~
hard-particle MC p_acc = 0.996575
Soft-core quenching p_acc = 0.3605
Final energy of stage 246  = 92.6706
Rad[0] = 0.0304093
rho_[246] = 0.581022
~~~~~~~~~~~~~~~~~~~~~~~~~~~~~~~~~~~~~~~
hard-particle MC p_acc = 0.996775
Soft-core quenching p_acc = 0.36185
Final energy of stage 247  = 92.6695
Rad[0] = 0.0304098
rho_[247] = 0.581043
~~~~~~~~~~~~~~~~~~~~~~~~~~~~~~~~~~~~~~~
hard-particle MC p_acc = 0.99585
Soft-core quenching p_acc = 0.3517
Final energy of stage 248  = 92.6685
Rad[0] = 0.0304102
rho_[248] = 0.581055
~~~~~~~~~~~~~~~~~~~~~~~~~~~~~~~~~~~~~~~
hard-particle MC p_acc = 0.996475
Soft-core quenching p_acc = 0.348575
Final energy of stage 249  = 92.6674
Rad[0] = 0.0304111
rho_[249] = 0.581092
~~~~~~~~~~~~~~~~~~~~~~~~~~~~~~~~~~~~~~~
hard-particle MC p_acc = 0.995275
Soft-core quenching p_acc = 0.349525
Final energy of stage 250  = 92.6665
Rad[0] = 0.0304114
rho_[250] = 0.581101
~~~~~~~~~~~~~~~~~~~~~~~~~~~~~~~~~~~~~~~
hard-particle MC p_acc = 0.99755
Soft-core quenching p_acc = 0.336775
Final energy of stage 251  = 92.6655
Rad[0] = 0.0304123
rho_[251] = 0.581138
~~~~~~~~~~~~~~~~~~~~~~~~~~~~~~~~~~~~~~~
hard-particle MC p_acc = 0.996075
Soft-core quenching p_acc = 0.338525
Final energy of stage 252  = 92.6647
Rad[0] = 0.0304126
rho_[252] = 0.581149
~~~~~~~~~~~~~~~~~~~~~~~~~~~~~~~~~~~~~~~
hard-particle MC p_acc = 0.996475
Soft-core quenching p_acc = 0.342675
Final energy of stage 253  = 92.6637
Rad[0] = 0.0304129
rho_[253] = 0.581158
~~~~~~~~~~~~~~~~~~~~~~~~~~~~~~~~~~~~~~~
hard-particle MC p_acc = 0.9951
Soft-core quenching p_acc = 0.342675
Final energy of stage 254  = 92.6628
Rad[0] = 0.0304136
rho_[254] = 0.581186
~~~~~~~~~~~~~~~~~~~~~~~~~~~~~~~~~~~~~~~
hard-particle MC p_acc = 0.996575
Soft-core quenching p_acc = 0.354
Final energy of stage 255  = 92.6617
Rad[0] = 0.0304138
rho_[255] = 0.581192
~~~~~~~~~~~~~~~~~~~~~~~~~~~~~~~~~~~~~~~
hard-particle MC p_acc = 0.99715
Soft-core quenching p_acc = 0.3641
Final energy of stage 256  = 92.6606
Rad[0] = 0.0304147
rho_[256] = 0.581229
~~~~~~~~~~~~~~~~~~~~~~~~~~~~~~~~~~~~~~~
hard-particle MC p_acc = 0.99605
Soft-core quenching p_acc = 0.36115
Final energy of stage 257  = 92.6596
Rad[0] = 0.0304153
rho_[257] = 0.58125
~~~~~~~~~~~~~~~~~~~~~~~~~~~~~~~~~~~~~~~
hard-particle MC p_acc = 0.994675
Soft-core quenching p_acc = 0.351925
Final energy of stage 258  = 92.6587
Rad[0] = 0.0304155
rho_[258] = 0.581259
~~~~~~~~~~~~~~~~~~~~~~~~~~~~~~~~~~~~~~~
hard-particle MC p_acc = 0.9961
Soft-core quenching p_acc = 0.327375
Final energy of stage 259  = 92.6579
Rad[0] = 0.0304178
rho_[259] = 0.581347
~~~~~~~~~~~~~~~~~~~~~~~~~~~~~~~~~~~~~~~
hard-particle MC p_acc = 0.996075
Soft-core quenching p_acc = 0.311875
Final energy of stage 260  = 92.6572
Rad[0] = 0.0304183
rho_[260] = 0.581367
~~~~~~~~~~~~~~~~~~~~~~~~~~~~~~~~~~~~~~~
hard-particle MC p_acc = 0.99415
Soft-core quenching p_acc = 0.306275
Final energy of stage 261  = 92.6566
Rad[0] = 0.0304214
rho_[261] = 0.581484
~~~~~~~~~~~~~~~~~~~~~~~~~~~~~~~~~~~~~~~
hard-particle MC p_acc = 0.994575
Soft-core quenching p_acc = 0.2981
Final energy of stage 262  = 92.6559
Rad[0] = 0.0304217
rho_[262] = 0.581496
~~~~~~~~~~~~~~~~~~~~~~~~~~~~~~~~~~~~~~~
hard-particle MC p_acc = 0.995875
Soft-core quenching p_acc = 0.284075
Final energy of stage 263  = 92.6553
Rad[0] = 0.0304219
rho_[263] = 0.581503
~~~~~~~~~~~~~~~~~~~~~~~~~~~~~~~~~~~~~~~
hard-particle MC p_acc = 0.992425
Soft-core quenching p_acc = 0.291825
Final energy of stage 264  = 92.6547
Rad[0] = 0.0304224
rho_[264] = 0.581524
~~~~~~~~~~~~~~~~~~~~~~~~~~~~~~~~~~~~~~~
hard-particle MC p_acc = 0.99735
Soft-core quenching p_acc = 0.2891
Final energy of stage 265  = 92.654
Rad[0] = 0.0304225
rho_[265] = 0.581526
~~~~~~~~~~~~~~~~~~~~~~~~~~~~~~~~~~~~~~~
hard-particle MC p_acc = 0.995925
Soft-core quenching p_acc = 0.29265
Final energy of stage 266  = 92.6533
Rad[0] = 0.0304227
rho_[266] = 0.581535
~~~~~~~~~~~~~~~~~~~~~~~~~~~~~~~~~~~~~~~
hard-particle MC p_acc = 0.9952
Soft-core quenching p_acc = 0.271325
Final energy of stage 267  = 92.6527
Rad[0] = 0.030423
rho_[267] = 0.581547
~~~~~~~~~~~~~~~~~~~~~~~~~~~~~~~~~~~~~~~
hard-particle MC p_acc = 0.99755
Soft-core quenching p_acc = 0.273025
Final energy of stage 268  = 92.6521
Rad[0] = 0.0304233
rho_[268] = 0.581556
~~~~~~~~~~~~~~~~~~~~~~~~~~~~~~~~~~~~~~~
hard-particle MC p_acc = 0.99755
Soft-core quenching p_acc = 0.272675
Final energy of stage 269  = 92.6515
Rad[0] = 0.0304234
rho_[269] = 0.581561
~~~~~~~~~~~~~~~~~~~~~~~~~~~~~~~~~~~~~~~
hard-particle MC p_acc = 0.99685
Soft-core quenching p_acc = 0.270725
Final energy of stage 270  = 92.6509
Rad[0] = 0.0304238
rho_[270] = 0.581576
~~~~~~~~~~~~~~~~~~~~~~~~~~~~~~~~~~~~~~~
hard-particle MC p_acc = 0.996625
Soft-core quenching p_acc = 0.2734
Final energy of stage 271  = 92.6502
Rad[0] = 0.030424
rho_[271] = 0.581585
~~~~~~~~~~~~~~~~~~~~~~~~~~~~~~~~~~~~~~~
hard-particle MC p_acc = 0.99825
Soft-core quenching p_acc = 0.26415
Final energy of stage 272  = 92.6496
Rad[0] = 0.0304241
rho_[272] = 0.581589
~~~~~~~~~~~~~~~~~~~~~~~~~~~~~~~~~~~~~~~
hard-particle MC p_acc = 0.998225
Soft-core quenching p_acc = 0.267275
Final energy of stage 273  = 92.6489
Rad[0] = 0.0304247
rho_[273] = 0.581609
~~~~~~~~~~~~~~~~~~~~~~~~~~~~~~~~~~~~~~~
hard-particle MC p_acc = 0.99805
Soft-core quenching p_acc = 0.272125
Final energy of stage 274  = 92.6483
Rad[0] = 0.0304247
rho_[274] = 0.581611
~~~~~~~~~~~~~~~~~~~~~~~~~~~~~~~~~~~~~~~
hard-particle MC p_acc = 0.9969
Soft-core quenching p_acc = 0.274375
Final energy of stage 275  = 92.6476
Rad[0] = 0.0304249
rho_[275] = 0.581618
~~~~~~~~~~~~~~~~~~~~~~~~~~~~~~~~~~~~~~~
hard-particle MC p_acc = 0.996925
Soft-core quenching p_acc = 0.2827
Final energy of stage 276  = 92.6469
Rad[0] = 0.0304249
rho_[276] = 0.58162
~~~~~~~~~~~~~~~~~~~~~~~~~~~~~~~~~~~~~~~
hard-particle MC p_acc = 0.995825
Soft-core quenching p_acc = 0.25655
Final energy of stage 277  = 92.6463
Rad[0] = 0.030425
rho_[277] = 0.581621
~~~~~~~~~~~~~~~~~~~~~~~~~~~~~~~~~~~~~~~
hard-particle MC p_acc = 0.997075
Soft-core quenching p_acc = 0.2467
Final energy of stage 278  = 92.6457
Rad[0] = 0.030425
rho_[278] = 0.581622
~~~~~~~~~~~~~~~~~~~~~~~~~~~~~~~~~~~~~~~
hard-particle MC p_acc = 0.99745
Soft-core quenching p_acc = 0.229975
Final energy of stage 279  = 92.6452
Rad[0] = 0.0304251
rho_[279] = 0.581626
~~~~~~~~~~~~~~~~~~~~~~~~~~~~~~~~~~~~~~~
hard-particle MC p_acc = 0.99705
Soft-core quenching p_acc = 0.2436
Final energy of stage 280  = 92.6447
Rad[0] = 0.0304252
rho_[280] = 0.58163
~~~~~~~~~~~~~~~~~~~~~~~~~~~~~~~~~~~~~~~
hard-particle MC p_acc = 0.9952
Soft-core quenching p_acc = 0.2312
Final energy of stage 281  = 92.6441
Rad[0] = 0.0304254
rho_[281] = 0.581636
~~~~~~~~~~~~~~~~~~~~~~~~~~~~~~~~~~~~~~~
hard-particle MC p_acc = 0.9965
Soft-core quenching p_acc = 0.234925
Final energy of stage 282  = 92.6436
Rad[0] = 0.0304257
rho_[282] = 0.581648
~~~~~~~~~~~~~~~~~~~~~~~~~~~~~~~~~~~~~~~
hard-particle MC p_acc = 0.99745
Soft-core quenching p_acc = 0.2482
Final energy of stage 283  = 92.6431
Rad[0] = 0.0304259
rho_[283] = 0.581657
~~~~~~~~~~~~~~~~~~~~~~~~~~~~~~~~~~~~~~~
hard-particle MC p_acc = 0.99695
Soft-core quenching p_acc = 0.24655
Final energy of stage 284  = 92.6425
Rad[0] = 0.0304261
rho_[284] = 0.581666
~~~~~~~~~~~~~~~~~~~~~~~~~~~~~~~~~~~~~~~
hard-particle MC p_acc = 0.997725
Soft-core quenching p_acc = 0.25065
Final energy of stage 285  = 92.642
Rad[0] = 0.0304264
rho_[285] = 0.581677
~~~~~~~~~~~~~~~~~~~~~~~~~~~~~~~~~~~~~~~
hard-particle MC p_acc = 0.9959
Soft-core quenching p_acc = 0.250575
Final energy of stage 286  = 92.6414
Rad[0] = 0.0304264
rho_[286] = 0.581678
~~~~~~~~~~~~~~~~~~~~~~~~~~~~~~~~~~~~~~~
hard-particle MC p_acc = 0.9947
Soft-core quenching p_acc = 0.259375
Final energy of stage 287  = 92.6407
Rad[0] = 0.0304265
rho_[287] = 0.581678
~~~~~~~~~~~~~~~~~~~~~~~~~~~~~~~~~~~~~~~
hard-particle MC p_acc = 0.995875
Soft-core quenching p_acc = 0.254925
Final energy of stage 288  = 92.6402
Rad[0] = 0.0304265
rho_[288] = 0.581681
~~~~~~~~~~~~~~~~~~~~~~~~~~~~~~~~~~~~~~~
hard-particle MC p_acc = 0.996575
Soft-core quenching p_acc = 0.254025
Final energy of stage 289  = 92.6395
Rad[0] = 0.0304266
rho_[289] = 0.581682
~~~~~~~~~~~~~~~~~~~~~~~~~~~~~~~~~~~~~~~
hard-particle MC p_acc = 0.996625
Soft-core quenching p_acc = 0.2458
Final energy of stage 290  = 92.639
Rad[0] = 0.0304271
rho_[290] = 0.581703
~~~~~~~~~~~~~~~~~~~~~~~~~~~~~~~~~~~~~~~
hard-particle MC p_acc = 0.995725
Soft-core quenching p_acc = 0.2564
Final energy of stage 291  = 92.6384
Rad[0] = 0.0304273
rho_[291] = 0.58171
~~~~~~~~~~~~~~~~~~~~~~~~~~~~~~~~~~~~~~~
hard-particle MC p_acc = 0.994925
Soft-core quenching p_acc = 0.254425
Final energy of stage 292  = 92.6378
Rad[0] = 0.0304274
rho_[292] = 0.581715
~~~~~~~~~~~~~~~~~~~~~~~~~~~~~~~~~~~~~~~
hard-particle MC p_acc = 0.99575
Soft-core quenching p_acc = 0.24815
Final energy of stage 293  = 92.6372
Rad[0] = 0.030428
rho_[293] = 0.581736
~~~~~~~~~~~~~~~~~~~~~~~~~~~~~~~~~~~~~~~
hard-particle MC p_acc = 0.99535
Soft-core quenching p_acc = 0.23085
Final energy of stage 294  = 92.6367
Rad[0] = 0.0304281
rho_[294] = 0.58174
~~~~~~~~~~~~~~~~~~~~~~~~~~~~~~~~~~~~~~~
hard-particle MC p_acc = 0.996575
Soft-core quenching p_acc = 0.22875
Final energy of stage 295  = 92.6362
Rad[0] = 0.0304281
rho_[295] = 0.581741
~~~~~~~~~~~~~~~~~~~~~~~~~~~~~~~~~~~~~~~
hard-particle MC p_acc = 0.9955
Soft-core quenching p_acc = 0.2444
Final energy of stage 296  = 92.6356
Rad[0] = 0.0304281
rho_[296] = 0.581742
~~~~~~~~~~~~~~~~~~~~~~~~~~~~~~~~~~~~~~~
hard-particle MC p_acc = 0.996075
Soft-core quenching p_acc = 0.245425
Final energy of stage 297  = 92.6349
Rad[0] = 0.0304283
rho_[297] = 0.581749
~~~~~~~~~~~~~~~~~~~~~~~~~~~~~~~~~~~~~~~
hard-particle MC p_acc = 0.99515
Soft-core quenching p_acc = 0.223975
Final energy of stage 298  = 92.6344
Rad[0] = 0.0304283
rho_[298] = 0.58175
~~~~~~~~~~~~~~~~~~~~~~~~~~~~~~~~~~~~~~~
hard-particle MC p_acc = 0.995575
Soft-core quenching p_acc = 0.23675
Final energy of stage 299  = 92.6338
Rad[0] = 0.0304286
rho_[299] = 0.581759
~~~~~~~~~~~~~~~~~~~~~~~~~~~~~~~~~~~~~~~
hard-particle MC p_acc = 0.995775
Soft-core quenching p_acc = 0.23645
Final energy of stage 300  = 92.6333
Rad[0] = 0.0304287
rho_[300] = 0.581764
~~~~~~~~~~~~~~~~~~~~~~~~~~~~~~~~~~~~~~~
hard-particle MC p_acc = 0.99695
Soft-core quenching p_acc = 0.237675
Final energy of stage 301  = 92.6328
Rad[0] = 0.0304288
rho_[301] = 0.581767
~~~~~~~~~~~~~~~~~~~~~~~~~~~~~~~~~~~~~~~
hard-particle MC p_acc = 0.9959
Soft-core quenching p_acc = 0.24005
Final energy of stage 302  = 92.6322
Rad[0] = 0.0304289
rho_[302] = 0.58177
~~~~~~~~~~~~~~~~~~~~~~~~~~~~~~~~~~~~~~~
hard-particle MC p_acc = 0.9953
Soft-core quenching p_acc = 0.2404
Final energy of stage 303  = 92.6317
Rad[0] = 0.0304292
rho_[303] = 0.581782
~~~~~~~~~~~~~~~~~~~~~~~~~~~~~~~~~~~~~~~
hard-particle MC p_acc = 0.996625
Soft-core quenching p_acc = 0.245625
Final energy of stage 304  = 92.6311
Rad[0] = 0.0304292
rho_[304] = 0.581783
~~~~~~~~~~~~~~~~~~~~~~~~~~~~~~~~~~~~~~~
hard-particle MC p_acc = 0.99635
Soft-core quenching p_acc = 0.25995
Final energy of stage 305  = 92.6305
Rad[0] = 0.0304292
rho_[305] = 0.581783
~~~~~~~~~~~~~~~~~~~~~~~~~~~~~~~~~~~~~~~
hard-particle MC p_acc = 0.99445
Soft-core quenching p_acc = 0.27
Final energy of stage 306  = 92.6298
Rad[0] = 0.0304293
rho_[306] = 0.581788
~~~~~~~~~~~~~~~~~~~~~~~~~~~~~~~~~~~~~~~
hard-particle MC p_acc = 0.996025
Soft-core quenching p_acc = 0.2747
Final energy of stage 307  = 92.6291
Rad[0] = 0.0304296
rho_[307] = 0.581797
~~~~~~~~~~~~~~~~~~~~~~~~~~~~~~~~~~~~~~~
hard-particle MC p_acc = 0.9976
Soft-core quenching p_acc = 0.27645
Final energy of stage 308  = 92.6284
Rad[0] = 0.0304296
rho_[308] = 0.581799
~~~~~~~~~~~~~~~~~~~~~~~~~~~~~~~~~~~~~~~
hard-particle MC p_acc = 0.997075
Soft-core quenching p_acc = 0.2654
Final energy of stage 309  = 92.6277
Rad[0] = 0.0304298
rho_[309] = 0.581806
~~~~~~~~~~~~~~~~~~~~~~~~~~~~~~~~~~~~~~~
hard-particle MC p_acc = 0.99625
Soft-core quenching p_acc = 0.281375
Final energy of stage 310  = 92.6269
Rad[0] = 0.0304298
rho_[310] = 0.581808
~~~~~~~~~~~~~~~~~~~~~~~~~~~~~~~~~~~~~~~
hard-particle MC p_acc = 0.99465
Soft-core quenching p_acc = 0.26335
Final energy of stage 311  = 92.6263
Rad[0] = 0.0304299
rho_[311] = 0.58181
~~~~~~~~~~~~~~~~~~~~~~~~~~~~~~~~~~~~~~~
hard-particle MC p_acc = 0.997575
Soft-core quenching p_acc = 0.259675
Final energy of stage 312  = 92.6256
Rad[0] = 0.0304306
rho_[312] = 0.581838
~~~~~~~~~~~~~~~~~~~~~~~~~~~~~~~~~~~~~~~
hard-particle MC p_acc = 0.99655
Soft-core quenching p_acc = 0.244775
Final energy of stage 313  = 92.625
Rad[0] = 0.0304307
rho_[313] = 0.581842
~~~~~~~~~~~~~~~~~~~~~~~~~~~~~~~~~~~~~~~
hard-particle MC p_acc = 0.995475
Soft-core quenching p_acc = 0.223225
Final energy of stage 314  = 92.6244
Rad[0] = 0.0304315
rho_[314] = 0.58187
~~~~~~~~~~~~~~~~~~~~~~~~~~~~~~~~~~~~~~~
hard-particle MC p_acc = 0.995775
Soft-core quenching p_acc = 0.230225
Final energy of stage 315  = 92.6239
Rad[0] = 0.0304319
rho_[315] = 0.581885
~~~~~~~~~~~~~~~~~~~~~~~~~~~~~~~~~~~~~~~
hard-particle MC p_acc = 0.9962
Soft-core quenching p_acc = 0.232675
Final energy of stage 316  = 92.6233
Rad[0] = 0.0304319
rho_[316] = 0.581887
~~~~~~~~~~~~~~~~~~~~~~~~~~~~~~~~~~~~~~~
hard-particle MC p_acc = 0.996175
Soft-core quenching p_acc = 0.215075
Final energy of stage 317  = 92.6227
Rad[0] = 0.030432
rho_[317] = 0.581892
~~~~~~~~~~~~~~~~~~~~~~~~~~~~~~~~~~~~~~~
hard-particle MC p_acc = 0.99635
Soft-core quenching p_acc = 0.217725
Final energy of stage 318  = 92.6222
Rad[0] = 0.0304321
rho_[318] = 0.581892
~~~~~~~~~~~~~~~~~~~~~~~~~~~~~~~~~~~~~~~
hard-particle MC p_acc = 0.996475
Soft-core quenching p_acc = 0.217125
Final energy of stage 319  = 92.6217
Rad[0] = 0.0304321
rho_[319] = 0.581892
~~~~~~~~~~~~~~~~~~~~~~~~~~~~~~~~~~~~~~~
hard-particle MC p_acc = 0.99385
Soft-core quenching p_acc = 0.21635
Final energy of stage 320  = 92.6211
Rad[0] = 0.0304321
rho_[320] = 0.581893
~~~~~~~~~~~~~~~~~~~~~~~~~~~~~~~~~~~~~~~
hard-particle MC p_acc = 0.995675
Soft-core quenching p_acc = 0.20395
Final energy of stage 321  = 92.6207
Rad[0] = 0.0304321
rho_[321] = 0.581893
~~~~~~~~~~~~~~~~~~~~~~~~~~~~~~~~~~~~~~~
hard-particle MC p_acc = 0.9968
rad[0] = 0.0304323
packing density rho = 0.581902
Printing the final configuration now....
