Start packing
Number of distinct species, n_s = 
Number of growth stages, N_stage = 
Number of relax stages, N_relax = 
~~~~~~~~~~~~~~~~~~~~~~~~~~~~~~~~~~~~~~~~~~~~~
Number of cells for species 0, N_c[0] = 
~~~~~~~~~~~~~~~~~~~~~~~~~~~~~~~~~~~~~~~~~~~~~
Radius of cells for species 0, Rad[0] = 
~~~~~~~~~~~~~~~~~~~~~~~~~~~~~~~~~~~~~~~~~~~~~
Interaction range for species 0, Range[0] = 0.0282095
~~~~~~~~~~~~~~~~~~~~~~~~~~~~~~~~~~~~~~~~~~~~~
Growth rate [Rad -> (1+growth rate)*Rad], growth_rate = 
Trans_mod (in terms of boxlength), trans_mod =
Starting quench density, rho_start = 
Generate (0) or read (1) initial config, flag_config = 
Number of MC moves per particle at each stage, N_MC_particle = 
Length of grid cell, d0_cell = 
Generating initial configurations...
N_c[0] = 200
Reset interaction range for species 0, Range[0] = 0.132971
The total number of cells Ncell = 100
CellList(0,0) =  49  16  8 
CellList(1,0) =  196  19 
CellList(2,0) =  185  44 
CellList(3,0) =  83  11 
CellList(4,0) =  187  134  127 
CellList(5,0) =  121  47 
CellList(6,0) =  164  96  59 
CellList(7,0) =  154  103 
CellList(8,0) =  193  128 
CellList(9,0) =  153  58 
CellList(0,1) =  190  104 
CellList(1,1) =  137  108  57 
CellList(2,1) =  168  138 
CellList(3,1) =  112  31 
CellList(4,1) =  75 
CellList(5,1) =  156 
CellList(6,1) =  194  79 
CellList(7,1) =  126  87 
CellList(8,1) =  181  131 
CellList(9,1) =  167  81 
CellList(0,2) =  116 
CellList(1,2) =  93  38 
CellList(2,2) =  175  72 
CellList(3,2) =  159  27 
CellList(4,2) =  152  98  60  15 
CellList(5,2) =  115  20 
CellList(6,2) =  195  148  37 
CellList(7,2) =  84 
CellList(8,2) =  42  28  4 
CellList(9,2) =  135  55 
CellList(0,3) =  165  40 
CellList(1,3) =  99 
CellList(2,3) =  12 
CellList(3,3) =  64  30 
CellList(4,3) =  147  85 
CellList(5,3) =  180  80 
CellList(6,3) =  139 
CellList(7,3) =  182  67 
CellList(8,3) =  51 
CellList(9,3) =  100  76 
CellList(0,4) =  155 
CellList(1,4) =  149  18 
CellList(2,4) =  145  94  46 
CellList(3,4) =  69 
CellList(4,4) =  136  107  90 
CellList(5,4) =  199  179  162 
CellList(6,4) =  188  45 
CellList(7,4) =  124  114  5 
CellList(8,4) =  125  0 
CellList(9,4) =  74  39 
CellList(0,5) =  34  25 
CellList(1,5) =  111 
CellList(2,5) =  141  82  41 
CellList(3,5) =  184  132 
CellList(4,5) =  171 
CellList(5,5) =  86 
CellList(6,5) =  151  143  120 
CellList(7,5) =  95 
CellList(8,5) =  176  6 
CellList(9,5) =  61 
CellList(0,6) =  122  70 
CellList(1,6) =  157  78 
CellList(2,6) =  186  14 
CellList(3,6) =  9 
CellList(4,6) =  129  63 
CellList(5,6) =  177  97  2 
CellList(6,6) =  35  32 
CellList(7,6) =  118  106  21 
CellList(8,6) =  158  110 
CellList(9,6) =  169  113  53 
CellList(0,7) =  192  183  146 
CellList(1,7) =  117 
CellList(2,7) =  160 
CellList(3,7) =  161  89  50  1 
CellList(4,7) =  56 
CellList(5,7) =  142  62 
CellList(6,7) =  197  23 
CellList(7,7) =  174  13 
CellList(8,7) =  17  7 
CellList(9,7) =  150  54  33 
CellList(0,8) =  109 
CellList(1,8) =  88  73  52 
CellList(2,8) =  140  48 
CellList(3,8) =  36 
CellList(4,8) =  191  166  123 
CellList(5,8) =  178  101  26 
CellList(6,8) =  3 
CellList(7,8) =  144  29 
CellList(8,8) =  189  68 
CellList(9,8) =  130  105 
CellList(0,9) =  163  119 
CellList(1,9) =  77 
CellList(2,9) =  170  91  10 
CellList(3,9) =  92  71 
CellList(4,9) =  24 
CellList(5,9) =  173  43 
CellList(6,9) =  133 
CellList(7,9) =  65  22 
CellList(8,9) =  198  102  66 
CellList(9,9) =  172 
Initial energy of system E_init = 93.0669
hard-particle MC p_acc = 1
Rad[0] = 0.0263353
rho_[0] = 0.435768
~~~~~~~~~~~~~~~~~~~~~~~~~~~~~~~~~~~~~~~
hard-particle MC p_acc = 0.9995
Rad[0] = 0.02782
rho_[1] = 0.486288
~~~~~~~~~~~~~~~~~~~~~~~~~~~~~~~~~~~~~~~
hard-particle MC p_acc = 0.999075
Rad[0] = 0.0278697
rho_[2] = 0.488026
~~~~~~~~~~~~~~~~~~~~~~~~~~~~~~~~~~~~~~~
hard-particle MC p_acc = 0.999225
Rad[0] = 0.0278718
rho_[3] = 0.4881
~~~~~~~~~~~~~~~~~~~~~~~~~~~~~~~~~~~~~~~
hard-particle MC p_acc = 0.997075
Rad[0] = 0.0279215
rho_[4] = 0.489845
~~~~~~~~~~~~~~~~~~~~~~~~~~~~~~~~~~~~~~~
hard-particle MC p_acc = 0.997275
Rad[0] = 0.0279282
rho_[5] = 0.490078
~~~~~~~~~~~~~~~~~~~~~~~~~~~~~~~~~~~~~~~
hard-particle MC p_acc = 0.998175
Rad[0] = 0.027944
rho_[6] = 0.490632
~~~~~~~~~~~~~~~~~~~~~~~~~~~~~~~~~~~~~~~
hard-particle MC p_acc = 0.99665
Rad[0] = 0.027972
rho_[7] = 0.491618
~~~~~~~~~~~~~~~~~~~~~~~~~~~~~~~~~~~~~~~
hard-particle MC p_acc = 0.9978
Rad[0] = 0.0279878
rho_[8] = 0.492174
~~~~~~~~~~~~~~~~~~~~~~~~~~~~~~~~~~~~~~~
hard-particle MC p_acc = 0.99785
Rad[0] = 0.0279894
rho_[9] = 0.49223
~~~~~~~~~~~~~~~~~~~~~~~~~~~~~~~~~~~~~~~
hard-particle MC p_acc = 0.9981
Rad[0] = 0.0280394
rho_[10] = 0.49399
~~~~~~~~~~~~~~~~~~~~~~~~~~~~~~~~~~~~~~~
hard-particle MC p_acc = 0.997625
Rad[0] = 0.0280432
rho_[11] = 0.494122
~~~~~~~~~~~~~~~~~~~~~~~~~~~~~~~~~~~~~~~
hard-particle MC p_acc = 0.99625
Rad[0] = 0.0280482
rho_[12] = 0.494299
~~~~~~~~~~~~~~~~~~~~~~~~~~~~~~~~~~~~~~~
hard-particle MC p_acc = 0.997825
Rad[0] = 0.028115
rho_[13] = 0.496655
~~~~~~~~~~~~~~~~~~~~~~~~~~~~~~~~~~~~~~~
hard-particle MC p_acc = 0.996725
Rad[0] = 0.0281187
rho_[14] = 0.496789
~~~~~~~~~~~~~~~~~~~~~~~~~~~~~~~~~~~~~~~
hard-particle MC p_acc = 0.997725
Rad[0] = 0.028147
rho_[15] = 0.497787
~~~~~~~~~~~~~~~~~~~~~~~~~~~~~~~~~~~~~~~
hard-particle MC p_acc = 0.996175
Rad[0] = 0.028214
rho_[16] = 0.500161
~~~~~~~~~~~~~~~~~~~~~~~~~~~~~~~~~~~~~~~
hard-particle MC p_acc = 0.99705
Rad[0] = 0.0282644
rho_[17] = 0.501949
~~~~~~~~~~~~~~~~~~~~~~~~~~~~~~~~~~~~~~~
hard-particle MC p_acc = 0.99745
Rad[0] = 0.0282804
rho_[18] = 0.502516
~~~~~~~~~~~~~~~~~~~~~~~~~~~~~~~~~~~~~~~
hard-particle MC p_acc = 0.996975
Rad[0] = 0.0283088
rho_[19] = 0.503526
~~~~~~~~~~~~~~~~~~~~~~~~~~~~~~~~~~~~~~~
hard-particle MC p_acc = 0.995925
Rad[0] = 0.0283372
rho_[20] = 0.504538
~~~~~~~~~~~~~~~~~~~~~~~~~~~~~~~~~~~~~~~
hard-particle MC p_acc = 0.996525
Rad[0] = 0.0283388
rho_[21] = 0.504595
~~~~~~~~~~~~~~~~~~~~~~~~~~~~~~~~~~~~~~~
hard-particle MC p_acc = 0.993375
Rad[0] = 0.0283478
rho_[22] = 0.504916
~~~~~~~~~~~~~~~~~~~~~~~~~~~~~~~~~~~~~~~
hard-particle MC p_acc = 0.996275
Rad[0] = 0.0283763
rho_[23] = 0.505931
~~~~~~~~~~~~~~~~~~~~~~~~~~~~~~~~~~~~~~~
hard-particle MC p_acc = 0.997075
Rad[0] = 0.0284048
rho_[24] = 0.506948
~~~~~~~~~~~~~~~~~~~~~~~~~~~~~~~~~~~~~~~
hard-particle MC p_acc = 0.996
Rad[0] = 0.0284428
rho_[25] = 0.508307
~~~~~~~~~~~~~~~~~~~~~~~~~~~~~~~~~~~~~~~
hard-particle MC p_acc = 0.99735
Rad[0] = 0.0284432
rho_[26] = 0.50832
~~~~~~~~~~~~~~~~~~~~~~~~~~~~~~~~~~~~~~~
hard-particle MC p_acc = 0.996725
Rad[0] = 0.0284647
rho_[27] = 0.509087
~~~~~~~~~~~~~~~~~~~~~~~~~~~~~~~~~~~~~~~
hard-particle MC p_acc = 0.9953
Rad[0] = 0.0284807
rho_[28] = 0.509662
~~~~~~~~~~~~~~~~~~~~~~~~~~~~~~~~~~~~~~~
hard-particle MC p_acc = 0.99675
Rad[0] = 0.0284836
rho_[29] = 0.509765
~~~~~~~~~~~~~~~~~~~~~~~~~~~~~~~~~~~~~~~
hard-particle MC p_acc = 0.99675
Rad[0] = 0.0285345
rho_[30] = 0.511587
~~~~~~~~~~~~~~~~~~~~~~~~~~~~~~~~~~~~~~~
hard-particle MC p_acc = 0.9964
Rad[0] = 0.0285413
rho_[31] = 0.511831
~~~~~~~~~~~~~~~~~~~~~~~~~~~~~~~~~~~~~~~
hard-particle MC p_acc = 0.9981
Rad[0] = 0.0285429
rho_[32] = 0.511889
~~~~~~~~~~~~~~~~~~~~~~~~~~~~~~~~~~~~~~~
hard-particle MC p_acc = 0.99685
Rad[0] = 0.028543
rho_[33] = 0.511891
~~~~~~~~~~~~~~~~~~~~~~~~~~~~~~~~~~~~~~~
hard-particle MC p_acc = 0.99705
Rad[0] = 0.0285481
rho_[34] = 0.512074
~~~~~~~~~~~~~~~~~~~~~~~~~~~~~~~~~~~~~~~
hard-particle MC p_acc = 0.9949
Rad[0] = 0.0285767
rho_[35] = 0.513104
~~~~~~~~~~~~~~~~~~~~~~~~~~~~~~~~~~~~~~~
hard-particle MC p_acc = 0.995075
Rad[0] = 0.0285929
rho_[36] = 0.513684
~~~~~~~~~~~~~~~~~~~~~~~~~~~~~~~~~~~~~~~
hard-particle MC p_acc = 0.9955
Rad[0] = 0.0285945
rho_[37] = 0.513742
~~~~~~~~~~~~~~~~~~~~~~~~~~~~~~~~~~~~~~~
hard-particle MC p_acc = 0.99745
Rad[0] = 0.0285954
rho_[38] = 0.513774
~~~~~~~~~~~~~~~~~~~~~~~~~~~~~~~~~~~~~~~
hard-particle MC p_acc = 0.9948
Rad[0] = 0.0285976
rho_[39] = 0.513852
~~~~~~~~~~~~~~~~~~~~~~~~~~~~~~~~~~~~~~~
hard-particle MC p_acc = 0.99705
Rad[0] = 0.0285992
rho_[40] = 0.51391
~~~~~~~~~~~~~~~~~~~~~~~~~~~~~~~~~~~~~~~
hard-particle MC p_acc = 0.99685
Rad[0] = 0.0286013
rho_[41] = 0.513988
~~~~~~~~~~~~~~~~~~~~~~~~~~~~~~~~~~~~~~~
hard-particle MC p_acc = 0.9984
Rad[0] = 0.0286052
rho_[42] = 0.514125
~~~~~~~~~~~~~~~~~~~~~~~~~~~~~~~~~~~~~~~
hard-particle MC p_acc = 0.99635
Rad[0] = 0.0286173
rho_[43] = 0.514561
~~~~~~~~~~~~~~~~~~~~~~~~~~~~~~~~~~~~~~~
hard-particle MC p_acc = 0.9957
Rad[0] = 0.0286389
rho_[44] = 0.515337
~~~~~~~~~~~~~~~~~~~~~~~~~~~~~~~~~~~~~~~
hard-particle MC p_acc = 0.99735
Rad[0] = 0.0286457
rho_[45] = 0.515583
~~~~~~~~~~~~~~~~~~~~~~~~~~~~~~~~~~~~~~~
hard-particle MC p_acc = 0.996925
Rad[0] = 0.0286508
rho_[46] = 0.515767
~~~~~~~~~~~~~~~~~~~~~~~~~~~~~~~~~~~~~~~
hard-particle MC p_acc = 0.9956
Rad[0] = 0.028653
rho_[47] = 0.515845
~~~~~~~~~~~~~~~~~~~~~~~~~~~~~~~~~~~~~~~
hard-particle MC p_acc = 0.9963
Rad[0] = 0.0286621
rho_[48] = 0.516173
~~~~~~~~~~~~~~~~~~~~~~~~~~~~~~~~~~~~~~~
hard-particle MC p_acc = 0.99595
Rad[0] = 0.0286672
rho_[49] = 0.516357
~~~~~~~~~~~~~~~~~~~~~~~~~~~~~~~~~~~~~~~
hard-particle MC p_acc = 0.9947
Rad[0] = 0.0286834
rho_[50] = 0.516941
~~~~~~~~~~~~~~~~~~~~~~~~~~~~~~~~~~~~~~~
hard-particle MC p_acc = 0.995375
Rad[0] = 0.0286885
rho_[51] = 0.517126
~~~~~~~~~~~~~~~~~~~~~~~~~~~~~~~~~~~~~~~
hard-particle MC p_acc = 0.995975
Rad[0] = 0.0287047
rho_[52] = 0.517711
~~~~~~~~~~~~~~~~~~~~~~~~~~~~~~~~~~~~~~~
hard-particle MC p_acc = 0.9964
Rad[0] = 0.0287099
rho_[53] = 0.517896
~~~~~~~~~~~~~~~~~~~~~~~~~~~~~~~~~~~~~~~
hard-particle MC p_acc = 0.994075
Rad[0] = 0.0287782
rho_[54] = 0.520365
~~~~~~~~~~~~~~~~~~~~~~~~~~~~~~~~~~~~~~~
hard-particle MC p_acc = 0.992775
Rad[0] = 0.0288168
rho_[55] = 0.52176
~~~~~~~~~~~~~~~~~~~~~~~~~~~~~~~~~~~~~~~
hard-particle MC p_acc = 0.994425
Rad[0] = 0.0288236
rho_[56] = 0.522009
~~~~~~~~~~~~~~~~~~~~~~~~~~~~~~~~~~~~~~~
hard-particle MC p_acc = 0.994575
Rad[0] = 0.0288359
rho_[57] = 0.522451
~~~~~~~~~~~~~~~~~~~~~~~~~~~~~~~~~~~~~~~
hard-particle MC p_acc = 0.994525
Rad[0] = 0.028836
rho_[58] = 0.522457
~~~~~~~~~~~~~~~~~~~~~~~~~~~~~~~~~~~~~~~
hard-particle MC p_acc = 0.995
Rad[0] = 0.0288452
rho_[59] = 0.522789
~~~~~~~~~~~~~~~~~~~~~~~~~~~~~~~~~~~~~~~
hard-particle MC p_acc = 0.993825
Rad[0] = 0.0288615
rho_[60] = 0.52338
~~~~~~~~~~~~~~~~~~~~~~~~~~~~~~~~~~~~~~~
hard-particle MC p_acc = 0.993425
Rad[0] = 0.0288619
rho_[61] = 0.523394
~~~~~~~~~~~~~~~~~~~~~~~~~~~~~~~~~~~~~~~
hard-particle MC p_acc = 0.991825
Rad[0] = 0.0288648
rho_[62] = 0.523499
~~~~~~~~~~~~~~~~~~~~~~~~~~~~~~~~~~~~~~~
hard-particle MC p_acc = 0.99505
Rad[0] = 0.0288739
rho_[63] = 0.523832
~~~~~~~~~~~~~~~~~~~~~~~~~~~~~~~~~~~~~~~
hard-particle MC p_acc = 0.995525
Rad[0] = 0.0288903
rho_[64] = 0.524424
~~~~~~~~~~~~~~~~~~~~~~~~~~~~~~~~~~~~~~~
hard-particle MC p_acc = 0.994525
Rad[0] = 0.0288954
rho_[65] = 0.524612
~~~~~~~~~~~~~~~~~~~~~~~~~~~~~~~~~~~~~~~
hard-particle MC p_acc = 0.992925
Rad[0] = 0.0289118
rho_[66] = 0.525205
~~~~~~~~~~~~~~~~~~~~~~~~~~~~~~~~~~~~~~~
hard-particle MC p_acc = 0.994025
Rad[0] = 0.0289156
rho_[67] = 0.525346
~~~~~~~~~~~~~~~~~~~~~~~~~~~~~~~~~~~~~~~
hard-particle MC p_acc = 0.9953
Rad[0] = 0.0289673
rho_[68] = 0.527224
~~~~~~~~~~~~~~~~~~~~~~~~~~~~~~~~~~~~~~~
hard-particle MC p_acc = 0.99495
Rad[0] = 0.0289891
rho_[69] = 0.528019
~~~~~~~~~~~~~~~~~~~~~~~~~~~~~~~~~~~~~~~
hard-particle MC p_acc = 0.9921
Rad[0] = 0.0289983
rho_[70] = 0.528354
~~~~~~~~~~~~~~~~~~~~~~~~~~~~~~~~~~~~~~~
hard-particle MC p_acc = 0.993125
Rad[0] = 0.0289988
rho_[71] = 0.528373
~~~~~~~~~~~~~~~~~~~~~~~~~~~~~~~~~~~~~~~
hard-particle MC p_acc = 0.993225
Rad[0] = 0.0290027
rho_[72] = 0.528515
~~~~~~~~~~~~~~~~~~~~~~~~~~~~~~~~~~~~~~~
hard-particle MC p_acc = 0.994
Rad[0] = 0.0290191
rho_[73] = 0.529112
~~~~~~~~~~~~~~~~~~~~~~~~~~~~~~~~~~~~~~~
hard-particle MC p_acc = 0.9952
Rad[0] = 0.0290314
rho_[74] = 0.529561
~~~~~~~~~~~~~~~~~~~~~~~~~~~~~~~~~~~~~~~
hard-particle MC p_acc = 0.9952
Rad[0] = 0.0290478
rho_[75] = 0.53016
~~~~~~~~~~~~~~~~~~~~~~~~~~~~~~~~~~~~~~~
hard-particle MC p_acc = 0.994625
Rad[0] = 0.0290642
rho_[76] = 0.530759
~~~~~~~~~~~~~~~~~~~~~~~~~~~~~~~~~~~~~~~
hard-particle MC p_acc = 0.996
Rad[0] = 0.0290735
rho_[77] = 0.531096
~~~~~~~~~~~~~~~~~~~~~~~~~~~~~~~~~~~~~~~
hard-particle MC p_acc = 0.9952
Rad[0] = 0.0290742
rho_[78] = 0.531122
~~~~~~~~~~~~~~~~~~~~~~~~~~~~~~~~~~~~~~~
hard-particle MC p_acc = 0.994325
Rad[0] = 0.0290781
rho_[79] = 0.531264
~~~~~~~~~~~~~~~~~~~~~~~~~~~~~~~~~~~~~~~
hard-particle MC p_acc = 0.996175
Rad[0] = 0.0290945
rho_[80] = 0.531865
~~~~~~~~~~~~~~~~~~~~~~~~~~~~~~~~~~~~~~~
hard-particle MC p_acc = 0.99565
Rad[0] = 0.0291164
rho_[81] = 0.532666
~~~~~~~~~~~~~~~~~~~~~~~~~~~~~~~~~~~~~~~
hard-particle MC p_acc = 0.996125
Rad[0] = 0.0291257
rho_[82] = 0.533005
~~~~~~~~~~~~~~~~~~~~~~~~~~~~~~~~~~~~~~~
hard-particle MC p_acc = 0.9974
Rad[0] = 0.0291263
rho_[83] = 0.53303
~~~~~~~~~~~~~~~~~~~~~~~~~~~~~~~~~~~~~~~
hard-particle MC p_acc = 0.997725
Rad[0] = 0.0291356
rho_[84] = 0.533369
~~~~~~~~~~~~~~~~~~~~~~~~~~~~~~~~~~~~~~~
hard-particle MC p_acc = 0.997175
Rad[0] = 0.0291368
rho_[85] = 0.533415
~~~~~~~~~~~~~~~~~~~~~~~~~~~~~~~~~~~~~~~
hard-particle MC p_acc = 0.99405
Rad[0] = 0.0291492
rho_[86] = 0.533867
~~~~~~~~~~~~~~~~~~~~~~~~~~~~~~~~~~~~~~~
hard-particle MC p_acc = 0.9932
Rad[0] = 0.0291561
rho_[87] = 0.534121
~~~~~~~~~~~~~~~~~~~~~~~~~~~~~~~~~~~~~~~
hard-particle MC p_acc = 0.995925
Rad[0] = 0.02916
rho_[88] = 0.534265
~~~~~~~~~~~~~~~~~~~~~~~~~~~~~~~~~~~~~~~
hard-particle MC p_acc = 0.9941
Rad[0] = 0.0291603
rho_[89] = 0.534273
~~~~~~~~~~~~~~~~~~~~~~~~~~~~~~~~~~~~~~~
hard-particle MC p_acc = 0.99535
Rad[0] = 0.0291993
rho_[90] = 0.535705
~~~~~~~~~~~~~~~~~~~~~~~~~~~~~~~~~~~~~~~
hard-particle MC p_acc = 0.994525
Rad[0] = 0.0292158
rho_[91] = 0.53631
~~~~~~~~~~~~~~~~~~~~~~~~~~~~~~~~~~~~~~~
hard-particle MC p_acc = 0.991975
Rad[0] = 0.0292165
rho_[92] = 0.536336
~~~~~~~~~~~~~~~~~~~~~~~~~~~~~~~~~~~~~~~
hard-particle MC p_acc = 0.995025
Rad[0] = 0.029233
rho_[93] = 0.536942
~~~~~~~~~~~~~~~~~~~~~~~~~~~~~~~~~~~~~~~
hard-particle MC p_acc = 0.995225
Rad[0] = 0.029236
rho_[94] = 0.53705
~~~~~~~~~~~~~~~~~~~~~~~~~~~~~~~~~~~~~~~
hard-particle MC p_acc = 0.993825
Rad[0] = 0.0292389
rho_[95] = 0.537158
~~~~~~~~~~~~~~~~~~~~~~~~~~~~~~~~~~~~~~~
hard-particle MC p_acc = 0.996375
Rad[0] = 0.0292391
rho_[96] = 0.537166
~~~~~~~~~~~~~~~~~~~~~~~~~~~~~~~~~~~~~~~
hard-particle MC p_acc = 0.995975
Rad[0] = 0.0292515
rho_[97] = 0.537622
~~~~~~~~~~~~~~~~~~~~~~~~~~~~~~~~~~~~~~~
hard-particle MC p_acc = 0.996075
Rad[0] = 0.0292525
rho_[98] = 0.537656
~~~~~~~~~~~~~~~~~~~~~~~~~~~~~~~~~~~~~~~
hard-particle MC p_acc = 0.995925
Rad[0] = 0.0292745
rho_[99] = 0.538466
~~~~~~~~~~~~~~~~~~~~~~~~~~~~~~~~~~~~~~~
hard-particle MC p_acc = 0.9929
Rad[0] = 0.0293137
rho_[100] = 0.53991
~~~~~~~~~~~~~~~~~~~~~~~~~~~~~~~~~~~~~~~
hard-particle MC p_acc = 0.99365
Rad[0] = 0.0293149
rho_[101] = 0.539956
~~~~~~~~~~~~~~~~~~~~~~~~~~~~~~~~~~~~~~~
hard-particle MC p_acc = 0.994425
Rad[0] = 0.0293202
rho_[102] = 0.540149
~~~~~~~~~~~~~~~~~~~~~~~~~~~~~~~~~~~~~~~
hard-particle MC p_acc = 0.993375
Rad[0] = 0.0293295
rho_[103] = 0.540492
~~~~~~~~~~~~~~~~~~~~~~~~~~~~~~~~~~~~~~~
hard-particle MC p_acc = 0.992525
Rad[0] = 0.0293516
rho_[104] = 0.541307
~~~~~~~~~~~~~~~~~~~~~~~~~~~~~~~~~~~~~~~
hard-particle MC p_acc = 0.99315
Rad[0] = 0.0293586
rho_[105] = 0.541565
~~~~~~~~~~~~~~~~~~~~~~~~~~~~~~~~~~~~~~~
hard-particle MC p_acc = 0.99355
Rad[0] = 0.0293881
rho_[106] = 0.542653
~~~~~~~~~~~~~~~~~~~~~~~~~~~~~~~~~~~~~~~
hard-particle MC p_acc = 0.99725
Rad[0] = 0.0293898
rho_[107] = 0.542715
~~~~~~~~~~~~~~~~~~~~~~~~~~~~~~~~~~~~~~~
hard-particle MC p_acc = 0.99555
Rad[0] = 0.029395
rho_[108] = 0.542909
~~~~~~~~~~~~~~~~~~~~~~~~~~~~~~~~~~~~~~~
hard-particle MC p_acc = 0.995925
Rad[0] = 0.0294245
rho_[109] = 0.544
~~~~~~~~~~~~~~~~~~~~~~~~~~~~~~~~~~~~~~~
hard-particle MC p_acc = 0.99475
Rad[0] = 0.0294262
rho_[110] = 0.544062
~~~~~~~~~~~~~~~~~~~~~~~~~~~~~~~~~~~~~~~
hard-particle MC p_acc = 0.99605
Rad[0] = 0.0294387
rho_[111] = 0.544523
~~~~~~~~~~~~~~~~~~~~~~~~~~~~~~~~~~~~~~~
hard-particle MC p_acc = 0.99385
Rad[0] = 0.0294608
rho_[112] = 0.545344
~~~~~~~~~~~~~~~~~~~~~~~~~~~~~~~~~~~~~~~
hard-particle MC p_acc = 0.994325
Rad[0] = 0.0294638
rho_[113] = 0.545453
~~~~~~~~~~~~~~~~~~~~~~~~~~~~~~~~~~~~~~~
hard-particle MC p_acc = 0.9932
Rad[0] = 0.029486
rho_[114] = 0.546276
~~~~~~~~~~~~~~~~~~~~~~~~~~~~~~~~~~~~~~~
hard-particle MC p_acc = 0.9942
Rad[0] = 0.0295027
rho_[115] = 0.546893
~~~~~~~~~~~~~~~~~~~~~~~~~~~~~~~~~~~~~~~
hard-particle MC p_acc = 0.99315
Rad[0] = 0.0295097
rho_[116] = 0.547154
~~~~~~~~~~~~~~~~~~~~~~~~~~~~~~~~~~~~~~~
hard-particle MC p_acc = 0.994625
Rad[0] = 0.0295104
rho_[117] = 0.54718
~~~~~~~~~~~~~~~~~~~~~~~~~~~~~~~~~~~~~~~
hard-particle MC p_acc = 0.99485
Rad[0] = 0.0295109
rho_[118] = 0.5472
~~~~~~~~~~~~~~~~~~~~~~~~~~~~~~~~~~~~~~~
hard-particle MC p_acc = 0.994175
Rad[0] = 0.0295122
rho_[119] = 0.547246
~~~~~~~~~~~~~~~~~~~~~~~~~~~~~~~~~~~~~~~
hard-particle MC p_acc = 0.9926
Rad[0] = 0.0295131
rho_[120] = 0.547281
~~~~~~~~~~~~~~~~~~~~~~~~~~~~~~~~~~~~~~~
hard-particle MC p_acc = 0.994225
Rad[0] = 0.0295428
rho_[121] = 0.548381
~~~~~~~~~~~~~~~~~~~~~~~~~~~~~~~~~~~~~~~
hard-particle MC p_acc = 0.994225
Rad[0] = 0.0295444
rho_[122] = 0.548443
~~~~~~~~~~~~~~~~~~~~~~~~~~~~~~~~~~~~~~~
hard-particle MC p_acc = 0.995725
Rad[0] = 0.0295484
rho_[123] = 0.54859
~~~~~~~~~~~~~~~~~~~~~~~~~~~~~~~~~~~~~~~
hard-particle MC p_acc = 0.99405
Rad[0] = 0.0295514
rho_[124] = 0.5487
~~~~~~~~~~~~~~~~~~~~~~~~~~~~~~~~~~~~~~~
hard-particle MC p_acc = 0.99545
Rad[0] = 0.0295536
rho_[125] = 0.548783
~~~~~~~~~~~~~~~~~~~~~~~~~~~~~~~~~~~~~~~
hard-particle MC p_acc = 0.997575
Rad[0] = 0.0295932
rho_[126] = 0.550254
~~~~~~~~~~~~~~~~~~~~~~~~~~~~~~~~~~~~~~~
hard-particle MC p_acc = 0.994475
Rad[0] = 0.0295985
rho_[127] = 0.550451
~~~~~~~~~~~~~~~~~~~~~~~~~~~~~~~~~~~~~~~
hard-particle MC p_acc = 0.993375
Rad[0] = 0.0296024
rho_[128] = 0.550599
~~~~~~~~~~~~~~~~~~~~~~~~~~~~~~~~~~~~~~~
hard-particle MC p_acc = 0.994475
Rad[0] = 0.0296119
rho_[129] = 0.550949
~~~~~~~~~~~~~~~~~~~~~~~~~~~~~~~~~~~~~~~
hard-particle MC p_acc = 0.9946
Rad[0] = 0.0296342
rho_[130] = 0.551779
~~~~~~~~~~~~~~~~~~~~~~~~~~~~~~~~~~~~~~~
hard-particle MC p_acc = 0.99375
Rad[0] = 0.0296371
rho_[131] = 0.55189
~~~~~~~~~~~~~~~~~~~~~~~~~~~~~~~~~~~~~~~
hard-particle MC p_acc = 0.99425
Rad[0] = 0.0296442
rho_[132] = 0.552153
~~~~~~~~~~~~~~~~~~~~~~~~~~~~~~~~~~~~~~~
hard-particle MC p_acc = 0.992725
Rad[0] = 0.0296536
rho_[133] = 0.552504
~~~~~~~~~~~~~~~~~~~~~~~~~~~~~~~~~~~~~~~
hard-particle MC p_acc = 0.995825
Rad[0] = 0.0296542
rho_[134] = 0.552524
~~~~~~~~~~~~~~~~~~~~~~~~~~~~~~~~~~~~~~~
hard-particle MC p_acc = 0.995
Rad[0] = 0.0296667
rho_[135] = 0.552993
~~~~~~~~~~~~~~~~~~~~~~~~~~~~~~~~~~~~~~~
hard-particle MC p_acc = 0.992125
Rad[0] = 0.0296891
rho_[136] = 0.553826
~~~~~~~~~~~~~~~~~~~~~~~~~~~~~~~~~~~~~~~
hard-particle MC p_acc = 0.992575
Rad[0] = 0.0296903
rho_[137] = 0.553873
~~~~~~~~~~~~~~~~~~~~~~~~~~~~~~~~~~~~~~~
hard-particle MC p_acc = 0.99235
Rad[0] = 0.029691
rho_[138] = 0.553899
~~~~~~~~~~~~~~~~~~~~~~~~~~~~~~~~~~~~~~~
hard-particle MC p_acc = 0.991325
Rad[0] = 0.0297005
rho_[139] = 0.554252
~~~~~~~~~~~~~~~~~~~~~~~~~~~~~~~~~~~~~~~
hard-particle MC p_acc = 0.990725
Rad[0] = 0.0297045
rho_[140] = 0.5544
~~~~~~~~~~~~~~~~~~~~~~~~~~~~~~~~~~~~~~~
hard-particle MC p_acc = 0.99325
Rad[0] = 0.0297139
rho_[141] = 0.554753
~~~~~~~~~~~~~~~~~~~~~~~~~~~~~~~~~~~~~~~
hard-particle MC p_acc = 0.993
Rad[0] = 0.0297156
rho_[142] = 0.554816
~~~~~~~~~~~~~~~~~~~~~~~~~~~~~~~~~~~~~~~
hard-particle MC p_acc = 0.99555
Rad[0] = 0.029725
rho_[143] = 0.555168
~~~~~~~~~~~~~~~~~~~~~~~~~~~~~~~~~~~~~~~
hard-particle MC p_acc = 0.995625
Rad[0] = 0.0297304
rho_[144] = 0.555367
~~~~~~~~~~~~~~~~~~~~~~~~~~~~~~~~~~~~~~~
hard-particle MC p_acc = 0.995225
Rad[0] = 0.0297357
rho_[145] = 0.555565
~~~~~~~~~~~~~~~~~~~~~~~~~~~~~~~~~~~~~~~
hard-particle MC p_acc = 0.994375
Rad[0] = 0.0297483
rho_[146] = 0.556036
~~~~~~~~~~~~~~~~~~~~~~~~~~~~~~~~~~~~~~~
hard-particle MC p_acc = 0.995025
Rad[0] = 0.0297577
rho_[147] = 0.55639
~~~~~~~~~~~~~~~~~~~~~~~~~~~~~~~~~~~~~~~
hard-particle MC p_acc = 0.992575
Rad[0] = 0.0297594
rho_[148] = 0.556453
~~~~~~~~~~~~~~~~~~~~~~~~~~~~~~~~~~~~~~~
hard-particle MC p_acc = 0.994775
Rad[0] = 0.0297611
rho_[149] = 0.556516
~~~~~~~~~~~~~~~~~~~~~~~~~~~~~~~~~~~~~~~
hard-particle MC p_acc = 0.994125
Rad[0] = 0.0297737
rho_[150] = 0.556988
~~~~~~~~~~~~~~~~~~~~~~~~~~~~~~~~~~~~~~~
hard-particle MC p_acc = 0.993
Rad[0] = 0.0297905
rho_[151] = 0.557617
~~~~~~~~~~~~~~~~~~~~~~~~~~~~~~~~~~~~~~~
hard-particle MC p_acc = 0.9958
Rad[0] = 0.0297907
rho_[152] = 0.557626
~~~~~~~~~~~~~~~~~~~~~~~~~~~~~~~~~~~~~~~
hard-particle MC p_acc = 0.994525
Rad[0] = 0.0298034
rho_[153] = 0.558098
~~~~~~~~~~~~~~~~~~~~~~~~~~~~~~~~~~~~~~~
hard-particle MC p_acc = 0.9916
Rad[0] = 0.0298074
rho_[154] = 0.558248
~~~~~~~~~~~~~~~~~~~~~~~~~~~~~~~~~~~~~~~
hard-particle MC p_acc = 0.991675
Rad[0] = 0.0298242
rho_[155] = 0.558879
~~~~~~~~~~~~~~~~~~~~~~~~~~~~~~~~~~~~~~~
hard-particle MC p_acc = 0.99415
Rad[0] = 0.0298249
rho_[156] = 0.558906
~~~~~~~~~~~~~~~~~~~~~~~~~~~~~~~~~~~~~~~
hard-particle MC p_acc = 0.996475
Rad[0] = 0.0298344
rho_[157] = 0.559261
~~~~~~~~~~~~~~~~~~~~~~~~~~~~~~~~~~~~~~~
hard-particle MC p_acc = 0.993975
Rad[0] = 0.0298513
rho_[158] = 0.559893
~~~~~~~~~~~~~~~~~~~~~~~~~~~~~~~~~~~~~~~
hard-particle MC p_acc = 0.9942
Rad[0] = 0.0298738
rho_[159] = 0.560737
~~~~~~~~~~~~~~~~~~~~~~~~~~~~~~~~~~~~~~~
hard-particle MC p_acc = 0.993075
Rad[0] = 0.029876
rho_[160] = 0.560822
~~~~~~~~~~~~~~~~~~~~~~~~~~~~~~~~~~~~~~~
hard-particle MC p_acc = 0.993875
Rad[0] = 0.0298929
rho_[161] = 0.561456
~~~~~~~~~~~~~~~~~~~~~~~~~~~~~~~~~~~~~~~
hard-particle MC p_acc = 0.99185
Rad[0] = 0.0299229
rho_[162] = 0.562584
~~~~~~~~~~~~~~~~~~~~~~~~~~~~~~~~~~~~~~~
hard-particle MC p_acc = 0.991925
Rad[0] = 0.0299283
rho_[163] = 0.562786
~~~~~~~~~~~~~~~~~~~~~~~~~~~~~~~~~~~~~~~
hard-particle MC p_acc = 0.99115
Rad[0] = 0.0299378
rho_[164] = 0.563143
~~~~~~~~~~~~~~~~~~~~~~~~~~~~~~~~~~~~~~~
hard-particle MC p_acc = 0.9909
Rad[0] = 0.0299449
rho_[165] = 0.563412
~~~~~~~~~~~~~~~~~~~~~~~~~~~~~~~~~~~~~~~
hard-particle MC p_acc = 0.994825
Rad[0] = 0.0299489
rho_[166] = 0.563563
~~~~~~~~~~~~~~~~~~~~~~~~~~~~~~~~~~~~~~~
hard-particle MC p_acc = 0.991675
Rad[0] = 0.0299519
rho_[167] = 0.563676
~~~~~~~~~~~~~~~~~~~~~~~~~~~~~~~~~~~~~~~
hard-particle MC p_acc = 0.9957
Rad[0] = 0.0299532
rho_[168] = 0.563724
~~~~~~~~~~~~~~~~~~~~~~~~~~~~~~~~~~~~~~~
hard-particle MC p_acc = 0.99495
Rad[0] = 0.0299537
rho_[169] = 0.563744
~~~~~~~~~~~~~~~~~~~~~~~~~~~~~~~~~~~~~~~
hard-particle MC p_acc = 0.996425
Rad[0] = 0.0299578
rho_[170] = 0.563896
~~~~~~~~~~~~~~~~~~~~~~~~~~~~~~~~~~~~~~~
hard-particle MC p_acc = 0.9941
Rad[0] = 0.0299631
rho_[171] = 0.564097
~~~~~~~~~~~~~~~~~~~~~~~~~~~~~~~~~~~~~~~
hard-particle MC p_acc = 0.993975
Rad[0] = 0.0299685
rho_[172] = 0.564299
~~~~~~~~~~~~~~~~~~~~~~~~~~~~~~~~~~~~~~~
hard-particle MC p_acc = 0.99475
Rad[0] = 0.0299692
rho_[173] = 0.564326
~~~~~~~~~~~~~~~~~~~~~~~~~~~~~~~~~~~~~~~
hard-particle MC p_acc = 0.99305
Rad[0] = 0.0299918
rho_[174] = 0.565176
~~~~~~~~~~~~~~~~~~~~~~~~~~~~~~~~~~~~~~~
hard-particle MC p_acc = 0.9905
Rad[0] = 0.0299958
rho_[175] = 0.565328
~~~~~~~~~~~~~~~~~~~~~~~~~~~~~~~~~~~~~~~
hard-particle MC p_acc = 0.99505
Rad[0] = 0.0299963
rho_[176] = 0.565348
~~~~~~~~~~~~~~~~~~~~~~~~~~~~~~~~~~~~~~~
hard-particle MC p_acc = 0.99475
Rad[0] = 0.029998
rho_[177] = 0.565412
~~~~~~~~~~~~~~~~~~~~~~~~~~~~~~~~~~~~~~~
hard-particle MC p_acc = 0.9927
Rad[0] = 0.0300107
rho_[178] = 0.565892
~~~~~~~~~~~~~~~~~~~~~~~~~~~~~~~~~~~~~~~
hard-particle MC p_acc = 0.992575
Rad[0] = 0.0300235
rho_[179] = 0.566371
~~~~~~~~~~~~~~~~~~~~~~~~~~~~~~~~~~~~~~~
hard-particle MC p_acc = 0.991775
Rad[0] = 0.0300275
rho_[180] = 0.566523
~~~~~~~~~~~~~~~~~~~~~~~~~~~~~~~~~~~~~~~
hard-particle MC p_acc = 0.991425
Rad[0] = 0.0300315
rho_[181] = 0.566675
~~~~~~~~~~~~~~~~~~~~~~~~~~~~~~~~~~~~~~~
hard-particle MC p_acc = 0.989275
Rad[0] = 0.0300369
rho_[182] = 0.566878
~~~~~~~~~~~~~~~~~~~~~~~~~~~~~~~~~~~~~~~
hard-particle MC p_acc = 0.99105
Rad[0] = 0.0300496
rho_[183] = 0.567358
~~~~~~~~~~~~~~~~~~~~~~~~~~~~~~~~~~~~~~~
hard-particle MC p_acc = 0.98835
Rad[0] = 0.0300503
rho_[184] = 0.567385
~~~~~~~~~~~~~~~~~~~~~~~~~~~~~~~~~~~~~~~
hard-particle MC p_acc = 0.99155
Rad[0] = 0.030073
rho_[185] = 0.568241
~~~~~~~~~~~~~~~~~~~~~~~~~~~~~~~~~~~~~~~
hard-particle MC p_acc = 0.991525
Rad[0] = 0.03009
rho_[186] = 0.568883
~~~~~~~~~~~~~~~~~~~~~~~~~~~~~~~~~~~~~~~
hard-particle MC p_acc = 0.993325
Rad[0] = 0.0301202
rho_[187] = 0.570027
~~~~~~~~~~~~~~~~~~~~~~~~~~~~~~~~~~~~~~~
hard-particle MC p_acc = 0.992875
Rad[0] = 0.0301225
rho_[188] = 0.570113
~~~~~~~~~~~~~~~~~~~~~~~~~~~~~~~~~~~~~~~
hard-particle MC p_acc = 0.992725
Rad[0] = 0.0301255
rho_[189] = 0.570227
~~~~~~~~~~~~~~~~~~~~~~~~~~~~~~~~~~~~~~~
hard-particle MC p_acc = 0.99545
Rad[0] = 0.0301327
rho_[190] = 0.570499
~~~~~~~~~~~~~~~~~~~~~~~~~~~~~~~~~~~~~~~
hard-particle MC p_acc = 0.991525
Rad[0] = 0.0301329
rho_[191] = 0.570508
~~~~~~~~~~~~~~~~~~~~~~~~~~~~~~~~~~~~~~~
hard-particle MC p_acc = 0.99375
Rad[0] = 0.0301383
rho_[192] = 0.570712
~~~~~~~~~~~~~~~~~~~~~~~~~~~~~~~~~~~~~~~
hard-particle MC p_acc = 0.990925
Rad[0] = 0.0301423
rho_[193] = 0.570865
~~~~~~~~~~~~~~~~~~~~~~~~~~~~~~~~~~~~~~~
hard-particle MC p_acc = 0.991525
Rad[0] = 0.030165
rho_[194] = 0.571725
~~~~~~~~~~~~~~~~~~~~~~~~~~~~~~~~~~~~~~~
hard-particle MC p_acc = 0.994875
Rad[0] = 0.0301681
rho_[195] = 0.57184
~~~~~~~~~~~~~~~~~~~~~~~~~~~~~~~~~~~~~~~
hard-particle MC p_acc = 0.99315
Rad[0] = 0.0301721
rho_[196] = 0.571994
~~~~~~~~~~~~~~~~~~~~~~~~~~~~~~~~~~~~~~~
hard-particle MC p_acc = 0.9919
Rad[0] = 0.0301849
rho_[197] = 0.572479
~~~~~~~~~~~~~~~~~~~~~~~~~~~~~~~~~~~~~~~
hard-particle MC p_acc = 0.992275
Rad[0] = 0.0301854
rho_[198] = 0.572499
~~~~~~~~~~~~~~~~~~~~~~~~~~~~~~~~~~~~~~~
hard-particle MC p_acc = 0.9904
Rad[0] = 0.0301926
rho_[199] = 0.572772
~~~~~~~~~~~~~~~~~~~~~~~~~~~~~~~~~~~~~~~
hard-particle MC p_acc = 0.993325
Rad[0] = 0.0301949
rho_[200] = 0.572858
~~~~~~~~~~~~~~~~~~~~~~~~~~~~~~~~~~~~~~~
hard-particle MC p_acc = 0.993325
Rad[0] = 0.0301962
rho_[201] = 0.572907
~~~~~~~~~~~~~~~~~~~~~~~~~~~~~~~~~~~~~~~
hard-particle MC p_acc = 0.991575
Rad[0] = 0.0302133
rho_[202] = 0.573555
~~~~~~~~~~~~~~~~~~~~~~~~~~~~~~~~~~~~~~~
hard-particle MC p_acc = 0.98965
Rad[0] = 0.0302163
rho_[203] = 0.57367
~~~~~~~~~~~~~~~~~~~~~~~~~~~~~~~~~~~~~~~
hard-particle MC p_acc = 0.99285
Rad[0] = 0.0302235
rho_[204] = 0.573944
~~~~~~~~~~~~~~~~~~~~~~~~~~~~~~~~~~~~~~~
hard-particle MC p_acc = 0.99015
Rad[0] = 0.030224
rho_[205] = 0.573964
~~~~~~~~~~~~~~~~~~~~~~~~~~~~~~~~~~~~~~~
hard-particle MC p_acc = 0.994275
Rad[0] = 0.0302257
rho_[206] = 0.574029
~~~~~~~~~~~~~~~~~~~~~~~~~~~~~~~~~~~~~~~
hard-particle MC p_acc = 0.992125
Rad[0] = 0.0302329
rho_[207] = 0.574303
~~~~~~~~~~~~~~~~~~~~~~~~~~~~~~~~~~~~~~~
hard-particle MC p_acc = 0.993025
Rad[0] = 0.030233
rho_[208] = 0.574306
~~~~~~~~~~~~~~~~~~~~~~~~~~~~~~~~~~~~~~~
hard-particle MC p_acc = 0.995175
Rad[0] = 0.0302459
rho_[209] = 0.574793
~~~~~~~~~~~~~~~~~~~~~~~~~~~~~~~~~~~~~~~
hard-particle MC p_acc = 0.991275
Rad[0] = 0.0302481
rho_[210] = 0.57488
~~~~~~~~~~~~~~~~~~~~~~~~~~~~~~~~~~~~~~~
hard-particle MC p_acc = 0.99085
Rad[0] = 0.0302652
rho_[211] = 0.57553
~~~~~~~~~~~~~~~~~~~~~~~~~~~~~~~~~~~~~~~
hard-particle MC p_acc = 0.993275
Rad[0] = 0.0302683
rho_[212] = 0.575646
~~~~~~~~~~~~~~~~~~~~~~~~~~~~~~~~~~~~~~~
hard-particle MC p_acc = 0.993775
Rad[0] = 0.0302685
rho_[213] = 0.575654
~~~~~~~~~~~~~~~~~~~~~~~~~~~~~~~~~~~~~~~
hard-particle MC p_acc = 0.992975
Rad[0] = 0.0302781
rho_[214] = 0.57602
~~~~~~~~~~~~~~~~~~~~~~~~~~~~~~~~~~~~~~~
hard-particle MC p_acc = 0.994525
Rad[0] = 0.0302804
rho_[215] = 0.576107
~~~~~~~~~~~~~~~~~~~~~~~~~~~~~~~~~~~~~~~
hard-particle MC p_acc = 0.99255
Rad[0] = 0.03029
rho_[216] = 0.576473
~~~~~~~~~~~~~~~~~~~~~~~~~~~~~~~~~~~~~~~
hard-particle MC p_acc = 0.992675
Rad[0] = 0.0302923
rho_[217] = 0.57656
~~~~~~~~~~~~~~~~~~~~~~~~~~~~~~~~~~~~~~~
hard-particle MC p_acc = 0.9962
Rad[0] = 0.0303151
rho_[218] = 0.577429
~~~~~~~~~~~~~~~~~~~~~~~~~~~~~~~~~~~~~~~
hard-particle MC p_acc = 0.9957
Rad[0] = 0.0303206
rho_[219] = 0.577636
~~~~~~~~~~~~~~~~~~~~~~~~~~~~~~~~~~~~~~~
hard-particle MC p_acc = 0.99335
Rad[0] = 0.0303302
rho_[220] = 0.578003
~~~~~~~~~~~~~~~~~~~~~~~~~~~~~~~~~~~~~~~
hard-particle MC p_acc = 0.99515
Rad[0] = 0.0303303
rho_[221] = 0.578008
~~~~~~~~~~~~~~~~~~~~~~~~~~~~~~~~~~~~~~~
hard-particle MC p_acc = 0.992075
Rad[0] = 0.0303532
rho_[222] = 0.578879
~~~~~~~~~~~~~~~~~~~~~~~~~~~~~~~~~~~~~~~
hard-particle MC p_acc = 0.992825
Rad[0] = 0.0303534
rho_[223] = 0.578888
~~~~~~~~~~~~~~~~~~~~~~~~~~~~~~~~~~~~~~~
hard-particle MC p_acc = 0.994
Rad[0] = 0.0303763
rho_[224] = 0.579761
~~~~~~~~~~~~~~~~~~~~~~~~~~~~~~~~~~~~~~~
hard-particle MC p_acc = 0.9951
Soft-core quenching p_acc = 0.50775
Final energy of stage 225  = 92.9524
Rad[0] = 0.0303934
rho_[225] = 0.580416
~~~~~~~~~~~~~~~~~~~~~~~~~~~~~~~~~~~~~~~
hard-particle MC p_acc = 0.99065
Soft-core quenching p_acc = 0.51125
Final energy of stage 226  = 92.8757
Rad[0] = 0.0303934
rho_[226] = 0.580416
~~~~~~~~~~~~~~~~~~~~~~~~~~~~~~~~~~~~~~~
hard-particle MC p_acc = 0.984175
Soft-core quenching p_acc = 0.513725
Final energy of stage 227  = 92.8249
Rad[0] = 0.0303935
rho_[227] = 0.58042
~~~~~~~~~~~~~~~~~~~~~~~~~~~~~~~~~~~~~~~
hard-particle MC p_acc = 0.985475
Soft-core quenching p_acc = 0.513175
Final energy of stage 228  = 92.7925
Rad[0] = 0.0303937
rho_[228] = 0.580427
~~~~~~~~~~~~~~~~~~~~~~~~~~~~~~~~~~~~~~~
hard-particle MC p_acc = 0.9847
Soft-core quenching p_acc = 0.50165
Final energy of stage 229  = 92.772
Rad[0] = 0.0303939
rho_[229] = 0.580433
~~~~~~~~~~~~~~~~~~~~~~~~~~~~~~~~~~~~~~~
hard-particle MC p_acc = 0.987125
Soft-core quenching p_acc = 0.493825
Final energy of stage 230  = 92.7592
Rad[0] = 0.030394
rho_[230] = 0.580437
~~~~~~~~~~~~~~~~~~~~~~~~~~~~~~~~~~~~~~~
hard-particle MC p_acc = 0.98865
Soft-core quenching p_acc = 0.478375
Final energy of stage 231  = 92.7507
Rad[0] = 0.0303942
rho_[231] = 0.580446
~~~~~~~~~~~~~~~~~~~~~~~~~~~~~~~~~~~~~~~
hard-particle MC p_acc = 0.989475
Soft-core quenching p_acc = 0.460925
Final energy of stage 232  = 92.7444
Rad[0] = 0.0303944
rho_[232] = 0.580452
~~~~~~~~~~~~~~~~~~~~~~~~~~~~~~~~~~~~~~~
hard-particle MC p_acc = 0.992675
Soft-core quenching p_acc = 0.454925
Final energy of stage 233  = 92.739
Rad[0] = 0.0303944
rho_[233] = 0.580453
~~~~~~~~~~~~~~~~~~~~~~~~~~~~~~~~~~~~~~~
hard-particle MC p_acc = 0.994425
Soft-core quenching p_acc = 0.4479
Final energy of stage 234  = 92.734
Rad[0] = 0.0303949
rho_[234] = 0.580473
~~~~~~~~~~~~~~~~~~~~~~~~~~~~~~~~~~~~~~~
hard-particle MC p_acc = 0.995125
Soft-core quenching p_acc = 0.4361
Final energy of stage 235  = 92.7295
Rad[0] = 0.0303972
rho_[235] = 0.580561
~~~~~~~~~~~~~~~~~~~~~~~~~~~~~~~~~~~~~~~
hard-particle MC p_acc = 0.995375
Soft-core quenching p_acc = 0.429625
Final energy of stage 236  = 92.7255
Rad[0] = 0.0303975
rho_[236] = 0.58057
~~~~~~~~~~~~~~~~~~~~~~~~~~~~~~~~~~~~~~~
hard-particle MC p_acc = 0.99645
Soft-core quenching p_acc = 0.412375
Final energy of stage 237  = 92.7218
Rad[0] = 0.0303979
rho_[237] = 0.580585
~~~~~~~~~~~~~~~~~~~~~~~~~~~~~~~~~~~~~~~
hard-particle MC p_acc = 0.995875
Soft-core quenching p_acc = 0.40995
Final energy of stage 238  = 92.7187
Rad[0] = 0.0303992
rho_[238] = 0.580635
~~~~~~~~~~~~~~~~~~~~~~~~~~~~~~~~~~~~~~~
hard-particle MC p_acc = 0.9965
Soft-core quenching p_acc = 0.4111
Final energy of stage 239  = 92.7158
Rad[0] = 0.0304001
rho_[239] = 0.580672
~~~~~~~~~~~~~~~~~~~~~~~~~~~~~~~~~~~~~~~
hard-particle MC p_acc = 0.9963
Soft-core quenching p_acc = 0.386125
Final energy of stage 240  = 92.7134
Rad[0] = 0.0304002
rho_[240] = 0.580673
~~~~~~~~~~~~~~~~~~~~~~~~~~~~~~~~~~~~~~~
hard-particle MC p_acc = 0.993
Soft-core quenching p_acc = 0.38165
Final energy of stage 241  = 92.7114
Rad[0] = 0.0304019
rho_[241] = 0.580739
~~~~~~~~~~~~~~~~~~~~~~~~~~~~~~~~~~~~~~~
hard-particle MC p_acc = 0.996475
Soft-core quenching p_acc = 0.3828
Final energy of stage 242  = 92.7097
Rad[0] = 0.030402
rho_[242] = 0.580742
~~~~~~~~~~~~~~~~~~~~~~~~~~~~~~~~~~~~~~~
hard-particle MC p_acc = 0.99675
Soft-core quenching p_acc = 0.387225
Final energy of stage 243  = 92.708
Rad[0] = 0.0304027
rho_[243] = 0.58077
~~~~~~~~~~~~~~~~~~~~~~~~~~~~~~~~~~~~~~~
hard-particle MC p_acc = 0.99425
Soft-core quenching p_acc = 0.366875
Final energy of stage 244  = 92.7065
Rad[0] = 0.0304028
rho_[244] = 0.580773
~~~~~~~~~~~~~~~~~~~~~~~~~~~~~~~~~~~~~~~
hard-particle MC p_acc = 0.9954
Soft-core quenching p_acc = 0.34745
Final energy of stage 245  = 92.7053
Rad[0] = 0.0304033
rho_[245] = 0.580794
~~~~~~~~~~~~~~~~~~~~~~~~~~~~~~~~~~~~~~~
hard-particle MC p_acc = 0.9954
Soft-core quenching p_acc = 0.3368
Final energy of stage 246  = 92.7041
Rad[0] = 0.0304034
rho_[246] = 0.580795
~~~~~~~~~~~~~~~~~~~~~~~~~~~~~~~~~~~~~~~
hard-particle MC p_acc = 0.993475
Soft-core quenching p_acc = 0.32805
Final energy of stage 247  = 92.7031
Rad[0] = 0.0304036
rho_[247] = 0.580804
~~~~~~~~~~~~~~~~~~~~~~~~~~~~~~~~~~~~~~~
hard-particle MC p_acc = 0.995125
Soft-core quenching p_acc = 0.323925
Final energy of stage 248  = 92.7022
Rad[0] = 0.0304036
rho_[248] = 0.580805
~~~~~~~~~~~~~~~~~~~~~~~~~~~~~~~~~~~~~~~
hard-particle MC p_acc = 0.99
Soft-core quenching p_acc = 0.3278
Final energy of stage 249  = 92.7014
Rad[0] = 0.0304037
rho_[249] = 0.580808
~~~~~~~~~~~~~~~~~~~~~~~~~~~~~~~~~~~~~~~
hard-particle MC p_acc = 0.993375
Soft-core quenching p_acc = 0.327475
Final energy of stage 250  = 92.7006
Rad[0] = 0.0304041
rho_[250] = 0.580824
~~~~~~~~~~~~~~~~~~~~~~~~~~~~~~~~~~~~~~~
hard-particle MC p_acc = 0.9953
Soft-core quenching p_acc = 0.330875
Final energy of stage 251  = 92.6997
Rad[0] = 0.0304044
rho_[251] = 0.580836
~~~~~~~~~~~~~~~~~~~~~~~~~~~~~~~~~~~~~~~
hard-particle MC p_acc = 0.994125
Soft-core quenching p_acc = 0.321625
Final energy of stage 252  = 92.6988
Rad[0] = 0.0304044
rho_[252] = 0.580836
~~~~~~~~~~~~~~~~~~~~~~~~~~~~~~~~~~~~~~~
hard-particle MC p_acc = 0.99445
Soft-core quenching p_acc = 0.318575
Final energy of stage 253  = 92.698
Rad[0] = 0.0304045
rho_[253] = 0.58084
~~~~~~~~~~~~~~~~~~~~~~~~~~~~~~~~~~~~~~~
hard-particle MC p_acc = 0.9951
Soft-core quenching p_acc = 0.32025
Final energy of stage 254  = 92.6971
Rad[0] = 0.0304053
rho_[254] = 0.580868
~~~~~~~~~~~~~~~~~~~~~~~~~~~~~~~~~~~~~~~
hard-particle MC p_acc = 0.99685
Soft-core quenching p_acc = 0.310925
Final energy of stage 255  = 92.6963
Rad[0] = 0.0304053
rho_[255] = 0.58087
~~~~~~~~~~~~~~~~~~~~~~~~~~~~~~~~~~~~~~~
hard-particle MC p_acc = 0.99615
Soft-core quenching p_acc = 0.31845
Final energy of stage 256  = 92.6954
Rad[0] = 0.0304056
rho_[256] = 0.580882
~~~~~~~~~~~~~~~~~~~~~~~~~~~~~~~~~~~~~~~
hard-particle MC p_acc = 0.994
Soft-core quenching p_acc = 0.318725
Final energy of stage 257  = 92.6946
Rad[0] = 0.0304057
rho_[257] = 0.580884
~~~~~~~~~~~~~~~~~~~~~~~~~~~~~~~~~~~~~~~
hard-particle MC p_acc = 0.99525
Soft-core quenching p_acc = 0.32265
Final energy of stage 258  = 92.6937
Rad[0] = 0.0304057
rho_[258] = 0.580884
~~~~~~~~~~~~~~~~~~~~~~~~~~~~~~~~~~~~~~~
hard-particle MC p_acc = 0.9946
Soft-core quenching p_acc = 0.31
Final energy of stage 259  = 92.6929
Rad[0] = 0.0304057
rho_[259] = 0.580886
~~~~~~~~~~~~~~~~~~~~~~~~~~~~~~~~~~~~~~~
hard-particle MC p_acc = 0.996125
Soft-core quenching p_acc = 0.307225
Final energy of stage 260  = 92.6921
Rad[0] = 0.0304058
rho_[260] = 0.580888
~~~~~~~~~~~~~~~~~~~~~~~~~~~~~~~~~~~~~~~
hard-particle MC p_acc = 0.994825
Soft-core quenching p_acc = 0.30745
Final energy of stage 261  = 92.6913
Rad[0] = 0.030406
rho_[261] = 0.580895
~~~~~~~~~~~~~~~~~~~~~~~~~~~~~~~~~~~~~~~
hard-particle MC p_acc = 0.99535
Soft-core quenching p_acc = 0.314225
Final energy of stage 262  = 92.6905
Rad[0] = 0.0304065
rho_[262] = 0.580915
~~~~~~~~~~~~~~~~~~~~~~~~~~~~~~~~~~~~~~~
hard-particle MC p_acc = 0.9945
Soft-core quenching p_acc = 0.3252
Final energy of stage 263  = 92.6896
Rad[0] = 0.0304068
rho_[263] = 0.580927
~~~~~~~~~~~~~~~~~~~~~~~~~~~~~~~~~~~~~~~
hard-particle MC p_acc = 0.996675
Soft-core quenching p_acc = 0.3227
Final energy of stage 264  = 92.6887
Rad[0] = 0.030407
rho_[264] = 0.580936
~~~~~~~~~~~~~~~~~~~~~~~~~~~~~~~~~~~~~~~
hard-particle MC p_acc = 0.994925
Soft-core quenching p_acc = 0.3112
Final energy of stage 265  = 92.6878
Rad[0] = 0.0304073
rho_[265] = 0.580948
~~~~~~~~~~~~~~~~~~~~~~~~~~~~~~~~~~~~~~~
hard-particle MC p_acc = 0.996025
Soft-core quenching p_acc = 0.318175
Final energy of stage 266  = 92.6869
Rad[0] = 0.0304074
rho_[266] = 0.580949
~~~~~~~~~~~~~~~~~~~~~~~~~~~~~~~~~~~~~~~
hard-particle MC p_acc = 0.9972
Soft-core quenching p_acc = 0.31725
Final energy of stage 267  = 92.6861
Rad[0] = 0.0304074
rho_[267] = 0.58095
~~~~~~~~~~~~~~~~~~~~~~~~~~~~~~~~~~~~~~~
hard-particle MC p_acc = 0.996075
Soft-core quenching p_acc = 0.31615
Final energy of stage 268  = 92.6852
Rad[0] = 0.0304075
rho_[268] = 0.580955
~~~~~~~~~~~~~~~~~~~~~~~~~~~~~~~~~~~~~~~
hard-particle MC p_acc = 0.998075
Soft-core quenching p_acc = 0.3211
Final energy of stage 269  = 92.6842
Rad[0] = 0.030408
rho_[269] = 0.580971
~~~~~~~~~~~~~~~~~~~~~~~~~~~~~~~~~~~~~~~
hard-particle MC p_acc = 0.9988
Soft-core quenching p_acc = 0.31785
Final energy of stage 270  = 92.6834
Rad[0] = 0.0304089
rho_[270] = 0.581008
~~~~~~~~~~~~~~~~~~~~~~~~~~~~~~~~~~~~~~~
hard-particle MC p_acc = 0.998425
Soft-core quenching p_acc = 0.304925
Final energy of stage 271  = 92.6824
Rad[0] = 0.030409
rho_[271] = 0.581011
~~~~~~~~~~~~~~~~~~~~~~~~~~~~~~~~~~~~~~~
hard-particle MC p_acc = 0.99795
Soft-core quenching p_acc = 0.3055
Final energy of stage 272  = 92.6814
Rad[0] = 0.0304094
rho_[272] = 0.581027
~~~~~~~~~~~~~~~~~~~~~~~~~~~~~~~~~~~~~~~
hard-particle MC p_acc = 0.995425
Soft-core quenching p_acc = 0.308725
Final energy of stage 273  = 92.6804
Rad[0] = 0.0304101
rho_[273] = 0.581055
~~~~~~~~~~~~~~~~~~~~~~~~~~~~~~~~~~~~~~~
hard-particle MC p_acc = 0.997025
Soft-core quenching p_acc = 0.311325
Final energy of stage 274  = 92.6793
Rad[0] = 0.0304102
rho_[274] = 0.581058
~~~~~~~~~~~~~~~~~~~~~~~~~~~~~~~~~~~~~~~
hard-particle MC p_acc = 0.994975
Soft-core quenching p_acc = 0.300825
Final energy of stage 275  = 92.6783
Rad[0] = 0.0304112
rho_[275] = 0.581095
~~~~~~~~~~~~~~~~~~~~~~~~~~~~~~~~~~~~~~~
hard-particle MC p_acc = 0.9973
Soft-core quenching p_acc = 0.300175
Final energy of stage 276  = 92.6773
Rad[0] = 0.0304114
rho_[276] = 0.581102
~~~~~~~~~~~~~~~~~~~~~~~~~~~~~~~~~~~~~~~
hard-particle MC p_acc = 0.998075
Soft-core quenching p_acc = 0.296425
Final energy of stage 277  = 92.6763
Rad[0] = 0.0304121
rho_[277] = 0.58113
~~~~~~~~~~~~~~~~~~~~~~~~~~~~~~~~~~~~~~~
hard-particle MC p_acc = 0.996675
Soft-core quenching p_acc = 0.28635
Final energy of stage 278  = 92.6753
Rad[0] = 0.0304122
rho_[278] = 0.581135
~~~~~~~~~~~~~~~~~~~~~~~~~~~~~~~~~~~~~~~
hard-particle MC p_acc = 0.99435
Soft-core quenching p_acc = 0.2925
Final energy of stage 279  = 92.6743
Rad[0] = 0.0304123
rho_[279] = 0.581137
~~~~~~~~~~~~~~~~~~~~~~~~~~~~~~~~~~~~~~~
hard-particle MC p_acc = 0.996675
Soft-core quenching p_acc = 0.292375
Final energy of stage 280  = 92.6731
Rad[0] = 0.0304126
rho_[280] = 0.581149
~~~~~~~~~~~~~~~~~~~~~~~~~~~~~~~~~~~~~~~
hard-particle MC p_acc = 0.9969
Soft-core quenching p_acc = 0.280375
Final energy of stage 281  = 92.6722
Rad[0] = 0.0304128
rho_[281] = 0.581156
~~~~~~~~~~~~~~~~~~~~~~~~~~~~~~~~~~~~~~~
hard-particle MC p_acc = 0.99775
Soft-core quenching p_acc = 0.279975
Final energy of stage 282  = 92.6713
Rad[0] = 0.0304132
rho_[282] = 0.581171
~~~~~~~~~~~~~~~~~~~~~~~~~~~~~~~~~~~~~~~
hard-particle MC p_acc = 0.996175
Soft-core quenching p_acc = 0.2713
Final energy of stage 283  = 92.6704
Rad[0] = 0.0304135
rho_[283] = 0.581183
~~~~~~~~~~~~~~~~~~~~~~~~~~~~~~~~~~~~~~~
hard-particle MC p_acc = 0.9966
Soft-core quenching p_acc = 0.279425
Final energy of stage 284  = 92.6695
Rad[0] = 0.0304166
rho_[284] = 0.5813
~~~~~~~~~~~~~~~~~~~~~~~~~~~~~~~~~~~~~~~
hard-particle MC p_acc = 0.9973
Soft-core quenching p_acc = 0.2727
Final energy of stage 285  = 92.6686
Rad[0] = 0.030417
rho_[285] = 0.581315
~~~~~~~~~~~~~~~~~~~~~~~~~~~~~~~~~~~~~~~
hard-particle MC p_acc = 0.997
Soft-core quenching p_acc = 0.279825
Final energy of stage 286  = 92.6677
Rad[0] = 0.0304171
rho_[286] = 0.58132
~~~~~~~~~~~~~~~~~~~~~~~~~~~~~~~~~~~~~~~
hard-particle MC p_acc = 0.9982
Soft-core quenching p_acc = 0.278225
Final energy of stage 287  = 92.6667
Rad[0] = 0.0304172
rho_[287] = 0.581324
~~~~~~~~~~~~~~~~~~~~~~~~~~~~~~~~~~~~~~~
hard-particle MC p_acc = 0.9988
Soft-core quenching p_acc = 0.279425
Final energy of stage 288  = 92.6659
Rad[0] = 0.0304195
rho_[288] = 0.581412
~~~~~~~~~~~~~~~~~~~~~~~~~~~~~~~~~~~~~~~
hard-particle MC p_acc = 0.998775
Soft-core quenching p_acc = 0.29445
Final energy of stage 289  = 92.665
Rad[0] = 0.0304196
rho_[289] = 0.581415
~~~~~~~~~~~~~~~~~~~~~~~~~~~~~~~~~~~~~~~
hard-particle MC p_acc = 0.99955
Soft-core quenching p_acc = 0.29395
Final energy of stage 290  = 92.6641
Rad[0] = 0.0304198
rho_[290] = 0.581422
~~~~~~~~~~~~~~~~~~~~~~~~~~~~~~~~~~~~~~~
hard-particle MC p_acc = 0.998725
Soft-core quenching p_acc = 0.27835
Final energy of stage 291  = 92.6633
Rad[0] = 0.0304228
rho_[291] = 0.581539
~~~~~~~~~~~~~~~~~~~~~~~~~~~~~~~~~~~~~~~
hard-particle MC p_acc = 0.99855
Soft-core quenching p_acc = 0.2493
Final energy of stage 292  = 92.6626
Rad[0] = 0.0304229
rho_[292] = 0.581541
~~~~~~~~~~~~~~~~~~~~~~~~~~~~~~~~~~~~~~~
hard-particle MC p_acc = 0.99775
Soft-core quenching p_acc = 0.236325
Final energy of stage 293  = 92.662
Rad[0] = 0.0304283
rho_[293] = 0.581749
~~~~~~~~~~~~~~~~~~~~~~~~~~~~~~~~~~~~~~~
hard-particle MC p_acc = 0.999175
Soft-core quenching p_acc = 0.216475
Final energy of stage 294  = 92.6615
Rad[0] = 0.0304289
rho_[294] = 0.58177
~~~~~~~~~~~~~~~~~~~~~~~~~~~~~~~~~~~~~~~
hard-particle MC p_acc = 0.99935
Soft-core quenching p_acc = 0.2227
Final energy of stage 295  = 92.661
Rad[0] = 0.0304298
rho_[295] = 0.581807
~~~~~~~~~~~~~~~~~~~~~~~~~~~~~~~~~~~~~~~
hard-particle MC p_acc = 0.9987
Soft-core quenching p_acc = 0.22035
Final energy of stage 296  = 92.6604
Rad[0] = 0.0304299
rho_[296] = 0.581811
~~~~~~~~~~~~~~~~~~~~~~~~~~~~~~~~~~~~~~~
hard-particle MC p_acc = 0.999225
Soft-core quenching p_acc = 0.209775
Final energy of stage 297  = 92.66
Rad[0] = 0.03043
rho_[297] = 0.581814
~~~~~~~~~~~~~~~~~~~~~~~~~~~~~~~~~~~~~~~
hard-particle MC p_acc = 0.99885
Soft-core quenching p_acc = 0.20335
Final energy of stage 298  = 92.6595
Rad[0] = 0.030431
rho_[298] = 0.581851
~~~~~~~~~~~~~~~~~~~~~~~~~~~~~~~~~~~~~~~
hard-particle MC p_acc = 0.99895
Soft-core quenching p_acc = 0.204175
Final energy of stage 299  = 92.659
Rad[0] = 0.0304314
rho_[299] = 0.581867
~~~~~~~~~~~~~~~~~~~~~~~~~~~~~~~~~~~~~~~
hard-particle MC p_acc = 0.99895
Soft-core quenching p_acc = 0.228525
Final energy of stage 300  = 92.6584
Rad[0] = 0.0304315
rho_[300] = 0.581871
~~~~~~~~~~~~~~~~~~~~~~~~~~~~~~~~~~~~~~~
hard-particle MC p_acc = 0.999175
Soft-core quenching p_acc = 0.208525
Final energy of stage 301  = 92.6579
Rad[0] = 0.0304316
rho_[301] = 0.581876
~~~~~~~~~~~~~~~~~~~~~~~~~~~~~~~~~~~~~~~
hard-particle MC p_acc = 0.998825
Soft-core quenching p_acc = 0.2221
Final energy of stage 302  = 92.6572
Rad[0] = 0.0304316
rho_[302] = 0.581876
~~~~~~~~~~~~~~~~~~~~~~~~~~~~~~~~~~~~~~~
hard-particle MC p_acc = 0.99915
Soft-core quenching p_acc = 0.212625
Final energy of stage 303  = 92.6567
Rad[0] = 0.0304319
rho_[303] = 0.581888
~~~~~~~~~~~~~~~~~~~~~~~~~~~~~~~~~~~~~~~
hard-particle MC p_acc = 0.9975
Soft-core quenching p_acc = 0.206
Final energy of stage 304  = 92.6562
Rad[0] = 0.0304322
rho_[304] = 0.581896
~~~~~~~~~~~~~~~~~~~~~~~~~~~~~~~~~~~~~~~
hard-particle MC p_acc = 0.999275
Soft-core quenching p_acc = 0.2036
Final energy of stage 305  = 92.6557
Rad[0] = 0.0304323
rho_[305] = 0.581903
~~~~~~~~~~~~~~~~~~~~~~~~~~~~~~~~~~~~~~~
hard-particle MC p_acc = 0.99905
Soft-core quenching p_acc = 0.196675
Final energy of stage 306  = 92.6552
Rad[0] = 0.0304324
rho_[306] = 0.581905
~~~~~~~~~~~~~~~~~~~~~~~~~~~~~~~~~~~~~~~
hard-particle MC p_acc = 0.99895
Soft-core quenching p_acc = 0.201875
Final energy of stage 307  = 92.6547
Rad[0] = 0.0304326
rho_[307] = 0.581914
~~~~~~~~~~~~~~~~~~~~~~~~~~~~~~~~~~~~~~~
hard-particle MC p_acc = 0.9992
Soft-core quenching p_acc = 0.20635
Final energy of stage 308  = 92.6542
Rad[0] = 0.0304329
rho_[308] = 0.581923
~~~~~~~~~~~~~~~~~~~~~~~~~~~~~~~~~~~~~~~
hard-particle MC p_acc = 0.9978
Soft-core quenching p_acc = 0.221525
Final energy of stage 309  = 92.6535
Rad[0] = 0.0304329
rho_[309] = 0.581924
~~~~~~~~~~~~~~~~~~~~~~~~~~~~~~~~~~~~~~~
hard-particle MC p_acc = 0.99775
Soft-core quenching p_acc = 0.2266
Final energy of stage 310  = 92.653
Rad[0] = 0.0304336
rho_[310] = 0.581952
~~~~~~~~~~~~~~~~~~~~~~~~~~~~~~~~~~~~~~~
hard-particle MC p_acc = 0.999025
Soft-core quenching p_acc = 0.2303
Final energy of stage 311  = 92.6524
Rad[0] = 0.0304338
rho_[311] = 0.581958
~~~~~~~~~~~~~~~~~~~~~~~~~~~~~~~~~~~~~~~
hard-particle MC p_acc = 0.999275
Soft-core quenching p_acc = 0.233075
Final energy of stage 312  = 92.6518
Rad[0] = 0.0304342
rho_[312] = 0.581974
~~~~~~~~~~~~~~~~~~~~~~~~~~~~~~~~~~~~~~~
hard-particle MC p_acc = 0.99855
Soft-core quenching p_acc = 0.2242
Final energy of stage 313  = 92.6512
Rad[0] = 0.0304349
rho_[313] = 0.582002
~~~~~~~~~~~~~~~~~~~~~~~~~~~~~~~~~~~~~~~
hard-particle MC p_acc = 0.998625
Soft-core quenching p_acc = 0.238825
Final energy of stage 314  = 92.6505
Rad[0] = 0.030435
rho_[314] = 0.582006
~~~~~~~~~~~~~~~~~~~~~~~~~~~~~~~~~~~~~~~
hard-particle MC p_acc = 0.99785
Soft-core quenching p_acc = 0.244675
Final energy of stage 315  = 92.6498
Rad[0] = 0.0304355
rho_[315] = 0.582022
~~~~~~~~~~~~~~~~~~~~~~~~~~~~~~~~~~~~~~~
hard-particle MC p_acc = 0.999075
Soft-core quenching p_acc = 0.24075
Final energy of stage 316  = 92.6491
Rad[0] = 0.0304362
rho_[316] = 0.58205
~~~~~~~~~~~~~~~~~~~~~~~~~~~~~~~~~~~~~~~
hard-particle MC p_acc = 0.998475
Soft-core quenching p_acc = 0.257775
Final energy of stage 317  = 92.6484
Rad[0] = 0.0304379
rho_[317] = 0.582116
~~~~~~~~~~~~~~~~~~~~~~~~~~~~~~~~~~~~~~~
hard-particle MC p_acc = 0.997875
Soft-core quenching p_acc = 0.26075
Final energy of stage 318  = 92.6477
Rad[0] = 0.0304389
rho_[318] = 0.582153
~~~~~~~~~~~~~~~~~~~~~~~~~~~~~~~~~~~~~~~
hard-particle MC p_acc = 0.9985
Soft-core quenching p_acc = 0.250375
Final energy of stage 319  = 92.647
Rad[0] = 0.0304485
rho_[319] = 0.582523
~~~~~~~~~~~~~~~~~~~~~~~~~~~~~~~~~~~~~~~
hard-particle MC p_acc = 0.998775
Soft-core quenching p_acc = 0.24485
Final energy of stage 320  = 92.6464
Rad[0] = 0.0304508
rho_[320] = 0.582611
~~~~~~~~~~~~~~~~~~~~~~~~~~~~~~~~~~~~~~~
hard-particle MC p_acc = 0.997725
Soft-core quenching p_acc = 0.240725
Final energy of stage 321  = 92.6458
Rad[0] = 0.0304539
rho_[321] = 0.582728
~~~~~~~~~~~~~~~~~~~~~~~~~~~~~~~~~~~~~~~
hard-particle MC p_acc = 0.998025
Soft-core quenching p_acc = 0.2259
Final energy of stage 322  = 92.6451
Rad[0] = 0.0304546
rho_[322] = 0.582756
~~~~~~~~~~~~~~~~~~~~~~~~~~~~~~~~~~~~~~~
hard-particle MC p_acc = 0.99775
Soft-core quenching p_acc = 0.21645
Final energy of stage 323  = 92.6445
Rad[0] = 0.0304577
rho_[323] = 0.582873
~~~~~~~~~~~~~~~~~~~~~~~~~~~~~~~~~~~~~~~
hard-particle MC p_acc = 0.997825
Soft-core quenching p_acc = 0.20155
Final energy of stage 324  = 92.644
Rad[0] = 0.0304578
rho_[324] = 0.582877
~~~~~~~~~~~~~~~~~~~~~~~~~~~~~~~~~~~~~~~
hard-particle MC p_acc = 0.997425
Soft-core quenching p_acc = 0.20775
Final energy of stage 325  = 92.6434
Rad[0] = 0.030458
rho_[325] = 0.582885
~~~~~~~~~~~~~~~~~~~~~~~~~~~~~~~~~~~~~~~
hard-particle MC p_acc = 0.998675
rad[0] = 0.0304587
packing density rho = 0.582913
Printing the final configuration now....
