Start packing
Number of distinct species, n_s = 
Number of growth stages, N_stage = 
Number of relax stages, N_relax = 
~~~~~~~~~~~~~~~~~~~~~~~~~~~~~~~~~~~~~~~~~~~~~
Number of cells for species 0, N_c[0] = 
~~~~~~~~~~~~~~~~~~~~~~~~~~~~~~~~~~~~~~~~~~~~~
Radius of cells for species 0, Rad[0] = 
~~~~~~~~~~~~~~~~~~~~~~~~~~~~~~~~~~~~~~~~~~~~~
Interaction range for species 0, Range[0] = 0.0282095
~~~~~~~~~~~~~~~~~~~~~~~~~~~~~~~~~~~~~~~~~~~~~
Growth rate [Rad -> (1+growth rate)*Rad], growth_rate = 
Trans_mod (in terms of boxlength), trans_mod =
Starting quench density, rho_start = 
Generate (0) or read (1) initial config, flag_config = 
Number of MC moves per particle at each stage, N_MC_particle = 
Length of grid cell, d0_cell = 
Generating initial configurations...
N_c[0] = 200
Reset interaction range for species 0, Range[0] = 0.132971
The total number of cells Ncell = 100
CellList(0,0) =  83  43 
CellList(1,0) =  56 
CellList(2,0) =  198  177  152 
CellList(3,0) =  136  107  33 
CellList(4,0) =  191  104  39 
CellList(5,0) =  99  98  80 
CellList(6,0) =  72 
CellList(7,0) =  142  113 
CellList(8,0) =  190  150 
CellList(9,0) =  85 
CellList(0,1) =  120  41 
CellList(1,1) =  49 
CellList(2,1) =  143  126 
CellList(3,1) =  141  29 
CellList(4,1) =  101 
CellList(5,1) =  165  77 
CellList(6,1) =  192  139  31 
CellList(7,1) =  105 
CellList(8,1) =  106 
CellList(9,1) =  189  35 
CellList(0,2) =  96  53 
CellList(1,2) =  195  148  140 
CellList(2,2) =  153  45 
CellList(3,2) =  169  157  92  57 
CellList(4,2) =  146  63 
CellList(5,2) =  129 
CellList(6,2) =  1 
CellList(7,2) =  121  112  30 
CellList(8,2) =  65  55 
CellList(9,2) =  183  137  128 
CellList(0,3) =  133  122 
CellList(1,3) =  166  108 
CellList(2,3) = 
CellList(3,3) =  149  132  15 
CellList(4,3) =  64 
CellList(5,3) =  103  32 
CellList(6,3) =  67  3 
CellList(7,3) =  196  10 
CellList(8,3) =  151  118  14 
CellList(9,3) =  13 
CellList(0,4) =  54 
CellList(1,4) =  185  95  7 
CellList(2,4) =  199  187  144 
CellList(3,4) =  119  102 
CellList(4,4) =  100  61 
CellList(5,4) =  182  123 
CellList(6,4) =  173  145 
CellList(7,4) =  125  6 
CellList(8,4) =  93  76 
CellList(9,4) =  178  81 
CellList(0,5) =  135  82 
CellList(1,5) =  155  147 
CellList(2,5) =  161  78  8 
CellList(3,5) =  131 
CellList(4,5) =  91  58  40 
CellList(5,5) =  156  134 
CellList(6,5) =  9 
CellList(7,5) =  168  90 
CellList(8,5) =  26 
CellList(9,5) =  175  97  87 
CellList(0,6) =  127 
CellList(1,6) =  197  115 
CellList(2,6) =  88  75  34 
CellList(3,6) =  188  171  79 
CellList(4,6) =  89  20 
CellList(5,6) =  186  24 
CellList(6,6) =  73  69 
CellList(7,6) =  130  17 
CellList(8,6) =  181  18 
CellList(9,6) =  167  138 
CellList(0,7) =  117  50  37 
CellList(1,7) =  159  23 
CellList(2,7) =  42 
CellList(3,7) =  68  11 
CellList(4,7) =  86  2 
CellList(5,7) =  179  109 
CellList(6,7) =  180  25 
CellList(7,7) =  74  19 
CellList(8,7) =  46 
CellList(9,7) =  60 
CellList(0,8) =  62 
CellList(1,8) =  21  0 
CellList(2,8) =  158 
CellList(3,8) =  94  47 
CellList(4,8) =  116  84 
CellList(5,8) =  174  28  16 
CellList(6,8) =  160  111 
CellList(7,8) =  184  36 
CellList(8,8) =  164  66  38 
CellList(9,8) =  176  44 
CellList(0,9) =  124  71 
CellList(1,9) =  193  172  5 
CellList(2,9) =  12 
CellList(3,9) =  194  27 
CellList(4,9) =  170  22 
CellList(5,9) =  51 
CellList(6,9) =  163  110  59 
CellList(7,9) =  114  48 
CellList(8,9) =  162  70  52 
CellList(9,9) =  154  4 
Initial energy of system E_init = 93.0763
hard-particle MC p_acc = 0.99955
Rad[0] = 0.0280135
rho_[0] = 0.493079
~~~~~~~~~~~~~~~~~~~~~~~~~~~~~~~~~~~~~~~
hard-particle MC p_acc = 0.9989
Rad[0] = 0.0280347
rho_[1] = 0.493822
~~~~~~~~~~~~~~~~~~~~~~~~~~~~~~~~~~~~~~~
hard-particle MC p_acc = 0.9995
Rad[0] = 0.0280628
rho_[2] = 0.494814
~~~~~~~~~~~~~~~~~~~~~~~~~~~~~~~~~~~~~~~
hard-particle MC p_acc = 0.995725
Rad[0] = 0.0281816
rho_[3] = 0.499012
~~~~~~~~~~~~~~~~~~~~~~~~~~~~~~~~~~~~~~~
hard-particle MC p_acc = 0.995925
Rad[0] = 0.0282487
rho_[4] = 0.501392
~~~~~~~~~~~~~~~~~~~~~~~~~~~~~~~~~~~~~~~
hard-particle MC p_acc = 0.99615
Rad[0] = 0.0282771
rho_[5] = 0.5024
~~~~~~~~~~~~~~~~~~~~~~~~~~~~~~~~~~~~~~~
hard-particle MC p_acc = 0.997525
Rad[0] = 0.0282861
rho_[6] = 0.502719
~~~~~~~~~~~~~~~~~~~~~~~~~~~~~~~~~~~~~~~
hard-particle MC p_acc = 0.99605
Rad[0] = 0.0283366
rho_[7] = 0.504516
~~~~~~~~~~~~~~~~~~~~~~~~~~~~~~~~~~~~~~~
hard-particle MC p_acc = 0.994225
Rad[0] = 0.0283404
rho_[8] = 0.504651
~~~~~~~~~~~~~~~~~~~~~~~~~~~~~~~~~~~~~~~
hard-particle MC p_acc = 0.9973
Rad[0] = 0.0283425
rho_[9] = 0.504728
~~~~~~~~~~~~~~~~~~~~~~~~~~~~~~~~~~~~~~~
hard-particle MC p_acc = 0.995975
Rad[0] = 0.0283441
rho_[10] = 0.504785
~~~~~~~~~~~~~~~~~~~~~~~~~~~~~~~~~~~~~~~
hard-particle MC p_acc = 0.996375
Rad[0] = 0.0283479
rho_[11] = 0.50492
~~~~~~~~~~~~~~~~~~~~~~~~~~~~~~~~~~~~~~~
hard-particle MC p_acc = 0.994975
Rad[0] = 0.0283517
rho_[12] = 0.505055
~~~~~~~~~~~~~~~~~~~~~~~~~~~~~~~~~~~~~~~
hard-particle MC p_acc = 0.995925
Rad[0] = 0.0283637
rho_[13] = 0.505484
~~~~~~~~~~~~~~~~~~~~~~~~~~~~~~~~~~~~~~~
hard-particle MC p_acc = 0.996275
Rad[0] = 0.0283641
rho_[14] = 0.505497
~~~~~~~~~~~~~~~~~~~~~~~~~~~~~~~~~~~~~~~
hard-particle MC p_acc = 0.995925
Rad[0] = 0.028367
rho_[15] = 0.505599
~~~~~~~~~~~~~~~~~~~~~~~~~~~~~~~~~~~~~~~
hard-particle MC p_acc = 0.99705
Rad[0] = 0.0283677
rho_[16] = 0.505623
~~~~~~~~~~~~~~~~~~~~~~~~~~~~~~~~~~~~~~~
hard-particle MC p_acc = 0.99695
Rad[0] = 0.0283962
rho_[17] = 0.506639
~~~~~~~~~~~~~~~~~~~~~~~~~~~~~~~~~~~~~~~
hard-particle MC p_acc = 0.99585
Rad[0] = 0.0284012
rho_[18] = 0.50682
~~~~~~~~~~~~~~~~~~~~~~~~~~~~~~~~~~~~~~~
hard-particle MC p_acc = 0.993775
Rad[0] = 0.0284063
rho_[19] = 0.507002
~~~~~~~~~~~~~~~~~~~~~~~~~~~~~~~~~~~~~~~
hard-particle MC p_acc = 0.994925
Rad[0] = 0.0284183
rho_[20] = 0.507431
~~~~~~~~~~~~~~~~~~~~~~~~~~~~~~~~~~~~~~~
hard-particle MC p_acc = 0.9957
Rad[0] = 0.0284189
rho_[21] = 0.50745
~~~~~~~~~~~~~~~~~~~~~~~~~~~~~~~~~~~~~~~
hard-particle MC p_acc = 0.997075
Rad[0] = 0.0284227
rho_[22] = 0.507586
~~~~~~~~~~~~~~~~~~~~~~~~~~~~~~~~~~~~~~~
hard-particle MC p_acc = 0.9956
Rad[0] = 0.0284387
rho_[23] = 0.50816
~~~~~~~~~~~~~~~~~~~~~~~~~~~~~~~~~~~~~~~
hard-particle MC p_acc = 0.99615
Rad[0] = 0.0284548
rho_[24] = 0.508734
~~~~~~~~~~~~~~~~~~~~~~~~~~~~~~~~~~~~~~~
hard-particle MC p_acc = 0.99555
Rad[0] = 0.0284669
rho_[25] = 0.509165
~~~~~~~~~~~~~~~~~~~~~~~~~~~~~~~~~~~~~~~
hard-particle MC p_acc = 0.995525
Rad[0] = 0.028469
rho_[26] = 0.509242
~~~~~~~~~~~~~~~~~~~~~~~~~~~~~~~~~~~~~~~
hard-particle MC p_acc = 0.9969
Rad[0] = 0.0284702
rho_[27] = 0.509285
~~~~~~~~~~~~~~~~~~~~~~~~~~~~~~~~~~~~~~~
hard-particle MC p_acc = 0.998125
Rad[0] = 0.0284711
rho_[28] = 0.509318
~~~~~~~~~~~~~~~~~~~~~~~~~~~~~~~~~~~~~~~
hard-particle MC p_acc = 0.99735
Rad[0] = 0.0284926
rho_[29] = 0.510085
~~~~~~~~~~~~~~~~~~~~~~~~~~~~~~~~~~~~~~~
hard-particle MC p_acc = 0.9977
Rad[0] = 0.0284977
rho_[30] = 0.510268
~~~~~~~~~~~~~~~~~~~~~~~~~~~~~~~~~~~~~~~
hard-particle MC p_acc = 0.9972
Rad[0] = 0.0285263
rho_[31] = 0.511293
~~~~~~~~~~~~~~~~~~~~~~~~~~~~~~~~~~~~~~~
hard-particle MC p_acc = 0.995875
Rad[0] = 0.0285478
rho_[32] = 0.512064
~~~~~~~~~~~~~~~~~~~~~~~~~~~~~~~~~~~~~~~
hard-particle MC p_acc = 0.99605
Rad[0] = 0.0285599
rho_[33] = 0.512498
~~~~~~~~~~~~~~~~~~~~~~~~~~~~~~~~~~~~~~~
hard-particle MC p_acc = 0.995875
Rad[0] = 0.028569
rho_[34] = 0.512824
~~~~~~~~~~~~~~~~~~~~~~~~~~~~~~~~~~~~~~~
hard-particle MC p_acc = 0.99555
Rad[0] = 0.0285976
rho_[35] = 0.513855
~~~~~~~~~~~~~~~~~~~~~~~~~~~~~~~~~~~~~~~
hard-particle MC p_acc = 0.99545
Rad[0] = 0.0286192
rho_[36] = 0.514629
~~~~~~~~~~~~~~~~~~~~~~~~~~~~~~~~~~~~~~~
hard-particle MC p_acc = 0.99565
Rad[0] = 0.0286479
rho_[37] = 0.515664
~~~~~~~~~~~~~~~~~~~~~~~~~~~~~~~~~~~~~~~
hard-particle MC p_acc = 0.9964
Rad[0] = 0.0286548
rho_[38] = 0.51591
~~~~~~~~~~~~~~~~~~~~~~~~~~~~~~~~~~~~~~~
hard-particle MC p_acc = 0.99505
Rad[0] = 0.0286557
rho_[39] = 0.515943
~~~~~~~~~~~~~~~~~~~~~~~~~~~~~~~~~~~~~~~
hard-particle MC p_acc = 0.995575
Rad[0] = 0.0286678
rho_[40] = 0.51638
~~~~~~~~~~~~~~~~~~~~~~~~~~~~~~~~~~~~~~~
hard-particle MC p_acc = 0.9956
Rad[0] = 0.0286769
rho_[41] = 0.516708
~~~~~~~~~~~~~~~~~~~~~~~~~~~~~~~~~~~~~~~
hard-particle MC p_acc = 0.995925
Rad[0] = 0.0286985
rho_[42] = 0.517487
~~~~~~~~~~~~~~~~~~~~~~~~~~~~~~~~~~~~~~~
hard-particle MC p_acc = 0.9966
Rad[0] = 0.0287148
rho_[43] = 0.518072
~~~~~~~~~~~~~~~~~~~~~~~~~~~~~~~~~~~~~~~
hard-particle MC p_acc = 0.99495
Rad[0] = 0.0287216
rho_[44] = 0.518319
~~~~~~~~~~~~~~~~~~~~~~~~~~~~~~~~~~~~~~~
hard-particle MC p_acc = 0.9958
Rad[0] = 0.0287267
rho_[45] = 0.518505
~~~~~~~~~~~~~~~~~~~~~~~~~~~~~~~~~~~~~~~
hard-particle MC p_acc = 0.9941
Rad[0] = 0.0287296
rho_[46] = 0.518609
~~~~~~~~~~~~~~~~~~~~~~~~~~~~~~~~~~~~~~~
hard-particle MC p_acc = 0.996275
Rad[0] = 0.0287513
rho_[47] = 0.519391
~~~~~~~~~~~~~~~~~~~~~~~~~~~~~~~~~~~~~~~
hard-particle MC p_acc = 0.995875
Rad[0] = 0.0287581
rho_[48] = 0.519638
~~~~~~~~~~~~~~~~~~~~~~~~~~~~~~~~~~~~~~~
hard-particle MC p_acc = 0.996625
Rad[0] = 0.0287798
rho_[49] = 0.520421
~~~~~~~~~~~~~~~~~~~~~~~~~~~~~~~~~~~~~~~
hard-particle MC p_acc = 0.99435
Rad[0] = 0.0287867
rho_[50] = 0.52067
~~~~~~~~~~~~~~~~~~~~~~~~~~~~~~~~~~~~~~~
hard-particle MC p_acc = 0.99265
Rad[0] = 0.0287888
rho_[51] = 0.520748
~~~~~~~~~~~~~~~~~~~~~~~~~~~~~~~~~~~~~~~
hard-particle MC p_acc = 0.9935
Rad[0] = 0.028801
rho_[52] = 0.52119
~~~~~~~~~~~~~~~~~~~~~~~~~~~~~~~~~~~~~~~
hard-particle MC p_acc = 0.9937
Rad[0] = 0.0288396
rho_[53] = 0.522587
~~~~~~~~~~~~~~~~~~~~~~~~~~~~~~~~~~~~~~~
hard-particle MC p_acc = 0.9934
Rad[0] = 0.0288465
rho_[54] = 0.522836
~~~~~~~~~~~~~~~~~~~~~~~~~~~~~~~~~~~~~~~
hard-particle MC p_acc = 0.994725
Rad[0] = 0.0288587
rho_[55] = 0.523279
~~~~~~~~~~~~~~~~~~~~~~~~~~~~~~~~~~~~~~~
hard-particle MC p_acc = 0.995625
Rad[0] = 0.0288877
rho_[56] = 0.524331
~~~~~~~~~~~~~~~~~~~~~~~~~~~~~~~~~~~~~~~
hard-particle MC p_acc = 0.9906
Rad[0] = 0.0289393
rho_[57] = 0.526205
~~~~~~~~~~~~~~~~~~~~~~~~~~~~~~~~~~~~~~~
hard-particle MC p_acc = 0.9939
Rad[0] = 0.0289556
rho_[58] = 0.5268
~~~~~~~~~~~~~~~~~~~~~~~~~~~~~~~~~~~~~~~
hard-particle MC p_acc = 0.9923
Rad[0] = 0.0289774
rho_[59] = 0.527594
~~~~~~~~~~~~~~~~~~~~~~~~~~~~~~~~~~~~~~~
hard-particle MC p_acc = 0.99015
Rad[0] = 0.0289844
rho_[60] = 0.527846
~~~~~~~~~~~~~~~~~~~~~~~~~~~~~~~~~~~~~~~
hard-particle MC p_acc = 0.991675
Rad[0] = 0.0289936
rho_[61] = 0.528181
~~~~~~~~~~~~~~~~~~~~~~~~~~~~~~~~~~~~~~~
hard-particle MC p_acc = 0.99155
Rad[0] = 0.0290028
rho_[62] = 0.528517
~~~~~~~~~~~~~~~~~~~~~~~~~~~~~~~~~~~~~~~
hard-particle MC p_acc = 0.9907
Rad[0] = 0.0290097
rho_[63] = 0.528769
~~~~~~~~~~~~~~~~~~~~~~~~~~~~~~~~~~~~~~~
hard-particle MC p_acc = 0.9943
Rad[0] = 0.0290106
rho_[64] = 0.528803
~~~~~~~~~~~~~~~~~~~~~~~~~~~~~~~~~~~~~~~
hard-particle MC p_acc = 0.996
Rad[0] = 0.0290145
rho_[65] = 0.528945
~~~~~~~~~~~~~~~~~~~~~~~~~~~~~~~~~~~~~~~
hard-particle MC p_acc = 0.99415
Rad[0] = 0.0290237
rho_[66] = 0.529281
~~~~~~~~~~~~~~~~~~~~~~~~~~~~~~~~~~~~~~~
hard-particle MC p_acc = 0.99455
Rad[0] = 0.0290259
rho_[67] = 0.529361
~~~~~~~~~~~~~~~~~~~~~~~~~~~~~~~~~~~~~~~
hard-particle MC p_acc = 0.991525
Rad[0] = 0.0290311
rho_[68] = 0.52955
~~~~~~~~~~~~~~~~~~~~~~~~~~~~~~~~~~~~~~~
hard-particle MC p_acc = 0.9923
Rad[0] = 0.0290475
rho_[69] = 0.530149
~~~~~~~~~~~~~~~~~~~~~~~~~~~~~~~~~~~~~~~
hard-particle MC p_acc = 0.993075
Rad[0] = 0.029048
rho_[70] = 0.530168
~~~~~~~~~~~~~~~~~~~~~~~~~~~~~~~~~~~~~~~
hard-particle MC p_acc = 0.9931
Rad[0] = 0.0290603
rho_[71] = 0.530617
~~~~~~~~~~~~~~~~~~~~~~~~~~~~~~~~~~~~~~~
hard-particle MC p_acc = 0.993225
Rad[0] = 0.0290616
rho_[72] = 0.530662
~~~~~~~~~~~~~~~~~~~~~~~~~~~~~~~~~~~~~~~
hard-particle MC p_acc = 0.99275
Rad[0] = 0.0290655
rho_[73] = 0.530804
~~~~~~~~~~~~~~~~~~~~~~~~~~~~~~~~~~~~~~~
hard-particle MC p_acc = 0.994025
Rad[0] = 0.0290664
rho_[74] = 0.530838
~~~~~~~~~~~~~~~~~~~~~~~~~~~~~~~~~~~~~~~
hard-particle MC p_acc = 0.991175
Rad[0] = 0.0290828
rho_[75] = 0.531438
~~~~~~~~~~~~~~~~~~~~~~~~~~~~~~~~~~~~~~~
hard-particle MC p_acc = 0.993325
Rad[0] = 0.0290921
rho_[76] = 0.531776
~~~~~~~~~~~~~~~~~~~~~~~~~~~~~~~~~~~~~~~
hard-particle MC p_acc = 0.99635
Rad[0] = 0.0291013
rho_[77] = 0.532114
~~~~~~~~~~~~~~~~~~~~~~~~~~~~~~~~~~~~~~~
hard-particle MC p_acc = 0.993325
Rad[0] = 0.0291106
rho_[78] = 0.532453
~~~~~~~~~~~~~~~~~~~~~~~~~~~~~~~~~~~~~~~
hard-particle MC p_acc = 0.9914
Rad[0] = 0.0291198
rho_[79] = 0.532791
~~~~~~~~~~~~~~~~~~~~~~~~~~~~~~~~~~~~~~~
hard-particle MC p_acc = 0.9927
Rad[0] = 0.029122
rho_[80] = 0.532871
~~~~~~~~~~~~~~~~~~~~~~~~~~~~~~~~~~~~~~~
hard-particle MC p_acc = 0.99385
Rad[0] = 0.0291272
rho_[81] = 0.533062
~~~~~~~~~~~~~~~~~~~~~~~~~~~~~~~~~~~~~~~
hard-particle MC p_acc = 0.988775
Rad[0] = 0.0291437
rho_[82] = 0.533665
~~~~~~~~~~~~~~~~~~~~~~~~~~~~~~~~~~~~~~~
hard-particle MC p_acc = 0.99295
Rad[0] = 0.0291489
rho_[83] = 0.533855
~~~~~~~~~~~~~~~~~~~~~~~~~~~~~~~~~~~~~~~
hard-particle MC p_acc = 0.992625
Rad[0] = 0.0291654
rho_[84] = 0.534459
~~~~~~~~~~~~~~~~~~~~~~~~~~~~~~~~~~~~~~~
hard-particle MC p_acc = 0.993875
Rad[0] = 0.0291683
rho_[85] = 0.534566
~~~~~~~~~~~~~~~~~~~~~~~~~~~~~~~~~~~~~~~
hard-particle MC p_acc = 0.9921
Rad[0] = 0.0291806
rho_[86] = 0.53502
~~~~~~~~~~~~~~~~~~~~~~~~~~~~~~~~~~~~~~~
hard-particle MC p_acc = 0.9963
Rad[0] = 0.0291836
rho_[87] = 0.535127
~~~~~~~~~~~~~~~~~~~~~~~~~~~~~~~~~~~~~~~
hard-particle MC p_acc = 0.994875
Rad[0] = 0.0291929
rho_[88] = 0.535467
~~~~~~~~~~~~~~~~~~~~~~~~~~~~~~~~~~~~~~~
hard-particle MC p_acc = 0.99405
Rad[0] = 0.0291958
rho_[89] = 0.535575
~~~~~~~~~~~~~~~~~~~~~~~~~~~~~~~~~~~~~~~
hard-particle MC p_acc = 0.995075
Rad[0] = 0.029197
rho_[90] = 0.535621
~~~~~~~~~~~~~~~~~~~~~~~~~~~~~~~~~~~~~~~
hard-particle MC p_acc = 0.995625
Rad[0] = 0.0292023
rho_[91] = 0.535812
~~~~~~~~~~~~~~~~~~~~~~~~~~~~~~~~~~~~~~~
hard-particle MC p_acc = 0.99305
Rad[0] = 0.0292146
rho_[92] = 0.536266
~~~~~~~~~~~~~~~~~~~~~~~~~~~~~~~~~~~~~~~
hard-particle MC p_acc = 0.993775
Rad[0] = 0.0292168
rho_[93] = 0.536347
~~~~~~~~~~~~~~~~~~~~~~~~~~~~~~~~~~~~~~~
hard-particle MC p_acc = 0.992125
Rad[0] = 0.0292198
rho_[94] = 0.536455
~~~~~~~~~~~~~~~~~~~~~~~~~~~~~~~~~~~~~~~
hard-particle MC p_acc = 0.992925
Rad[0] = 0.0292291
rho_[95] = 0.536796
~~~~~~~~~~~~~~~~~~~~~~~~~~~~~~~~~~~~~~~
hard-particle MC p_acc = 0.99265
Rad[0] = 0.0292313
rho_[96] = 0.536877
~~~~~~~~~~~~~~~~~~~~~~~~~~~~~~~~~~~~~~~
hard-particle MC p_acc = 0.9907
Rad[0] = 0.0292329
rho_[97] = 0.536938
~~~~~~~~~~~~~~~~~~~~~~~~~~~~~~~~~~~~~~~
hard-particle MC p_acc = 0.99495
Rad[0] = 0.029233
rho_[98] = 0.536942
~~~~~~~~~~~~~~~~~~~~~~~~~~~~~~~~~~~~~~~
hard-particle MC p_acc = 0.992125
Rad[0] = 0.0292624
rho_[99] = 0.538022
~~~~~~~~~~~~~~~~~~~~~~~~~~~~~~~~~~~~~~~
hard-particle MC p_acc = 0.993475
Rad[0] = 0.0292663
rho_[100] = 0.538166
~~~~~~~~~~~~~~~~~~~~~~~~~~~~~~~~~~~~~~~
hard-particle MC p_acc = 0.995175
Rad[0] = 0.0292703
rho_[101] = 0.53831
~~~~~~~~~~~~~~~~~~~~~~~~~~~~~~~~~~~~~~~
hard-particle MC p_acc = 0.996575
Rad[0] = 0.0292923
rho_[102] = 0.539122
~~~~~~~~~~~~~~~~~~~~~~~~~~~~~~~~~~~~~~~
hard-particle MC p_acc = 0.995575
Rad[0] = 0.0293047
rho_[103] = 0.539579
~~~~~~~~~~~~~~~~~~~~~~~~~~~~~~~~~~~~~~~
hard-particle MC p_acc = 0.99475
Rad[0] = 0.0293064
rho_[104] = 0.53964
~~~~~~~~~~~~~~~~~~~~~~~~~~~~~~~~~~~~~~~
hard-particle MC p_acc = 0.9947
Rad[0] = 0.0293157
rho_[105] = 0.539983
~~~~~~~~~~~~~~~~~~~~~~~~~~~~~~~~~~~~~~~
hard-particle MC p_acc = 0.99615
Rad[0] = 0.0293169
rho_[106] = 0.540029
~~~~~~~~~~~~~~~~~~~~~~~~~~~~~~~~~~~~~~~
hard-particle MC p_acc = 0.992825
Rad[0] = 0.029339
rho_[107] = 0.540843
~~~~~~~~~~~~~~~~~~~~~~~~~~~~~~~~~~~~~~~
hard-particle MC p_acc = 0.99535
Rad[0] = 0.029346
rho_[108] = 0.541101
~~~~~~~~~~~~~~~~~~~~~~~~~~~~~~~~~~~~~~~
hard-particle MC p_acc = 0.99535
Rad[0] = 0.0293553
rho_[109] = 0.541445
~~~~~~~~~~~~~~~~~~~~~~~~~~~~~~~~~~~~~~~
hard-particle MC p_acc = 0.99405
Rad[0] = 0.0293555
rho_[110] = 0.541451
~~~~~~~~~~~~~~~~~~~~~~~~~~~~~~~~~~~~~~~
hard-particle MC p_acc = 0.994175
Rad[0] = 0.0293625
rho_[111] = 0.541709
~~~~~~~~~~~~~~~~~~~~~~~~~~~~~~~~~~~~~~~
hard-particle MC p_acc = 0.992
Rad[0] = 0.0294018
rho_[112] = 0.543161
~~~~~~~~~~~~~~~~~~~~~~~~~~~~~~~~~~~~~~~
hard-particle MC p_acc = 0.99405
Rad[0] = 0.0294022
rho_[113] = 0.543176
~~~~~~~~~~~~~~~~~~~~~~~~~~~~~~~~~~~~~~~
hard-particle MC p_acc = 0.993375
Rad[0] = 0.0294147
rho_[114] = 0.543636
~~~~~~~~~~~~~~~~~~~~~~~~~~~~~~~~~~~~~~~
hard-particle MC p_acc = 0.993775
Rad[0] = 0.0294442
rho_[115] = 0.544729
~~~~~~~~~~~~~~~~~~~~~~~~~~~~~~~~~~~~~~~
hard-particle MC p_acc = 0.992075
Rad[0] = 0.0294664
rho_[116] = 0.54555
~~~~~~~~~~~~~~~~~~~~~~~~~~~~~~~~~~~~~~~
hard-particle MC p_acc = 0.993275
Rad[0] = 0.0294886
rho_[117] = 0.546372
~~~~~~~~~~~~~~~~~~~~~~~~~~~~~~~~~~~~~~~
hard-particle MC p_acc = 0.994725
Rad[0] = 0.0295011
rho_[118] = 0.546836
~~~~~~~~~~~~~~~~~~~~~~~~~~~~~~~~~~~~~~~
hard-particle MC p_acc = 0.993225
Rad[0] = 0.0295081
rho_[119] = 0.547096
~~~~~~~~~~~~~~~~~~~~~~~~~~~~~~~~~~~~~~~
hard-particle MC p_acc = 0.99175
Rad[0] = 0.0295134
rho_[120] = 0.547292
~~~~~~~~~~~~~~~~~~~~~~~~~~~~~~~~~~~~~~~
hard-particle MC p_acc = 0.99305
Rad[0] = 0.0295156
rho_[121] = 0.547374
~~~~~~~~~~~~~~~~~~~~~~~~~~~~~~~~~~~~~~~
hard-particle MC p_acc = 0.99485
Rad[0] = 0.0295323
rho_[122] = 0.547993
~~~~~~~~~~~~~~~~~~~~~~~~~~~~~~~~~~~~~~~
hard-particle MC p_acc = 0.993525
Rad[0] = 0.0295417
rho_[123] = 0.548342
~~~~~~~~~~~~~~~~~~~~~~~~~~~~~~~~~~~~~~~
hard-particle MC p_acc = 0.994225
Rad[0] = 0.0295457
rho_[124] = 0.548489
~~~~~~~~~~~~~~~~~~~~~~~~~~~~~~~~~~~~~~~
hard-particle MC p_acc = 0.992275
Rad[0] = 0.0295527
rho_[125] = 0.54875
~~~~~~~~~~~~~~~~~~~~~~~~~~~~~~~~~~~~~~~
hard-particle MC p_acc = 0.992625
Rad[0] = 0.0295557
rho_[126] = 0.548861
~~~~~~~~~~~~~~~~~~~~~~~~~~~~~~~~~~~~~~~
hard-particle MC p_acc = 0.9934
Rad[0] = 0.0295854
rho_[127] = 0.549964
~~~~~~~~~~~~~~~~~~~~~~~~~~~~~~~~~~~~~~~
hard-particle MC p_acc = 0.993975
Rad[0] = 0.0296151
rho_[128] = 0.551069
~~~~~~~~~~~~~~~~~~~~~~~~~~~~~~~~~~~~~~~
hard-particle MC p_acc = 0.994225
Rad[0] = 0.029616
rho_[129] = 0.551104
~~~~~~~~~~~~~~~~~~~~~~~~~~~~~~~~~~~~~~~
hard-particle MC p_acc = 0.993875
Rad[0] = 0.0296231
rho_[130] = 0.551367
~~~~~~~~~~~~~~~~~~~~~~~~~~~~~~~~~~~~~~~
hard-particle MC p_acc = 0.994675
Rad[0] = 0.0296248
rho_[131] = 0.55143
~~~~~~~~~~~~~~~~~~~~~~~~~~~~~~~~~~~~~~~
hard-particle MC p_acc = 0.99515
Rad[0] = 0.0296318
rho_[132] = 0.551692
~~~~~~~~~~~~~~~~~~~~~~~~~~~~~~~~~~~~~~~
hard-particle MC p_acc = 0.995925
Rad[0] = 0.0296444
rho_[133] = 0.55216
~~~~~~~~~~~~~~~~~~~~~~~~~~~~~~~~~~~~~~~
hard-particle MC p_acc = 0.99295
Rad[0] = 0.0296538
rho_[134] = 0.552511
~~~~~~~~~~~~~~~~~~~~~~~~~~~~~~~~~~~~~~~
hard-particle MC p_acc = 0.9938
Rad[0] = 0.0296555
rho_[135] = 0.552574
~~~~~~~~~~~~~~~~~~~~~~~~~~~~~~~~~~~~~~~
hard-particle MC p_acc = 0.99175
Rad[0] = 0.0296626
rho_[136] = 0.552837
~~~~~~~~~~~~~~~~~~~~~~~~~~~~~~~~~~~~~~~
hard-particle MC p_acc = 0.99205
Rad[0] = 0.0296648
rho_[137] = 0.552921
~~~~~~~~~~~~~~~~~~~~~~~~~~~~~~~~~~~~~~~
hard-particle MC p_acc = 0.992675
Rad[0] = 0.0296661
rho_[138] = 0.552967
~~~~~~~~~~~~~~~~~~~~~~~~~~~~~~~~~~~~~~~
hard-particle MC p_acc = 0.9941
Rad[0] = 0.0296677
rho_[139] = 0.55303
~~~~~~~~~~~~~~~~~~~~~~~~~~~~~~~~~~~~~~~
hard-particle MC p_acc = 0.98995
Rad[0] = 0.029673
rho_[140] = 0.553228
~~~~~~~~~~~~~~~~~~~~~~~~~~~~~~~~~~~~~~~
hard-particle MC p_acc = 0.99055
Rad[0] = 0.0296856
rho_[141] = 0.553697
~~~~~~~~~~~~~~~~~~~~~~~~~~~~~~~~~~~~~~~
hard-particle MC p_acc = 0.99225
Rad[0] = 0.0296869
rho_[142] = 0.553744
~~~~~~~~~~~~~~~~~~~~~~~~~~~~~~~~~~~~~~~
hard-particle MC p_acc = 0.9917
Rad[0] = 0.0296963
rho_[143] = 0.554096
~~~~~~~~~~~~~~~~~~~~~~~~~~~~~~~~~~~~~~~
hard-particle MC p_acc = 0.992575
Rad[0] = 0.0296968
rho_[144] = 0.554116
~~~~~~~~~~~~~~~~~~~~~~~~~~~~~~~~~~~~~~~
hard-particle MC p_acc = 0.995125
Rad[0] = 0.0297008
rho_[145] = 0.554264
~~~~~~~~~~~~~~~~~~~~~~~~~~~~~~~~~~~~~~~
hard-particle MC p_acc = 0.994325
Rad[0] = 0.0297134
rho_[146] = 0.554734
~~~~~~~~~~~~~~~~~~~~~~~~~~~~~~~~~~~~~~~
hard-particle MC p_acc = 0.9926
Rad[0] = 0.0297174
rho_[147] = 0.554883
~~~~~~~~~~~~~~~~~~~~~~~~~~~~~~~~~~~~~~~
hard-particle MC p_acc = 0.9926
Rad[0] = 0.0297183
rho_[148] = 0.554918
~~~~~~~~~~~~~~~~~~~~~~~~~~~~~~~~~~~~~~~
hard-particle MC p_acc = 0.991225
Rad[0] = 0.0297196
rho_[149] = 0.554965
~~~~~~~~~~~~~~~~~~~~~~~~~~~~~~~~~~~~~~~
hard-particle MC p_acc = 0.991075
Rad[0] = 0.029729
rho_[150] = 0.555318
~~~~~~~~~~~~~~~~~~~~~~~~~~~~~~~~~~~~~~~
hard-particle MC p_acc = 0.9914
Rad[0] = 0.02973
rho_[151] = 0.555354
~~~~~~~~~~~~~~~~~~~~~~~~~~~~~~~~~~~~~~~
hard-particle MC p_acc = 0.99315
Rad[0] = 0.0297371
rho_[152] = 0.555618
~~~~~~~~~~~~~~~~~~~~~~~~~~~~~~~~~~~~~~~
hard-particle MC p_acc = 0.99265
Rad[0] = 0.0297388
rho_[153] = 0.555681
~~~~~~~~~~~~~~~~~~~~~~~~~~~~~~~~~~~~~~~
hard-particle MC p_acc = 0.995375
Rad[0] = 0.0297404
rho_[154] = 0.555744
~~~~~~~~~~~~~~~~~~~~~~~~~~~~~~~~~~~~~~~
hard-particle MC p_acc = 0.995475
Rad[0] = 0.029753
rho_[155] = 0.556215
~~~~~~~~~~~~~~~~~~~~~~~~~~~~~~~~~~~~~~~
hard-particle MC p_acc = 0.9936
Rad[0] = 0.0297755
rho_[156] = 0.557054
~~~~~~~~~~~~~~~~~~~~~~~~~~~~~~~~~~~~~~~
hard-particle MC p_acc = 0.99505
Rad[0] = 0.0297777
rho_[157] = 0.557138
~~~~~~~~~~~~~~~~~~~~~~~~~~~~~~~~~~~~~~~
hard-particle MC p_acc = 0.995175
Rad[0] = 0.0297848
rho_[158] = 0.557403
~~~~~~~~~~~~~~~~~~~~~~~~~~~~~~~~~~~~~~~
hard-particle MC p_acc = 0.99635
Rad[0] = 0.0297855
rho_[159] = 0.55743
~~~~~~~~~~~~~~~~~~~~~~~~~~~~~~~~~~~~~~~
hard-particle MC p_acc = 0.99045
Rad[0] = 0.029808
rho_[160] = 0.55827
~~~~~~~~~~~~~~~~~~~~~~~~~~~~~~~~~~~~~~~
hard-particle MC p_acc = 0.995075
Rad[0] = 0.0298102
rho_[161] = 0.558354
~~~~~~~~~~~~~~~~~~~~~~~~~~~~~~~~~~~~~~~
hard-particle MC p_acc = 0.9949
Rad[0] = 0.0298125
rho_[162] = 0.558439
~~~~~~~~~~~~~~~~~~~~~~~~~~~~~~~~~~~~~~~
hard-particle MC p_acc = 0.994275
Rad[0] = 0.0298251
rho_[163] = 0.558912
~~~~~~~~~~~~~~~~~~~~~~~~~~~~~~~~~~~~~~~
hard-particle MC p_acc = 0.99235
Rad[0] = 0.0298322
rho_[164] = 0.559178
~~~~~~~~~~~~~~~~~~~~~~~~~~~~~~~~~~~~~~~
hard-particle MC p_acc = 0.9954
Rad[0] = 0.0298417
rho_[165] = 0.559534
~~~~~~~~~~~~~~~~~~~~~~~~~~~~~~~~~~~~~~~
hard-particle MC p_acc = 0.995375
Rad[0] = 0.029847
rho_[166] = 0.559734
~~~~~~~~~~~~~~~~~~~~~~~~~~~~~~~~~~~~~~~
hard-particle MC p_acc = 0.99375
Rad[0] = 0.029851
rho_[167] = 0.559884
~~~~~~~~~~~~~~~~~~~~~~~~~~~~~~~~~~~~~~~
hard-particle MC p_acc = 0.993825
Rad[0] = 0.0298605
rho_[168] = 0.56024
~~~~~~~~~~~~~~~~~~~~~~~~~~~~~~~~~~~~~~~
hard-particle MC p_acc = 0.994925
Rad[0] = 0.0298628
rho_[169] = 0.560325
~~~~~~~~~~~~~~~~~~~~~~~~~~~~~~~~~~~~~~~
hard-particle MC p_acc = 0.994075
Rad[0] = 0.0298681
rho_[170] = 0.560525
~~~~~~~~~~~~~~~~~~~~~~~~~~~~~~~~~~~~~~~
hard-particle MC p_acc = 0.99475
Rad[0] = 0.0298808
rho_[171] = 0.561
~~~~~~~~~~~~~~~~~~~~~~~~~~~~~~~~~~~~~~~
hard-particle MC p_acc = 0.994675
Rad[0] = 0.0299108
rho_[172] = 0.562128
~~~~~~~~~~~~~~~~~~~~~~~~~~~~~~~~~~~~~~~
hard-particle MC p_acc = 0.9912
Rad[0] = 0.0299161
rho_[173] = 0.562329
~~~~~~~~~~~~~~~~~~~~~~~~~~~~~~~~~~~~~~~
hard-particle MC p_acc = 0.9884
Rad[0] = 0.0299191
rho_[174] = 0.562442
~~~~~~~~~~~~~~~~~~~~~~~~~~~~~~~~~~~~~~~
hard-particle MC p_acc = 0.992325
Rad[0] = 0.0299245
rho_[175] = 0.562643
~~~~~~~~~~~~~~~~~~~~~~~~~~~~~~~~~~~~~~~
hard-particle MC p_acc = 0.99315
Rad[0] = 0.0299275
rho_[176] = 0.562756
~~~~~~~~~~~~~~~~~~~~~~~~~~~~~~~~~~~~~~~
hard-particle MC p_acc = 0.9945
Rad[0] = 0.0299297
rho_[177] = 0.562841
~~~~~~~~~~~~~~~~~~~~~~~~~~~~~~~~~~~~~~~
hard-particle MC p_acc = 0.99165
Rad[0] = 0.0299467
rho_[178] = 0.563477
~~~~~~~~~~~~~~~~~~~~~~~~~~~~~~~~~~~~~~~
hard-particle MC p_acc = 0.988125
Rad[0] = 0.029952
rho_[179] = 0.563679
~~~~~~~~~~~~~~~~~~~~~~~~~~~~~~~~~~~~~~~
hard-particle MC p_acc = 0.990875
Rad[0] = 0.029956
rho_[180] = 0.56383
~~~~~~~~~~~~~~~~~~~~~~~~~~~~~~~~~~~~~~~
hard-particle MC p_acc = 0.98845
Rad[0] = 0.0299786
rho_[181] = 0.56468
~~~~~~~~~~~~~~~~~~~~~~~~~~~~~~~~~~~~~~~
hard-particle MC p_acc = 0.99385
Rad[0] = 0.0299799
rho_[182] = 0.564728
~~~~~~~~~~~~~~~~~~~~~~~~~~~~~~~~~~~~~~~
hard-particle MC p_acc = 0.9909
Rad[0] = 0.0299808
rho_[183] = 0.564764
~~~~~~~~~~~~~~~~~~~~~~~~~~~~~~~~~~~~~~~
hard-particle MC p_acc = 0.991275
Rad[0] = 0.0299848
rho_[184] = 0.564915
~~~~~~~~~~~~~~~~~~~~~~~~~~~~~~~~~~~~~~~
hard-particle MC p_acc = 0.99235
Rad[0] = 0.0299975
rho_[185] = 0.565394
~~~~~~~~~~~~~~~~~~~~~~~~~~~~~~~~~~~~~~~
hard-particle MC p_acc = 0.99355
Rad[0] = 0.0299981
rho_[186] = 0.565414
~~~~~~~~~~~~~~~~~~~~~~~~~~~~~~~~~~~~~~~
hard-particle MC p_acc = 0.993225
Rad[0] = 0.0300003
rho_[187] = 0.5655
~~~~~~~~~~~~~~~~~~~~~~~~~~~~~~~~~~~~~~~
hard-particle MC p_acc = 0.992625
Rad[0] = 0.0300099
rho_[188] = 0.565859
~~~~~~~~~~~~~~~~~~~~~~~~~~~~~~~~~~~~~~~
hard-particle MC p_acc = 0.990775
Rad[0] = 0.0300268
rho_[189] = 0.566499
~~~~~~~~~~~~~~~~~~~~~~~~~~~~~~~~~~~~~~~
hard-particle MC p_acc = 0.992375
Rad[0] = 0.0300309
rho_[190] = 0.566651
~~~~~~~~~~~~~~~~~~~~~~~~~~~~~~~~~~~~~~~
hard-particle MC p_acc = 0.988575
Rad[0] = 0.0300478
rho_[191] = 0.567291
~~~~~~~~~~~~~~~~~~~~~~~~~~~~~~~~~~~~~~~
hard-particle MC p_acc = 0.9923
Rad[0] = 0.030055
rho_[192] = 0.567562
~~~~~~~~~~~~~~~~~~~~~~~~~~~~~~~~~~~~~~~
hard-particle MC p_acc = 0.9928
Rad[0] = 0.0300604
rho_[193] = 0.567765
~~~~~~~~~~~~~~~~~~~~~~~~~~~~~~~~~~~~~~~
hard-particle MC p_acc = 0.992725
Rad[0] = 0.0300613
rho_[194] = 0.567801
~~~~~~~~~~~~~~~~~~~~~~~~~~~~~~~~~~~~~~~
hard-particle MC p_acc = 0.993325
Rad[0] = 0.0300685
rho_[195] = 0.568072
~~~~~~~~~~~~~~~~~~~~~~~~~~~~~~~~~~~~~~~
hard-particle MC p_acc = 0.9927
Rad[0] = 0.0300687
rho_[196] = 0.56808
~~~~~~~~~~~~~~~~~~~~~~~~~~~~~~~~~~~~~~~
hard-particle MC p_acc = 0.98805
Rad[0] = 0.0300693
rho_[197] = 0.568101
~~~~~~~~~~~~~~~~~~~~~~~~~~~~~~~~~~~~~~~
hard-particle MC p_acc = 0.99135
Rad[0] = 0.03007
rho_[198] = 0.568128
~~~~~~~~~~~~~~~~~~~~~~~~~~~~~~~~~~~~~~~
hard-particle MC p_acc = 0.9941
Rad[0] = 0.0300703
rho_[199] = 0.568139
~~~~~~~~~~~~~~~~~~~~~~~~~~~~~~~~~~~~~~~
hard-particle MC p_acc = 0.9919
Rad[0] = 0.0300757
rho_[200] = 0.568342
~~~~~~~~~~~~~~~~~~~~~~~~~~~~~~~~~~~~~~~
hard-particle MC p_acc = 0.99215
Rad[0] = 0.0300926
rho_[201] = 0.568985
~~~~~~~~~~~~~~~~~~~~~~~~~~~~~~~~~~~~~~~
hard-particle MC p_acc = 0.99305
Rad[0] = 0.0300949
rho_[202] = 0.569071
~~~~~~~~~~~~~~~~~~~~~~~~~~~~~~~~~~~~~~~
hard-particle MC p_acc = 0.99455
Rad[0] = 0.030095
rho_[203] = 0.569073
~~~~~~~~~~~~~~~~~~~~~~~~~~~~~~~~~~~~~~~
hard-particle MC p_acc = 0.9929
Rad[0] = 0.0301004
rho_[204] = 0.569277
~~~~~~~~~~~~~~~~~~~~~~~~~~~~~~~~~~~~~~~
hard-particle MC p_acc = 0.9917
Rad[0] = 0.030123
rho_[205] = 0.570135
~~~~~~~~~~~~~~~~~~~~~~~~~~~~~~~~~~~~~~~
hard-particle MC p_acc = 0.9919
Rad[0] = 0.0301457
rho_[206] = 0.570994
~~~~~~~~~~~~~~~~~~~~~~~~~~~~~~~~~~~~~~~
hard-particle MC p_acc = 0.991425
Rad[0] = 0.0301529
rho_[207] = 0.571267
~~~~~~~~~~~~~~~~~~~~~~~~~~~~~~~~~~~~~~~
hard-particle MC p_acc = 0.988325
Rad[0] = 0.0301536
rho_[208] = 0.571294
~~~~~~~~~~~~~~~~~~~~~~~~~~~~~~~~~~~~~~~
hard-particle MC p_acc = 0.9899
Rad[0] = 0.0301608
rho_[209] = 0.571566
~~~~~~~~~~~~~~~~~~~~~~~~~~~~~~~~~~~~~~~
hard-particle MC p_acc = 0.991125
Rad[0] = 0.0301612
rho_[210] = 0.571582
~~~~~~~~~~~~~~~~~~~~~~~~~~~~~~~~~~~~~~~
hard-particle MC p_acc = 0.9895
Rad[0] = 0.0301643
rho_[211] = 0.571697
~~~~~~~~~~~~~~~~~~~~~~~~~~~~~~~~~~~~~~~
hard-particle MC p_acc = 0.9926
Rad[0] = 0.0301697
rho_[212] = 0.571901
~~~~~~~~~~~~~~~~~~~~~~~~~~~~~~~~~~~~~~~
hard-particle MC p_acc = 0.991475
Rad[0] = 0.0301727
rho_[213] = 0.572016
~~~~~~~~~~~~~~~~~~~~~~~~~~~~~~~~~~~~~~~
hard-particle MC p_acc = 0.99275
Rad[0] = 0.030174
rho_[214] = 0.572065
~~~~~~~~~~~~~~~~~~~~~~~~~~~~~~~~~~~~~~~
hard-particle MC p_acc = 0.9935
Rad[0] = 0.0301967
rho_[215] = 0.572927
~~~~~~~~~~~~~~~~~~~~~~~~~~~~~~~~~~~~~~~
hard-particle MC p_acc = 0.9901
Rad[0] = 0.0302095
rho_[216] = 0.573413
~~~~~~~~~~~~~~~~~~~~~~~~~~~~~~~~~~~~~~~
hard-particle MC p_acc = 0.9933
Rad[0] = 0.0302102
rho_[217] = 0.57344
~~~~~~~~~~~~~~~~~~~~~~~~~~~~~~~~~~~~~~~
hard-particle MC p_acc = 0.991825
Rad[0] = 0.0302156
rho_[218] = 0.573645
~~~~~~~~~~~~~~~~~~~~~~~~~~~~~~~~~~~~~~~
hard-particle MC p_acc = 0.99075
Rad[0] = 0.030216
rho_[219] = 0.57366
~~~~~~~~~~~~~~~~~~~~~~~~~~~~~~~~~~~~~~~
hard-particle MC p_acc = 0.9884
Rad[0] = 0.0302191
rho_[220] = 0.573776
~~~~~~~~~~~~~~~~~~~~~~~~~~~~~~~~~~~~~~~
hard-particle MC p_acc = 0.990125
Rad[0] = 0.0302198
rho_[221] = 0.573803
~~~~~~~~~~~~~~~~~~~~~~~~~~~~~~~~~~~~~~~
hard-particle MC p_acc = 0.99025
Rad[0] = 0.0302252
rho_[222] = 0.574008
~~~~~~~~~~~~~~~~~~~~~~~~~~~~~~~~~~~~~~~
hard-particle MC p_acc = 0.9938
Rad[0] = 0.030238
rho_[223] = 0.574495
~~~~~~~~~~~~~~~~~~~~~~~~~~~~~~~~~~~~~~~
hard-particle MC p_acc = 0.993825
Rad[0] = 0.0302403
rho_[224] = 0.574582
~~~~~~~~~~~~~~~~~~~~~~~~~~~~~~~~~~~~~~~
hard-particle MC p_acc = 0.9913
Rad[0] = 0.0302416
rho_[225] = 0.57463
~~~~~~~~~~~~~~~~~~~~~~~~~~~~~~~~~~~~~~~
hard-particle MC p_acc = 0.990525
Rad[0] = 0.0302512
rho_[226] = 0.574996
~~~~~~~~~~~~~~~~~~~~~~~~~~~~~~~~~~~~~~~
hard-particle MC p_acc = 0.993625
Rad[0] = 0.0302525
rho_[227] = 0.575045
~~~~~~~~~~~~~~~~~~~~~~~~~~~~~~~~~~~~~~~
hard-particle MC p_acc = 0.995425
Rad[0] = 0.0302579
rho_[228] = 0.57525
~~~~~~~~~~~~~~~~~~~~~~~~~~~~~~~~~~~~~~~
hard-particle MC p_acc = 0.992225
Rad[0] = 0.0302633
rho_[229] = 0.575456
~~~~~~~~~~~~~~~~~~~~~~~~~~~~~~~~~~~~~~~
hard-particle MC p_acc = 0.99345
Rad[0] = 0.0302687
rho_[230] = 0.575662
~~~~~~~~~~~~~~~~~~~~~~~~~~~~~~~~~~~~~~~
hard-particle MC p_acc = 0.991625
Rad[0] = 0.0302697
rho_[231] = 0.575698
~~~~~~~~~~~~~~~~~~~~~~~~~~~~~~~~~~~~~~~
hard-particle MC p_acc = 0.9898
Rad[0] = 0.0302793
rho_[232] = 0.576064
~~~~~~~~~~~~~~~~~~~~~~~~~~~~~~~~~~~~~~~
hard-particle MC p_acc = 0.99105
Rad[0] = 0.0302865
rho_[233] = 0.576339
~~~~~~~~~~~~~~~~~~~~~~~~~~~~~~~~~~~~~~~
hard-particle MC p_acc = 0.990975
Rad[0] = 0.0302919
rho_[234] = 0.576545
~~~~~~~~~~~~~~~~~~~~~~~~~~~~~~~~~~~~~~~
hard-particle MC p_acc = 0.99145
Rad[0] = 0.0302973
rho_[235] = 0.576751
~~~~~~~~~~~~~~~~~~~~~~~~~~~~~~~~~~~~~~~
hard-particle MC p_acc = 0.9899
Rad[0] = 0.0303145
rho_[236] = 0.577403
~~~~~~~~~~~~~~~~~~~~~~~~~~~~~~~~~~~~~~~
hard-particle MC p_acc = 0.9907
Rad[0] = 0.0303157
rho_[237] = 0.577452
~~~~~~~~~~~~~~~~~~~~~~~~~~~~~~~~~~~~~~~
hard-particle MC p_acc = 0.990575
Rad[0] = 0.0303329
rho_[238] = 0.578105
~~~~~~~~~~~~~~~~~~~~~~~~~~~~~~~~~~~~~~~
hard-particle MC p_acc = 0.989175
Rad[0] = 0.0303457
rho_[239] = 0.578595
~~~~~~~~~~~~~~~~~~~~~~~~~~~~~~~~~~~~~~~
hard-particle MC p_acc = 0.991125
Rad[0] = 0.030353
rho_[240] = 0.578871
~~~~~~~~~~~~~~~~~~~~~~~~~~~~~~~~~~~~~~~
hard-particle MC p_acc = 0.992125
Rad[0] = 0.0303626
rho_[241] = 0.579239
~~~~~~~~~~~~~~~~~~~~~~~~~~~~~~~~~~~~~~~
hard-particle MC p_acc = 0.99185
Rad[0] = 0.0303755
rho_[242] = 0.57973
~~~~~~~~~~~~~~~~~~~~~~~~~~~~~~~~~~~~~~~
hard-particle MC p_acc = 0.988
Rad[0] = 0.0303809
rho_[243] = 0.579937
~~~~~~~~~~~~~~~~~~~~~~~~~~~~~~~~~~~~~~~
hard-particle MC p_acc = 0.98975
Soft-core quenching p_acc = 0.505
Final energy of stage 244  = 92.9609
Rad[0] = 0.0303863
rho_[244] = 0.580145
~~~~~~~~~~~~~~~~~~~~~~~~~~~~~~~~~~~~~~~
hard-particle MC p_acc = 0.988
Soft-core quenching p_acc = 0.5112
Final energy of stage 245  = 92.8831
Rad[0] = 0.0303886
rho_[245] = 0.580232
~~~~~~~~~~~~~~~~~~~~~~~~~~~~~~~~~~~~~~~
hard-particle MC p_acc = 0.989225
Soft-core quenching p_acc = 0.505725
Final energy of stage 246  = 92.8369
Rad[0] = 0.0303889
rho_[246] = 0.580241
~~~~~~~~~~~~~~~~~~~~~~~~~~~~~~~~~~~~~~~
hard-particle MC p_acc = 0.985525
Soft-core quenching p_acc = 0.506425
Final energy of stage 247  = 92.8105
Rad[0] = 0.0303889
rho_[247] = 0.580242
~~~~~~~~~~~~~~~~~~~~~~~~~~~~~~~~~~~~~~~
hard-particle MC p_acc = 0.989625
Soft-core quenching p_acc = 0.50295
Final energy of stage 248  = 92.7937
Rad[0] = 0.0303893
rho_[248] = 0.580257
~~~~~~~~~~~~~~~~~~~~~~~~~~~~~~~~~~~~~~~
hard-particle MC p_acc = 0.986025
Soft-core quenching p_acc = 0.49035
Final energy of stage 249  = 92.7823
Rad[0] = 0.0303893
rho_[249] = 0.580258
~~~~~~~~~~~~~~~~~~~~~~~~~~~~~~~~~~~~~~~
hard-particle MC p_acc = 0.992025
Soft-core quenching p_acc = 0.473525
Final energy of stage 250  = 92.7739
Rad[0] = 0.0303895
rho_[250] = 0.580266
~~~~~~~~~~~~~~~~~~~~~~~~~~~~~~~~~~~~~~~
hard-particle MC p_acc = 0.992275
Soft-core quenching p_acc = 0.462275
Final energy of stage 251  = 92.767
Rad[0] = 0.0303901
rho_[251] = 0.580287
~~~~~~~~~~~~~~~~~~~~~~~~~~~~~~~~~~~~~~~
hard-particle MC p_acc = 0.99335
Soft-core quenching p_acc = 0.453025
Final energy of stage 252  = 92.7612
Rad[0] = 0.0303906
rho_[252] = 0.580308
~~~~~~~~~~~~~~~~~~~~~~~~~~~~~~~~~~~~~~~
hard-particle MC p_acc = 0.995675
Soft-core quenching p_acc = 0.445675
Final energy of stage 253  = 92.7562
Rad[0] = 0.0303919
rho_[253] = 0.580357
~~~~~~~~~~~~~~~~~~~~~~~~~~~~~~~~~~~~~~~
hard-particle MC p_acc = 0.9953
Soft-core quenching p_acc = 0.43315
Final energy of stage 254  = 92.7517
Rad[0] = 0.0303924
rho_[254] = 0.580378
~~~~~~~~~~~~~~~~~~~~~~~~~~~~~~~~~~~~~~~
hard-particle MC p_acc = 0.99715
Soft-core quenching p_acc = 0.426425
Final energy of stage 255  = 92.7479
Rad[0] = 0.0303947
rho_[255] = 0.580466
~~~~~~~~~~~~~~~~~~~~~~~~~~~~~~~~~~~~~~~
hard-particle MC p_acc = 0.996825
Soft-core quenching p_acc = 0.422475
Final energy of stage 256  = 92.7444
Rad[0] = 0.030395
rho_[256] = 0.580477
~~~~~~~~~~~~~~~~~~~~~~~~~~~~~~~~~~~~~~~
hard-particle MC p_acc = 0.995725
Soft-core quenching p_acc = 0.4041
Final energy of stage 257  = 92.7414
Rad[0] = 0.0303973
rho_[257] = 0.580565
~~~~~~~~~~~~~~~~~~~~~~~~~~~~~~~~~~~~~~~
hard-particle MC p_acc = 0.998425
Soft-core quenching p_acc = 0.402425
Final energy of stage 258  = 92.7389
Rad[0] = 0.0303976
rho_[258] = 0.580577
~~~~~~~~~~~~~~~~~~~~~~~~~~~~~~~~~~~~~~~
hard-particle MC p_acc = 0.99755
Soft-core quenching p_acc = 0.398875
Final energy of stage 259  = 92.7367
Rad[0] = 0.0303999
rho_[259] = 0.580664
~~~~~~~~~~~~~~~~~~~~~~~~~~~~~~~~~~~~~~~
hard-particle MC p_acc = 0.997275
Soft-core quenching p_acc = 0.393925
Final energy of stage 260  = 92.7346
Rad[0] = 0.0304009
rho_[260] = 0.580701
~~~~~~~~~~~~~~~~~~~~~~~~~~~~~~~~~~~~~~~
hard-particle MC p_acc = 0.997875
Soft-core quenching p_acc = 0.397875
Final energy of stage 261  = 92.7327
Rad[0] = 0.0304009
rho_[261] = 0.580703
~~~~~~~~~~~~~~~~~~~~~~~~~~~~~~~~~~~~~~~
hard-particle MC p_acc = 0.998775
Soft-core quenching p_acc = 0.392425
Final energy of stage 262  = 92.7308
Rad[0] = 0.0304019
rho_[262] = 0.58074
~~~~~~~~~~~~~~~~~~~~~~~~~~~~~~~~~~~~~~~
hard-particle MC p_acc = 0.997475
Soft-core quenching p_acc = 0.37155
Final energy of stage 263  = 92.7292
Rad[0] = 0.030406
rho_[263] = 0.580896
~~~~~~~~~~~~~~~~~~~~~~~~~~~~~~~~~~~~~~~
hard-particle MC p_acc = 0.998975
Soft-core quenching p_acc = 0.369125
Final energy of stage 264  = 92.7277
Rad[0] = 0.030406
rho_[264] = 0.580897
~~~~~~~~~~~~~~~~~~~~~~~~~~~~~~~~~~~~~~~
hard-particle MC p_acc = 0.9967
Soft-core quenching p_acc = 0.360475
Final energy of stage 265  = 92.7263
Rad[0] = 0.0304091
rho_[265] = 0.581014
~~~~~~~~~~~~~~~~~~~~~~~~~~~~~~~~~~~~~~~
hard-particle MC p_acc = 0.9986
Soft-core quenching p_acc = 0.359775
Final energy of stage 266  = 92.7249
Rad[0] = 0.0304098
rho_[266] = 0.581042
~~~~~~~~~~~~~~~~~~~~~~~~~~~~~~~~~~~~~~~
hard-particle MC p_acc = 0.997925
Soft-core quenching p_acc = 0.35515
Final energy of stage 267  = 92.7239
Rad[0] = 0.0304099
rho_[267] = 0.581047
~~~~~~~~~~~~~~~~~~~~~~~~~~~~~~~~~~~~~~~
hard-particle MC p_acc = 0.996825
Soft-core quenching p_acc = 0.349075
Final energy of stage 268  = 92.7227
Rad[0] = 0.0304117
rho_[268] = 0.581113
~~~~~~~~~~~~~~~~~~~~~~~~~~~~~~~~~~~~~~~
hard-particle MC p_acc = 0.99755
Soft-core quenching p_acc = 0.354575
Final energy of stage 269  = 92.7216
Rad[0] = 0.0304126
rho_[269] = 0.58115
~~~~~~~~~~~~~~~~~~~~~~~~~~~~~~~~~~~~~~~
hard-particle MC p_acc = 0.997525
Soft-core quenching p_acc = 0.3572
Final energy of stage 270  = 92.7205
Rad[0] = 0.0304157
rho_[270] = 0.581267
~~~~~~~~~~~~~~~~~~~~~~~~~~~~~~~~~~~~~~~
hard-particle MC p_acc = 0.99765
Soft-core quenching p_acc = 0.338725
Final energy of stage 271  = 92.7195
Rad[0] = 0.0304211
rho_[271] = 0.581474
~~~~~~~~~~~~~~~~~~~~~~~~~~~~~~~~~~~~~~~
hard-particle MC p_acc = 0.9955
Soft-core quenching p_acc = 0.32585
Final energy of stage 272  = 92.7186
Rad[0] = 0.0304229
rho_[272] = 0.58154
~~~~~~~~~~~~~~~~~~~~~~~~~~~~~~~~~~~~~~~
hard-particle MC p_acc = 0.996275
Soft-core quenching p_acc = 0.314
Final energy of stage 273  = 92.7178
Rad[0] = 0.0304232
rho_[273] = 0.581552
~~~~~~~~~~~~~~~~~~~~~~~~~~~~~~~~~~~~~~~
hard-particle MC p_acc = 0.996425
Soft-core quenching p_acc = 0.30885
Final energy of stage 274  = 92.717
Rad[0] = 0.0304244
rho_[274] = 0.581601
~~~~~~~~~~~~~~~~~~~~~~~~~~~~~~~~~~~~~~~
hard-particle MC p_acc = 0.9962
Soft-core quenching p_acc = 0.30865
Final energy of stage 275  = 92.7162
Rad[0] = 0.0304257
rho_[275] = 0.581651
~~~~~~~~~~~~~~~~~~~~~~~~~~~~~~~~~~~~~~~
hard-particle MC p_acc = 0.998425
Soft-core quenching p_acc = 0.3181
Final energy of stage 276  = 92.7155
Rad[0] = 0.0304265
rho_[276] = 0.581678
~~~~~~~~~~~~~~~~~~~~~~~~~~~~~~~~~~~~~~~
hard-particle MC p_acc = 0.99545
Soft-core quenching p_acc = 0.3115
Final energy of stage 277  = 92.7147
Rad[0] = 0.0304295
rho_[277] = 0.581795
~~~~~~~~~~~~~~~~~~~~~~~~~~~~~~~~~~~~~~~
hard-particle MC p_acc = 0.99575
Soft-core quenching p_acc = 0.30905
Final energy of stage 278  = 92.714
Rad[0] = 0.0304297
rho_[278] = 0.5818
~~~~~~~~~~~~~~~~~~~~~~~~~~~~~~~~~~~~~~~
hard-particle MC p_acc = 0.99625
Soft-core quenching p_acc = 0.309925
Final energy of stage 279  = 92.7131
Rad[0] = 0.0304314
rho_[279] = 0.581866
~~~~~~~~~~~~~~~~~~~~~~~~~~~~~~~~~~~~~~~
hard-particle MC p_acc = 0.9978
Soft-core quenching p_acc = 0.3197
Final energy of stage 280  = 92.7122
Rad[0] = 0.0304316
rho_[280] = 0.581875
~~~~~~~~~~~~~~~~~~~~~~~~~~~~~~~~~~~~~~~
hard-particle MC p_acc = 0.99745
Soft-core quenching p_acc = 0.323375
Final energy of stage 281  = 92.7112
Rad[0] = 0.0304317
rho_[281] = 0.58188
~~~~~~~~~~~~~~~~~~~~~~~~~~~~~~~~~~~~~~~
hard-particle MC p_acc = 0.996775
Soft-core quenching p_acc = 0.326975
Final energy of stage 282  = 92.7102
Rad[0] = 0.0304323
rho_[282] = 0.581901
~~~~~~~~~~~~~~~~~~~~~~~~~~~~~~~~~~~~~~~
hard-particle MC p_acc = 0.99655
Soft-core quenching p_acc = 0.3231
Final energy of stage 283  = 92.7092
Rad[0] = 0.0304327
rho_[283] = 0.581916
~~~~~~~~~~~~~~~~~~~~~~~~~~~~~~~~~~~~~~~
hard-particle MC p_acc = 0.997325
Soft-core quenching p_acc = 0.320875
Final energy of stage 284  = 92.7082
Rad[0] = 0.0304331
rho_[284] = 0.581932
~~~~~~~~~~~~~~~~~~~~~~~~~~~~~~~~~~~~~~~
hard-particle MC p_acc = 0.99505
Soft-core quenching p_acc = 0.3382
Final energy of stage 285  = 92.7072
Rad[0] = 0.0304336
rho_[285] = 0.581953
~~~~~~~~~~~~~~~~~~~~~~~~~~~~~~~~~~~~~~~
hard-particle MC p_acc = 0.996875
Soft-core quenching p_acc = 0.31185
Final energy of stage 286  = 92.7065
Rad[0] = 0.0304339
rho_[286] = 0.581962
~~~~~~~~~~~~~~~~~~~~~~~~~~~~~~~~~~~~~~~
hard-particle MC p_acc = 0.99745
Soft-core quenching p_acc = 0.306225
Final energy of stage 287  = 92.7058
Rad[0] = 0.0304341
rho_[287] = 0.58197
~~~~~~~~~~~~~~~~~~~~~~~~~~~~~~~~~~~~~~~
hard-particle MC p_acc = 0.996175
Soft-core quenching p_acc = 0.30235
Final energy of stage 288  = 92.7051
Rad[0] = 0.0304344
rho_[288] = 0.581982
~~~~~~~~~~~~~~~~~~~~~~~~~~~~~~~~~~~~~~~
hard-particle MC p_acc = 0.99785
Soft-core quenching p_acc = 0.30015
Final energy of stage 289  = 92.7044
Rad[0] = 0.0304351
rho_[289] = 0.58201
~~~~~~~~~~~~~~~~~~~~~~~~~~~~~~~~~~~~~~~
hard-particle MC p_acc = 0.9965
Soft-core quenching p_acc = 0.2838
Final energy of stage 290  = 92.7037
Rad[0] = 0.0304354
rho_[290] = 0.582019
~~~~~~~~~~~~~~~~~~~~~~~~~~~~~~~~~~~~~~~
hard-particle MC p_acc = 0.997675
Soft-core quenching p_acc = 0.28755
Final energy of stage 291  = 92.703
Rad[0] = 0.0304354
rho_[291] = 0.58202
~~~~~~~~~~~~~~~~~~~~~~~~~~~~~~~~~~~~~~~
hard-particle MC p_acc = 0.996925
Soft-core quenching p_acc = 0.2965
Final energy of stage 292  = 92.7024
Rad[0] = 0.0304371
rho_[292] = 0.582086
~~~~~~~~~~~~~~~~~~~~~~~~~~~~~~~~~~~~~~~
hard-particle MC p_acc = 0.997075
Soft-core quenching p_acc = 0.29825
Final energy of stage 293  = 92.7017
Rad[0] = 0.0304374
rho_[293] = 0.582097
~~~~~~~~~~~~~~~~~~~~~~~~~~~~~~~~~~~~~~~
hard-particle MC p_acc = 0.995775
Soft-core quenching p_acc = 0.30285
Final energy of stage 294  = 92.701
Rad[0] = 0.0304375
rho_[294] = 0.582101
~~~~~~~~~~~~~~~~~~~~~~~~~~~~~~~~~~~~~~~
hard-particle MC p_acc = 0.9978
Soft-core quenching p_acc = 0.30325
Final energy of stage 295  = 92.7003
Rad[0] = 0.0304376
rho_[295] = 0.582106
~~~~~~~~~~~~~~~~~~~~~~~~~~~~~~~~~~~~~~~
hard-particle MC p_acc = 0.99595
Soft-core quenching p_acc = 0.2964
Final energy of stage 296  = 92.6997
Rad[0] = 0.030438
rho_[296] = 0.582118
~~~~~~~~~~~~~~~~~~~~~~~~~~~~~~~~~~~~~~~
hard-particle MC p_acc = 0.99695
Soft-core quenching p_acc = 0.2972
Final energy of stage 297  = 92.699
Rad[0] = 0.0304381
rho_[297] = 0.582123
~~~~~~~~~~~~~~~~~~~~~~~~~~~~~~~~~~~~~~~
hard-particle MC p_acc = 0.998225
Soft-core quenching p_acc = 0.2714
Final energy of stage 298  = 92.6984
Rad[0] = 0.0304386
rho_[298] = 0.582144
~~~~~~~~~~~~~~~~~~~~~~~~~~~~~~~~~~~~~~~
hard-particle MC p_acc = 0.998725
Soft-core quenching p_acc = 0.27235
Final energy of stage 299  = 92.6977
Rad[0] = 0.0304388
rho_[299] = 0.58215
~~~~~~~~~~~~~~~~~~~~~~~~~~~~~~~~~~~~~~~
hard-particle MC p_acc = 0.998325
Soft-core quenching p_acc = 0.278825
Final energy of stage 300  = 92.6969
Rad[0] = 0.0304388
rho_[300] = 0.582151
~~~~~~~~~~~~~~~~~~~~~~~~~~~~~~~~~~~~~~~
hard-particle MC p_acc = 0.9964
Soft-core quenching p_acc = 0.263975
Final energy of stage 301  = 92.6962
Rad[0] = 0.030439
rho_[301] = 0.582157
~~~~~~~~~~~~~~~~~~~~~~~~~~~~~~~~~~~~~~~
hard-particle MC p_acc = 0.998125
Soft-core quenching p_acc = 0.2711
Final energy of stage 302  = 92.6956
Rad[0] = 0.0304391
rho_[302] = 0.582162
~~~~~~~~~~~~~~~~~~~~~~~~~~~~~~~~~~~~~~~
hard-particle MC p_acc = 0.99775
Soft-core quenching p_acc = 0.2872
Final energy of stage 303  = 92.695
Rad[0] = 0.0304393
rho_[303] = 0.582167
~~~~~~~~~~~~~~~~~~~~~~~~~~~~~~~~~~~~~~~
hard-particle MC p_acc = 0.998525
Soft-core quenching p_acc = 0.310725
Final energy of stage 304  = 92.6943
Rad[0] = 0.0304397
rho_[304] = 0.582183
~~~~~~~~~~~~~~~~~~~~~~~~~~~~~~~~~~~~~~~
hard-particle MC p_acc = 0.99855
Soft-core quenching p_acc = 0.31435
Final energy of stage 305  = 92.6935
Rad[0] = 0.0304397
rho_[305] = 0.582185
~~~~~~~~~~~~~~~~~~~~~~~~~~~~~~~~~~~~~~~
hard-particle MC p_acc = 0.9981
Soft-core quenching p_acc = 0.313475
Final energy of stage 306  = 92.6928
Rad[0] = 0.0304398
rho_[306] = 0.582187
~~~~~~~~~~~~~~~~~~~~~~~~~~~~~~~~~~~~~~~
hard-particle MC p_acc = 0.9985
Soft-core quenching p_acc = 0.31185
Final energy of stage 307  = 92.692
Rad[0] = 0.0304402
rho_[307] = 0.582202
~~~~~~~~~~~~~~~~~~~~~~~~~~~~~~~~~~~~~~~
hard-particle MC p_acc = 0.997675
Soft-core quenching p_acc = 0.3098
Final energy of stage 308  = 92.6912
Rad[0] = 0.0304415
rho_[308] = 0.582252
~~~~~~~~~~~~~~~~~~~~~~~~~~~~~~~~~~~~~~~
hard-particle MC p_acc = 0.996525
Soft-core quenching p_acc = 0.326525
Final energy of stage 309  = 92.6903
Rad[0] = 0.0304424
rho_[309] = 0.582289
~~~~~~~~~~~~~~~~~~~~~~~~~~~~~~~~~~~~~~~
hard-particle MC p_acc = 0.998725
Soft-core quenching p_acc = 0.324075
Final energy of stage 310  = 92.6894
Rad[0] = 0.030443
rho_[310] = 0.582309
~~~~~~~~~~~~~~~~~~~~~~~~~~~~~~~~~~~~~~~
hard-particle MC p_acc = 0.997625
Soft-core quenching p_acc = 0.326925
Final energy of stage 311  = 92.6884
Rad[0] = 0.0304447
rho_[311] = 0.582375
~~~~~~~~~~~~~~~~~~~~~~~~~~~~~~~~~~~~~~~
hard-particle MC p_acc = 0.998825
Soft-core quenching p_acc = 0.3236
Final energy of stage 312  = 92.6875
Rad[0] = 0.0304448
rho_[312] = 0.582379
~~~~~~~~~~~~~~~~~~~~~~~~~~~~~~~~~~~~~~~
hard-particle MC p_acc = 0.996975
Soft-core quenching p_acc = 0.33305
Final energy of stage 313  = 92.6865
Rad[0] = 0.0304471
rho_[313] = 0.582467
~~~~~~~~~~~~~~~~~~~~~~~~~~~~~~~~~~~~~~~
hard-particle MC p_acc = 0.997225
Soft-core quenching p_acc = 0.324125
Final energy of stage 314  = 92.6855
Rad[0] = 0.0304476
rho_[314] = 0.582488
~~~~~~~~~~~~~~~~~~~~~~~~~~~~~~~~~~~~~~~
hard-particle MC p_acc = 0.997
Soft-core quenching p_acc = 0.320525
Final energy of stage 315  = 92.6846
Rad[0] = 0.0304484
rho_[315] = 0.582516
~~~~~~~~~~~~~~~~~~~~~~~~~~~~~~~~~~~~~~~
hard-particle MC p_acc = 0.997475
Soft-core quenching p_acc = 0.301425
Final energy of stage 316  = 92.6838
Rad[0] = 0.0304486
rho_[316] = 0.582524
~~~~~~~~~~~~~~~~~~~~~~~~~~~~~~~~~~~~~~~
hard-particle MC p_acc = 0.998075
Soft-core quenching p_acc = 0.305275
Final energy of stage 317  = 92.6829
Rad[0] = 0.0304488
rho_[317] = 0.582531
~~~~~~~~~~~~~~~~~~~~~~~~~~~~~~~~~~~~~~~
hard-particle MC p_acc = 0.995725
Soft-core quenching p_acc = 0.2918
Final energy of stage 318  = 92.682
Rad[0] = 0.0304489
rho_[318] = 0.582536
~~~~~~~~~~~~~~~~~~~~~~~~~~~~~~~~~~~~~~~
hard-particle MC p_acc = 0.9981
Soft-core quenching p_acc = 0.26285
Final energy of stage 319  = 92.6813
Rad[0] = 0.0304492
rho_[319] = 0.582548
~~~~~~~~~~~~~~~~~~~~~~~~~~~~~~~~~~~~~~~
hard-particle MC p_acc = 0.995025
Soft-core quenching p_acc = 0.26505
Final energy of stage 320  = 92.6806
Rad[0] = 0.0304493
rho_[320] = 0.582553
~~~~~~~~~~~~~~~~~~~~~~~~~~~~~~~~~~~~~~~
hard-particle MC p_acc = 0.997725
Soft-core quenching p_acc = 0.26495
Final energy of stage 321  = 92.6799
Rad[0] = 0.0304494
rho_[321] = 0.582556
~~~~~~~~~~~~~~~~~~~~~~~~~~~~~~~~~~~~~~~
hard-particle MC p_acc = 0.997575
Soft-core quenching p_acc = 0.2675
Final energy of stage 322  = 92.6793
Rad[0] = 0.0304496
rho_[322] = 0.582563
~~~~~~~~~~~~~~~~~~~~~~~~~~~~~~~~~~~~~~~
hard-particle MC p_acc = 0.996675
Soft-core quenching p_acc = 0.2747
Final energy of stage 323  = 92.6785
Rad[0] = 0.0304497
rho_[323] = 0.582568
~~~~~~~~~~~~~~~~~~~~~~~~~~~~~~~~~~~~~~~
hard-particle MC p_acc = 0.99675
Soft-core quenching p_acc = 0.282125
Final energy of stage 324  = 92.6779
Rad[0] = 0.0304501
rho_[324] = 0.582583
~~~~~~~~~~~~~~~~~~~~~~~~~~~~~~~~~~~~~~~
hard-particle MC p_acc = 0.995
Soft-core quenching p_acc = 0.284275
Final energy of stage 325  = 92.6771
Rad[0] = 0.0304501
rho_[325] = 0.582583
~~~~~~~~~~~~~~~~~~~~~~~~~~~~~~~~~~~~~~~
hard-particle MC p_acc = 0.9962
Soft-core quenching p_acc = 0.285925
Final energy of stage 326  = 92.6764
Rad[0] = 0.0304504
rho_[326] = 0.582595
~~~~~~~~~~~~~~~~~~~~~~~~~~~~~~~~~~~~~~~
hard-particle MC p_acc = 0.997275
Soft-core quenching p_acc = 0.28125
Final energy of stage 327  = 92.6756
Rad[0] = 0.0304506
rho_[327] = 0.5826
~~~~~~~~~~~~~~~~~~~~~~~~~~~~~~~~~~~~~~~
hard-particle MC p_acc = 0.995775
Soft-core quenching p_acc = 0.265175
Final energy of stage 328  = 92.675
Rad[0] = 0.0304506
rho_[328] = 0.582601
~~~~~~~~~~~~~~~~~~~~~~~~~~~~~~~~~~~~~~~
hard-particle MC p_acc = 0.99685
Soft-core quenching p_acc = 0.27935
Final energy of stage 329  = 92.6742
Rad[0] = 0.0304507
rho_[329] = 0.582603
~~~~~~~~~~~~~~~~~~~~~~~~~~~~~~~~~~~~~~~
hard-particle MC p_acc = 0.997425
Soft-core quenching p_acc = 0.2815
Final energy of stage 330  = 92.6735
Rad[0] = 0.0304507
rho_[330] = 0.582606
~~~~~~~~~~~~~~~~~~~~~~~~~~~~~~~~~~~~~~~
hard-particle MC p_acc = 0.997725
Soft-core quenching p_acc = 0.266525
Final energy of stage 331  = 92.6729
Rad[0] = 0.0304508
rho_[331] = 0.58261
~~~~~~~~~~~~~~~~~~~~~~~~~~~~~~~~~~~~~~~
hard-particle MC p_acc = 0.997825
Soft-core quenching p_acc = 0.256275
Final energy of stage 332  = 92.6723
Rad[0] = 0.0304508
rho_[332] = 0.582611
~~~~~~~~~~~~~~~~~~~~~~~~~~~~~~~~~~~~~~~
hard-particle MC p_acc = 0.9968
Soft-core quenching p_acc = 0.255175
Final energy of stage 333  = 92.6717
Rad[0] = 0.0304518
rho_[333] = 0.582648
~~~~~~~~~~~~~~~~~~~~~~~~~~~~~~~~~~~~~~~
hard-particle MC p_acc = 0.99785
Soft-core quenching p_acc = 0.2381
Final energy of stage 334  = 92.6711
Rad[0] = 0.0304519
rho_[334] = 0.582651
~~~~~~~~~~~~~~~~~~~~~~~~~~~~~~~~~~~~~~~
hard-particle MC p_acc = 0.998175
Soft-core quenching p_acc = 0.2252
Final energy of stage 335  = 92.6706
Rad[0] = 0.0304521
rho_[335] = 0.582659
~~~~~~~~~~~~~~~~~~~~~~~~~~~~~~~~~~~~~~~
hard-particle MC p_acc = 0.99855
Soft-core quenching p_acc = 0.224775
Final energy of stage 336  = 92.67
Rad[0] = 0.0304522
rho_[336] = 0.582664
~~~~~~~~~~~~~~~~~~~~~~~~~~~~~~~~~~~~~~~
hard-particle MC p_acc = 0.9979
Soft-core quenching p_acc = 0.215525
Final energy of stage 337  = 92.6694
Rad[0] = 0.0304523
rho_[337] = 0.582666
~~~~~~~~~~~~~~~~~~~~~~~~~~~~~~~~~~~~~~~
hard-particle MC p_acc = 0.997775
Soft-core quenching p_acc = 0.2081
Final energy of stage 338  = 92.6689
Rad[0] = 0.0304524
rho_[338] = 0.582669
~~~~~~~~~~~~~~~~~~~~~~~~~~~~~~~~~~~~~~~
hard-particle MC p_acc = 0.996975
Soft-core quenching p_acc = 0.211875
Final energy of stage 339  = 92.6684
Rad[0] = 0.0304524
rho_[339] = 0.582671
~~~~~~~~~~~~~~~~~~~~~~~~~~~~~~~~~~~~~~~
hard-particle MC p_acc = 0.998525
Soft-core quenching p_acc = 0.224
Final energy of stage 340  = 92.6679
Rad[0] = 0.0304527
rho_[340] = 0.582683
~~~~~~~~~~~~~~~~~~~~~~~~~~~~~~~~~~~~~~~
hard-particle MC p_acc = 0.996575
Soft-core quenching p_acc = 0.234275
Final energy of stage 341  = 92.6674
Rad[0] = 0.0304528
rho_[341] = 0.582684
~~~~~~~~~~~~~~~~~~~~~~~~~~~~~~~~~~~~~~~
hard-particle MC p_acc = 0.997125
Soft-core quenching p_acc = 0.25395
Final energy of stage 342  = 92.6668
Rad[0] = 0.0304531
rho_[342] = 0.582696
~~~~~~~~~~~~~~~~~~~~~~~~~~~~~~~~~~~~~~~
hard-particle MC p_acc = 0.99825
Soft-core quenching p_acc = 0.260225
Final energy of stage 343  = 92.6662
Rad[0] = 0.0304533
rho_[343] = 0.582705
~~~~~~~~~~~~~~~~~~~~~~~~~~~~~~~~~~~~~~~
hard-particle MC p_acc = 0.99755
Soft-core quenching p_acc = 0.2628
Final energy of stage 344  = 92.6656
Rad[0] = 0.030455
rho_[344] = 0.58277
~~~~~~~~~~~~~~~~~~~~~~~~~~~~~~~~~~~~~~~
hard-particle MC p_acc = 0.99775
rad[0] = 0.0304554
packing density rho = 0.582786
Printing the final configuration now....
