Start packing
Number of distinct species, n_s = 
Number of growth stages, N_stage = 
Number of relax stages, N_relax = 
~~~~~~~~~~~~~~~~~~~~~~~~~~~~~~~~~~~~~~~~~~~~~
Number of cells for species 0, N_c[0] = 
~~~~~~~~~~~~~~~~~~~~~~~~~~~~~~~~~~~~~~~~~~~~~
Radius of cells for species 0, Rad[0] = 
~~~~~~~~~~~~~~~~~~~~~~~~~~~~~~~~~~~~~~~~~~~~~
Interaction range for species 0, Range[0] = 0.0282095
~~~~~~~~~~~~~~~~~~~~~~~~~~~~~~~~~~~~~~~~~~~~~
Growth rate [Rad -> (1+growth rate)*Rad], growth_rate = 
Trans_mod (in terms of boxlength), trans_mod =
Starting quench density, rho_start = 
Generate (0) or read (1) initial config, flag_config = 
Number of MC moves per particle at each stage, N_MC_particle = 
Length of grid cell, d0_cell = 
Generating initial configurations...
N_c[0] = 200
Reset interaction range for species 0, Range[0] = 0.132971
The total number of cells Ncell = 100
CellList(0,0) =  194  112  74 
CellList(1,0) =  107  96 
CellList(2,0) =  29  15 
CellList(3,0) =  19 
CellList(4,0) =  113  22 
CellList(5,0) =  161  89 
CellList(6,0) =  63  32  16 
CellList(7,0) =  109  58 
CellList(8,0) =  177  61  60 
CellList(9,0) =  162  44 
CellList(0,1) =  184  68 
CellList(1,1) =  189  57 
CellList(2,1) =  152  133 
CellList(3,1) =  174  105  12 
CellList(4,1) =  128 
CellList(5,1) =  173  85 
CellList(6,1) =  130 
CellList(7,1) =  18  13 
CellList(8,1) =  99  72 
CellList(9,1) =  48  21 
CellList(0,2) =  66 
CellList(1,2) =  42  1 
CellList(2,2) =  187  159  6 
CellList(3,2) =  45 
CellList(4,2) =  121  3 
CellList(5,2) =  88  20 
CellList(6,2) =  190  140 
CellList(7,2) =  122  56 
CellList(8,2) =  168  139  81 
CellList(9,2) =  30 
CellList(0,3) =  59 
CellList(1,3) =  175  117  43 
CellList(2,3) =  111 
CellList(3,3) =  186  35 
CellList(4,3) =  119  84  55 
CellList(5,3) =  151  51 
CellList(6,3) =  126  93 
CellList(7,3) =  147  5 
CellList(8,3) =  142  103 
CellList(9,3) =  183 
CellList(0,4) =  171  123  31 
CellList(1,4) =  138  71  11 
CellList(2,4) =  28 
CellList(3,4) =  153  70  25 
CellList(4,4) =  9 
CellList(5,4) =  92 
CellList(6,4) =  106  10 
CellList(7,4) =  77 
CellList(8,4) =  191  160  101 
CellList(9,4) =  50  34 
CellList(0,5) =  180  75  65 
CellList(1,5) =  198  167  24 
CellList(2,5) =  156  7 
CellList(3,5) =  79 
CellList(4,5) =  170  49  2 
CellList(5,5) =  26 
CellList(6,5) =  164  129  116 
CellList(7,5) =  39 
CellList(8,5) =  158  135  127 
CellList(9,5) =  192  64 
CellList(0,6) = 
CellList(1,6) =  80  78 
CellList(2,6) =  145 
CellList(3,6) =  97  69 
CellList(4,6) =  131  95 
CellList(5,6) =  120  91 
CellList(6,6) =  185  110 
CellList(7,6) =  181  125  41 
CellList(8,6) =  137 
CellList(9,6) =  98  73 
CellList(0,7) =  166  144 
CellList(1,7) =  197  146  114 
CellList(2,7) =  178  8 
CellList(3,7) =  172  87  54 
CellList(4,7) =  179  53 
CellList(5,7) =  163  149  27 
CellList(6,7) =  143 
CellList(7,7) =  150  100 
CellList(8,7) =  76  46 
CellList(9,7) =  67  14 
CellList(0,8) =  141  33 
CellList(1,8) =  86 
CellList(2,8) =  176  154 
CellList(3,8) =  157  90 
CellList(4,8) =  193  169  38 
CellList(5,8) =  62 
CellList(6,8) =  188  136  104 
CellList(7,8) =  196  47 
CellList(8,8) =  165  155  115 
CellList(9,8) =  182 
CellList(0,9) =  199  0 
CellList(1,9) =  108  82  23 
CellList(2,9) =  132 
CellList(3,9) =  148 
CellList(4,9) =  102  37 
CellList(5,9) =  17  4 
CellList(6,9) =  40 
CellList(7,9) =  124  36 
CellList(8,9) =  195  134  94 
CellList(9,9) =  118  83  52 
Initial energy of system E_init = 93.3988
hard-particle MC p_acc = 1
Rad[0] = 0.0270247
rho_[0] = 0.458882
~~~~~~~~~~~~~~~~~~~~~~~~~~~~~~~~~~~~~~~
hard-particle MC p_acc = 0.999425
Rad[0] = 0.0278817
rho_[1] = 0.488448
~~~~~~~~~~~~~~~~~~~~~~~~~~~~~~~~~~~~~~~
hard-particle MC p_acc = 0.9991
Rad[0] = 0.0280391
rho_[2] = 0.493977
~~~~~~~~~~~~~~~~~~~~~~~~~~~~~~~~~~~~~~~
hard-particle MC p_acc = 0.998875
Rad[0] = 0.0281281
rho_[3] = 0.497118
~~~~~~~~~~~~~~~~~~~~~~~~~~~~~~~~~~~~~~~
hard-particle MC p_acc = 0.9984
Rad[0] = 0.0282174
rho_[4] = 0.50028
~~~~~~~~~~~~~~~~~~~~~~~~~~~~~~~~~~~~~~~
hard-particle MC p_acc = 0.998125
Rad[0] = 0.0282552
rho_[5] = 0.501621
~~~~~~~~~~~~~~~~~~~~~~~~~~~~~~~~~~~~~~~
hard-particle MC p_acc = 0.998075
Rad[0] = 0.0283056
rho_[6] = 0.503414
~~~~~~~~~~~~~~~~~~~~~~~~~~~~~~~~~~~~~~~
hard-particle MC p_acc = 0.99545
Rad[0] = 0.0283955
rho_[7] = 0.506616
~~~~~~~~~~~~~~~~~~~~~~~~~~~~~~~~~~~~~~~
hard-particle MC p_acc = 0.9956
Rad[0] = 0.0284023
rho_[8] = 0.506857
~~~~~~~~~~~~~~~~~~~~~~~~~~~~~~~~~~~~~~~
hard-particle MC p_acc = 0.995
Rad[0] = 0.028453
rho_[9] = 0.508669
~~~~~~~~~~~~~~~~~~~~~~~~~~~~~~~~~~~~~~~
hard-particle MC p_acc = 0.99825
Rad[0] = 0.0284533
rho_[10] = 0.508679
~~~~~~~~~~~~~~~~~~~~~~~~~~~~~~~~~~~~~~~
hard-particle MC p_acc = 0.996225
Rad[0] = 0.0284623
rho_[11] = 0.509003
~~~~~~~~~~~~~~~~~~~~~~~~~~~~~~~~~~~~~~~
hard-particle MC p_acc = 0.9959
Rad[0] = 0.0284714
rho_[12] = 0.509326
~~~~~~~~~~~~~~~~~~~~~~~~~~~~~~~~~~~~~~~
hard-particle MC p_acc = 0.995125
Rad[0] = 0.0285391
rho_[13] = 0.511755
~~~~~~~~~~~~~~~~~~~~~~~~~~~~~~~~~~~~~~~
hard-particle MC p_acc = 0.9965
Rad[0] = 0.0285678
rho_[14] = 0.512783
~~~~~~~~~~~~~~~~~~~~~~~~~~~~~~~~~~~~~~~
hard-particle MC p_acc = 0.996025
Rad[0] = 0.028569
rho_[15] = 0.512827
~~~~~~~~~~~~~~~~~~~~~~~~~~~~~~~~~~~~~~~
hard-particle MC p_acc = 0.996675
Rad[0] = 0.0285697
rho_[16] = 0.512851
~~~~~~~~~~~~~~~~~~~~~~~~~~~~~~~~~~~~~~~
hard-particle MC p_acc = 0.996275
Rad[0] = 0.0285719
rho_[17] = 0.512929
~~~~~~~~~~~~~~~~~~~~~~~~~~~~~~~~~~~~~~~
hard-particle MC p_acc = 0.99565
Rad[0] = 0.0286229
rho_[18] = 0.514762
~~~~~~~~~~~~~~~~~~~~~~~~~~~~~~~~~~~~~~~
hard-particle MC p_acc = 0.99475
Rad[0] = 0.0286391
rho_[19] = 0.515344
~~~~~~~~~~~~~~~~~~~~~~~~~~~~~~~~~~~~~~~
hard-particle MC p_acc = 0.99535
Rad[0] = 0.0286391
rho_[20] = 0.515345
~~~~~~~~~~~~~~~~~~~~~~~~~~~~~~~~~~~~~~~
hard-particle MC p_acc = 0.997275
Rad[0] = 0.0286512
rho_[21] = 0.515782
~~~~~~~~~~~~~~~~~~~~~~~~~~~~~~~~~~~~~~~
hard-particle MC p_acc = 0.997275
Rad[0] = 0.028658
rho_[22] = 0.516028
~~~~~~~~~~~~~~~~~~~~~~~~~~~~~~~~~~~~~~~
hard-particle MC p_acc = 0.997275
Rad[0] = 0.0286672
rho_[23] = 0.516356
~~~~~~~~~~~~~~~~~~~~~~~~~~~~~~~~~~~~~~~
hard-particle MC p_acc = 0.997425
Rad[0] = 0.0286834
rho_[24] = 0.516939
~~~~~~~~~~~~~~~~~~~~~~~~~~~~~~~~~~~~~~~
hard-particle MC p_acc = 0.996725
Rad[0] = 0.0287516
rho_[25] = 0.519404
~~~~~~~~~~~~~~~~~~~~~~~~~~~~~~~~~~~~~~~
hard-particle MC p_acc = 0.995625
Rad[0] = 0.0287902
rho_[26] = 0.520796
~~~~~~~~~~~~~~~~~~~~~~~~~~~~~~~~~~~~~~~
hard-particle MC p_acc = 0.996575
Rad[0] = 0.0287993
rho_[27] = 0.521127
~~~~~~~~~~~~~~~~~~~~~~~~~~~~~~~~~~~~~~~
hard-particle MC p_acc = 0.996625
Rad[0] = 0.0288022
rho_[28] = 0.521232
~~~~~~~~~~~~~~~~~~~~~~~~~~~~~~~~~~~~~~~
hard-particle MC p_acc = 0.99655
Rad[0] = 0.0288144
rho_[29] = 0.521674
~~~~~~~~~~~~~~~~~~~~~~~~~~~~~~~~~~~~~~~
hard-particle MC p_acc = 0.9952
Rad[0] = 0.028883
rho_[30] = 0.524161
~~~~~~~~~~~~~~~~~~~~~~~~~~~~~~~~~~~~~~~
hard-particle MC p_acc = 0.99475
Rad[0] = 0.0288993
rho_[31] = 0.524754
~~~~~~~~~~~~~~~~~~~~~~~~~~~~~~~~~~~~~~~
hard-particle MC p_acc = 0.9957
Rad[0] = 0.0289022
rho_[32] = 0.52486
~~~~~~~~~~~~~~~~~~~~~~~~~~~~~~~~~~~~~~~
hard-particle MC p_acc = 0.996025
Rad[0] = 0.0289061
rho_[33] = 0.525
~~~~~~~~~~~~~~~~~~~~~~~~~~~~~~~~~~~~~~~
hard-particle MC p_acc = 0.993325
Rad[0] = 0.0289279
rho_[34] = 0.525792
~~~~~~~~~~~~~~~~~~~~~~~~~~~~~~~~~~~~~~~
hard-particle MC p_acc = 0.993325
Rad[0] = 0.0289402
rho_[35] = 0.526237
~~~~~~~~~~~~~~~~~~~~~~~~~~~~~~~~~~~~~~~
hard-particle MC p_acc = 0.995275
Rad[0] = 0.0289471
rho_[36] = 0.526488
~~~~~~~~~~~~~~~~~~~~~~~~~~~~~~~~~~~~~~~
hard-particle MC p_acc = 0.99615
Rad[0] = 0.0289563
rho_[37] = 0.526823
~~~~~~~~~~~~~~~~~~~~~~~~~~~~~~~~~~~~~~~
hard-particle MC p_acc = 0.99575
Rad[0] = 0.0289564
rho_[38] = 0.526826
~~~~~~~~~~~~~~~~~~~~~~~~~~~~~~~~~~~~~~~
hard-particle MC p_acc = 0.99775
Rad[0] = 0.0289656
rho_[39] = 0.527161
~~~~~~~~~~~~~~~~~~~~~~~~~~~~~~~~~~~~~~~
hard-particle MC p_acc = 0.99665
Rad[0] = 0.0289725
rho_[40] = 0.527413
~~~~~~~~~~~~~~~~~~~~~~~~~~~~~~~~~~~~~~~
hard-particle MC p_acc = 0.994425
Rad[0] = 0.0289776
rho_[41] = 0.527601
~~~~~~~~~~~~~~~~~~~~~~~~~~~~~~~~~~~~~~~
hard-particle MC p_acc = 0.99355
Rad[0] = 0.0289815
rho_[42] = 0.527743
~~~~~~~~~~~~~~~~~~~~~~~~~~~~~~~~~~~~~~~
hard-particle MC p_acc = 0.9929
Rad[0] = 0.0289832
rho_[43] = 0.527802
~~~~~~~~~~~~~~~~~~~~~~~~~~~~~~~~~~~~~~~
hard-particle MC p_acc = 0.992875
Rad[0] = 0.029005
rho_[44] = 0.528598
~~~~~~~~~~~~~~~~~~~~~~~~~~~~~~~~~~~~~~~
hard-particle MC p_acc = 0.993575
Rad[0] = 0.0290269
rho_[45] = 0.529395
~~~~~~~~~~~~~~~~~~~~~~~~~~~~~~~~~~~~~~~
hard-particle MC p_acc = 0.995025
Rad[0] = 0.0290281
rho_[46] = 0.52944
~~~~~~~~~~~~~~~~~~~~~~~~~~~~~~~~~~~~~~~
hard-particle MC p_acc = 0.993275
Rad[0] = 0.0290404
rho_[47] = 0.529889
~~~~~~~~~~~~~~~~~~~~~~~~~~~~~~~~~~~~~~~
hard-particle MC p_acc = 0.993925
Rad[0] = 0.0290696
rho_[48] = 0.530954
~~~~~~~~~~~~~~~~~~~~~~~~~~~~~~~~~~~~~~~
hard-particle MC p_acc = 0.993875
Rad[0] = 0.0290725
rho_[49] = 0.531061
~~~~~~~~~~~~~~~~~~~~~~~~~~~~~~~~~~~~~~~
hard-particle MC p_acc = 0.99325
Rad[0] = 0.0290794
rho_[50] = 0.531314
~~~~~~~~~~~~~~~~~~~~~~~~~~~~~~~~~~~~~~~
hard-particle MC p_acc = 0.99575
Rad[0] = 0.0290816
rho_[51] = 0.531394
~~~~~~~~~~~~~~~~~~~~~~~~~~~~~~~~~~~~~~~
hard-particle MC p_acc = 0.99495
Rad[0] = 0.0290821
rho_[52] = 0.531413
~~~~~~~~~~~~~~~~~~~~~~~~~~~~~~~~~~~~~~~
hard-particle MC p_acc = 0.995625
Rad[0] = 0.0290944
rho_[53] = 0.531863
~~~~~~~~~~~~~~~~~~~~~~~~~~~~~~~~~~~~~~~
hard-particle MC p_acc = 0.9966
Rad[0] = 0.0290951
rho_[54] = 0.531889
~~~~~~~~~~~~~~~~~~~~~~~~~~~~~~~~~~~~~~~
hard-particle MC p_acc = 0.99535
Rad[0] = 0.0291171
rho_[55] = 0.532691
~~~~~~~~~~~~~~~~~~~~~~~~~~~~~~~~~~~~~~~
hard-particle MC p_acc = 0.9929
Rad[0] = 0.0291294
rho_[56] = 0.533142
~~~~~~~~~~~~~~~~~~~~~~~~~~~~~~~~~~~~~~~
hard-particle MC p_acc = 0.99355
Rad[0] = 0.0291459
rho_[57] = 0.533745
~~~~~~~~~~~~~~~~~~~~~~~~~~~~~~~~~~~~~~~
hard-particle MC p_acc = 0.9934
Rad[0] = 0.0291623
rho_[58] = 0.534348
~~~~~~~~~~~~~~~~~~~~~~~~~~~~~~~~~~~~~~~
hard-particle MC p_acc = 0.994525
Rad[0] = 0.0291645
rho_[59] = 0.534429
~~~~~~~~~~~~~~~~~~~~~~~~~~~~~~~~~~~~~~~
hard-particle MC p_acc = 0.996675
Rad[0] = 0.0291769
rho_[60] = 0.534882
~~~~~~~~~~~~~~~~~~~~~~~~~~~~~~~~~~~~~~~
hard-particle MC p_acc = 0.994875
Rad[0] = 0.0291838
rho_[61] = 0.535137
~~~~~~~~~~~~~~~~~~~~~~~~~~~~~~~~~~~~~~~
hard-particle MC p_acc = 0.994125
Rad[0] = 0.0292229
rho_[62] = 0.536571
~~~~~~~~~~~~~~~~~~~~~~~~~~~~~~~~~~~~~~~
hard-particle MC p_acc = 0.993925
Rad[0] = 0.0292251
rho_[63] = 0.536652
~~~~~~~~~~~~~~~~~~~~~~~~~~~~~~~~~~~~~~~
hard-particle MC p_acc = 0.994475
Rad[0] = 0.0292291
rho_[64] = 0.536796
~~~~~~~~~~~~~~~~~~~~~~~~~~~~~~~~~~~~~~~
hard-particle MC p_acc = 0.994425
Rad[0] = 0.0292313
rho_[65] = 0.536877
~~~~~~~~~~~~~~~~~~~~~~~~~~~~~~~~~~~~~~~
hard-particle MC p_acc = 0.99535
Rad[0] = 0.0292478
rho_[66] = 0.537484
~~~~~~~~~~~~~~~~~~~~~~~~~~~~~~~~~~~~~~~
hard-particle MC p_acc = 0.99545
Rad[0] = 0.0292602
rho_[67] = 0.53794
~~~~~~~~~~~~~~~~~~~~~~~~~~~~~~~~~~~~~~~
hard-particle MC p_acc = 0.9955
Rad[0] = 0.0292896
rho_[68] = 0.539021
~~~~~~~~~~~~~~~~~~~~~~~~~~~~~~~~~~~~~~~
hard-particle MC p_acc = 0.993175
Rad[0] = 0.0293288
rho_[69] = 0.540466
~~~~~~~~~~~~~~~~~~~~~~~~~~~~~~~~~~~~~~~
hard-particle MC p_acc = 0.995525
Rad[0] = 0.0293327
rho_[70] = 0.540611
~~~~~~~~~~~~~~~~~~~~~~~~~~~~~~~~~~~~~~~
hard-particle MC p_acc = 0.993275
Rad[0] = 0.0293622
rho_[71] = 0.541697
~~~~~~~~~~~~~~~~~~~~~~~~~~~~~~~~~~~~~~~
hard-particle MC p_acc = 0.994275
Rad[0] = 0.0293843
rho_[72] = 0.542514
~~~~~~~~~~~~~~~~~~~~~~~~~~~~~~~~~~~~~~~
hard-particle MC p_acc = 0.994675
Rad[0] = 0.0293865
rho_[73] = 0.542596
~~~~~~~~~~~~~~~~~~~~~~~~~~~~~~~~~~~~~~~
hard-particle MC p_acc = 0.9953
Rad[0] = 0.0293882
rho_[74] = 0.542657
~~~~~~~~~~~~~~~~~~~~~~~~~~~~~~~~~~~~~~~
hard-particle MC p_acc = 0.996575
Rad[0] = 0.0294006
rho_[75] = 0.543117
~~~~~~~~~~~~~~~~~~~~~~~~~~~~~~~~~~~~~~~
hard-particle MC p_acc = 0.996275
Rad[0] = 0.02941
rho_[76] = 0.543463
~~~~~~~~~~~~~~~~~~~~~~~~~~~~~~~~~~~~~~~
hard-particle MC p_acc = 0.9947
Rad[0] = 0.0294152
rho_[77] = 0.543657
~~~~~~~~~~~~~~~~~~~~~~~~~~~~~~~~~~~~~~~
hard-particle MC p_acc = 0.994075
Rad[0] = 0.0294246
rho_[78] = 0.544003
~~~~~~~~~~~~~~~~~~~~~~~~~~~~~~~~~~~~~~~
hard-particle MC p_acc = 0.9956
Rad[0] = 0.0294268
rho_[79] = 0.544085
~~~~~~~~~~~~~~~~~~~~~~~~~~~~~~~~~~~~~~~
hard-particle MC p_acc = 0.993175
Rad[0] = 0.0294321
rho_[80] = 0.544279
~~~~~~~~~~~~~~~~~~~~~~~~~~~~~~~~~~~~~~~
hard-particle MC p_acc = 0.9929
Rad[0] = 0.0294337
rho_[81] = 0.544341
~~~~~~~~~~~~~~~~~~~~~~~~~~~~~~~~~~~~~~~
hard-particle MC p_acc = 0.993825
Rad[0] = 0.0294408
rho_[82] = 0.5446
~~~~~~~~~~~~~~~~~~~~~~~~~~~~~~~~~~~~~~~
hard-particle MC p_acc = 0.995825
Rad[0] = 0.029446
rho_[83] = 0.544795
~~~~~~~~~~~~~~~~~~~~~~~~~~~~~~~~~~~~~~~
hard-particle MC p_acc = 0.996375
Rad[0] = 0.0294682
rho_[84] = 0.545616
~~~~~~~~~~~~~~~~~~~~~~~~~~~~~~~~~~~~~~~
hard-particle MC p_acc = 0.995275
Rad[0] = 0.0294807
rho_[85] = 0.546079
~~~~~~~~~~~~~~~~~~~~~~~~~~~~~~~~~~~~~~~
hard-particle MC p_acc = 0.991675
Rad[0] = 0.0294837
rho_[86] = 0.546189
~~~~~~~~~~~~~~~~~~~~~~~~~~~~~~~~~~~~~~~
hard-particle MC p_acc = 0.9897
Rad[0] = 0.0294842
rho_[87] = 0.546208
~~~~~~~~~~~~~~~~~~~~~~~~~~~~~~~~~~~~~~~
hard-particle MC p_acc = 0.9924
Rad[0] = 0.0295008
rho_[88] = 0.546826
~~~~~~~~~~~~~~~~~~~~~~~~~~~~~~~~~~~~~~~
hard-particle MC p_acc = 0.994525
Rad[0] = 0.0295404
rho_[89] = 0.548291
~~~~~~~~~~~~~~~~~~~~~~~~~~~~~~~~~~~~~~~
hard-particle MC p_acc = 0.9916
Rad[0] = 0.0295626
rho_[90] = 0.549118
~~~~~~~~~~~~~~~~~~~~~~~~~~~~~~~~~~~~~~~
hard-particle MC p_acc = 0.991275
Rad[0] = 0.0295628
rho_[91] = 0.549124
~~~~~~~~~~~~~~~~~~~~~~~~~~~~~~~~~~~~~~~
hard-particle MC p_acc = 0.995425
Rad[0] = 0.0295698
rho_[92] = 0.549386
~~~~~~~~~~~~~~~~~~~~~~~~~~~~~~~~~~~~~~~
hard-particle MC p_acc = 0.99385
Rad[0] = 0.0295751
rho_[93] = 0.549582
~~~~~~~~~~~~~~~~~~~~~~~~~~~~~~~~~~~~~~~
hard-particle MC p_acc = 0.98895
Rad[0] = 0.0295791
rho_[94] = 0.54973
~~~~~~~~~~~~~~~~~~~~~~~~~~~~~~~~~~~~~~~
hard-particle MC p_acc = 0.993325
Rad[0] = 0.0295885
rho_[95] = 0.550079
~~~~~~~~~~~~~~~~~~~~~~~~~~~~~~~~~~~~~~~
hard-particle MC p_acc = 0.99435
Rad[0] = 0.0296052
rho_[96] = 0.550701
~~~~~~~~~~~~~~~~~~~~~~~~~~~~~~~~~~~~~~~
hard-particle MC p_acc = 0.992975
Rad[0] = 0.0296219
rho_[97] = 0.551324
~~~~~~~~~~~~~~~~~~~~~~~~~~~~~~~~~~~~~~~
hard-particle MC p_acc = 0.99075
Rad[0] = 0.0296259
rho_[98] = 0.551471
~~~~~~~~~~~~~~~~~~~~~~~~~~~~~~~~~~~~~~~
hard-particle MC p_acc = 0.99425
Rad[0] = 0.029633
rho_[99] = 0.551734
~~~~~~~~~~~~~~~~~~~~~~~~~~~~~~~~~~~~~~~
hard-particle MC p_acc = 0.993425
Rad[0] = 0.0296497
rho_[100] = 0.552358
~~~~~~~~~~~~~~~~~~~~~~~~~~~~~~~~~~~~~~~
hard-particle MC p_acc = 0.994325
Rad[0] = 0.0296537
rho_[101] = 0.552506
~~~~~~~~~~~~~~~~~~~~~~~~~~~~~~~~~~~~~~~
hard-particle MC p_acc = 0.993125
Rad[0] = 0.0296546
rho_[102] = 0.552541
~~~~~~~~~~~~~~~~~~~~~~~~~~~~~~~~~~~~~~~
hard-particle MC p_acc = 0.993925
Rad[0] = 0.0296714
rho_[103] = 0.553166
~~~~~~~~~~~~~~~~~~~~~~~~~~~~~~~~~~~~~~~
hard-particle MC p_acc = 0.992625
Rad[0] = 0.0296714
rho_[104] = 0.553166
~~~~~~~~~~~~~~~~~~~~~~~~~~~~~~~~~~~~~~~
hard-particle MC p_acc = 0.993325
Rad[0] = 0.0296744
rho_[105] = 0.553278
~~~~~~~~~~~~~~~~~~~~~~~~~~~~~~~~~~~~~~~
hard-particle MC p_acc = 0.988075
Rad[0] = 0.0296967
rho_[106] = 0.554112
~~~~~~~~~~~~~~~~~~~~~~~~~~~~~~~~~~~~~~~
hard-particle MC p_acc = 0.992375
Rad[0] = 0.0297062
rho_[107] = 0.554464
~~~~~~~~~~~~~~~~~~~~~~~~~~~~~~~~~~~~~~~
hard-particle MC p_acc = 0.99175
Rad[0] = 0.0297092
rho_[108] = 0.554575
~~~~~~~~~~~~~~~~~~~~~~~~~~~~~~~~~~~~~~~
hard-particle MC p_acc = 0.99295
Rad[0] = 0.0297218
rho_[109] = 0.555046
~~~~~~~~~~~~~~~~~~~~~~~~~~~~~~~~~~~~~~~
hard-particle MC p_acc = 0.993075
Rad[0] = 0.0297616
rho_[110] = 0.556533
~~~~~~~~~~~~~~~~~~~~~~~~~~~~~~~~~~~~~~~
hard-particle MC p_acc = 0.99225
Rad[0] = 0.029784
rho_[111] = 0.557372
~~~~~~~~~~~~~~~~~~~~~~~~~~~~~~~~~~~~~~~
hard-particle MC p_acc = 0.991375
Rad[0] = 0.0298064
rho_[112] = 0.558212
~~~~~~~~~~~~~~~~~~~~~~~~~~~~~~~~~~~~~~~
hard-particle MC p_acc = 0.9927
Rad[0] = 0.0298117
rho_[113] = 0.558412
~~~~~~~~~~~~~~~~~~~~~~~~~~~~~~~~~~~~~~~
hard-particle MC p_acc = 0.993925
Rad[0] = 0.029813
rho_[114] = 0.558459
~~~~~~~~~~~~~~~~~~~~~~~~~~~~~~~~~~~~~~~
hard-particle MC p_acc = 0.993575
Rad[0] = 0.0298225
rho_[115] = 0.558814
~~~~~~~~~~~~~~~~~~~~~~~~~~~~~~~~~~~~~~~
hard-particle MC p_acc = 0.99245
Rad[0] = 0.0298247
rho_[116] = 0.558899
~~~~~~~~~~~~~~~~~~~~~~~~~~~~~~~~~~~~~~~
hard-particle MC p_acc = 0.99245
Rad[0] = 0.0298416
rho_[117] = 0.559531
~~~~~~~~~~~~~~~~~~~~~~~~~~~~~~~~~~~~~~~
hard-particle MC p_acc = 0.991875
Rad[0] = 0.0298423
rho_[118] = 0.559557
~~~~~~~~~~~~~~~~~~~~~~~~~~~~~~~~~~~~~~~
hard-particle MC p_acc = 0.991575
Rad[0] = 0.0298463
rho_[119] = 0.559707
~~~~~~~~~~~~~~~~~~~~~~~~~~~~~~~~~~~~~~~
hard-particle MC p_acc = 0.993925
Rad[0] = 0.0298503
rho_[120] = 0.559857
~~~~~~~~~~~~~~~~~~~~~~~~~~~~~~~~~~~~~~~
hard-particle MC p_acc = 0.9942
Rad[0] = 0.029852
rho_[121] = 0.559921
~~~~~~~~~~~~~~~~~~~~~~~~~~~~~~~~~~~~~~~
hard-particle MC p_acc = 0.9922
Rad[0] = 0.0298591
rho_[122] = 0.560188
~~~~~~~~~~~~~~~~~~~~~~~~~~~~~~~~~~~~~~~
hard-particle MC p_acc = 0.99525
Rad[0] = 0.0298644
rho_[123] = 0.560388
~~~~~~~~~~~~~~~~~~~~~~~~~~~~~~~~~~~~~~~
hard-particle MC p_acc = 0.99625
Rad[0] = 0.0298698
rho_[124] = 0.560588
~~~~~~~~~~~~~~~~~~~~~~~~~~~~~~~~~~~~~~~
hard-particle MC p_acc = 0.992425
Rad[0] = 0.0298793
rho_[125] = 0.560945
~~~~~~~~~~~~~~~~~~~~~~~~~~~~~~~~~~~~~~~
hard-particle MC p_acc = 0.99495
Rad[0] = 0.029881
rho_[126] = 0.561008
~~~~~~~~~~~~~~~~~~~~~~~~~~~~~~~~~~~~~~~
hard-particle MC p_acc = 0.995225
Rad[0] = 0.0299035
rho_[127] = 0.561854
~~~~~~~~~~~~~~~~~~~~~~~~~~~~~~~~~~~~~~~
hard-particle MC p_acc = 0.993425
Rad[0] = 0.0299204
rho_[128] = 0.562489
~~~~~~~~~~~~~~~~~~~~~~~~~~~~~~~~~~~~~~~
hard-particle MC p_acc = 0.994025
Rad[0] = 0.0299373
rho_[129] = 0.563125
~~~~~~~~~~~~~~~~~~~~~~~~~~~~~~~~~~~~~~~
hard-particle MC p_acc = 0.990025
Rad[0] = 0.0299598
rho_[130] = 0.563974
~~~~~~~~~~~~~~~~~~~~~~~~~~~~~~~~~~~~~~~
hard-particle MC p_acc = 0.988675
Rad[0] = 0.0299621
rho_[131] = 0.564059
~~~~~~~~~~~~~~~~~~~~~~~~~~~~~~~~~~~~~~~
hard-particle MC p_acc = 0.992625
Rad[0] = 0.0299661
rho_[132] = 0.56421
~~~~~~~~~~~~~~~~~~~~~~~~~~~~~~~~~~~~~~~
hard-particle MC p_acc = 0.990775
Rad[0] = 0.0299684
rho_[133] = 0.564295
~~~~~~~~~~~~~~~~~~~~~~~~~~~~~~~~~~~~~~~
hard-particle MC p_acc = 0.993125
Rad[0] = 0.0299755
rho_[134] = 0.564564
~~~~~~~~~~~~~~~~~~~~~~~~~~~~~~~~~~~~~~~
hard-particle MC p_acc = 0.990725
Rad[0] = 0.0299882
rho_[135] = 0.565043
~~~~~~~~~~~~~~~~~~~~~~~~~~~~~~~~~~~~~~~
hard-particle MC p_acc = 0.99305
Rad[0] = 0.0299912
rho_[136] = 0.565157
~~~~~~~~~~~~~~~~~~~~~~~~~~~~~~~~~~~~~~~
hard-particle MC p_acc = 0.99145
Rad[0] = 0.0299966
rho_[137] = 0.565359
~~~~~~~~~~~~~~~~~~~~~~~~~~~~~~~~~~~~~~~
hard-particle MC p_acc = 0.989325
Rad[0] = 0.0299989
rho_[138] = 0.565444
~~~~~~~~~~~~~~~~~~~~~~~~~~~~~~~~~~~~~~~
hard-particle MC p_acc = 0.99215
Rad[0] = 0.0300084
rho_[139] = 0.565803
~~~~~~~~~~~~~~~~~~~~~~~~~~~~~~~~~~~~~~~
hard-particle MC p_acc = 0.9897
Rad[0] = 0.030031
rho_[140] = 0.566656
~~~~~~~~~~~~~~~~~~~~~~~~~~~~~~~~~~~~~~~
hard-particle MC p_acc = 0.99085
Rad[0] = 0.0300437
rho_[141] = 0.567137
~~~~~~~~~~~~~~~~~~~~~~~~~~~~~~~~~~~~~~~
hard-particle MC p_acc = 0.990375
Rad[0] = 0.0300468
rho_[142] = 0.567251
~~~~~~~~~~~~~~~~~~~~~~~~~~~~~~~~~~~~~~~
hard-particle MC p_acc = 0.991325
Rad[0] = 0.030047
rho_[143] = 0.567259
~~~~~~~~~~~~~~~~~~~~~~~~~~~~~~~~~~~~~~~
hard-particle MC p_acc = 0.9917
Rad[0] = 0.03005
rho_[144] = 0.567373
~~~~~~~~~~~~~~~~~~~~~~~~~~~~~~~~~~~~~~~
hard-particle MC p_acc = 0.992425
Rad[0] = 0.0300517
rho_[145] = 0.567438
~~~~~~~~~~~~~~~~~~~~~~~~~~~~~~~~~~~~~~~
hard-particle MC p_acc = 0.98975
Rad[0] = 0.030054
rho_[146] = 0.567523
~~~~~~~~~~~~~~~~~~~~~~~~~~~~~~~~~~~~~~~
hard-particle MC p_acc = 0.987975
Rad[0] = 0.0300611
rho_[147] = 0.567794
~~~~~~~~~~~~~~~~~~~~~~~~~~~~~~~~~~~~~~~
hard-particle MC p_acc = 0.99075
Rad[0] = 0.0300628
rho_[148] = 0.567858
~~~~~~~~~~~~~~~~~~~~~~~~~~~~~~~~~~~~~~~
hard-particle MC p_acc = 0.99095
Rad[0] = 0.0300798
rho_[149] = 0.5685
~~~~~~~~~~~~~~~~~~~~~~~~~~~~~~~~~~~~~~~
hard-particle MC p_acc = 0.9924
Rad[0] = 0.0300852
rho_[150] = 0.568703
~~~~~~~~~~~~~~~~~~~~~~~~~~~~~~~~~~~~~~~
hard-particle MC p_acc = 0.9935
Rad[0] = 0.0300882
rho_[151] = 0.568818
~~~~~~~~~~~~~~~~~~~~~~~~~~~~~~~~~~~~~~~
hard-particle MC p_acc = 0.988025
Rad[0] = 0.0300978
rho_[152] = 0.569179
~~~~~~~~~~~~~~~~~~~~~~~~~~~~~~~~~~~~~~~
hard-particle MC p_acc = 0.990475
Rad[0] = 0.0300982
rho_[153] = 0.569195
~~~~~~~~~~~~~~~~~~~~~~~~~~~~~~~~~~~~~~~
hard-particle MC p_acc = 0.993225
Rad[0] = 0.0301005
rho_[154] = 0.56928
~~~~~~~~~~~~~~~~~~~~~~~~~~~~~~~~~~~~~~~
hard-particle MC p_acc = 0.992775
Rad[0] = 0.0301132
rho_[155] = 0.569763
~~~~~~~~~~~~~~~~~~~~~~~~~~~~~~~~~~~~~~~
hard-particle MC p_acc = 0.9913
Rad[0] = 0.0301204
rho_[156] = 0.570035
~~~~~~~~~~~~~~~~~~~~~~~~~~~~~~~~~~~~~~~
hard-particle MC p_acc = 0.989625
Rad[0] = 0.0301244
rho_[157] = 0.570188
~~~~~~~~~~~~~~~~~~~~~~~~~~~~~~~~~~~~~~~
hard-particle MC p_acc = 0.991425
Rad[0] = 0.0301372
rho_[158] = 0.570671
~~~~~~~~~~~~~~~~~~~~~~~~~~~~~~~~~~~~~~~
hard-particle MC p_acc = 0.990175
Rad[0] = 0.0301599
rho_[159] = 0.571531
~~~~~~~~~~~~~~~~~~~~~~~~~~~~~~~~~~~~~~~
hard-particle MC p_acc = 0.99
Rad[0] = 0.0301601
rho_[160] = 0.57154
~~~~~~~~~~~~~~~~~~~~~~~~~~~~~~~~~~~~~~~
hard-particle MC p_acc = 0.99145
Rad[0] = 0.0301632
rho_[161] = 0.571655
~~~~~~~~~~~~~~~~~~~~~~~~~~~~~~~~~~~~~~~
hard-particle MC p_acc = 0.99175
Rad[0] = 0.0301686
rho_[162] = 0.571859
~~~~~~~~~~~~~~~~~~~~~~~~~~~~~~~~~~~~~~~
hard-particle MC p_acc = 0.9931
Rad[0] = 0.0301758
rho_[163] = 0.572132
~~~~~~~~~~~~~~~~~~~~~~~~~~~~~~~~~~~~~~~
hard-particle MC p_acc = 0.993375
Rad[0] = 0.0301829
rho_[164] = 0.572405
~~~~~~~~~~~~~~~~~~~~~~~~~~~~~~~~~~~~~~~
hard-particle MC p_acc = 0.989475
Rad[0] = 0.0301883
rho_[165] = 0.572609
~~~~~~~~~~~~~~~~~~~~~~~~~~~~~~~~~~~~~~~
hard-particle MC p_acc = 0.992275
Rad[0] = 0.0301896
rho_[166] = 0.572658
~~~~~~~~~~~~~~~~~~~~~~~~~~~~~~~~~~~~~~~
hard-particle MC p_acc = 0.9921
Rad[0] = 0.0301968
rho_[167] = 0.572931
~~~~~~~~~~~~~~~~~~~~~~~~~~~~~~~~~~~~~~~
hard-particle MC p_acc = 0.992025
Rad[0] = 0.0302064
rho_[168] = 0.573295
~~~~~~~~~~~~~~~~~~~~~~~~~~~~~~~~~~~~~~~
hard-particle MC p_acc = 0.99075
Rad[0] = 0.030216
rho_[169] = 0.57366
~~~~~~~~~~~~~~~~~~~~~~~~~~~~~~~~~~~~~~~
hard-particle MC p_acc = 0.99285
Rad[0] = 0.0302191
rho_[170] = 0.573775
~~~~~~~~~~~~~~~~~~~~~~~~~~~~~~~~~~~~~~~
hard-particle MC p_acc = 0.9909
Rad[0] = 0.0302319
rho_[171] = 0.574262
~~~~~~~~~~~~~~~~~~~~~~~~~~~~~~~~~~~~~~~
hard-particle MC p_acc = 0.99125
Rad[0] = 0.0302359
rho_[172] = 0.574416
~~~~~~~~~~~~~~~~~~~~~~~~~~~~~~~~~~~~~~~
hard-particle MC p_acc = 0.9904
Rad[0] = 0.03024
rho_[173] = 0.57457
~~~~~~~~~~~~~~~~~~~~~~~~~~~~~~~~~~~~~~~
hard-particle MC p_acc = 0.9913
Rad[0] = 0.0302417
rho_[174] = 0.574635
~~~~~~~~~~~~~~~~~~~~~~~~~~~~~~~~~~~~~~~
hard-particle MC p_acc = 0.989
Rad[0] = 0.0302447
rho_[175] = 0.57475
~~~~~~~~~~~~~~~~~~~~~~~~~~~~~~~~~~~~~~~
hard-particle MC p_acc = 0.992975
Rad[0] = 0.0302488
rho_[176] = 0.574904
~~~~~~~~~~~~~~~~~~~~~~~~~~~~~~~~~~~~~~~
hard-particle MC p_acc = 0.993475
Rad[0] = 0.030249
rho_[177] = 0.574911
~~~~~~~~~~~~~~~~~~~~~~~~~~~~~~~~~~~~~~~
hard-particle MC p_acc = 0.9921
Rad[0] = 0.0302586
rho_[178] = 0.575276
~~~~~~~~~~~~~~~~~~~~~~~~~~~~~~~~~~~~~~~
hard-particle MC p_acc = 0.9901
Rad[0] = 0.0302599
rho_[179] = 0.575325
~~~~~~~~~~~~~~~~~~~~~~~~~~~~~~~~~~~~~~~
hard-particle MC p_acc = 0.991725
Rad[0] = 0.0302727
rho_[180] = 0.575813
~~~~~~~~~~~~~~~~~~~~~~~~~~~~~~~~~~~~~~~
hard-particle MC p_acc = 0.992675
Rad[0] = 0.0302823
rho_[181] = 0.576179
~~~~~~~~~~~~~~~~~~~~~~~~~~~~~~~~~~~~~~~
hard-particle MC p_acc = 0.9894
Rad[0] = 0.0302846
rho_[182] = 0.576266
~~~~~~~~~~~~~~~~~~~~~~~~~~~~~~~~~~~~~~~
hard-particle MC p_acc = 0.99205
Rad[0] = 0.0302886
rho_[183] = 0.576421
~~~~~~~~~~~~~~~~~~~~~~~~~~~~~~~~~~~~~~~
hard-particle MC p_acc = 0.992825
Rad[0] = 0.0302927
rho_[184] = 0.576575
~~~~~~~~~~~~~~~~~~~~~~~~~~~~~~~~~~~~~~~
hard-particle MC p_acc = 0.990175
Rad[0] = 0.0302944
rho_[185] = 0.57664
~~~~~~~~~~~~~~~~~~~~~~~~~~~~~~~~~~~~~~~
hard-particle MC p_acc = 0.993
Rad[0] = 0.0302967
rho_[186] = 0.576727
~~~~~~~~~~~~~~~~~~~~~~~~~~~~~~~~~~~~~~~
hard-particle MC p_acc = 0.9943
Rad[0] = 0.0303021
rho_[187] = 0.576934
~~~~~~~~~~~~~~~~~~~~~~~~~~~~~~~~~~~~~~~
hard-particle MC p_acc = 0.992425
Rad[0] = 0.0303062
rho_[188] = 0.577088
~~~~~~~~~~~~~~~~~~~~~~~~~~~~~~~~~~~~~~~
hard-particle MC p_acc = 0.9941
Rad[0] = 0.0303134
rho_[189] = 0.577363
~~~~~~~~~~~~~~~~~~~~~~~~~~~~~~~~~~~~~~~
hard-particle MC p_acc = 0.992425
Rad[0] = 0.030323
rho_[190] = 0.577731
~~~~~~~~~~~~~~~~~~~~~~~~~~~~~~~~~~~~~~~
hard-particle MC p_acc = 0.9914
Rad[0] = 0.0303303
rho_[191] = 0.578006
~~~~~~~~~~~~~~~~~~~~~~~~~~~~~~~~~~~~~~~
hard-particle MC p_acc = 0.99025
Rad[0] = 0.0303375
rho_[192] = 0.578282
~~~~~~~~~~~~~~~~~~~~~~~~~~~~~~~~~~~~~~~
hard-particle MC p_acc = 0.991875
Rad[0] = 0.030338
rho_[193] = 0.578302
~~~~~~~~~~~~~~~~~~~~~~~~~~~~~~~~~~~~~~~
hard-particle MC p_acc = 0.993425
Rad[0] = 0.0303552
rho_[194] = 0.578956
~~~~~~~~~~~~~~~~~~~~~~~~~~~~~~~~~~~~~~~
hard-particle MC p_acc = 0.990625
Rad[0] = 0.0303648
rho_[195] = 0.579324
~~~~~~~~~~~~~~~~~~~~~~~~~~~~~~~~~~~~~~~
hard-particle MC p_acc = 0.993075
Rad[0] = 0.0303721
rho_[196] = 0.5796
~~~~~~~~~~~~~~~~~~~~~~~~~~~~~~~~~~~~~~~
hard-particle MC p_acc = 0.991025
Rad[0] = 0.0303725
rho_[197] = 0.579616
~~~~~~~~~~~~~~~~~~~~~~~~~~~~~~~~~~~~~~~
hard-particle MC p_acc = 0.9917
Rad[0] = 0.0303742
rho_[198] = 0.579681
~~~~~~~~~~~~~~~~~~~~~~~~~~~~~~~~~~~~~~~
hard-particle MC p_acc = 0.9912
Rad[0] = 0.0303783
rho_[199] = 0.579837
~~~~~~~~~~~~~~~~~~~~~~~~~~~~~~~~~~~~~~~
hard-particle MC p_acc = 0.992825
Soft-core quenching p_acc = 0.50315
Final energy of stage 200  = 93.2565
Rad[0] = 0.0303954
rho_[200] = 0.580492
~~~~~~~~~~~~~~~~~~~~~~~~~~~~~~~~~~~~~~~
hard-particle MC p_acc = 0.9933
Soft-core quenching p_acc = 0.506625
Final energy of stage 201  = 93.1507
Rad[0] = 0.0303995
rho_[201] = 0.580648
~~~~~~~~~~~~~~~~~~~~~~~~~~~~~~~~~~~~~~~
hard-particle MC p_acc = 0.99175
Soft-core quenching p_acc = 0.501725
Final energy of stage 202  = 93.075
Rad[0] = 0.0304008
rho_[202] = 0.580697
~~~~~~~~~~~~~~~~~~~~~~~~~~~~~~~~~~~~~~~
hard-particle MC p_acc = 0.98795
Soft-core quenching p_acc = 0.500375
Final energy of stage 203  = 93.0252
Rad[0] = 0.0304012
rho_[203] = 0.580713
~~~~~~~~~~~~~~~~~~~~~~~~~~~~~~~~~~~~~~~
hard-particle MC p_acc = 0.9919
Soft-core quenching p_acc = 0.491325
Final energy of stage 204  = 92.993
Rad[0] = 0.0304015
rho_[204] = 0.580725
~~~~~~~~~~~~~~~~~~~~~~~~~~~~~~~~~~~~~~~
hard-particle MC p_acc = 0.9931
Soft-core quenching p_acc = 0.4775
Final energy of stage 205  = 92.9726
Rad[0] = 0.0304022
rho_[205] = 0.580752
~~~~~~~~~~~~~~~~~~~~~~~~~~~~~~~~~~~~~~~
hard-particle MC p_acc = 0.996025
Soft-core quenching p_acc = 0.472825
Final energy of stage 206  = 92.9609
Rad[0] = 0.0304032
rho_[206] = 0.580789
~~~~~~~~~~~~~~~~~~~~~~~~~~~~~~~~~~~~~~~
hard-particle MC p_acc = 0.9957
Soft-core quenching p_acc = 0.46535
Final energy of stage 207  = 92.9535
Rad[0] = 0.0304039
rho_[207] = 0.580817
~~~~~~~~~~~~~~~~~~~~~~~~~~~~~~~~~~~~~~~
hard-particle MC p_acc = 0.996975
Soft-core quenching p_acc = 0.457225
Final energy of stage 208  = 92.9478
Rad[0] = 0.030407
rho_[208] = 0.580934
~~~~~~~~~~~~~~~~~~~~~~~~~~~~~~~~~~~~~~~
hard-particle MC p_acc = 0.997425
Soft-core quenching p_acc = 0.441425
Final energy of stage 209  = 92.9431
Rad[0] = 0.0304072
rho_[209] = 0.580943
~~~~~~~~~~~~~~~~~~~~~~~~~~~~~~~~~~~~~~~
hard-particle MC p_acc = 0.99885
Soft-core quenching p_acc = 0.435
Final energy of stage 210  = 92.9388
Rad[0] = 0.0304076
rho_[210] = 0.580958
~~~~~~~~~~~~~~~~~~~~~~~~~~~~~~~~~~~~~~~
hard-particle MC p_acc = 0.997775
Soft-core quenching p_acc = 0.43655
Final energy of stage 211  = 92.9351
Rad[0] = 0.0304078
rho_[211] = 0.580965
~~~~~~~~~~~~~~~~~~~~~~~~~~~~~~~~~~~~~~~
hard-particle MC p_acc = 0.997275
Soft-core quenching p_acc = 0.4246
Final energy of stage 212  = 92.9319
Rad[0] = 0.0304085
rho_[212] = 0.580993
~~~~~~~~~~~~~~~~~~~~~~~~~~~~~~~~~~~~~~~
hard-particle MC p_acc = 0.998725
Soft-core quenching p_acc = 0.41185
Final energy of stage 213  = 92.9293
Rad[0] = 0.0304093
rho_[213] = 0.58102
~~~~~~~~~~~~~~~~~~~~~~~~~~~~~~~~~~~~~~~
hard-particle MC p_acc = 0.996425
Soft-core quenching p_acc = 0.4055
Final energy of stage 214  = 92.9271
Rad[0] = 0.0304093
rho_[214] = 0.581023
~~~~~~~~~~~~~~~~~~~~~~~~~~~~~~~~~~~~~~~
hard-particle MC p_acc = 0.997725
Soft-core quenching p_acc = 0.401075
Final energy of stage 215  = 92.9252
Rad[0] = 0.0304106
rho_[215] = 0.581072
~~~~~~~~~~~~~~~~~~~~~~~~~~~~~~~~~~~~~~~
hard-particle MC p_acc = 0.997875
Soft-core quenching p_acc = 0.388975
Final energy of stage 216  = 92.9233
Rad[0] = 0.0304108
rho_[216] = 0.581079
~~~~~~~~~~~~~~~~~~~~~~~~~~~~~~~~~~~~~~~
hard-particle MC p_acc = 0.99465
Soft-core quenching p_acc = 0.378175
Final energy of stage 217  = 92.9216
Rad[0] = 0.0304118
rho_[217] = 0.581116
~~~~~~~~~~~~~~~~~~~~~~~~~~~~~~~~~~~~~~~
hard-particle MC p_acc = 0.998075
Soft-core quenching p_acc = 0.3629
Final energy of stage 218  = 92.9201
Rad[0] = 0.0304148
rho_[218] = 0.581233
~~~~~~~~~~~~~~~~~~~~~~~~~~~~~~~~~~~~~~~
hard-particle MC p_acc = 0.9975
Soft-core quenching p_acc = 0.356325
Final energy of stage 219  = 92.9186
Rad[0] = 0.0304149
rho_[219] = 0.581238
~~~~~~~~~~~~~~~~~~~~~~~~~~~~~~~~~~~~~~~
hard-particle MC p_acc = 0.995325
Soft-core quenching p_acc = 0.3438
Final energy of stage 220  = 92.9174
Rad[0] = 0.0304151
rho_[220] = 0.581243
~~~~~~~~~~~~~~~~~~~~~~~~~~~~~~~~~~~~~~~
hard-particle MC p_acc = 0.995175
Soft-core quenching p_acc = 0.335025
Final energy of stage 221  = 92.9163
Rad[0] = 0.0304153
rho_[221] = 0.581251
~~~~~~~~~~~~~~~~~~~~~~~~~~~~~~~~~~~~~~~
hard-particle MC p_acc = 0.99615
Soft-core quenching p_acc = 0.321175
Final energy of stage 222  = 92.9153
Rad[0] = 0.0304163
rho_[222] = 0.581288
~~~~~~~~~~~~~~~~~~~~~~~~~~~~~~~~~~~~~~~
hard-particle MC p_acc = 0.99565
Soft-core quenching p_acc = 0.315275
Final energy of stage 223  = 92.9144
Rad[0] = 0.0304163
rho_[223] = 0.581291
~~~~~~~~~~~~~~~~~~~~~~~~~~~~~~~~~~~~~~~
hard-particle MC p_acc = 0.9961
Soft-core quenching p_acc = 0.31715
Final energy of stage 224  = 92.9135
Rad[0] = 0.0304163
rho_[224] = 0.581291
~~~~~~~~~~~~~~~~~~~~~~~~~~~~~~~~~~~~~~~
hard-particle MC p_acc = 0.99715
Soft-core quenching p_acc = 0.317475
Final energy of stage 225  = 92.9126
Rad[0] = 0.0304165
rho_[225] = 0.581296
~~~~~~~~~~~~~~~~~~~~~~~~~~~~~~~~~~~~~~~
hard-particle MC p_acc = 0.996425
Soft-core quenching p_acc = 0.328225
Final energy of stage 226  = 92.9118
Rad[0] = 0.0304165
rho_[226] = 0.581299
~~~~~~~~~~~~~~~~~~~~~~~~~~~~~~~~~~~~~~~
hard-particle MC p_acc = 0.995425
Soft-core quenching p_acc = 0.3165
Final energy of stage 227  = 92.911
Rad[0] = 0.0304171
rho_[227] = 0.58132
~~~~~~~~~~~~~~~~~~~~~~~~~~~~~~~~~~~~~~~
hard-particle MC p_acc = 0.9966
Soft-core quenching p_acc = 0.319425
Final energy of stage 228  = 92.9101
Rad[0] = 0.0304172
rho_[228] = 0.581322
~~~~~~~~~~~~~~~~~~~~~~~~~~~~~~~~~~~~~~~
hard-particle MC p_acc = 0.995675
Soft-core quenching p_acc = 0.311575
Final energy of stage 229  = 92.9092
Rad[0] = 0.0304172
rho_[229] = 0.581325
~~~~~~~~~~~~~~~~~~~~~~~~~~~~~~~~~~~~~~~
hard-particle MC p_acc = 0.993875
Soft-core quenching p_acc = 0.31735
Final energy of stage 230  = 92.9086
Rad[0] = 0.030418
rho_[230] = 0.581353
~~~~~~~~~~~~~~~~~~~~~~~~~~~~~~~~~~~~~~~
hard-particle MC p_acc = 0.996675
Soft-core quenching p_acc = 0.336525
Final energy of stage 231  = 92.9078
Rad[0] = 0.0304185
rho_[231] = 0.581374
~~~~~~~~~~~~~~~~~~~~~~~~~~~~~~~~~~~~~~~
hard-particle MC p_acc = 0.99575
Soft-core quenching p_acc = 0.3267
Final energy of stage 232  = 92.907
Rad[0] = 0.0304188
rho_[232] = 0.581386
~~~~~~~~~~~~~~~~~~~~~~~~~~~~~~~~~~~~~~~
hard-particle MC p_acc = 0.995875
Soft-core quenching p_acc = 0.3132
Final energy of stage 233  = 92.9063
Rad[0] = 0.0304192
rho_[233] = 0.581401
~~~~~~~~~~~~~~~~~~~~~~~~~~~~~~~~~~~~~~~
hard-particle MC p_acc = 0.9962
Soft-core quenching p_acc = 0.30925
Final energy of stage 234  = 92.9055
Rad[0] = 0.0304192
rho_[234] = 0.581402
~~~~~~~~~~~~~~~~~~~~~~~~~~~~~~~~~~~~~~~
hard-particle MC p_acc = 0.996275
Soft-core quenching p_acc = 0.302975
Final energy of stage 235  = 92.9046
Rad[0] = 0.0304193
rho_[235] = 0.581405
~~~~~~~~~~~~~~~~~~~~~~~~~~~~~~~~~~~~~~~
hard-particle MC p_acc = 0.9954
Soft-core quenching p_acc = 0.323025
Final energy of stage 236  = 92.9038
Rad[0] = 0.0304194
rho_[236] = 0.581407
~~~~~~~~~~~~~~~~~~~~~~~~~~~~~~~~~~~~~~~
hard-particle MC p_acc = 0.99555
Soft-core quenching p_acc = 0.3294
Final energy of stage 237  = 92.903
Rad[0] = 0.0304196
rho_[237] = 0.581414
~~~~~~~~~~~~~~~~~~~~~~~~~~~~~~~~~~~~~~~
hard-particle MC p_acc = 0.994875
Soft-core quenching p_acc = 0.321325
Final energy of stage 238  = 92.9023
Rad[0] = 0.0304196
rho_[238] = 0.581418
~~~~~~~~~~~~~~~~~~~~~~~~~~~~~~~~~~~~~~~
hard-particle MC p_acc = 0.99535
Soft-core quenching p_acc = 0.331625
Final energy of stage 239  = 92.9014
Rad[0] = 0.0304201
rho_[239] = 0.581433
~~~~~~~~~~~~~~~~~~~~~~~~~~~~~~~~~~~~~~~
hard-particle MC p_acc = 0.99595
Soft-core quenching p_acc = 0.32605
Final energy of stage 240  = 92.9006
Rad[0] = 0.0304205
rho_[240] = 0.581449
~~~~~~~~~~~~~~~~~~~~~~~~~~~~~~~~~~~~~~~
hard-particle MC p_acc = 0.995
Soft-core quenching p_acc = 0.317525
Final energy of stage 241  = 92.8999
Rad[0] = 0.0304212
rho_[241] = 0.581477
~~~~~~~~~~~~~~~~~~~~~~~~~~~~~~~~~~~~~~~
hard-particle MC p_acc = 0.9966
Soft-core quenching p_acc = 0.314425
Final energy of stage 242  = 92.8991
Rad[0] = 0.0304212
rho_[242] = 0.581479
~~~~~~~~~~~~~~~~~~~~~~~~~~~~~~~~~~~~~~~
hard-particle MC p_acc = 0.9944
Soft-core quenching p_acc = 0.319225
Final energy of stage 243  = 92.8983
Rad[0] = 0.0304214
rho_[243] = 0.581484
~~~~~~~~~~~~~~~~~~~~~~~~~~~~~~~~~~~~~~~
hard-particle MC p_acc = 0.995325
Soft-core quenching p_acc = 0.3124
Final energy of stage 244  = 92.8975
Rad[0] = 0.0304215
rho_[244] = 0.58149
~~~~~~~~~~~~~~~~~~~~~~~~~~~~~~~~~~~~~~~
hard-particle MC p_acc = 0.997525
Soft-core quenching p_acc = 0.329575
Final energy of stage 245  = 92.8966
Rad[0] = 0.0304216
rho_[245] = 0.581491
~~~~~~~~~~~~~~~~~~~~~~~~~~~~~~~~~~~~~~~
hard-particle MC p_acc = 0.996575
Soft-core quenching p_acc = 0.336075
Final energy of stage 246  = 92.8956
Rad[0] = 0.0304217
rho_[246] = 0.581496
~~~~~~~~~~~~~~~~~~~~~~~~~~~~~~~~~~~~~~~
hard-particle MC p_acc = 0.997125
Soft-core quenching p_acc = 0.297725
Final energy of stage 247  = 92.8948
Rad[0] = 0.0304218
rho_[247] = 0.581501
~~~~~~~~~~~~~~~~~~~~~~~~~~~~~~~~~~~~~~~
hard-particle MC p_acc = 0.997175
Soft-core quenching p_acc = 0.282075
Final energy of stage 248  = 92.8941
Rad[0] = 0.0304219
rho_[248] = 0.581502
~~~~~~~~~~~~~~~~~~~~~~~~~~~~~~~~~~~~~~~
hard-particle MC p_acc = 0.99475
Soft-core quenching p_acc = 0.288025
Final energy of stage 249  = 92.8934
Rad[0] = 0.0304219
rho_[249] = 0.581503
~~~~~~~~~~~~~~~~~~~~~~~~~~~~~~~~~~~~~~~
hard-particle MC p_acc = 0.994375
Soft-core quenching p_acc = 0.29525
Final energy of stage 250  = 92.8928
Rad[0] = 0.0304223
rho_[250] = 0.581519
~~~~~~~~~~~~~~~~~~~~~~~~~~~~~~~~~~~~~~~
hard-particle MC p_acc = 0.9955
Soft-core quenching p_acc = 0.303825
Final energy of stage 251  = 92.892
Rad[0] = 0.0304224
rho_[251] = 0.581523
~~~~~~~~~~~~~~~~~~~~~~~~~~~~~~~~~~~~~~~
hard-particle MC p_acc = 0.9956
Soft-core quenching p_acc = 0.2942
Final energy of stage 252  = 92.8913
Rad[0] = 0.0304224
rho_[252] = 0.581523
~~~~~~~~~~~~~~~~~~~~~~~~~~~~~~~~~~~~~~~
hard-particle MC p_acc = 0.995475
Soft-core quenching p_acc = 0.30835
Final energy of stage 253  = 92.8905
Rad[0] = 0.0304226
rho_[253] = 0.58153
~~~~~~~~~~~~~~~~~~~~~~~~~~~~~~~~~~~~~~~
hard-particle MC p_acc = 0.9967
Soft-core quenching p_acc = 0.30775
Final energy of stage 254  = 92.8897
Rad[0] = 0.0304227
rho_[254] = 0.581533
~~~~~~~~~~~~~~~~~~~~~~~~~~~~~~~~~~~~~~~
hard-particle MC p_acc = 0.996675
Soft-core quenching p_acc = 0.308875
Final energy of stage 255  = 92.8888
Rad[0] = 0.0304227
rho_[255] = 0.581536
~~~~~~~~~~~~~~~~~~~~~~~~~~~~~~~~~~~~~~~
hard-particle MC p_acc = 0.99695
Soft-core quenching p_acc = 0.308
Final energy of stage 256  = 92.888
Rad[0] = 0.0304229
rho_[256] = 0.581541
~~~~~~~~~~~~~~~~~~~~~~~~~~~~~~~~~~~~~~~
hard-particle MC p_acc = 0.9972
Soft-core quenching p_acc = 0.312475
Final energy of stage 257  = 92.887
Rad[0] = 0.030423
rho_[257] = 0.581545
~~~~~~~~~~~~~~~~~~~~~~~~~~~~~~~~~~~~~~~
hard-particle MC p_acc = 0.996525
Soft-core quenching p_acc = 0.2916
Final energy of stage 258  = 92.8863
Rad[0] = 0.030423
rho_[258] = 0.581548
~~~~~~~~~~~~~~~~~~~~~~~~~~~~~~~~~~~~~~~
hard-particle MC p_acc = 0.995225
Soft-core quenching p_acc = 0.289075
Final energy of stage 259  = 92.8856
Rad[0] = 0.0304231
rho_[259] = 0.581548
~~~~~~~~~~~~~~~~~~~~~~~~~~~~~~~~~~~~~~~
hard-particle MC p_acc = 0.99485
Soft-core quenching p_acc = 0.300125
Final energy of stage 260  = 92.8849
Rad[0] = 0.0304234
rho_[260] = 0.58156
~~~~~~~~~~~~~~~~~~~~~~~~~~~~~~~~~~~~~~~
hard-particle MC p_acc = 0.9952
Soft-core quenching p_acc = 0.29555
Final energy of stage 261  = 92.8843
Rad[0] = 0.0304234
rho_[261] = 0.581563
~~~~~~~~~~~~~~~~~~~~~~~~~~~~~~~~~~~~~~~
hard-particle MC p_acc = 0.9975
Soft-core quenching p_acc = 0.292225
Final energy of stage 262  = 92.8836
Rad[0] = 0.0304235
rho_[262] = 0.581563
~~~~~~~~~~~~~~~~~~~~~~~~~~~~~~~~~~~~~~~
hard-particle MC p_acc = 0.99635
Soft-core quenching p_acc = 0.300275
Final energy of stage 263  = 92.8829
Rad[0] = 0.0304235
rho_[263] = 0.581565
~~~~~~~~~~~~~~~~~~~~~~~~~~~~~~~~~~~~~~~
hard-particle MC p_acc = 0.99455
Soft-core quenching p_acc = 0.29765
Final energy of stage 264  = 92.8822
Rad[0] = 0.0304237
rho_[264] = 0.581574
~~~~~~~~~~~~~~~~~~~~~~~~~~~~~~~~~~~~~~~
hard-particle MC p_acc = 0.993725
Soft-core quenching p_acc = 0.306925
Final energy of stage 265  = 92.8816
Rad[0] = 0.0304238
rho_[265] = 0.581575
~~~~~~~~~~~~~~~~~~~~~~~~~~~~~~~~~~~~~~~
hard-particle MC p_acc = 0.99505
Soft-core quenching p_acc = 0.324675
Final energy of stage 266  = 92.8808
Rad[0] = 0.0304238
rho_[266] = 0.581577
~~~~~~~~~~~~~~~~~~~~~~~~~~~~~~~~~~~~~~~
hard-particle MC p_acc = 0.994625
Soft-core quenching p_acc = 0.315275
Final energy of stage 267  = 92.8802
Rad[0] = 0.030424
rho_[267] = 0.581585
~~~~~~~~~~~~~~~~~~~~~~~~~~~~~~~~~~~~~~~
hard-particle MC p_acc = 0.994825
Soft-core quenching p_acc = 0.320575
Final energy of stage 268  = 92.8795
Rad[0] = 0.0304246
rho_[268] = 0.581606
~~~~~~~~~~~~~~~~~~~~~~~~~~~~~~~~~~~~~~~
hard-particle MC p_acc = 0.9961
Soft-core quenching p_acc = 0.30795
Final energy of stage 269  = 92.8788
Rad[0] = 0.0304246
rho_[269] = 0.581607
~~~~~~~~~~~~~~~~~~~~~~~~~~~~~~~~~~~~~~~
hard-particle MC p_acc = 0.996425
Soft-core quenching p_acc = 0.31285
Final energy of stage 270  = 92.8781
Rad[0] = 0.0304248
rho_[270] = 0.581614
~~~~~~~~~~~~~~~~~~~~~~~~~~~~~~~~~~~~~~~
hard-particle MC p_acc = 0.995725
Soft-core quenching p_acc = 0.31135
Final energy of stage 271  = 92.8773
Rad[0] = 0.0304253
rho_[271] = 0.581634
~~~~~~~~~~~~~~~~~~~~~~~~~~~~~~~~~~~~~~~
hard-particle MC p_acc = 0.99485
Soft-core quenching p_acc = 0.313725
Final energy of stage 272  = 92.8765
Rad[0] = 0.030426
rho_[272] = 0.581662
~~~~~~~~~~~~~~~~~~~~~~~~~~~~~~~~~~~~~~~
hard-particle MC p_acc = 0.995675
Soft-core quenching p_acc = 0.312125
Final energy of stage 273  = 92.8757
Rad[0] = 0.0304263
rho_[273] = 0.581671
~~~~~~~~~~~~~~~~~~~~~~~~~~~~~~~~~~~~~~~
hard-particle MC p_acc = 0.994
Soft-core quenching p_acc = 0.309625
Final energy of stage 274  = 92.875
Rad[0] = 0.0304268
rho_[274] = 0.581692
~~~~~~~~~~~~~~~~~~~~~~~~~~~~~~~~~~~~~~~
hard-particle MC p_acc = 0.994425
Soft-core quenching p_acc = 0.310625
Final energy of stage 275  = 92.8743
Rad[0] = 0.0304274
rho_[275] = 0.581713
~~~~~~~~~~~~~~~~~~~~~~~~~~~~~~~~~~~~~~~
hard-particle MC p_acc = 0.9957
Soft-core quenching p_acc = 0.303875
Final energy of stage 276  = 92.8736
Rad[0] = 0.0304277
rho_[276] = 0.581724
~~~~~~~~~~~~~~~~~~~~~~~~~~~~~~~~~~~~~~~
hard-particle MC p_acc = 0.99655
Soft-core quenching p_acc = 0.311575
Final energy of stage 277  = 92.8729
Rad[0] = 0.0304278
rho_[277] = 0.581729
~~~~~~~~~~~~~~~~~~~~~~~~~~~~~~~~~~~~~~~
hard-particle MC p_acc = 0.99485
Soft-core quenching p_acc = 0.32215
Final energy of stage 278  = 92.8721
Rad[0] = 0.030428
rho_[278] = 0.581736
~~~~~~~~~~~~~~~~~~~~~~~~~~~~~~~~~~~~~~~
hard-particle MC p_acc = 0.996525
Soft-core quenching p_acc = 0.331075
Final energy of stage 279  = 92.8712
Rad[0] = 0.0304281
rho_[279] = 0.581742
~~~~~~~~~~~~~~~~~~~~~~~~~~~~~~~~~~~~~~~
hard-particle MC p_acc = 0.9957
Soft-core quenching p_acc = 0.33235
Final energy of stage 280  = 92.8704
Rad[0] = 0.0304287
rho_[280] = 0.581763
~~~~~~~~~~~~~~~~~~~~~~~~~~~~~~~~~~~~~~~
hard-particle MC p_acc = 0.995675
Soft-core quenching p_acc = 0.325425
Final energy of stage 281  = 92.8696
Rad[0] = 0.0304289
rho_[281] = 0.58177
~~~~~~~~~~~~~~~~~~~~~~~~~~~~~~~~~~~~~~~
hard-particle MC p_acc = 0.99795
Soft-core quenching p_acc = 0.325075
Final energy of stage 282  = 92.8686
Rad[0] = 0.0304289
rho_[282] = 0.58177
~~~~~~~~~~~~~~~~~~~~~~~~~~~~~~~~~~~~~~~
hard-particle MC p_acc = 0.99725
Soft-core quenching p_acc = 0.312675
Final energy of stage 283  = 92.8678
Rad[0] = 0.0304292
rho_[283] = 0.581782
~~~~~~~~~~~~~~~~~~~~~~~~~~~~~~~~~~~~~~~
hard-particle MC p_acc = 0.998525
Soft-core quenching p_acc = 0.325525
Final energy of stage 284  = 92.867
Rad[0] = 0.0304293
rho_[284] = 0.581788
~~~~~~~~~~~~~~~~~~~~~~~~~~~~~~~~~~~~~~~
hard-particle MC p_acc = 0.998725
Soft-core quenching p_acc = 0.328125
Final energy of stage 285  = 92.8661
Rad[0] = 0.0304316
rho_[285] = 0.581876
~~~~~~~~~~~~~~~~~~~~~~~~~~~~~~~~~~~~~~~
hard-particle MC p_acc = 0.998425
Soft-core quenching p_acc = 0.3129
Final energy of stage 286  = 92.8653
Rad[0] = 0.030432
rho_[286] = 0.581892
~~~~~~~~~~~~~~~~~~~~~~~~~~~~~~~~~~~~~~~
hard-particle MC p_acc = 0.9988
Soft-core quenching p_acc = 0.32425
Final energy of stage 287  = 92.8645
Rad[0] = 0.030433
rho_[287] = 0.581929
~~~~~~~~~~~~~~~~~~~~~~~~~~~~~~~~~~~~~~~
hard-particle MC p_acc = 0.998575
Soft-core quenching p_acc = 0.319825
Final energy of stage 288  = 92.8637
Rad[0] = 0.0304332
rho_[288] = 0.581935
~~~~~~~~~~~~~~~~~~~~~~~~~~~~~~~~~~~~~~~
hard-particle MC p_acc = 0.9979
Soft-core quenching p_acc = 0.316175
Final energy of stage 289  = 92.8629
Rad[0] = 0.0304339
rho_[289] = 0.581963
~~~~~~~~~~~~~~~~~~~~~~~~~~~~~~~~~~~~~~~
hard-particle MC p_acc = 0.997825
Soft-core quenching p_acc = 0.318275
Final energy of stage 290  = 92.8621
Rad[0] = 0.030437
rho_[290] = 0.58208
~~~~~~~~~~~~~~~~~~~~~~~~~~~~~~~~~~~~~~~
hard-particle MC p_acc = 0.997425
Soft-core quenching p_acc = 0.306125
Final energy of stage 291  = 92.8614
Rad[0] = 0.0304383
rho_[291] = 0.582129
~~~~~~~~~~~~~~~~~~~~~~~~~~~~~~~~~~~~~~~
hard-particle MC p_acc = 0.9964
Soft-core quenching p_acc = 0.2916
Final energy of stage 292  = 92.8608
Rad[0] = 0.0304383
rho_[292] = 0.582131
~~~~~~~~~~~~~~~~~~~~~~~~~~~~~~~~~~~~~~~
hard-particle MC p_acc = 0.99725
Soft-core quenching p_acc = 0.281675
Final energy of stage 293  = 92.8601
Rad[0] = 0.0304393
rho_[293] = 0.582168
~~~~~~~~~~~~~~~~~~~~~~~~~~~~~~~~~~~~~~~
hard-particle MC p_acc = 0.9968
Soft-core quenching p_acc = 0.2709
Final energy of stage 294  = 92.8595
Rad[0] = 0.0304406
rho_[294] = 0.582217
~~~~~~~~~~~~~~~~~~~~~~~~~~~~~~~~~~~~~~~
hard-particle MC p_acc = 0.997475
Soft-core quenching p_acc = 0.27135
Final energy of stage 295  = 92.8588
Rad[0] = 0.030441
rho_[295] = 0.582233
~~~~~~~~~~~~~~~~~~~~~~~~~~~~~~~~~~~~~~~
hard-particle MC p_acc = 0.9973
Soft-core quenching p_acc = 0.2592
Final energy of stage 296  = 92.8583
Rad[0] = 0.0304414
rho_[296] = 0.582249
~~~~~~~~~~~~~~~~~~~~~~~~~~~~~~~~~~~~~~~
hard-particle MC p_acc = 0.9969
Soft-core quenching p_acc = 0.2467
Final energy of stage 297  = 92.8577
Rad[0] = 0.0304415
rho_[297] = 0.582254
~~~~~~~~~~~~~~~~~~~~~~~~~~~~~~~~~~~~~~~
hard-particle MC p_acc = 0.9985
Soft-core quenching p_acc = 0.2248
Final energy of stage 298  = 92.8572
Rad[0] = 0.0304415
rho_[298] = 0.582254
~~~~~~~~~~~~~~~~~~~~~~~~~~~~~~~~~~~~~~~
hard-particle MC p_acc = 0.997425
Soft-core quenching p_acc = 0.2301
Final energy of stage 299  = 92.8566
Rad[0] = 0.0304416
rho_[299] = 0.582258
~~~~~~~~~~~~~~~~~~~~~~~~~~~~~~~~~~~~~~~
hard-particle MC p_acc = 0.998225
Soft-core quenching p_acc = 0.217975
Final energy of stage 300  = 92.8561
Rad[0] = 0.0304417
rho_[300] = 0.582262
~~~~~~~~~~~~~~~~~~~~~~~~~~~~~~~~~~~~~~~
hard-particle MC p_acc = 0.998125
rad[0] = 0.0304427
packing density rho = 0.582299
Printing the final configuration now....
